[0.763s] Invoking command in '/home/yuichi-katagiri/Subjects/Robotics/ex01/src/move_to_goal': PYTHONPATH=/home/yuichi-katagiri/Subjects/Robotics/ex01/build/move_to_goal/prefix_override:/usr/lib/python3/dist-packages/colcon_core/task/python/colcon_distutils_commands:/home/yuichi-katagiri/Subjects/Robotics/ex01/install/move_to_goal/lib/python3.10/site-packages:${PYTHONPATH} /usr/bin/python3 -W ignore:setup.py install is deprecated setup.py egg_info --egg-base ../../build/move_to_goal build --build-base /home/yuichi-katagiri/Subjects/Robotics/ex01/build/move_to_goal/build install --record /home/yuichi-katagiri/Subjects/Robotics/ex01/build/move_to_goal/install.log --single-version-externally-managed install_data
[1.000s] running egg_info
[1.001s] writing ../../build/move_to_goal/move_to_goal.egg-info/PKG-INFO
[1.001s] writing dependency_links to ../../build/move_to_goal/move_to_goal.egg-info/dependency_links.txt
[1.001s] writing entry points to ../../build/move_to_goal/move_to_goal.egg-info/entry_points.txt
[1.001s] writing requirements to ../../build/move_to_goal/move_to_goal.egg-info/requires.txt
[1.001s] writing top-level names to ../../build/move_to_goal/move_to_goal.egg-info/top_level.txt
[1.003s] reading manifest file '../../build/move_to_goal/move_to_goal.egg-info/SOURCES.txt'
[1.003s] adding license file 'LICENSE'
[1.004s] writing manifest file '../../build/move_to_goal/move_to_goal.egg-info/SOURCES.txt'
[1.004s] running build
[1.004s] running build_py
[1.004s] running install
[1.004s] running install_lib
[1.005s] running install_data
[1.006s] running install_egg_info
[1.007s] removing '/home/yuichi-katagiri/Subjects/Robotics/ex01/install/move_to_goal/lib/python3.10/site-packages/move_to_goal-0.0.0-py3.10.egg-info' (and everything under it)
[1.008s] Copying ../../build/move_to_goal/move_to_goal.egg-info to /home/yuichi-katagiri/Subjects/Robotics/ex01/install/move_to_goal/lib/python3.10/site-packages/move_to_goal-0.0.0-py3.10.egg-info
[1.008s] running install_scripts
[1.029s] Installing move_to_goal script to /home/yuichi-katagiri/Subjects/Robotics/ex01/install/move_to_goal/lib/move_to_goal
[1.030s] writing list of installed files to '/home/yuichi-katagiri/Subjects/Robotics/ex01/build/move_to_goal/install.log'
[1.057s] Invoked command in '/home/yuichi-katagiri/Subjects/Robotics/ex01/src/move_to_goal' returned '0': PYTHONPATH=/home/yuichi-katagiri/Subjects/Robotics/ex01/build/move_to_goal/prefix_override:/usr/lib/python3/dist-packages/colcon_core/task/python/colcon_distutils_commands:/home/yuichi-katagiri/Subjects/Robotics/ex01/install/move_to_goal/lib/python3.10/site-packages:${PYTHONPATH} /usr/bin/python3 -W ignore:setup.py install is deprecated setup.py egg_info --egg-base ../../build/move_to_goal build --build-base /home/yuichi-katagiri/Subjects/Robotics/ex01/build/move_to_goal/build install --record /home/yuichi-katagiri/Subjects/Robotics/ex01/build/move_to_goal/install.log --single-version-externally-managed install_data
