[0.621s] Invoking command in '/home/yuichi-katagiri/Subjects/Robotics/ex02/src/action_turtle_commands': PYTHONPATH=/home/yuichi-katagiri/Subjects/Robotics/ex02/build/action_turtle_commands/prefix_override:/usr/lib/python3/dist-packages/colcon_core/task/python/colcon_distutils_commands:/home/yuichi-katagiri/Subjects/Robotics/ex02/install/action_turtle_commands/lib/python3.10/site-packages:${PYTHONPATH} /usr/bin/python3 -W ignore:setup.py install is deprecated setup.py egg_info --egg-base ../../build/action_turtle_commands build --build-base /home/yuichi-katagiri/Subjects/Robotics/ex02/build/action_turtle_commands/build install --record /home/yuichi-katagiri/Subjects/Robotics/ex02/build/action_turtle_commands/install.log --single-version-externally-managed install_data
[0.842s] running egg_info
[0.843s] writing ../../build/action_turtle_commands/action_turtle_commands.egg-info/PKG-INFO
[0.843s] writing dependency_links to ../../build/action_turtle_commands/action_turtle_commands.egg-info/dependency_links.txt
[0.843s] writing entry points to ../../build/action_turtle_commands/action_turtle_commands.egg-info/entry_points.txt
[0.843s] writing requirements to ../../build/action_turtle_commands/action_turtle_commands.egg-info/requires.txt
[0.843s] writing top-level names to ../../build/action_turtle_commands/action_turtle_commands.egg-info/top_level.txt
[0.845s] reading manifest file '../../build/action_turtle_commands/action_turtle_commands.egg-info/SOURCES.txt'
[0.853s] adding license file 'LICENSE'
[0.854s] writing manifest file '../../build/action_turtle_commands/action_turtle_commands.egg-info/SOURCES.txt'
[0.854s] running build
[0.854s] running build_py
[0.855s] running install
[0.855s] running install_lib
[0.856s] running install_data
[0.856s] running install_egg_info
[0.858s] removing '/home/yuichi-katagiri/Subjects/Robotics/ex02/install/action_turtle_commands/lib/python3.10/site-packages/action_turtle_commands-0.0.0-py3.10.egg-info' (and everything under it)
[0.858s] Copying ../../build/action_turtle_commands/action_turtle_commands.egg-info to /home/yuichi-katagiri/Subjects/Robotics/ex02/install/action_turtle_commands/lib/python3.10/site-packages/action_turtle_commands-0.0.0-py3.10.egg-info
[0.859s] running install_scripts
[0.880s] Installing action_turtle_client script to /home/yuichi-katagiri/Subjects/Robotics/ex02/install/action_turtle_commands/lib/action_turtle_commands
[0.880s] Installing action_turtle_server script to /home/yuichi-katagiri/Subjects/Robotics/ex02/install/action_turtle_commands/lib/action_turtle_commands
[0.880s] writing list of installed files to '/home/yuichi-katagiri/Subjects/Robotics/ex02/build/action_turtle_commands/install.log'
[0.902s] Invoked command in '/home/yuichi-katagiri/Subjects/Robotics/ex02/src/action_turtle_commands' returned '0': PYTHONPATH=/home/yuichi-katagiri/Subjects/Robotics/ex02/build/action_turtle_commands/prefix_override:/usr/lib/python3/dist-packages/colcon_core/task/python/colcon_distutils_commands:/home/yuichi-katagiri/Subjects/Robotics/ex02/install/action_turtle_commands/lib/python3.10/site-packages:${PYTHONPATH} /usr/bin/python3 -W ignore:setup.py install is deprecated setup.py egg_info --egg-base ../../build/action_turtle_commands build --build-base /home/yuichi-katagiri/Subjects/Robotics/ex02/build/action_turtle_commands/build install --record /home/yuichi-katagiri/Subjects/Robotics/ex02/build/action_turtle_commands/install.log --single-version-externally-managed install_data
