[0.247s] Invoking command in '/home/yuichi-katagiri/Subjects/Robotics/module_5/ex04/build/robot_bringup': CMAKE_PREFIX_PATH=/home/yuichi-katagiri/ros2_ws/install/tomodachi:/home/yuichi-katagiri/ros2_ws/install/manabu:/opt/ros/humble /usr/bin/cmake /home/yuichi-katagiri/Subjects/Robotics/module_5/ex04/src/need/robot_bringup -DCMAKE_INSTALL_PREFIX=/home/yuichi-katagiri/Subjects/Robotics/module_5/ex04/install/robot_bringup
[0.302s] -- The C compiler identification is GNU 11.4.0
[0.364s] -- The CXX compiler identification is GNU 11.4.0
[0.374s] -- Detecting C compiler ABI info
[0.444s] -- Detecting C compiler ABI info - done
[0.452s] -- Check for working C compiler: /usr/bin/cc - skipped
[0.452s] -- Detecting C compile features
[0.452s] -- Detecting C compile features - done
[0.455s] -- Detecting CXX compiler ABI info
[0.534s] -- Detecting CXX compiler ABI info - done
[0.542s] -- Check for working CXX compiler: /usr/bin/c++ - skipped
[0.542s] -- Detecting CXX compile features
[0.543s] -- Detecting CXX compile features - done
[0.545s] -- Found ament_cmake: 1.3.10 (/opt/ros/humble/share/ament_cmake/cmake)
[0.707s] -- Found Python3: /usr/bin/python3 (found version "3.10.12") found components: Interpreter 
[0.795s] -- Found ament_lint_auto: 0.12.11 (/opt/ros/humble/share/ament_lint_auto/cmake)
[0.869s] -- Configuring done
[0.872s] -- Generating done
[0.873s] -- Build files have been written to: /home/yuichi-katagiri/Subjects/Robotics/module_5/ex04/build/robot_bringup
[0.879s] Invoked command in '/home/yuichi-katagiri/Subjects/Robotics/module_5/ex04/build/robot_bringup' returned '0': CMAKE_PREFIX_PATH=/home/yuichi-katagiri/ros2_ws/install/tomodachi:/home/yuichi-katagiri/ros2_ws/install/manabu:/opt/ros/humble /usr/bin/cmake /home/yuichi-katagiri/Subjects/Robotics/module_5/ex04/src/need/robot_bringup -DCMAKE_INSTALL_PREFIX=/home/yuichi-katagiri/Subjects/Robotics/module_5/ex04/install/robot_bringup
[0.881s] Invoking command in '/home/yuichi-katagiri/Subjects/Robotics/module_5/ex04/build/robot_bringup': CMAKE_PREFIX_PATH=/home/yuichi-katagiri/ros2_ws/install/tomodachi:/home/yuichi-katagiri/ros2_ws/install/manabu:/opt/ros/humble /usr/bin/cmake --build /home/yuichi-katagiri/Subjects/Robotics/module_5/ex04/build/robot_bringup -- -j8 -l8
[0.913s] Invoked command in '/home/yuichi-katagiri/Subjects/Robotics/module_5/ex04/build/robot_bringup' returned '0': CMAKE_PREFIX_PATH=/home/yuichi-katagiri/ros2_ws/install/tomodachi:/home/yuichi-katagiri/ros2_ws/install/manabu:/opt/ros/humble /usr/bin/cmake --build /home/yuichi-katagiri/Subjects/Robotics/module_5/ex04/build/robot_bringup -- -j8 -l8
[0.934s] Invoking command in '/home/yuichi-katagiri/Subjects/Robotics/module_5/ex04/build/robot_bringup': CMAKE_PREFIX_PATH=/home/yuichi-katagiri/ros2_ws/install/tomodachi:/home/yuichi-katagiri/ros2_ws/install/manabu:/opt/ros/humble /usr/bin/cmake --install /home/yuichi-katagiri/Subjects/Robotics/module_5/ex04/build/robot_bringup
[0.941s] -- Install configuration: ""
[0.941s] -- Installing: /home/yuichi-katagiri/Subjects/Robotics/module_5/ex04/install/robot_bringup/share/robot_bringup/launch
[0.941s] -- Installing: /home/yuichi-katagiri/Subjects/Robotics/module_5/ex04/install/robot_bringup/share/robot_bringup/launch/circle_movement.py
[0.941s] -- Installing: /home/yuichi-katagiri/Subjects/Robotics/module_5/ex04/install/robot_bringup/share/robot_bringup/config
[0.941s] -- Installing: /home/yuichi-katagiri/Subjects/Robotics/module_5/ex04/install/robot_bringup/share/robot_bringup/config/diff_drive.rviz
[0.941s] -- Installing: /home/yuichi-katagiri/Subjects/Robotics/module_5/ex04/install/robot_bringup/share/robot_bringup/config/robot_bridge.yaml
[0.941s] -- Installing: /home/yuichi-katagiri/Subjects/Robotics/module_5/ex04/install/robot_bringup/share/ament_index/resource_index/package_run_dependencies/robot_bringup
[0.942s] -- Installing: /home/yuichi-katagiri/Subjects/Robotics/module_5/ex04/install/robot_bringup/share/ament_index/resource_index/parent_prefix_path/robot_bringup
[0.942s] -- Installing: /home/yuichi-katagiri/Subjects/Robotics/module_5/ex04/install/robot_bringup/share/robot_bringup/environment/ament_prefix_path.sh
[0.943s] -- Installing: /home/yuichi-katagiri/Subjects/Robotics/module_5/ex04/install/robot_bringup/share/robot_bringup/environment/ament_prefix_path.dsv
[0.944s] -- Installing: /home/yuichi-katagiri/Subjects/Robotics/module_5/ex04/install/robot_bringup/share/robot_bringup/environment/path.sh
[0.944s] -- Installing: /home/yuichi-katagiri/Subjects/Robotics/module_5/ex04/install/robot_bringup/share/robot_bringup/environment/path.dsv
[0.944s] -- Installing: /home/yuichi-katagiri/Subjects/Robotics/module_5/ex04/install/robot_bringup/share/robot_bringup/local_setup.bash
[0.944s] -- Installing: /home/yuichi-katagiri/Subjects/Robotics/module_5/ex04/install/robot_bringup/share/robot_bringup/local_setup.sh
[0.944s] -- Installing: /home/yuichi-katagiri/Subjects/Robotics/module_5/ex04/install/robot_bringup/share/robot_bringup/local_setup.zsh
[0.944s] -- Installing: /home/yuichi-katagiri/Subjects/Robotics/module_5/ex04/install/robot_bringup/share/robot_bringup/local_setup.dsv
[0.945s] -- Installing: /home/yuichi-katagiri/Subjects/Robotics/module_5/ex04/install/robot_bringup/share/robot_bringup/package.dsv
[0.945s] -- Installing: /home/yuichi-katagiri/Subjects/Robotics/module_5/ex04/install/robot_bringup/share/ament_index/resource_index/packages/robot_bringup
[0.945s] -- Installing: /home/yuichi-katagiri/Subjects/Robotics/module_5/ex04/install/robot_bringup/share/robot_bringup/cmake/robot_bringupConfig.cmake
[0.945s] -- Installing: /home/yuichi-katagiri/Subjects/Robotics/module_5/ex04/install/robot_bringup/share/robot_bringup/cmake/robot_bringupConfig-version.cmake
[0.945s] -- Installing: /home/yuichi-katagiri/Subjects/Robotics/module_5/ex04/install/robot_bringup/share/robot_bringup/package.xml
[0.961s] Invoked command in '/home/yuichi-katagiri/Subjects/Robotics/module_5/ex04/build/robot_bringup' returned '0': CMAKE_PREFIX_PATH=/home/yuichi-katagiri/ros2_ws/install/tomodachi:/home/yuichi-katagiri/ros2_ws/install/manabu:/opt/ros/humble /usr/bin/cmake --install /home/yuichi-katagiri/Subjects/Robotics/module_5/ex04/build/robot_bringup
