-- Install configuration: ""
-- Up-to-date: /home/yuichi-katagiri/Subjects/Robotics/module_5/ex01/install/need/share/need//launch
-- Installing: /home/yuichi-katagiri/Subjects/Robotics/module_5/ex01/install/need/share/need//launch/displays.launch.py
-- Installing: /home/yuichi-katagiri/Subjects/Robotics/module_5/ex01/install/need/share/need//launch/robot_display.py
-- Up-to-date: /home/yuichi-katagiri/Subjects/Robotics/module_5/ex01/install/need/share/need//urdf
-- Up-to-date: /home/yuichi-katagiri/Subjects/Robotics/module_5/ex01/install/need/share/need//urdf/robot.urdf
-- Up-to-date: /home/yuichi-katagiri/Subjects/Robotics/module_5/ex01/install/need/share/need//rviz
-- Up-to-date: /home/yuichi-katagiri/Subjects/Robotics/module_5/ex01/install/need/share/need//rviz/rviz_config.rviz
-- Up-to-date: /home/yuichi-katagiri/Subjects/Robotics/module_5/ex01/install/need/share/ament_index/resource_index/package_run_dependencies/need
-- Up-to-date: /home/yuichi-katagiri/Subjects/Robotics/module_5/ex01/install/need/share/ament_index/resource_index/parent_prefix_path/need
-- Up-to-date: /home/yuichi-katagiri/Subjects/Robotics/module_5/ex01/install/need/share/need/environment/ament_prefix_path.sh
-- Up-to-date: /home/yuichi-katagiri/Subjects/Robotics/module_5/ex01/install/need/share/need/environment/ament_prefix_path.dsv
-- Up-to-date: /home/yuichi-katagiri/Subjects/Robotics/module_5/ex01/install/need/share/need/environment/path.sh
-- Up-to-date: /home/yuichi-katagiri/Subjects/Robotics/module_5/ex01/install/need/share/need/environment/path.dsv
-- Up-to-date: /home/yuichi-katagiri/Subjects/Robotics/module_5/ex01/install/need/share/need/local_setup.bash
-- Up-to-date: /home/yuichi-katagiri/Subjects/Robotics/module_5/ex01/install/need/share/need/local_setup.sh
-- Up-to-date: /home/yuichi-katagiri/Subjects/Robotics/module_5/ex01/install/need/share/need/local_setup.zsh
-- Up-to-date: /home/yuichi-katagiri/Subjects/Robotics/module_5/ex01/install/need/share/need/local_setup.dsv
-- Installing: /home/yuichi-katagiri/Subjects/Robotics/module_5/ex01/install/need/share/need/package.dsv
-- Up-to-date: /home/yuichi-katagiri/Subjects/Robotics/module_5/ex01/install/need/share/ament_index/resource_index/packages/need
-- Up-to-date: /home/yuichi-katagiri/Subjects/Robotics/module_5/ex01/install/need/share/need/cmake/needConfig.cmake
-- Up-to-date: /home/yuichi-katagiri/Subjects/Robotics/module_5/ex01/install/need/share/need/cmake/needConfig-version.cmake
-- Up-to-date: /home/yuichi-katagiri/Subjects/Robotics/module_5/ex01/install/need/share/need/package.xml
