[0.013s] Invoking command in '/home/yuichi-katagiri/Subjects/Robotics/module_6/ex01/build/robot_bringup': CMAKE_PREFIX_PATH=${CMAKE_PREFIX_PATH}:/home/yuichi-katagiri/ros2_ws/install/tomodachi:/home/yuichi-katagiri/ros2_ws/install/manabu:/opt/ros/humble /usr/bin/cmake /home/yuichi-katagiri/Subjects/Robotics/module_6/ex01/src/need/robot_bringup -DCMAKE_INSTALL_PREFIX=/home/yuichi-katagiri/Subjects/Robotics/module_6/ex01/install/robot_bringup
[0.065s] -- The C compiler identification is GNU 11.4.0
[0.122s] -- The CXX compiler identification is GNU 11.4.0
[0.128s] -- Detecting C compiler ABI info
[0.192s] -- Detecting C compiler ABI info - done
[0.205s] -- Check for working C compiler: /usr/bin/cc - skipped
[0.205s] -- Detecting C compile features
[0.206s] -- Detecting C compile features - done
[0.209s] -- Detecting CXX compiler ABI info
[0.282s] -- Detecting CXX compiler ABI info - done
[0.291s] -- Check for working CXX compiler: /usr/bin/c++ - skipped
[0.291s] -- Detecting CXX compile features
[0.292s] -- Detecting CXX compile features - done
[0.294s] -- Found ament_cmake: 1.3.10 (/opt/ros/humble/share/ament_cmake/cmake)
[0.455s] -- Found Python3: /usr/bin/python3 (found version "3.10.12") found components: Interpreter 
[0.544s] -- Found ament_lint_auto: 0.12.11 (/opt/ros/humble/share/ament_lint_auto/cmake)
[0.616s] -- Configuring done
[0.620s] -- Generating done
[0.621s] -- Build files have been written to: /home/yuichi-katagiri/Subjects/Robotics/module_6/ex01/build/robot_bringup
[0.627s] Invoked command in '/home/yuichi-katagiri/Subjects/Robotics/module_6/ex01/build/robot_bringup' returned '0': CMAKE_PREFIX_PATH=${CMAKE_PREFIX_PATH}:/home/yuichi-katagiri/ros2_ws/install/tomodachi:/home/yuichi-katagiri/ros2_ws/install/manabu:/opt/ros/humble /usr/bin/cmake /home/yuichi-katagiri/Subjects/Robotics/module_6/ex01/src/need/robot_bringup -DCMAKE_INSTALL_PREFIX=/home/yuichi-katagiri/Subjects/Robotics/module_6/ex01/install/robot_bringup
[0.629s] Invoking command in '/home/yuichi-katagiri/Subjects/Robotics/module_6/ex01/build/robot_bringup': CMAKE_PREFIX_PATH=${CMAKE_PREFIX_PATH}:/home/yuichi-katagiri/ros2_ws/install/tomodachi:/home/yuichi-katagiri/ros2_ws/install/manabu:/opt/ros/humble /usr/bin/cmake --build /home/yuichi-katagiri/Subjects/Robotics/module_6/ex01/build/robot_bringup -- -j8 -l8
[0.663s] Invoked command in '/home/yuichi-katagiri/Subjects/Robotics/module_6/ex01/build/robot_bringup' returned '0': CMAKE_PREFIX_PATH=${CMAKE_PREFIX_PATH}:/home/yuichi-katagiri/ros2_ws/install/tomodachi:/home/yuichi-katagiri/ros2_ws/install/manabu:/opt/ros/humble /usr/bin/cmake --build /home/yuichi-katagiri/Subjects/Robotics/module_6/ex01/build/robot_bringup -- -j8 -l8
[0.683s] Invoking command in '/home/yuichi-katagiri/Subjects/Robotics/module_6/ex01/build/robot_bringup': CMAKE_PREFIX_PATH=${CMAKE_PREFIX_PATH}:/home/yuichi-katagiri/ros2_ws/install/tomodachi:/home/yuichi-katagiri/ros2_ws/install/manabu:/opt/ros/humble /usr/bin/cmake --install /home/yuichi-katagiri/Subjects/Robotics/module_6/ex01/build/robot_bringup
[0.690s] -- Install configuration: ""
[0.690s] -- Installing: /home/yuichi-katagiri/Subjects/Robotics/module_6/ex01/install/robot_bringup/share/robot_bringup/launch
[0.690s] -- Installing: /home/yuichi-katagiri/Subjects/Robotics/module_6/ex01/install/robot_bringup/share/robot_bringup/launch/need.py
[0.690s] -- Installing: /home/yuichi-katagiri/Subjects/Robotics/module_6/ex01/install/robot_bringup/share/robot_bringup/config
[0.690s] -- Installing: /home/yuichi-katagiri/Subjects/Robotics/module_6/ex01/install/robot_bringup/share/robot_bringup/config/diff_drive.rviz
[0.691s] -- Installing: /home/yuichi-katagiri/Subjects/Robotics/module_6/ex01/install/robot_bringup/share/robot_bringup/config/robot_bridge.yaml
[0.691s] -- Installing: /home/yuichi-katagiri/Subjects/Robotics/module_6/ex01/install/robot_bringup/share/ament_index/resource_index/package_run_dependencies/robot_bringup
[0.691s] -- Installing: /home/yuichi-katagiri/Subjects/Robotics/module_6/ex01/install/robot_bringup/share/ament_index/resource_index/parent_prefix_path/robot_bringup
[0.692s] -- Installing: /home/yuichi-katagiri/Subjects/Robotics/module_6/ex01/install/robot_bringup/share/robot_bringup/environment/ament_prefix_path.sh
[0.692s] -- Installing: /home/yuichi-katagiri/Subjects/Robotics/module_6/ex01/install/robot_bringup/share/robot_bringup/environment/ament_prefix_path.dsv
[0.692s] -- Installing: /home/yuichi-katagiri/Subjects/Robotics/module_6/ex01/install/robot_bringup/share/robot_bringup/environment/path.sh
[0.692s] -- Installing: /home/yuichi-katagiri/Subjects/Robotics/module_6/ex01/install/robot_bringup/share/robot_bringup/environment/path.dsv
[0.692s] -- Installing: /home/yuichi-katagiri/Subjects/Robotics/module_6/ex01/install/robot_bringup/share/robot_bringup/local_setup.bash
[0.692s] -- Installing: /home/yuichi-katagiri/Subjects/Robotics/module_6/ex01/install/robot_bringup/share/robot_bringup/local_setup.sh
[0.692s] -- Installing: /home/yuichi-katagiri/Subjects/Robotics/module_6/ex01/install/robot_bringup/share/robot_bringup/local_setup.zsh
[0.692s] -- Installing: /home/yuichi-katagiri/Subjects/Robotics/module_6/ex01/install/robot_bringup/share/robot_bringup/local_setup.dsv
[0.692s] -- Installing: /home/yuichi-katagiri/Subjects/Robotics/module_6/ex01/install/robot_bringup/share/robot_bringup/package.dsv
[0.693s] -- Installing: /home/yuichi-katagiri/Subjects/Robotics/module_6/ex01/install/robot_bringup/share/ament_index/resource_index/packages/robot_bringup
[0.693s] -- Installing: /home/yuichi-katagiri/Subjects/Robotics/module_6/ex01/install/robot_bringup/share/robot_bringup/cmake/robot_bringupConfig.cmake
[0.693s] -- Installing: /home/yuichi-katagiri/Subjects/Robotics/module_6/ex01/install/robot_bringup/share/robot_bringup/cmake/robot_bringupConfig-version.cmake
[0.693s] -- Installing: /home/yuichi-katagiri/Subjects/Robotics/module_6/ex01/install/robot_bringup/share/robot_bringup/package.xml
[0.701s] Invoked command in '/home/yuichi-katagiri/Subjects/Robotics/module_6/ex01/build/robot_bringup' returned '0': CMAKE_PREFIX_PATH=${CMAKE_PREFIX_PATH}:/home/yuichi-katagiri/ros2_ws/install/tomodachi:/home/yuichi-katagiri/ros2_ws/install/manabu:/opt/ros/humble /usr/bin/cmake --install /home/yuichi-katagiri/Subjects/Robotics/module_6/ex01/build/robot_bringup
