[0.523s] Invoking command in '/home/yuichi-katagiri/Subjects/Robotics/ex05/src/move_to_goal': PYTHONPATH=/home/yuichi-katagiri/Subjects/Robotics/ex05/build/move_to_goal/prefix_override:/usr/lib/python3/dist-packages/colcon_core/task/python/colcon_distutils_commands:/home/yuichi-katagiri/Subjects/Robotics/ex05/install/move_to_goal/lib/python3.10/site-packages:${PYTHONPATH} /usr/bin/python3 -W ignore:setup.py install is deprecated setup.py egg_info --egg-base ../../build/move_to_goal build --build-base /home/yuichi-katagiri/Subjects/Robotics/ex05/build/move_to_goal/build install --record /home/yuichi-katagiri/Subjects/Robotics/ex05/build/move_to_goal/install.log --single-version-externally-managed install_data
[0.736s] running egg_info
[0.737s] writing ../../build/move_to_goal/move_to_goal.egg-info/PKG-INFO
[0.737s] writing dependency_links to ../../build/move_to_goal/move_to_goal.egg-info/dependency_links.txt
[0.737s] writing entry points to ../../build/move_to_goal/move_to_goal.egg-info/entry_points.txt
[0.737s] writing requirements to ../../build/move_to_goal/move_to_goal.egg-info/requires.txt
[0.737s] writing top-level names to ../../build/move_to_goal/move_to_goal.egg-info/top_level.txt
[0.739s] reading manifest file '../../build/move_to_goal/move_to_goal.egg-info/SOURCES.txt'
[0.739s] adding license file 'LICENSE'
[0.739s] writing manifest file '../../build/move_to_goal/move_to_goal.egg-info/SOURCES.txt'
[0.740s] running build
[0.740s] running build_py
[0.740s] copying move_to_goal/move_to_goal.py -> /home/yuichi-katagiri/Subjects/Robotics/ex05/build/move_to_goal/build/lib/move_to_goal
[0.740s] running install
[0.740s] running install_lib
[0.741s] copying /home/yuichi-katagiri/Subjects/Robotics/ex05/build/move_to_goal/build/lib/move_to_goal/move_to_goal.py -> /home/yuichi-katagiri/Subjects/Robotics/ex05/install/move_to_goal/lib/python3.10/site-packages/move_to_goal
[0.741s] byte-compiling /home/yuichi-katagiri/Subjects/Robotics/ex05/install/move_to_goal/lib/python3.10/site-packages/move_to_goal/move_to_goal.py to move_to_goal.cpython-310.pyc
[0.742s] running install_data
[0.742s] running install_egg_info
[0.743s] removing '/home/yuichi-katagiri/Subjects/Robotics/ex05/install/move_to_goal/lib/python3.10/site-packages/move_to_goal-0.0.0-py3.10.egg-info' (and everything under it)
[0.744s] Copying ../../build/move_to_goal/move_to_goal.egg-info to /home/yuichi-katagiri/Subjects/Robotics/ex05/install/move_to_goal/lib/python3.10/site-packages/move_to_goal-0.0.0-py3.10.egg-info
[0.744s] running install_scripts
[0.763s] Installing move_to_goal script to /home/yuichi-katagiri/Subjects/Robotics/ex05/install/move_to_goal/lib/move_to_goal
[0.764s] writing list of installed files to '/home/yuichi-katagiri/Subjects/Robotics/ex05/build/move_to_goal/install.log'
[0.785s] Invoked command in '/home/yuichi-katagiri/Subjects/Robotics/ex05/src/move_to_goal' returned '0': PYTHONPATH=/home/yuichi-katagiri/Subjects/Robotics/ex05/build/move_to_goal/prefix_override:/usr/lib/python3/dist-packages/colcon_core/task/python/colcon_distutils_commands:/home/yuichi-katagiri/Subjects/Robotics/ex05/install/move_to_goal/lib/python3.10/site-packages:${PYTHONPATH} /usr/bin/python3 -W ignore:setup.py install is deprecated setup.py egg_info --egg-base ../../build/move_to_goal build --build-base /home/yuichi-katagiri/Subjects/Robotics/ex05/build/move_to_goal/build install --record /home/yuichi-katagiri/Subjects/Robotics/ex05/build/move_to_goal/install.log --single-version-externally-managed install_data
