[0.010s] Invoking command in '/home/yuichi-katagiri/Subjects/Robotics/module_5/ex01/build/need': CMAKE_PREFIX_PATH=${CMAKE_PREFIX_PATH}:/home/yuichi-katagiri/ros2_ws/install/tomodachi:/home/yuichi-katagiri/ros2_ws/install/manabu:/opt/ros/humble /usr/bin/cmake --build /home/yuichi-katagiri/Subjects/Robotics/module_5/ex01/build/need -- -j8 -l8
[0.041s] Invoked command in '/home/yuichi-katagiri/Subjects/Robotics/module_5/ex01/build/need' returned '0': CMAKE_PREFIX_PATH=${CMAKE_PREFIX_PATH}:/home/yuichi-katagiri/ros2_ws/install/tomodachi:/home/yuichi-katagiri/ros2_ws/install/manabu:/opt/ros/humble /usr/bin/cmake --build /home/yuichi-katagiri/Subjects/Robotics/module_5/ex01/build/need -- -j8 -l8
[0.065s] Invoking command in '/home/yuichi-katagiri/Subjects/Robotics/module_5/ex01/build/need': CMAKE_PREFIX_PATH=${CMAKE_PREFIX_PATH}:/home/yuichi-katagiri/ros2_ws/install/tomodachi:/home/yuichi-katagiri/ros2_ws/install/manabu:/opt/ros/humble /usr/bin/cmake --install /home/yuichi-katagiri/Subjects/Robotics/module_5/ex01/build/need
[0.071s] -- Install configuration: ""
[0.071s] -- Up-to-date: /home/yuichi-katagiri/Subjects/Robotics/module_5/ex01/install/need/share/need//launch
[0.071s] -- Up-to-date: /home/yuichi-katagiri/Subjects/Robotics/module_5/ex01/install/need/share/need//launch/robot_display.py
[0.072s] -- Up-to-date: /home/yuichi-katagiri/Subjects/Robotics/module_5/ex01/install/need/share/need//urdf
[0.072s] -- Up-to-date: /home/yuichi-katagiri/Subjects/Robotics/module_5/ex01/install/need/share/need//urdf/robot_с.urdf
[0.072s] -- Installing: /home/yuichi-katagiri/Subjects/Robotics/module_5/ex01/install/need/share/need//urdf/robot.urdf
[0.072s] -- Up-to-date: /home/yuichi-katagiri/Subjects/Robotics/module_5/ex01/install/need/share/need//rviz
[0.072s] -- Up-to-date: /home/yuichi-katagiri/Subjects/Robotics/module_5/ex01/install/need/share/need//rviz/rviz_config.rviz
[0.072s] -- Up-to-date: /home/yuichi-katagiri/Subjects/Robotics/module_5/ex01/install/need/share/ament_index/resource_index/package_run_dependencies/need
[0.072s] -- Up-to-date: /home/yuichi-katagiri/Subjects/Robotics/module_5/ex01/install/need/share/ament_index/resource_index/parent_prefix_path/need
[0.072s] -- Up-to-date: /home/yuichi-katagiri/Subjects/Robotics/module_5/ex01/install/need/share/need/environment/ament_prefix_path.sh
[0.072s] -- Up-to-date: /home/yuichi-katagiri/Subjects/Robotics/module_5/ex01/install/need/share/need/environment/ament_prefix_path.dsv
[0.072s] -- Up-to-date: /home/yuichi-katagiri/Subjects/Robotics/module_5/ex01/install/need/share/need/environment/path.sh
[0.072s] -- Up-to-date: /home/yuichi-katagiri/Subjects/Robotics/module_5/ex01/install/need/share/need/environment/path.dsv
[0.072s] -- Up-to-date: /home/yuichi-katagiri/Subjects/Robotics/module_5/ex01/install/need/share/need/local_setup.bash
[0.072s] -- Up-to-date: /home/yuichi-katagiri/Subjects/Robotics/module_5/ex01/install/need/share/need/local_setup.sh
[0.072s] -- Up-to-date: /home/yuichi-katagiri/Subjects/Robotics/module_5/ex01/install/need/share/need/local_setup.zsh
[0.073s] -- Up-to-date: /home/yuichi-katagiri/Subjects/Robotics/module_5/ex01/install/need/share/need/local_setup.dsv
[0.073s] -- Installing: /home/yuichi-katagiri/Subjects/Robotics/module_5/ex01/install/need/share/need/package.dsv
[0.073s] -- Up-to-date: /home/yuichi-katagiri/Subjects/Robotics/module_5/ex01/install/need/share/ament_index/resource_index/packages/need
[0.073s] -- Up-to-date: /home/yuichi-katagiri/Subjects/Robotics/module_5/ex01/install/need/share/need/cmake/needConfig.cmake
[0.073s] -- Up-to-date: /home/yuichi-katagiri/Subjects/Robotics/module_5/ex01/install/need/share/need/cmake/needConfig-version.cmake
[0.073s] -- Up-to-date: /home/yuichi-katagiri/Subjects/Robotics/module_5/ex01/install/need/share/need/package.xml
[0.074s] Invoked command in '/home/yuichi-katagiri/Subjects/Robotics/module_5/ex01/build/need' returned '0': CMAKE_PREFIX_PATH=${CMAKE_PREFIX_PATH}:/home/yuichi-katagiri/ros2_ws/install/tomodachi:/home/yuichi-katagiri/ros2_ws/install/manabu:/opt/ros/humble /usr/bin/cmake --install /home/yuichi-katagiri/Subjects/Robotics/module_5/ex01/build/need
