running egg_info
writing ../../build/kokorogi/kokorogi.egg-info/PKG-INFO
writing dependency_links to ../../build/kokorogi/kokorogi.egg-info/dependency_links.txt
writing entry points to ../../build/kokorogi/kokorogi.egg-info/entry_points.txt
writing requirements to ../../build/kokorogi/kokorogi.egg-info/requires.txt
writing top-level names to ../../build/kokorogi/kokorogi.egg-info/top_level.txt
reading manifest file '../../build/kokorogi/kokorogi.egg-info/SOURCES.txt'
adding license file 'LICENSE'
writing manifest file '../../build/kokorogi/kokorogi.egg-info/SOURCES.txt'
running build
running build_py
running install
running install_lib
running install_data
running install_egg_info
removing '/home/yuichi-katagiri/Subjects/Robotics/ex03/install/kokorogi/lib/python3.10/site-packages/kokorogi-0.0.0-py3.10.egg-info' (and everything under it)
Copying ../../build/kokorogi/kokorogi.egg-info to /home/yuichi-katagiri/Subjects/Robotics/ex03/install/kokorogi/lib/python3.10/site-packages/kokorogi-0.0.0-py3.10.egg-info
running install_scripts
Installing fixed_frame_tf2_broadcaster script to /home/yuichi-katagiri/Subjects/Robotics/ex03/install/kokorogi/lib/kokorogi
Installing turtle_tf2_broadcaster script to /home/yuichi-katagiri/Subjects/Robotics/ex03/install/kokorogi/lib/kokorogi
Installing turtle_tf2_listener script to /home/yuichi-katagiri/Subjects/Robotics/ex03/install/kokorogi/lib/kokorogi
writing list of installed files to '/home/yuichi-katagiri/Subjects/Robotics/ex03/build/kokorogi/install.log'
