[0.571s] Invoking command in '/home/yuichi-katagiri/Subjects/Robotics/ex03/src/kokorogi': PYTHONPATH=/home/yuichi-katagiri/Subjects/Robotics/ex03/build/kokorogi/prefix_override:/usr/lib/python3/dist-packages/colcon_core/task/python/colcon_distutils_commands:/home/yuichi-katagiri/Subjects/Robotics/ex03/install/kokorogi/lib/python3.10/site-packages:${PYTHONPATH} /usr/bin/python3 -W ignore:setup.py install is deprecated setup.py egg_info --egg-base ../../build/kokorogi build --build-base /home/yuichi-katagiri/Subjects/Robotics/ex03/build/kokorogi/build install --record /home/yuichi-katagiri/Subjects/Robotics/ex03/build/kokorogi/install.log --single-version-externally-managed install_data
[0.795s] running egg_info
[0.796s] writing ../../build/kokorogi/kokorogi.egg-info/PKG-INFO
[0.796s] writing dependency_links to ../../build/kokorogi/kokorogi.egg-info/dependency_links.txt
[0.796s] writing entry points to ../../build/kokorogi/kokorogi.egg-info/entry_points.txt
[0.797s] writing requirements to ../../build/kokorogi/kokorogi.egg-info/requires.txt
[0.797s] writing top-level names to ../../build/kokorogi/kokorogi.egg-info/top_level.txt
[0.798s] reading manifest file '../../build/kokorogi/kokorogi.egg-info/SOURCES.txt'
[0.798s] adding license file 'LICENSE'
[0.799s] writing manifest file '../../build/kokorogi/kokorogi.egg-info/SOURCES.txt'
[0.799s] running build
[0.799s] running build_py
[0.799s] running install
[0.799s] running install_lib
[0.801s] running install_data
[0.801s] running install_egg_info
[0.802s] removing '/home/yuichi-katagiri/Subjects/Robotics/ex03/install/kokorogi/lib/python3.10/site-packages/kokorogi-0.0.0-py3.10.egg-info' (and everything under it)
[0.802s] Copying ../../build/kokorogi/kokorogi.egg-info to /home/yuichi-katagiri/Subjects/Robotics/ex03/install/kokorogi/lib/python3.10/site-packages/kokorogi-0.0.0-py3.10.egg-info
[0.803s] running install_scripts
[0.822s] Installing fixed_frame_tf2_broadcaster script to /home/yuichi-katagiri/Subjects/Robotics/ex03/install/kokorogi/lib/kokorogi
[0.822s] Installing turtle_tf2_broadcaster script to /home/yuichi-katagiri/Subjects/Robotics/ex03/install/kokorogi/lib/kokorogi
[0.822s] Installing turtle_tf2_listener script to /home/yuichi-katagiri/Subjects/Robotics/ex03/install/kokorogi/lib/kokorogi
[0.823s] writing list of installed files to '/home/yuichi-katagiri/Subjects/Robotics/ex03/build/kokorogi/install.log'
[0.846s] Invoked command in '/home/yuichi-katagiri/Subjects/Robotics/ex03/src/kokorogi' returned '0': PYTHONPATH=/home/yuichi-katagiri/Subjects/Robotics/ex03/build/kokorogi/prefix_override:/usr/lib/python3/dist-packages/colcon_core/task/python/colcon_distutils_commands:/home/yuichi-katagiri/Subjects/Robotics/ex03/install/kokorogi/lib/python3.10/site-packages:${PYTHONPATH} /usr/bin/python3 -W ignore:setup.py install is deprecated setup.py egg_info --egg-base ../../build/kokorogi build --build-base /home/yuichi-katagiri/Subjects/Robotics/ex03/build/kokorogi/build install --record /home/yuichi-katagiri/Subjects/Robotics/ex03/build/kokorogi/install.log --single-version-externally-managed install_data
