[0.010s] Invoking command in '/home/yuichi-katagiri/Subjects/Robotics/ex02/build/example_interfaces': CMAKE_PREFIX_PATH=${CMAKE_PREFIX_PATH}:/home/yuichi-katagiri/Subjects/Robotics/ex02/install/action_turtle_commands:/home/yuichi-katagiri/ros2_ws/install/tomodachi:/home/yuichi-katagiri/ros2_ws/install/manabu:/opt/ros/humble /usr/bin/cmake --build /home/yuichi-katagiri/Subjects/Robotics/ex02/build/example_interfaces -- -j8 -l8
[0.052s] [  6%] Built target example_interfaces__cpp
[0.052s] [ 12%] Built target example_interfaces__rosidl_generator_c
[0.065s] [ 12%] Built target ament_cmake_python_copy_example_interfaces
[0.076s] [ 22%] Built target example_interfaces__rosidl_typesupport_introspection_cpp
[0.077s] [ 32%] Built target example_interfaces__rosidl_typesupport_c
[0.077s] [ 41%] Built target example_interfaces__rosidl_typesupport_introspection_c
[0.078s] [ 51%] Built target example_interfaces__rosidl_typesupport_cpp
[0.078s] [ 70%] Built target example_interfaces__rosidl_typesupport_fastrtps_c
[0.078s] [ 70%] Built target example_interfaces__rosidl_typesupport_fastrtps_cpp
[0.095s] [ 70%] Built target example_interfaces
[0.113s] [ 74%] Built target example_interfaces__py
[0.132s] [ 80%] Built target example_interfaces__rosidl_generator_py
[0.170s] [ 87%] Built target example_interfaces__rosidl_typesupport_c__pyext
[0.170s] [ 93%] Built target example_interfaces__rosidl_typesupport_fastrtps_c__pyext
[0.173s] [100%] Built target example_interfaces__rosidl_typesupport_introspection_c__pyext
[0.311s] running egg_info
[0.311s] writing example_interfaces.egg-info/PKG-INFO
[0.311s] writing dependency_links to example_interfaces.egg-info/dependency_links.txt
[0.312s] writing top-level names to example_interfaces.egg-info/top_level.txt
[0.313s] reading manifest file 'example_interfaces.egg-info/SOURCES.txt'
[0.314s] writing manifest file 'example_interfaces.egg-info/SOURCES.txt'
[0.340s] [100%] Built target ament_cmake_python_build_example_interfaces_egg
[0.350s] Invoked command in '/home/yuichi-katagiri/Subjects/Robotics/ex02/build/example_interfaces' returned '0': CMAKE_PREFIX_PATH=${CMAKE_PREFIX_PATH}:/home/yuichi-katagiri/Subjects/Robotics/ex02/install/action_turtle_commands:/home/yuichi-katagiri/ros2_ws/install/tomodachi:/home/yuichi-katagiri/ros2_ws/install/manabu:/opt/ros/humble /usr/bin/cmake --build /home/yuichi-katagiri/Subjects/Robotics/ex02/build/example_interfaces -- -j8 -l8
[0.402s] Invoking command in '/home/yuichi-katagiri/Subjects/Robotics/ex02/build/example_interfaces': CMAKE_PREFIX_PATH=${CMAKE_PREFIX_PATH}:/home/yuichi-katagiri/Subjects/Robotics/ex02/install/action_turtle_commands:/home/yuichi-katagiri/ros2_ws/install/tomodachi:/home/yuichi-katagiri/ros2_ws/install/manabu:/opt/ros/humble /usr/bin/cmake --install /home/yuichi-katagiri/Subjects/Robotics/ex02/build/example_interfaces
[0.409s] -- Install configuration: ""
[0.409s] -- Up-to-date: /home/yuichi-katagiri/Subjects/Robotics/ex02/install/example_interfaces/share/ament_index/resource_index/rosidl_interfaces/example_interfaces
[0.409s] -- Up-to-date: /home/yuichi-katagiri/Subjects/Robotics/ex02/install/example_interfaces/include/example_interfaces/example_interfaces
[0.409s] -- Up-to-date: /home/yuichi-katagiri/Subjects/Robotics/ex02/install/example_interfaces/include/example_interfaces/example_interfaces/action
[0.409s] -- Up-to-date: /home/yuichi-katagiri/Subjects/Robotics/ex02/install/example_interfaces/include/example_interfaces/example_interfaces/action/detail
[0.409s] -- Up-to-date: /home/yuichi-katagiri/Subjects/Robotics/ex02/install/example_interfaces/include/example_interfaces/example_interfaces/action/detail/message_turtle_commands__type_support.h
[0.410s] -- Up-to-date: /home/yuichi-katagiri/Subjects/Robotics/ex02/install/example_interfaces/include/example_interfaces/example_interfaces/action/detail/message_turtle_commands__functions.c
[0.410s] -- Up-to-date: /home/yuichi-katagiri/Subjects/Robotics/ex02/install/example_interfaces/include/example_interfaces/example_interfaces/action/detail/message_turtle_commands__functions.h
[0.410s] -- Up-to-date: /home/yuichi-katagiri/Subjects/Robotics/ex02/install/example_interfaces/include/example_interfaces/example_interfaces/action/detail/message_turtle_commands__struct.h
[0.410s] -- Up-to-date: /home/yuichi-katagiri/Subjects/Robotics/ex02/install/example_interfaces/include/example_interfaces/example_interfaces/action/message_turtle_commands.h
[0.410s] -- Up-to-date: /home/yuichi-katagiri/Subjects/Robotics/ex02/install/example_interfaces/include/example_interfaces/example_interfaces/msg
[0.410s] -- Up-to-date: /home/yuichi-katagiri/Subjects/Robotics/ex02/install/example_interfaces/include/example_interfaces/example_interfaces/msg/rosidl_generator_c__visibility_control.h
[0.410s] -- Up-to-date: /home/yuichi-katagiri/Subjects/Robotics/ex02/install/example_interfaces/share/example_interfaces/environment/library_path.sh
[0.410s] -- Up-to-date: /home/yuichi-katagiri/Subjects/Robotics/ex02/install/example_interfaces/share/example_interfaces/environment/library_path.dsv
[0.410s] -- Up-to-date: /home/yuichi-katagiri/Subjects/Robotics/ex02/install/example_interfaces/lib/libexample_interfaces__rosidl_generator_c.so
[0.410s] -- Up-to-date: /home/yuichi-katagiri/Subjects/Robotics/ex02/install/example_interfaces/include/example_interfaces/example_interfaces
[0.410s] -- Up-to-date: /home/yuichi-katagiri/Subjects/Robotics/ex02/install/example_interfaces/include/example_interfaces/example_interfaces/action
[0.411s] -- Up-to-date: /home/yuichi-katagiri/Subjects/Robotics/ex02/install/example_interfaces/include/example_interfaces/example_interfaces/action/detail
[0.411s] -- Up-to-date: /home/yuichi-katagiri/Subjects/Robotics/ex02/install/example_interfaces/include/example_interfaces/example_interfaces/action/detail/message_turtle_commands__rosidl_typesupport_fastrtps_c.h
[0.411s] -- Up-to-date: /home/yuichi-katagiri/Subjects/Robotics/ex02/install/example_interfaces/include/example_interfaces/example_interfaces/msg
[0.411s] -- Up-to-date: /home/yuichi-katagiri/Subjects/Robotics/ex02/install/example_interfaces/include/example_interfaces/example_interfaces/msg/rosidl_typesupport_fastrtps_c__visibility_control.h
[0.411s] -- Up-to-date: /home/yuichi-katagiri/Subjects/Robotics/ex02/install/example_interfaces/lib/libexample_interfaces__rosidl_typesupport_fastrtps_c.so
[0.411s] -- Up-to-date: /home/yuichi-katagiri/Subjects/Robotics/ex02/install/example_interfaces/include/example_interfaces/example_interfaces
[0.411s] -- Up-to-date: /home/yuichi-katagiri/Subjects/Robotics/ex02/install/example_interfaces/include/example_interfaces/example_interfaces/action
[0.411s] -- Up-to-date: /home/yuichi-katagiri/Subjects/Robotics/ex02/install/example_interfaces/include/example_interfaces/example_interfaces/action/detail
[0.411s] -- Up-to-date: /home/yuichi-katagiri/Subjects/Robotics/ex02/install/example_interfaces/include/example_interfaces/example_interfaces/action/detail/message_turtle_commands__type_support.c
[0.411s] -- Up-to-date: /home/yuichi-katagiri/Subjects/Robotics/ex02/install/example_interfaces/include/example_interfaces/example_interfaces/action/detail/message_turtle_commands__rosidl_typesupport_introspection_c.h
[0.411s] -- Up-to-date: /home/yuichi-katagiri/Subjects/Robotics/ex02/install/example_interfaces/include/example_interfaces/example_interfaces/msg
[0.411s] -- Up-to-date: /home/yuichi-katagiri/Subjects/Robotics/ex02/install/example_interfaces/include/example_interfaces/example_interfaces/msg/rosidl_typesupport_introspection_c__visibility_control.h
[0.412s] -- Up-to-date: /home/yuichi-katagiri/Subjects/Robotics/ex02/install/example_interfaces/lib/libexample_interfaces__rosidl_typesupport_introspection_c.so
[0.412s] -- Up-to-date: /home/yuichi-katagiri/Subjects/Robotics/ex02/install/example_interfaces/lib/libexample_interfaces__rosidl_typesupport_c.so
[0.412s] -- Up-to-date: /home/yuichi-katagiri/Subjects/Robotics/ex02/install/example_interfaces/include/example_interfaces/example_interfaces
[0.412s] -- Up-to-date: /home/yuichi-katagiri/Subjects/Robotics/ex02/install/example_interfaces/include/example_interfaces/example_interfaces/action
[0.412s] -- Up-to-date: /home/yuichi-katagiri/Subjects/Robotics/ex02/install/example_interfaces/include/example_interfaces/example_interfaces/action/detail
[0.412s] -- Up-to-date: /home/yuichi-katagiri/Subjects/Robotics/ex02/install/example_interfaces/include/example_interfaces/example_interfaces/action/detail/message_turtle_commands__struct.hpp
[0.412s] -- Up-to-date: /home/yuichi-katagiri/Subjects/Robotics/ex02/install/example_interfaces/include/example_interfaces/example_interfaces/action/detail/message_turtle_commands__traits.hpp
[0.412s] -- Up-to-date: /home/yuichi-katagiri/Subjects/Robotics/ex02/install/example_interfaces/include/example_interfaces/example_interfaces/action/detail/message_turtle_commands__builder.hpp
[0.412s] -- Up-to-date: /home/yuichi-katagiri/Subjects/Robotics/ex02/install/example_interfaces/include/example_interfaces/example_interfaces/action/message_turtle_commands.hpp
[0.413s] -- Up-to-date: /home/yuichi-katagiri/Subjects/Robotics/ex02/install/example_interfaces/include/example_interfaces/example_interfaces
[0.413s] -- Up-to-date: /home/yuichi-katagiri/Subjects/Robotics/ex02/install/example_interfaces/include/example_interfaces/example_interfaces/action
[0.413s] -- Up-to-date: /home/yuichi-katagiri/Subjects/Robotics/ex02/install/example_interfaces/include/example_interfaces/example_interfaces/action/detail
[0.413s] -- Up-to-date: /home/yuichi-katagiri/Subjects/Robotics/ex02/install/example_interfaces/include/example_interfaces/example_interfaces/action/detail/message_turtle_commands__rosidl_typesupport_fastrtps_cpp.hpp
[0.413s] -- Up-to-date: /home/yuichi-katagiri/Subjects/Robotics/ex02/install/example_interfaces/include/example_interfaces/example_interfaces/action/detail/dds_fastrtps
[0.413s] -- Up-to-date: /home/yuichi-katagiri/Subjects/Robotics/ex02/install/example_interfaces/include/example_interfaces/example_interfaces/msg
[0.413s] -- Up-to-date: /home/yuichi-katagiri/Subjects/Robotics/ex02/install/example_interfaces/include/example_interfaces/example_interfaces/msg/rosidl_typesupport_fastrtps_cpp__visibility_control.h
[0.413s] -- Up-to-date: /home/yuichi-katagiri/Subjects/Robotics/ex02/install/example_interfaces/lib/libexample_interfaces__rosidl_typesupport_fastrtps_cpp.so
[0.413s] -- Up-to-date: /home/yuichi-katagiri/Subjects/Robotics/ex02/install/example_interfaces/include/example_interfaces/example_interfaces
[0.414s] -- Up-to-date: /home/yuichi-katagiri/Subjects/Robotics/ex02/install/example_interfaces/include/example_interfaces/example_interfaces/action
[0.414s] -- Up-to-date: /home/yuichi-katagiri/Subjects/Robotics/ex02/install/example_interfaces/include/example_interfaces/example_interfaces/action/detail
[0.414s] -- Up-to-date: /home/yuichi-katagiri/Subjects/Robotics/ex02/install/example_interfaces/include/example_interfaces/example_interfaces/action/detail/message_turtle_commands__type_support.cpp
[0.414s] -- Up-to-date: /home/yuichi-katagiri/Subjects/Robotics/ex02/install/example_interfaces/include/example_interfaces/example_interfaces/action/detail/message_turtle_commands__rosidl_typesupport_introspection_cpp.hpp
[0.414s] -- Up-to-date: /home/yuichi-katagiri/Subjects/Robotics/ex02/install/example_interfaces/lib/libexample_interfaces__rosidl_typesupport_introspection_cpp.so
[0.414s] -- Up-to-date: /home/yuichi-katagiri/Subjects/Robotics/ex02/install/example_interfaces/lib/libexample_interfaces__rosidl_typesupport_cpp.so
[0.414s] -- Up-to-date: /home/yuichi-katagiri/Subjects/Robotics/ex02/install/example_interfaces/share/example_interfaces/environment/pythonpath.sh
[0.414s] -- Up-to-date: /home/yuichi-katagiri/Subjects/Robotics/ex02/install/example_interfaces/share/example_interfaces/environment/pythonpath.dsv
[0.414s] -- Up-to-date: /home/yuichi-katagiri/Subjects/Robotics/ex02/install/example_interfaces/local/lib/python3.10/dist-packages/example_interfaces-0.13.0-py3.10.egg-info
[0.414s] -- Installing: /home/yuichi-katagiri/Subjects/Robotics/ex02/install/example_interfaces/local/lib/python3.10/dist-packages/example_interfaces-0.13.0-py3.10.egg-info/PKG-INFO
[0.414s] -- Installing: /home/yuichi-katagiri/Subjects/Robotics/ex02/install/example_interfaces/local/lib/python3.10/dist-packages/example_interfaces-0.13.0-py3.10.egg-info/SOURCES.txt
[0.414s] -- Installing: /home/yuichi-katagiri/Subjects/Robotics/ex02/install/example_interfaces/local/lib/python3.10/dist-packages/example_interfaces-0.13.0-py3.10.egg-info/dependency_links.txt
[0.414s] -- Installing: /home/yuichi-katagiri/Subjects/Robotics/ex02/install/example_interfaces/local/lib/python3.10/dist-packages/example_interfaces-0.13.0-py3.10.egg-info/top_level.txt
[0.414s] -- Up-to-date: /home/yuichi-katagiri/Subjects/Robotics/ex02/install/example_interfaces/local/lib/python3.10/dist-packages/example_interfaces
[0.414s] -- Up-to-date: /home/yuichi-katagiri/Subjects/Robotics/ex02/install/example_interfaces/local/lib/python3.10/dist-packages/example_interfaces/action
[0.414s] -- Up-to-date: /home/yuichi-katagiri/Subjects/Robotics/ex02/install/example_interfaces/local/lib/python3.10/dist-packages/example_interfaces/action/_message_turtle_commands_s.c
[0.414s] -- Up-to-date: /home/yuichi-katagiri/Subjects/Robotics/ex02/install/example_interfaces/local/lib/python3.10/dist-packages/example_interfaces/action/__init__.py
[0.415s] -- Up-to-date: /home/yuichi-katagiri/Subjects/Robotics/ex02/install/example_interfaces/local/lib/python3.10/dist-packages/example_interfaces/action/_message_turtle_commands.py
[0.415s] -- Up-to-date: /home/yuichi-katagiri/Subjects/Robotics/ex02/install/example_interfaces/local/lib/python3.10/dist-packages/example_interfaces/example_interfaces_s__rosidl_typesupport_fastrtps_c.cpython-310-x86_64-linux-gnu.so
[0.415s] -- Up-to-date: /home/yuichi-katagiri/Subjects/Robotics/ex02/install/example_interfaces/local/lib/python3.10/dist-packages/example_interfaces/_example_interfaces_s.ep.rosidl_typesupport_c.c
[0.415s] -- Up-to-date: /home/yuichi-katagiri/Subjects/Robotics/ex02/install/example_interfaces/local/lib/python3.10/dist-packages/example_interfaces/example_interfaces_s__rosidl_typesupport_c.cpython-310-x86_64-linux-gnu.so
[0.415s] -- Up-to-date: /home/yuichi-katagiri/Subjects/Robotics/ex02/install/example_interfaces/local/lib/python3.10/dist-packages/example_interfaces/_example_interfaces_s.ep.rosidl_typesupport_introspection_c.c
[0.415s] -- Up-to-date: /home/yuichi-katagiri/Subjects/Robotics/ex02/install/example_interfaces/local/lib/python3.10/dist-packages/example_interfaces/_example_interfaces_s.ep.rosidl_typesupport_fastrtps_c.c
[0.415s] -- Up-to-date: /home/yuichi-katagiri/Subjects/Robotics/ex02/install/example_interfaces/local/lib/python3.10/dist-packages/example_interfaces/libexample_interfaces__rosidl_generator_py.so
[0.415s] -- Up-to-date: /home/yuichi-katagiri/Subjects/Robotics/ex02/install/example_interfaces/local/lib/python3.10/dist-packages/example_interfaces/example_interfaces_s__rosidl_typesupport_introspection_c.cpython-310-x86_64-linux-gnu.so
[0.415s] -- Up-to-date: /home/yuichi-katagiri/Subjects/Robotics/ex02/install/example_interfaces/local/lib/python3.10/dist-packages/example_interfaces/__init__.py
[0.443s] Listing '/home/yuichi-katagiri/Subjects/Robotics/ex02/install/example_interfaces/local/lib/python3.10/dist-packages/example_interfaces'...
[0.444s] Listing '/home/yuichi-katagiri/Subjects/Robotics/ex02/install/example_interfaces/local/lib/python3.10/dist-packages/example_interfaces/action'...
[0.448s] -- Up-to-date: /home/yuichi-katagiri/Subjects/Robotics/ex02/install/example_interfaces/local/lib/python3.10/dist-packages/example_interfaces/example_interfaces_s__rosidl_typesupport_fastrtps_c.cpython-310-x86_64-linux-gnu.so
[0.448s] -- Up-to-date: /home/yuichi-katagiri/Subjects/Robotics/ex02/install/example_interfaces/local/lib/python3.10/dist-packages/example_interfaces/example_interfaces_s__rosidl_typesupport_introspection_c.cpython-310-x86_64-linux-gnu.so
[0.448s] -- Up-to-date: /home/yuichi-katagiri/Subjects/Robotics/ex02/install/example_interfaces/local/lib/python3.10/dist-packages/example_interfaces/example_interfaces_s__rosidl_typesupport_c.cpython-310-x86_64-linux-gnu.so
[0.448s] -- Up-to-date: /home/yuichi-katagiri/Subjects/Robotics/ex02/install/example_interfaces/lib/libexample_interfaces__rosidl_generator_py.so
[0.448s] -- Up-to-date: /home/yuichi-katagiri/Subjects/Robotics/ex02/install/example_interfaces/share/example_interfaces/action/MessageTurtleCommands.idl
[0.448s] -- Up-to-date: /home/yuichi-katagiri/Subjects/Robotics/ex02/install/example_interfaces/share/example_interfaces/action/MessageTurtleCommands.action
[0.449s] -- Up-to-date: /home/yuichi-katagiri/Subjects/Robotics/ex02/install/example_interfaces/share/example_interfaces/mapping_rules.yaml
[0.449s] -- Up-to-date: /home/yuichi-katagiri/Subjects/Robotics/ex02/install/example_interfaces/share/ament_index/resource_index/package_run_dependencies/example_interfaces
[0.449s] -- Up-to-date: /home/yuichi-katagiri/Subjects/Robotics/ex02/install/example_interfaces/share/ament_index/resource_index/parent_prefix_path/example_interfaces
[0.449s] -- Up-to-date: /home/yuichi-katagiri/Subjects/Robotics/ex02/install/example_interfaces/share/example_interfaces/environment/ament_prefix_path.sh
[0.449s] -- Up-to-date: /home/yuichi-katagiri/Subjects/Robotics/ex02/install/example_interfaces/share/example_interfaces/environment/ament_prefix_path.dsv
[0.449s] -- Up-to-date: /home/yuichi-katagiri/Subjects/Robotics/ex02/install/example_interfaces/share/example_interfaces/environment/path.sh
[0.449s] -- Up-to-date: /home/yuichi-katagiri/Subjects/Robotics/ex02/install/example_interfaces/share/example_interfaces/environment/path.dsv
[0.449s] -- Up-to-date: /home/yuichi-katagiri/Subjects/Robotics/ex02/install/example_interfaces/share/example_interfaces/local_setup.bash
[0.449s] -- Up-to-date: /home/yuichi-katagiri/Subjects/Robotics/ex02/install/example_interfaces/share/example_interfaces/local_setup.sh
[0.449s] -- Up-to-date: /home/yuichi-katagiri/Subjects/Robotics/ex02/install/example_interfaces/share/example_interfaces/local_setup.zsh
[0.449s] -- Up-to-date: /home/yuichi-katagiri/Subjects/Robotics/ex02/install/example_interfaces/share/example_interfaces/local_setup.dsv
[0.450s] -- Installing: /home/yuichi-katagiri/Subjects/Robotics/ex02/install/example_interfaces/share/example_interfaces/package.dsv
[0.450s] -- Up-to-date: /home/yuichi-katagiri/Subjects/Robotics/ex02/install/example_interfaces/share/ament_index/resource_index/packages/example_interfaces
[0.450s] -- Up-to-date: /home/yuichi-katagiri/Subjects/Robotics/ex02/install/example_interfaces/share/example_interfaces/cmake/export_example_interfaces__rosidl_generator_cExport.cmake
[0.450s] -- Up-to-date: /home/yuichi-katagiri/Subjects/Robotics/ex02/install/example_interfaces/share/example_interfaces/cmake/export_example_interfaces__rosidl_generator_cExport-noconfig.cmake
[0.450s] -- Up-to-date: /home/yuichi-katagiri/Subjects/Robotics/ex02/install/example_interfaces/share/example_interfaces/cmake/export_example_interfaces__rosidl_typesupport_fastrtps_cExport.cmake
[0.450s] -- Up-to-date: /home/yuichi-katagiri/Subjects/Robotics/ex02/install/example_interfaces/share/example_interfaces/cmake/export_example_interfaces__rosidl_typesupport_fastrtps_cExport-noconfig.cmake
[0.450s] -- Up-to-date: /home/yuichi-katagiri/Subjects/Robotics/ex02/install/example_interfaces/share/example_interfaces/cmake/example_interfaces__rosidl_typesupport_introspection_cExport.cmake
[0.450s] -- Up-to-date: /home/yuichi-katagiri/Subjects/Robotics/ex02/install/example_interfaces/share/example_interfaces/cmake/example_interfaces__rosidl_typesupport_introspection_cExport-noconfig.cmake
[0.450s] -- Up-to-date: /home/yuichi-katagiri/Subjects/Robotics/ex02/install/example_interfaces/share/example_interfaces/cmake/example_interfaces__rosidl_typesupport_cExport.cmake
[0.450s] -- Up-to-date: /home/yuichi-katagiri/Subjects/Robotics/ex02/install/example_interfaces/share/example_interfaces/cmake/example_interfaces__rosidl_typesupport_cExport-noconfig.cmake
[0.450s] -- Up-to-date: /home/yuichi-katagiri/Subjects/Robotics/ex02/install/example_interfaces/share/example_interfaces/cmake/export_example_interfaces__rosidl_generator_cppExport.cmake
[0.450s] -- Up-to-date: /home/yuichi-katagiri/Subjects/Robotics/ex02/install/example_interfaces/share/example_interfaces/cmake/export_example_interfaces__rosidl_typesupport_fastrtps_cppExport.cmake
[0.450s] -- Up-to-date: /home/yuichi-katagiri/Subjects/Robotics/ex02/install/example_interfaces/share/example_interfaces/cmake/export_example_interfaces__rosidl_typesupport_fastrtps_cppExport-noconfig.cmake
[0.450s] -- Up-to-date: /home/yuichi-katagiri/Subjects/Robotics/ex02/install/example_interfaces/share/example_interfaces/cmake/example_interfaces__rosidl_typesupport_introspection_cppExport.cmake
[0.451s] -- Up-to-date: /home/yuichi-katagiri/Subjects/Robotics/ex02/install/example_interfaces/share/example_interfaces/cmake/example_interfaces__rosidl_typesupport_introspection_cppExport-noconfig.cmake
[0.451s] -- Up-to-date: /home/yuichi-katagiri/Subjects/Robotics/ex02/install/example_interfaces/share/example_interfaces/cmake/example_interfaces__rosidl_typesupport_cppExport.cmake
[0.451s] -- Up-to-date: /home/yuichi-katagiri/Subjects/Robotics/ex02/install/example_interfaces/share/example_interfaces/cmake/example_interfaces__rosidl_typesupport_cppExport-noconfig.cmake
[0.451s] -- Up-to-date: /home/yuichi-katagiri/Subjects/Robotics/ex02/install/example_interfaces/share/example_interfaces/cmake/export_example_interfaces__rosidl_generator_pyExport.cmake
[0.451s] -- Up-to-date: /home/yuichi-katagiri/Subjects/Robotics/ex02/install/example_interfaces/share/example_interfaces/cmake/export_example_interfaces__rosidl_generator_pyExport-noconfig.cmake
[0.451s] -- Up-to-date: /home/yuichi-katagiri/Subjects/Robotics/ex02/install/example_interfaces/share/example_interfaces/cmake/rosidl_cmake-extras.cmake
[0.451s] -- Up-to-date: /home/yuichi-katagiri/Subjects/Robotics/ex02/install/example_interfaces/share/example_interfaces/cmake/ament_cmake_export_dependencies-extras.cmake
[0.451s] -- Up-to-date: /home/yuichi-katagiri/Subjects/Robotics/ex02/install/example_interfaces/share/example_interfaces/cmake/ament_cmake_export_include_directories-extras.cmake
[0.451s] -- Up-to-date: /home/yuichi-katagiri/Subjects/Robotics/ex02/install/example_interfaces/share/example_interfaces/cmake/ament_cmake_export_libraries-extras.cmake
[0.451s] -- Up-to-date: /home/yuichi-katagiri/Subjects/Robotics/ex02/install/example_interfaces/share/example_interfaces/cmake/ament_cmake_export_targets-extras.cmake
[0.451s] -- Up-to-date: /home/yuichi-katagiri/Subjects/Robotics/ex02/install/example_interfaces/share/example_interfaces/cmake/rosidl_cmake_export_typesupport_targets-extras.cmake
[0.451s] -- Up-to-date: /home/yuichi-katagiri/Subjects/Robotics/ex02/install/example_interfaces/share/example_interfaces/cmake/rosidl_cmake_export_typesupport_libraries-extras.cmake
[0.451s] -- Up-to-date: /home/yuichi-katagiri/Subjects/Robotics/ex02/install/example_interfaces/share/example_interfaces/cmake/example_interfacesConfig.cmake
[0.451s] -- Up-to-date: /home/yuichi-katagiri/Subjects/Robotics/ex02/install/example_interfaces/share/example_interfaces/cmake/example_interfacesConfig-version.cmake
[0.451s] -- Up-to-date: /home/yuichi-katagiri/Subjects/Robotics/ex02/install/example_interfaces/share/example_interfaces/package.xml
[0.452s] Invoked command in '/home/yuichi-katagiri/Subjects/Robotics/ex02/build/example_interfaces' returned '0': CMAKE_PREFIX_PATH=${CMAKE_PREFIX_PATH}:/home/yuichi-katagiri/Subjects/Robotics/ex02/install/action_turtle_commands:/home/yuichi-katagiri/ros2_ws/install/tomodachi:/home/yuichi-katagiri/ros2_ws/install/manabu:/opt/ros/humble /usr/bin/cmake --install /home/yuichi-katagiri/Subjects/Robotics/ex02/build/example_interfaces
