[0.635s] Invoking command in '/home/yuichi-katagiri/Subjects/Robotics/ex05/src/move_to_goal': PYTHONPATH=/home/yuichi-katagiri/Subjects/Robotics/ex05/build/move_to_goal/prefix_override:/usr/lib/python3/dist-packages/colcon_core/task/python/colcon_distutils_commands:/home/yuichi-katagiri/Subjects/Robotics/ex05/install/move_to_goal/lib/python3.10/site-packages:${PYTHONPATH} /usr/bin/python3 -W ignore:setup.py install is deprecated setup.py egg_info --egg-base ../../build/move_to_goal build --build-base /home/yuichi-katagiri/Subjects/Robotics/ex05/build/move_to_goal/build install --record /home/yuichi-katagiri/Subjects/Robotics/ex05/build/move_to_goal/install.log --single-version-externally-managed install_data
[0.856s] running egg_info
[0.857s] writing ../../build/move_to_goal/move_to_goal.egg-info/PKG-INFO
[0.857s] writing dependency_links to ../../build/move_to_goal/move_to_goal.egg-info/dependency_links.txt
[0.857s] writing entry points to ../../build/move_to_goal/move_to_goal.egg-info/entry_points.txt
[0.857s] writing requirements to ../../build/move_to_goal/move_to_goal.egg-info/requires.txt
[0.857s] writing top-level names to ../../build/move_to_goal/move_to_goal.egg-info/top_level.txt
[0.859s] reading manifest file '../../build/move_to_goal/move_to_goal.egg-info/SOURCES.txt'
[0.867s] adding license file 'LICENSE'
[0.868s] writing manifest file '../../build/move_to_goal/move_to_goal.egg-info/SOURCES.txt'
[0.868s] running build
[0.868s] running build_py
[0.868s] copying move_to_goal/move_to_goal_bez.py -> /home/yuichi-katagiri/Subjects/Robotics/ex05/build/move_to_goal/build/lib/move_to_goal
[0.869s] copying move_to_goal/move_to_goal_old.py -> /home/yuichi-katagiri/Subjects/Robotics/ex05/build/move_to_goal/build/lib/move_to_goal
[0.869s] copying move_to_goal/move_to_goal.py -> /home/yuichi-katagiri/Subjects/Robotics/ex05/build/move_to_goal/build/lib/move_to_goal
[0.869s] running install
[0.869s] running install_lib
[0.870s] copying /home/yuichi-katagiri/Subjects/Robotics/ex05/build/move_to_goal/build/lib/move_to_goal/move_to_goal_bez.py -> /home/yuichi-katagiri/Subjects/Robotics/ex05/install/move_to_goal/lib/python3.10/site-packages/move_to_goal
[0.870s] copying /home/yuichi-katagiri/Subjects/Robotics/ex05/build/move_to_goal/build/lib/move_to_goal/move_to_goal_old.py -> /home/yuichi-katagiri/Subjects/Robotics/ex05/install/move_to_goal/lib/python3.10/site-packages/move_to_goal
[0.870s] copying /home/yuichi-katagiri/Subjects/Robotics/ex05/build/move_to_goal/build/lib/move_to_goal/move_to_goal.py -> /home/yuichi-katagiri/Subjects/Robotics/ex05/install/move_to_goal/lib/python3.10/site-packages/move_to_goal
[0.871s] byte-compiling /home/yuichi-katagiri/Subjects/Robotics/ex05/install/move_to_goal/lib/python3.10/site-packages/move_to_goal/move_to_goal_bez.py to move_to_goal_bez.cpython-310.pyc
[0.872s] byte-compiling /home/yuichi-katagiri/Subjects/Robotics/ex05/install/move_to_goal/lib/python3.10/site-packages/move_to_goal/move_to_goal_old.py to move_to_goal_old.cpython-310.pyc
[0.873s] byte-compiling /home/yuichi-katagiri/Subjects/Robotics/ex05/install/move_to_goal/lib/python3.10/site-packages/move_to_goal/move_to_goal.py to move_to_goal.cpython-310.pyc
[0.873s] running install_data
[0.873s] running install_egg_info
[0.875s] removing '/home/yuichi-katagiri/Subjects/Robotics/ex05/install/move_to_goal/lib/python3.10/site-packages/move_to_goal-0.0.0-py3.10.egg-info' (and everything under it)
[0.876s] Copying ../../build/move_to_goal/move_to_goal.egg-info to /home/yuichi-katagiri/Subjects/Robotics/ex05/install/move_to_goal/lib/python3.10/site-packages/move_to_goal-0.0.0-py3.10.egg-info
[0.877s] running install_scripts
[0.897s] Installing move_to_goal script to /home/yuichi-katagiri/Subjects/Robotics/ex05/install/move_to_goal/lib/move_to_goal
[0.897s] writing list of installed files to '/home/yuichi-katagiri/Subjects/Robotics/ex05/build/move_to_goal/install.log'
[0.919s] Invoked command in '/home/yuichi-katagiri/Subjects/Robotics/ex05/src/move_to_goal' returned '0': PYTHONPATH=/home/yuichi-katagiri/Subjects/Robotics/ex05/build/move_to_goal/prefix_override:/usr/lib/python3/dist-packages/colcon_core/task/python/colcon_distutils_commands:/home/yuichi-katagiri/Subjects/Robotics/ex05/install/move_to_goal/lib/python3.10/site-packages:${PYTHONPATH} /usr/bin/python3 -W ignore:setup.py install is deprecated setup.py egg_info --egg-base ../../build/move_to_goal build --build-base /home/yuichi-katagiri/Subjects/Robotics/ex05/build/move_to_goal/build install --record /home/yuichi-katagiri/Subjects/Robotics/ex05/build/move_to_goal/install.log --single-version-externally-managed install_data
