[0.768s] Invoking command in '/home/yuichi-katagiri/Subjects/Robotics/ex01/src/service_full_name': PYTHONPATH=/home/yuichi-katagiri/Subjects/Robotics/ex01/build/service_full_name/prefix_override:/usr/lib/python3/dist-packages/colcon_core/task/python/colcon_distutils_commands:/home/yuichi-katagiri/Subjects/Robotics/ex01/install/service_full_name/lib/python3.10/site-packages:${PYTHONPATH} /usr/bin/python3 -W ignore:setup.py install is deprecated setup.py egg_info --egg-base ../../build/service_full_name build --build-base /home/yuichi-katagiri/Subjects/Robotics/ex01/build/service_full_name/build install --record /home/yuichi-katagiri/Subjects/Robotics/ex01/build/service_full_name/install.log --single-version-externally-managed install_data
[0.998s] running egg_info
[0.999s] writing ../../build/service_full_name/service_full_name.egg-info/PKG-INFO
[0.999s] writing dependency_links to ../../build/service_full_name/service_full_name.egg-info/dependency_links.txt
[1.000s] writing entry points to ../../build/service_full_name/service_full_name.egg-info/entry_points.txt
[1.000s] writing requirements to ../../build/service_full_name/service_full_name.egg-info/requires.txt
[1.000s] writing top-level names to ../../build/service_full_name/service_full_name.egg-info/top_level.txt
[1.002s] reading manifest file '../../build/service_full_name/service_full_name.egg-info/SOURCES.txt'
[1.002s] adding license file 'LICENSE'
[1.003s] writing manifest file '../../build/service_full_name/service_full_name.egg-info/SOURCES.txt'
[1.003s] running build
[1.003s] running build_py
[1.003s] copying service_full_name/__init__.py -> /home/yuichi-katagiri/Subjects/Robotics/ex01/build/service_full_name/build/lib/service_full_name
[1.003s] copying service_full_name/my_node.py -> /home/yuichi-katagiri/Subjects/Robotics/ex01/build/service_full_name/build/lib/service_full_name
[1.003s] running install
[1.003s] running install_lib
[1.004s] copying /home/yuichi-katagiri/Subjects/Robotics/ex01/build/service_full_name/build/lib/service_full_name/__init__.py -> /home/yuichi-katagiri/Subjects/Robotics/ex01/install/service_full_name/lib/python3.10/site-packages/service_full_name
[1.004s] copying /home/yuichi-katagiri/Subjects/Robotics/ex01/build/service_full_name/build/lib/service_full_name/my_node.py -> /home/yuichi-katagiri/Subjects/Robotics/ex01/install/service_full_name/lib/python3.10/site-packages/service_full_name
[1.005s] byte-compiling /home/yuichi-katagiri/Subjects/Robotics/ex01/install/service_full_name/lib/python3.10/site-packages/service_full_name/__init__.py to __init__.cpython-310.pyc
[1.005s] byte-compiling /home/yuichi-katagiri/Subjects/Robotics/ex01/install/service_full_name/lib/python3.10/site-packages/service_full_name/my_node.py to my_node.cpython-310.pyc
[1.005s] running install_data
[1.006s] copying resource/service_full_name -> /home/yuichi-katagiri/Subjects/Robotics/ex01/install/service_full_name/share/ament_index/resource_index/packages
[1.006s] copying package.xml -> /home/yuichi-katagiri/Subjects/Robotics/ex01/install/service_full_name/share/service_full_name
[1.006s] running install_egg_info
[1.008s] removing '/home/yuichi-katagiri/Subjects/Robotics/ex01/install/service_full_name/lib/python3.10/site-packages/service_full_name-0.0.0-py3.10.egg-info' (and everything under it)
[1.008s] Copying ../../build/service_full_name/service_full_name.egg-info to /home/yuichi-katagiri/Subjects/Robotics/ex01/install/service_full_name/lib/python3.10/site-packages/service_full_name-0.0.0-py3.10.egg-info
[1.009s] running install_scripts
[1.031s] Installing my_node script to /home/yuichi-katagiri/Subjects/Robotics/ex01/install/service_full_name/lib/service_full_name
[1.031s] writing list of installed files to '/home/yuichi-katagiri/Subjects/Robotics/ex01/build/service_full_name/install.log'
[1.062s] Invoked command in '/home/yuichi-katagiri/Subjects/Robotics/ex01/src/service_full_name' returned '0': PYTHONPATH=/home/yuichi-katagiri/Subjects/Robotics/ex01/build/service_full_name/prefix_override:/usr/lib/python3/dist-packages/colcon_core/task/python/colcon_distutils_commands:/home/yuichi-katagiri/Subjects/Robotics/ex01/install/service_full_name/lib/python3.10/site-packages:${PYTHONPATH} /usr/bin/python3 -W ignore:setup.py install is deprecated setup.py egg_info --egg-base ../../build/service_full_name build --build-base /home/yuichi-katagiri/Subjects/Robotics/ex01/build/service_full_name/build install --record /home/yuichi-katagiri/Subjects/Robotics/ex01/build/service_full_name/install.log --single-version-externally-managed install_data
