[0.575s] DEBUG:colcon:Command line arguments: ['/usr/bin/colcon', 'list', '-p', '--base-paths', '/home/yuichi-katagiri/Subjects/Robotics/module_5/ex05']
[0.575s] DEBUG:colcon:Parsed command line arguments: Namespace(log_base=None, log_level=None, verb_name='list', build_base='build', ignore_user_meta=False, metas=['./colcon.meta'], base_paths=['/home/yuichi-katagiri/Subjects/Robotics/module_5/ex05'], packages_ignore=None, packages_ignore_regex=None, paths=None, packages_up_to=None, packages_up_to_regex=None, packages_above=None, packages_above_and_dependencies=None, packages_above_depth=None, packages_select_by_dep=None, packages_skip_by_dep=None, packages_skip_up_to=None, packages_select_build_failed=False, packages_skip_build_finished=False, packages_select_test_failures=False, packages_skip_test_passed=False, packages_select=None, packages_skip=None, packages_select_regex=None, packages_skip_regex=None, packages_start=None, packages_end=None, allow_overriding=[], topological_order=False, names_only=False, paths_only=True, topological_graph=False, topological_graph_dot=False, topological_graph_density=False, topological_graph_legend=False, topological_graph_dot_cluster=False, topological_graph_dot_include_skipped=False, mixin_files=None, mixin=None, verb_parser=<colcon_mixin.mixin.mixin_argument.MixinArgumentDecorator object at 0x7efadb578490>, verb_extension=<colcon_package_information.verb.list.ListVerb object at 0x7efadb54b3d0>, main=<bound method ListVerb.main of <colcon_package_information.verb.list.ListVerb object at 0x7efadb54b3d0>>, mixin_verb=('list',))
[1.487s] Level 1:colcon.colcon_core.package_discovery:discover_packages(colcon_meta) check parameters
[1.487s] Level 1:colcon.colcon_core.package_discovery:discover_packages(recursive) check parameters
[1.488s] Level 1:colcon.colcon_core.package_discovery:discover_packages(ignore) check parameters
[1.488s] Level 1:colcon.colcon_core.package_discovery:discover_packages(path) check parameters
[1.488s] Level 1:colcon.colcon_core.package_discovery:discover_packages(recursive) discover
[1.488s] INFO:colcon.colcon_core.package_discovery:Crawling recursively for packages in '/home/yuichi-katagiri/Subjects/Robotics/module_5/ex05'
[1.488s] Level 1:colcon.colcon_core.package_identification:_identify(/home/yuichi-katagiri/Subjects/Robotics/module_5/ex05) by extensions ['ignore', 'ignore_ament_install']
[1.489s] Level 1:colcon.colcon_core.package_identification:_identify(/home/yuichi-katagiri/Subjects/Robotics/module_5/ex05) by extension 'ignore'
[1.489s] Level 1:colcon.colcon_core.package_identification:_identify(/home/yuichi-katagiri/Subjects/Robotics/module_5/ex05) by extension 'ignore_ament_install'
[1.489s] Level 1:colcon.colcon_core.package_identification:_identify(/home/yuichi-katagiri/Subjects/Robotics/module_5/ex05) by extensions ['colcon_pkg']
[1.489s] Level 1:colcon.colcon_core.package_identification:_identify(/home/yuichi-katagiri/Subjects/Robotics/module_5/ex05) by extension 'colcon_pkg'
[1.489s] Level 1:colcon.colcon_core.package_identification:_identify(/home/yuichi-katagiri/Subjects/Robotics/module_5/ex05) by extensions ['colcon_meta']
[1.490s] Level 1:colcon.colcon_core.package_identification:_identify(/home/yuichi-katagiri/Subjects/Robotics/module_5/ex05) by extension 'colcon_meta'
[1.490s] Level 1:colcon.colcon_core.package_identification:_identify(/home/yuichi-katagiri/Subjects/Robotics/module_5/ex05) by extensions ['ros']
[1.490s] Level 1:colcon.colcon_core.package_identification:_identify(/home/yuichi-katagiri/Subjects/Robotics/module_5/ex05) by extension 'ros'
[1.527s] Level 1:colcon.colcon_core.package_identification:_identify(/home/yuichi-katagiri/Subjects/Robotics/module_5/ex05) by extensions ['cmake', 'python']
[1.527s] Level 1:colcon.colcon_core.package_identification:_identify(/home/yuichi-katagiri/Subjects/Robotics/module_5/ex05) by extension 'cmake'
[1.527s] Level 1:colcon.colcon_core.package_identification:_identify(/home/yuichi-katagiri/Subjects/Robotics/module_5/ex05) by extension 'python'
[1.528s] Level 1:colcon.colcon_core.package_identification:_identify(/home/yuichi-katagiri/Subjects/Robotics/module_5/ex05) by extensions ['python_setup_py']
[1.529s] Level 1:colcon.colcon_core.package_identification:_identify(/home/yuichi-katagiri/Subjects/Robotics/module_5/ex05) by extension 'python_setup_py'
[1.529s] Level 1:colcon.colcon_core.package_identification:_identify(/home/yuichi-katagiri/Subjects/Robotics/module_5/ex05/build) by extensions ['ignore', 'ignore_ament_install']
[1.530s] Level 1:colcon.colcon_core.package_identification:_identify(/home/yuichi-katagiri/Subjects/Robotics/module_5/ex05/build) by extension 'ignore'
[1.530s] Level 1:colcon.colcon_core.package_identification:_identify(/home/yuichi-katagiri/Subjects/Robotics/module_5/ex05/build) ignored
[1.531s] Level 1:colcon.colcon_core.package_identification:_identify(/home/yuichi-katagiri/Subjects/Robotics/module_5/ex05/install) by extensions ['ignore', 'ignore_ament_install']
[1.531s] Level 1:colcon.colcon_core.package_identification:_identify(/home/yuichi-katagiri/Subjects/Robotics/module_5/ex05/install) by extension 'ignore'
[1.532s] Level 1:colcon.colcon_core.package_identification:_identify(/home/yuichi-katagiri/Subjects/Robotics/module_5/ex05/install) ignored
[1.534s] Level 1:colcon.colcon_core.package_identification:_identify(/home/yuichi-katagiri/Subjects/Robotics/module_5/ex05/log) by extensions ['ignore', 'ignore_ament_install']
[1.534s] Level 1:colcon.colcon_core.package_identification:_identify(/home/yuichi-katagiri/Subjects/Robotics/module_5/ex05/log) by extension 'ignore'
[1.534s] Level 1:colcon.colcon_core.package_identification:_identify(/home/yuichi-katagiri/Subjects/Robotics/module_5/ex05/log) ignored
[1.535s] Level 1:colcon.colcon_core.package_identification:_identify(/home/yuichi-katagiri/Subjects/Robotics/module_5/ex05/src) by extensions ['ignore', 'ignore_ament_install']
[1.535s] Level 1:colcon.colcon_core.package_identification:_identify(/home/yuichi-katagiri/Subjects/Robotics/module_5/ex05/src) by extension 'ignore'
[1.535s] Level 1:colcon.colcon_core.package_identification:_identify(/home/yuichi-katagiri/Subjects/Robotics/module_5/ex05/src) by extension 'ignore_ament_install'
[1.535s] Level 1:colcon.colcon_core.package_identification:_identify(/home/yuichi-katagiri/Subjects/Robotics/module_5/ex05/src) by extensions ['colcon_pkg']
[1.535s] Level 1:colcon.colcon_core.package_identification:_identify(/home/yuichi-katagiri/Subjects/Robotics/module_5/ex05/src) by extension 'colcon_pkg'
[1.535s] Level 1:colcon.colcon_core.package_identification:_identify(/home/yuichi-katagiri/Subjects/Robotics/module_5/ex05/src) by extensions ['colcon_meta']
[1.536s] Level 1:colcon.colcon_core.package_identification:_identify(/home/yuichi-katagiri/Subjects/Robotics/module_5/ex05/src) by extension 'colcon_meta'
[1.536s] Level 1:colcon.colcon_core.package_identification:_identify(/home/yuichi-katagiri/Subjects/Robotics/module_5/ex05/src) by extensions ['ros']
[1.536s] Level 1:colcon.colcon_core.package_identification:_identify(/home/yuichi-katagiri/Subjects/Robotics/module_5/ex05/src) by extension 'ros'
[1.536s] Level 1:colcon.colcon_core.package_identification:_identify(/home/yuichi-katagiri/Subjects/Robotics/module_5/ex05/src) by extensions ['cmake', 'python']
[1.536s] Level 1:colcon.colcon_core.package_identification:_identify(/home/yuichi-katagiri/Subjects/Robotics/module_5/ex05/src) by extension 'cmake'
[1.536s] Level 1:colcon.colcon_core.package_identification:_identify(/home/yuichi-katagiri/Subjects/Robotics/module_5/ex05/src) by extension 'python'
[1.537s] Level 1:colcon.colcon_core.package_identification:_identify(/home/yuichi-katagiri/Subjects/Robotics/module_5/ex05/src) by extensions ['python_setup_py']
[1.537s] Level 1:colcon.colcon_core.package_identification:_identify(/home/yuichi-katagiri/Subjects/Robotics/module_5/ex05/src) by extension 'python_setup_py'
[1.541s] Level 1:colcon.colcon_core.package_identification:_identify(/home/yuichi-katagiri/Subjects/Robotics/module_5/ex05/src/my_movement) by extensions ['ignore', 'ignore_ament_install']
[1.542s] Level 1:colcon.colcon_core.package_identification:_identify(/home/yuichi-katagiri/Subjects/Robotics/module_5/ex05/src/my_movement) by extension 'ignore'
[1.542s] Level 1:colcon.colcon_core.package_identification:_identify(/home/yuichi-katagiri/Subjects/Robotics/module_5/ex05/src/my_movement) by extension 'ignore_ament_install'
[1.542s] Level 1:colcon.colcon_core.package_identification:_identify(/home/yuichi-katagiri/Subjects/Robotics/module_5/ex05/src/my_movement) by extensions ['colcon_pkg']
[1.542s] Level 1:colcon.colcon_core.package_identification:_identify(/home/yuichi-katagiri/Subjects/Robotics/module_5/ex05/src/my_movement) by extension 'colcon_pkg'
[1.542s] Level 1:colcon.colcon_core.package_identification:_identify(/home/yuichi-katagiri/Subjects/Robotics/module_5/ex05/src/my_movement) by extensions ['colcon_meta']
[1.542s] Level 1:colcon.colcon_core.package_identification:_identify(/home/yuichi-katagiri/Subjects/Robotics/module_5/ex05/src/my_movement) by extension 'colcon_meta'
[1.543s] Level 1:colcon.colcon_core.package_identification:_identify(/home/yuichi-katagiri/Subjects/Robotics/module_5/ex05/src/my_movement) by extensions ['ros']
[1.543s] Level 1:colcon.colcon_core.package_identification:_identify(/home/yuichi-katagiri/Subjects/Robotics/module_5/ex05/src/my_movement) by extension 'ros'
[1.581s] DEBUG:colcon.colcon_core.package_identification:Package '/home/yuichi-katagiri/Subjects/Robotics/module_5/ex05/src/my_movement' with type 'ros.ament_python' and name 'my_movement'
[1.582s] Level 1:colcon.colcon_core.package_identification:_identify(/home/yuichi-katagiri/Subjects/Robotics/module_5/ex05/src/need) by extensions ['ignore', 'ignore_ament_install']
[1.582s] Level 1:colcon.colcon_core.package_identification:_identify(/home/yuichi-katagiri/Subjects/Robotics/module_5/ex05/src/need) by extension 'ignore'
[1.582s] Level 1:colcon.colcon_core.package_identification:_identify(/home/yuichi-katagiri/Subjects/Robotics/module_5/ex05/src/need) by extension 'ignore_ament_install'
[1.582s] Level 1:colcon.colcon_core.package_identification:_identify(/home/yuichi-katagiri/Subjects/Robotics/module_5/ex05/src/need) by extensions ['colcon_pkg']
[1.582s] Level 1:colcon.colcon_core.package_identification:_identify(/home/yuichi-katagiri/Subjects/Robotics/module_5/ex05/src/need) by extension 'colcon_pkg'
[1.582s] Level 1:colcon.colcon_core.package_identification:_identify(/home/yuichi-katagiri/Subjects/Robotics/module_5/ex05/src/need) by extensions ['colcon_meta']
[1.583s] Level 1:colcon.colcon_core.package_identification:_identify(/home/yuichi-katagiri/Subjects/Robotics/module_5/ex05/src/need) by extension 'colcon_meta'
[1.583s] Level 1:colcon.colcon_core.package_identification:_identify(/home/yuichi-katagiri/Subjects/Robotics/module_5/ex05/src/need) by extensions ['ros']
[1.583s] Level 1:colcon.colcon_core.package_identification:_identify(/home/yuichi-katagiri/Subjects/Robotics/module_5/ex05/src/need) by extension 'ros'
[1.583s] Level 1:colcon.colcon_core.package_identification:_identify(/home/yuichi-katagiri/Subjects/Robotics/module_5/ex05/src/need) by extensions ['cmake', 'python']
[1.583s] Level 1:colcon.colcon_core.package_identification:_identify(/home/yuichi-katagiri/Subjects/Robotics/module_5/ex05/src/need) by extension 'cmake'
[1.583s] Level 1:colcon.colcon_core.package_identification:_identify(/home/yuichi-katagiri/Subjects/Robotics/module_5/ex05/src/need) by extension 'python'
[1.583s] Level 1:colcon.colcon_core.package_identification:_identify(/home/yuichi-katagiri/Subjects/Robotics/module_5/ex05/src/need) by extensions ['python_setup_py']
[1.584s] Level 1:colcon.colcon_core.package_identification:_identify(/home/yuichi-katagiri/Subjects/Robotics/module_5/ex05/src/need) by extension 'python_setup_py'
[1.584s] Level 1:colcon.colcon_core.package_identification:_identify(/home/yuichi-katagiri/Subjects/Robotics/module_5/ex05/src/need/robot_app) by extensions ['ignore', 'ignore_ament_install']
[1.584s] Level 1:colcon.colcon_core.package_identification:_identify(/home/yuichi-katagiri/Subjects/Robotics/module_5/ex05/src/need/robot_app) by extension 'ignore'
[1.584s] Level 1:colcon.colcon_core.package_identification:_identify(/home/yuichi-katagiri/Subjects/Robotics/module_5/ex05/src/need/robot_app) by extension 'ignore_ament_install'
[1.585s] Level 1:colcon.colcon_core.package_identification:_identify(/home/yuichi-katagiri/Subjects/Robotics/module_5/ex05/src/need/robot_app) by extensions ['colcon_pkg']
[1.585s] Level 1:colcon.colcon_core.package_identification:_identify(/home/yuichi-katagiri/Subjects/Robotics/module_5/ex05/src/need/robot_app) by extension 'colcon_pkg'
[1.585s] Level 1:colcon.colcon_core.package_identification:_identify(/home/yuichi-katagiri/Subjects/Robotics/module_5/ex05/src/need/robot_app) by extensions ['colcon_meta']
[1.585s] Level 1:colcon.colcon_core.package_identification:_identify(/home/yuichi-katagiri/Subjects/Robotics/module_5/ex05/src/need/robot_app) by extension 'colcon_meta'
[1.585s] Level 1:colcon.colcon_core.package_identification:_identify(/home/yuichi-katagiri/Subjects/Robotics/module_5/ex05/src/need/robot_app) by extensions ['ros']
[1.585s] Level 1:colcon.colcon_core.package_identification:_identify(/home/yuichi-katagiri/Subjects/Robotics/module_5/ex05/src/need/robot_app) by extension 'ros'
[1.590s] DEBUG:colcon.colcon_core.package_identification:Package '/home/yuichi-katagiri/Subjects/Robotics/module_5/ex05/src/need/robot_app' with type 'ros.ament_cmake' and name 'robot_app'
[1.591s] Level 1:colcon.colcon_core.package_identification:_identify(/home/yuichi-katagiri/Subjects/Robotics/module_5/ex05/src/need/robot_bringup) by extensions ['ignore', 'ignore_ament_install']
[1.591s] Level 1:colcon.colcon_core.package_identification:_identify(/home/yuichi-katagiri/Subjects/Robotics/module_5/ex05/src/need/robot_bringup) by extension 'ignore'
[1.591s] Level 1:colcon.colcon_core.package_identification:_identify(/home/yuichi-katagiri/Subjects/Robotics/module_5/ex05/src/need/robot_bringup) by extension 'ignore_ament_install'
[1.592s] Level 1:colcon.colcon_core.package_identification:_identify(/home/yuichi-katagiri/Subjects/Robotics/module_5/ex05/src/need/robot_bringup) by extensions ['colcon_pkg']
[1.592s] Level 1:colcon.colcon_core.package_identification:_identify(/home/yuichi-katagiri/Subjects/Robotics/module_5/ex05/src/need/robot_bringup) by extension 'colcon_pkg'
[1.592s] Level 1:colcon.colcon_core.package_identification:_identify(/home/yuichi-katagiri/Subjects/Robotics/module_5/ex05/src/need/robot_bringup) by extensions ['colcon_meta']
[1.592s] Level 1:colcon.colcon_core.package_identification:_identify(/home/yuichi-katagiri/Subjects/Robotics/module_5/ex05/src/need/robot_bringup) by extension 'colcon_meta'
[1.592s] Level 1:colcon.colcon_core.package_identification:_identify(/home/yuichi-katagiri/Subjects/Robotics/module_5/ex05/src/need/robot_bringup) by extensions ['ros']
[1.592s] Level 1:colcon.colcon_core.package_identification:_identify(/home/yuichi-katagiri/Subjects/Robotics/module_5/ex05/src/need/robot_bringup) by extension 'ros'
[1.594s] DEBUG:colcon.colcon_core.package_identification:Package '/home/yuichi-katagiri/Subjects/Robotics/module_5/ex05/src/need/robot_bringup' with type 'ros.ament_cmake' and name 'robot_bringup'
[1.594s] Level 1:colcon.colcon_core.package_identification:_identify(/home/yuichi-katagiri/Subjects/Robotics/module_5/ex05/src/need/robot_description) by extensions ['ignore', 'ignore_ament_install']
[1.596s] Level 1:colcon.colcon_core.package_identification:_identify(/home/yuichi-katagiri/Subjects/Robotics/module_5/ex05/src/need/robot_description) by extension 'ignore'
[1.596s] Level 1:colcon.colcon_core.package_identification:_identify(/home/yuichi-katagiri/Subjects/Robotics/module_5/ex05/src/need/robot_description) by extension 'ignore_ament_install'
[1.596s] Level 1:colcon.colcon_core.package_identification:_identify(/home/yuichi-katagiri/Subjects/Robotics/module_5/ex05/src/need/robot_description) by extensions ['colcon_pkg']
[1.597s] Level 1:colcon.colcon_core.package_identification:_identify(/home/yuichi-katagiri/Subjects/Robotics/module_5/ex05/src/need/robot_description) by extension 'colcon_pkg'
[1.598s] Level 1:colcon.colcon_core.package_identification:_identify(/home/yuichi-katagiri/Subjects/Robotics/module_5/ex05/src/need/robot_description) by extensions ['colcon_meta']
[1.598s] Level 1:colcon.colcon_core.package_identification:_identify(/home/yuichi-katagiri/Subjects/Robotics/module_5/ex05/src/need/robot_description) by extension 'colcon_meta'
[1.598s] Level 1:colcon.colcon_core.package_identification:_identify(/home/yuichi-katagiri/Subjects/Robotics/module_5/ex05/src/need/robot_description) by extensions ['ros']
[1.599s] Level 1:colcon.colcon_core.package_identification:_identify(/home/yuichi-katagiri/Subjects/Robotics/module_5/ex05/src/need/robot_description) by extension 'ros'
[1.601s] DEBUG:colcon.colcon_core.package_identification:Package '/home/yuichi-katagiri/Subjects/Robotics/module_5/ex05/src/need/robot_description' with type 'ros.ament_cmake' and name 'robot_description'
[1.601s] Level 1:colcon.colcon_core.package_discovery:discover_packages(recursive) using defaults
