running egg_info
writing ../../build/tomodachi/tomodachi.egg-info/PKG-INFO
writing dependency_links to ../../build/tomodachi/tomodachi.egg-info/dependency_links.txt
writing entry points to ../../build/tomodachi/tomodachi.egg-info/entry_points.txt
writing requirements to ../../build/tomodachi/tomodachi.egg-info/requires.txt
writing top-level names to ../../build/tomodachi/tomodachi.egg-info/top_level.txt
reading manifest file '../../build/tomodachi/tomodachi.egg-info/SOURCES.txt'
adding license file 'LICENSE'
writing manifest file '../../build/tomodachi/tomodachi.egg-info/SOURCES.txt'
running build
running build_py
running install
running install_lib
running install_data
running install_egg_info
removing '/home/yuichi-katagiri/Subjects/Robotics/ex01/install/tomodachi/lib/python3.10/site-packages/tomodachi-0.0.0-py3.10.egg-info' (and everything under it)
Copying ../../build/tomodachi/tomodachi.egg-info to /home/yuichi-katagiri/Subjects/Robotics/ex01/install/tomodachi/lib/python3.10/site-packages/tomodachi-0.0.0-py3.10.egg-info
running install_scripts
Installing my_node script to /home/yuichi-katagiri/Subjects/Robotics/ex01/install/tomodachi/lib/tomodachi
writing list of installed files to '/home/yuichi-katagiri/Subjects/Robotics/ex01/build/tomodachi/install.log'
