[0.245s] Invoking command in '/home/yuichi-katagiri/Subjects/Robotics/module_5/ex05/build/robot_app': CMAKE_PREFIX_PATH=/home/yuichi-katagiri/ros2_ws/install/tomodachi:/home/yuichi-katagiri/ros2_ws/install/manabu:/opt/ros/humble /usr/bin/cmake /home/yuichi-katagiri/Subjects/Robotics/module_5/ex05/src/need/robot_app -DCMAKE_INSTALL_PREFIX=/home/yuichi-katagiri/Subjects/Robotics/module_5/ex05/install/robot_app
[0.296s] -- The C compiler identification is GNU 11.4.0
[0.351s] -- The CXX compiler identification is GNU 11.4.0
[0.358s] -- Detecting C compiler ABI info
[0.420s] -- Detecting C compiler ABI info - done
[0.429s] -- Check for working C compiler: /usr/bin/cc - skipped
[0.429s] -- Detecting C compile features
[0.429s] -- Detecting C compile features - done
[0.432s] -- Detecting CXX compiler ABI info
[0.507s] -- Detecting CXX compiler ABI info - done
[0.515s] -- Check for working CXX compiler: /usr/bin/c++ - skipped
[0.515s] -- Detecting CXX compile features
[0.515s] -- Detecting CXX compile features - done
[0.517s] -- Found ament_cmake: 1.3.10 (/opt/ros/humble/share/ament_cmake/cmake)
[0.682s] -- Found Python3: /usr/bin/python3 (found version "3.10.12") found components: Interpreter 
[0.851s] -- Configuring done
[0.853s] -- Generating done
[0.854s] -- Build files have been written to: /home/yuichi-katagiri/Subjects/Robotics/module_5/ex05/build/robot_app
[0.858s] Invoked command in '/home/yuichi-katagiri/Subjects/Robotics/module_5/ex05/build/robot_app' returned '0': CMAKE_PREFIX_PATH=/home/yuichi-katagiri/ros2_ws/install/tomodachi:/home/yuichi-katagiri/ros2_ws/install/manabu:/opt/ros/humble /usr/bin/cmake /home/yuichi-katagiri/Subjects/Robotics/module_5/ex05/src/need/robot_app -DCMAKE_INSTALL_PREFIX=/home/yuichi-katagiri/Subjects/Robotics/module_5/ex05/install/robot_app
[0.860s] Invoking command in '/home/yuichi-katagiri/Subjects/Robotics/module_5/ex05/build/robot_app': CMAKE_PREFIX_PATH=/home/yuichi-katagiri/ros2_ws/install/tomodachi:/home/yuichi-katagiri/ros2_ws/install/manabu:/opt/ros/humble /usr/bin/cmake --build /home/yuichi-katagiri/Subjects/Robotics/module_5/ex05/build/robot_app -- -j8 -l8
[0.893s] Invoked command in '/home/yuichi-katagiri/Subjects/Robotics/module_5/ex05/build/robot_app' returned '0': CMAKE_PREFIX_PATH=/home/yuichi-katagiri/ros2_ws/install/tomodachi:/home/yuichi-katagiri/ros2_ws/install/manabu:/opt/ros/humble /usr/bin/cmake --build /home/yuichi-katagiri/Subjects/Robotics/module_5/ex05/build/robot_app -- -j8 -l8
[0.921s] Invoking command in '/home/yuichi-katagiri/Subjects/Robotics/module_5/ex05/build/robot_app': CMAKE_PREFIX_PATH=/home/yuichi-katagiri/ros2_ws/install/tomodachi:/home/yuichi-katagiri/ros2_ws/install/manabu:/opt/ros/humble /usr/bin/cmake --install /home/yuichi-katagiri/Subjects/Robotics/module_5/ex05/build/robot_app
[0.928s] -- Install configuration: ""
[0.928s] -- Installing: /home/yuichi-katagiri/Subjects/Robotics/module_5/ex05/install/robot_app/share/ament_index/resource_index/package_run_dependencies/robot_app
[0.928s] -- Installing: /home/yuichi-katagiri/Subjects/Robotics/module_5/ex05/install/robot_app/share/ament_index/resource_index/parent_prefix_path/robot_app
[0.928s] -- Installing: /home/yuichi-katagiri/Subjects/Robotics/module_5/ex05/install/robot_app/share/robot_app/environment/ament_prefix_path.sh
[0.928s] -- Installing: /home/yuichi-katagiri/Subjects/Robotics/module_5/ex05/install/robot_app/share/robot_app/environment/ament_prefix_path.dsv
[0.929s] -- Installing: /home/yuichi-katagiri/Subjects/Robotics/module_5/ex05/install/robot_app/share/robot_app/environment/path.sh
[0.929s] -- Installing: /home/yuichi-katagiri/Subjects/Robotics/module_5/ex05/install/robot_app/share/robot_app/environment/path.dsv
[0.929s] -- Installing: /home/yuichi-katagiri/Subjects/Robotics/module_5/ex05/install/robot_app/share/robot_app/local_setup.bash
[0.929s] -- Installing: /home/yuichi-katagiri/Subjects/Robotics/module_5/ex05/install/robot_app/share/robot_app/local_setup.sh
[0.929s] -- Installing: /home/yuichi-katagiri/Subjects/Robotics/module_5/ex05/install/robot_app/share/robot_app/local_setup.zsh
[0.929s] -- Installing: /home/yuichi-katagiri/Subjects/Robotics/module_5/ex05/install/robot_app/share/robot_app/local_setup.dsv
[0.929s] -- Installing: /home/yuichi-katagiri/Subjects/Robotics/module_5/ex05/install/robot_app/share/robot_app/package.dsv
[0.929s] -- Installing: /home/yuichi-katagiri/Subjects/Robotics/module_5/ex05/install/robot_app/share/ament_index/resource_index/packages/robot_app
[0.930s] -- Installing: /home/yuichi-katagiri/Subjects/Robotics/module_5/ex05/install/robot_app/share/robot_app/cmake/robot_appConfig.cmake
[0.930s] -- Installing: /home/yuichi-katagiri/Subjects/Robotics/module_5/ex05/install/robot_app/share/robot_app/cmake/robot_appConfig-version.cmake
[0.930s] -- Installing: /home/yuichi-katagiri/Subjects/Robotics/module_5/ex05/install/robot_app/share/robot_app/package.xml
[0.933s] Invoked command in '/home/yuichi-katagiri/Subjects/Robotics/module_5/ex05/build/robot_app' returned '0': CMAKE_PREFIX_PATH=/home/yuichi-katagiri/ros2_ws/install/tomodachi:/home/yuichi-katagiri/ros2_ws/install/manabu:/opt/ros/humble /usr/bin/cmake --install /home/yuichi-katagiri/Subjects/Robotics/module_5/ex05/build/robot_app
