[0.019s] Invoking command in '/home/yuichi-katagiri/Subjects/Robotics/module_5/ex03/build/robot_app': CMAKE_PREFIX_PATH=${CMAKE_PREFIX_PATH}:/home/yuichi-katagiri/ros2_ws/install/tomodachi:/home/yuichi-katagiri/ros2_ws/install/manabu:/opt/ros/humble /usr/bin/cmake /home/yuichi-katagiri/Subjects/Robotics/module_5/ex03/src/need/robot_app -DCMAKE_INSTALL_PREFIX=/home/yuichi-katagiri/Subjects/Robotics/module_5/ex03/install/robot_app
[0.095s] -- The C compiler identification is GNU 11.4.0
[0.166s] -- The CXX compiler identification is GNU 11.4.0
[0.176s] -- Detecting C compiler ABI info
[0.256s] -- Detecting C compiler ABI info - done
[0.265s] -- Check for working C compiler: /usr/bin/cc - skipped
[0.265s] -- Detecting C compile features
[0.266s] -- Detecting C compile features - done
[0.269s] -- Detecting CXX compiler ABI info
[0.359s] -- Detecting CXX compiler ABI info - done
[0.369s] -- Check for working CXX compiler: /usr/bin/c++ - skipped
[0.369s] -- Detecting CXX compile features
[0.370s] -- Detecting CXX compile features - done
[0.372s] -- Found ament_cmake: 1.3.10 (/opt/ros/humble/share/ament_cmake/cmake)
[0.567s] -- Found Python3: /usr/bin/python3 (found version "3.10.12") found components: Interpreter 
[0.768s] -- Configuring done
[0.771s] -- Generating done
[0.772s] -- Build files have been written to: /home/yuichi-katagiri/Subjects/Robotics/module_5/ex03/build/robot_app
[0.780s] Invoked command in '/home/yuichi-katagiri/Subjects/Robotics/module_5/ex03/build/robot_app' returned '0': CMAKE_PREFIX_PATH=${CMAKE_PREFIX_PATH}:/home/yuichi-katagiri/ros2_ws/install/tomodachi:/home/yuichi-katagiri/ros2_ws/install/manabu:/opt/ros/humble /usr/bin/cmake /home/yuichi-katagiri/Subjects/Robotics/module_5/ex03/src/need/robot_app -DCMAKE_INSTALL_PREFIX=/home/yuichi-katagiri/Subjects/Robotics/module_5/ex03/install/robot_app
[0.782s] Invoking command in '/home/yuichi-katagiri/Subjects/Robotics/module_5/ex03/build/robot_app': CMAKE_PREFIX_PATH=${CMAKE_PREFIX_PATH}:/home/yuichi-katagiri/ros2_ws/install/tomodachi:/home/yuichi-katagiri/ros2_ws/install/manabu:/opt/ros/humble /usr/bin/cmake --build /home/yuichi-katagiri/Subjects/Robotics/module_5/ex03/build/robot_app -- -j8 -l8
[0.821s] Invoked command in '/home/yuichi-katagiri/Subjects/Robotics/module_5/ex03/build/robot_app' returned '0': CMAKE_PREFIX_PATH=${CMAKE_PREFIX_PATH}:/home/yuichi-katagiri/ros2_ws/install/tomodachi:/home/yuichi-katagiri/ros2_ws/install/manabu:/opt/ros/humble /usr/bin/cmake --build /home/yuichi-katagiri/Subjects/Robotics/module_5/ex03/build/robot_app -- -j8 -l8
[0.855s] Invoking command in '/home/yuichi-katagiri/Subjects/Robotics/module_5/ex03/build/robot_app': CMAKE_PREFIX_PATH=${CMAKE_PREFIX_PATH}:/home/yuichi-katagiri/ros2_ws/install/tomodachi:/home/yuichi-katagiri/ros2_ws/install/manabu:/opt/ros/humble /usr/bin/cmake --install /home/yuichi-katagiri/Subjects/Robotics/module_5/ex03/build/robot_app
[0.863s] -- Install configuration: ""
[0.863s] -- Installing: /home/yuichi-katagiri/Subjects/Robotics/module_5/ex03/install/robot_app/share/ament_index/resource_index/package_run_dependencies/robot_app
[0.863s] -- Installing: /home/yuichi-katagiri/Subjects/Robotics/module_5/ex03/install/robot_app/share/ament_index/resource_index/parent_prefix_path/robot_app
[0.863s] -- Installing: /home/yuichi-katagiri/Subjects/Robotics/module_5/ex03/install/robot_app/share/robot_app/environment/ament_prefix_path.sh
[0.864s] -- Installing: /home/yuichi-katagiri/Subjects/Robotics/module_5/ex03/install/robot_app/share/robot_app/environment/ament_prefix_path.dsv
[0.864s] -- Installing: /home/yuichi-katagiri/Subjects/Robotics/module_5/ex03/install/robot_app/share/robot_app/environment/path.sh
[0.864s] -- Installing: /home/yuichi-katagiri/Subjects/Robotics/module_5/ex03/install/robot_app/share/robot_app/environment/path.dsv
[0.864s] -- Installing: /home/yuichi-katagiri/Subjects/Robotics/module_5/ex03/install/robot_app/share/robot_app/local_setup.bash
[0.864s] -- Installing: /home/yuichi-katagiri/Subjects/Robotics/module_5/ex03/install/robot_app/share/robot_app/local_setup.sh
[0.864s] -- Installing: /home/yuichi-katagiri/Subjects/Robotics/module_5/ex03/install/robot_app/share/robot_app/local_setup.zsh
[0.864s] -- Installing: /home/yuichi-katagiri/Subjects/Robotics/module_5/ex03/install/robot_app/share/robot_app/local_setup.dsv
[0.865s] -- Installing: /home/yuichi-katagiri/Subjects/Robotics/module_5/ex03/install/robot_app/share/robot_app/package.dsv
[0.865s] -- Installing: /home/yuichi-katagiri/Subjects/Robotics/module_5/ex03/install/robot_app/share/ament_index/resource_index/packages/robot_app
[0.865s] -- Installing: /home/yuichi-katagiri/Subjects/Robotics/module_5/ex03/install/robot_app/share/robot_app/cmake/robot_appConfig.cmake
[0.865s] -- Installing: /home/yuichi-katagiri/Subjects/Robotics/module_5/ex03/install/robot_app/share/robot_app/cmake/robot_appConfig-version.cmake
[0.865s] -- Installing: /home/yuichi-katagiri/Subjects/Robotics/module_5/ex03/install/robot_app/share/robot_app/package.xml
[0.868s] Invoked command in '/home/yuichi-katagiri/Subjects/Robotics/module_5/ex03/build/robot_app' returned '0': CMAKE_PREFIX_PATH=${CMAKE_PREFIX_PATH}:/home/yuichi-katagiri/ros2_ws/install/tomodachi:/home/yuichi-katagiri/ros2_ws/install/manabu:/opt/ros/humble /usr/bin/cmake --install /home/yuichi-katagiri/Subjects/Robotics/module_5/ex03/build/robot_app
