running egg_info
creating ../../build/service_full_name/service_full_name.egg-info
writing ../../build/service_full_name/service_full_name.egg-info/PKG-INFO
writing dependency_links to ../../build/service_full_name/service_full_name.egg-info/dependency_links.txt
writing entry points to ../../build/service_full_name/service_full_name.egg-info/entry_points.txt
writing requirements to ../../build/service_full_name/service_full_name.egg-info/requires.txt
writing top-level names to ../../build/service_full_name/service_full_name.egg-info/top_level.txt
writing manifest file '../../build/service_full_name/service_full_name.egg-info/SOURCES.txt'
reading manifest file '../../build/service_full_name/service_full_name.egg-info/SOURCES.txt'
adding license file 'LICENSE'
writing manifest file '../../build/service_full_name/service_full_name.egg-info/SOURCES.txt'
running build
running build_py
creating /home/yuichi-katagiri/Subjects/Robotics/ex01/build/service_full_name/build
creating /home/yuichi-katagiri/Subjects/Robotics/ex01/build/service_full_name/build/lib
creating /home/yuichi-katagiri/Subjects/Robotics/ex01/build/service_full_name/build/lib/service_full_name
copying service_full_name/client_file.py -> /home/yuichi-katagiri/Subjects/Robotics/ex01/build/service_full_name/build/lib/service_full_name
copying service_full_name/service_file.py -> /home/yuichi-katagiri/Subjects/Robotics/ex01/build/service_full_name/build/lib/service_full_name
copying service_full_name/__init__.py -> /home/yuichi-katagiri/Subjects/Robotics/ex01/build/service_full_name/build/lib/service_full_name
copying service_full_name/text_lolka.py -> /home/yuichi-katagiri/Subjects/Robotics/ex01/build/service_full_name/build/lib/service_full_name
running install
running install_lib
creating /home/yuichi-katagiri/Subjects/Robotics/ex01/install/service_full_name/lib/python3.10/site-packages/service_full_name
copying /home/yuichi-katagiri/Subjects/Robotics/ex01/build/service_full_name/build/lib/service_full_name/client_file.py -> /home/yuichi-katagiri/Subjects/Robotics/ex01/install/service_full_name/lib/python3.10/site-packages/service_full_name
copying /home/yuichi-katagiri/Subjects/Robotics/ex01/build/service_full_name/build/lib/service_full_name/service_file.py -> /home/yuichi-katagiri/Subjects/Robotics/ex01/install/service_full_name/lib/python3.10/site-packages/service_full_name
copying /home/yuichi-katagiri/Subjects/Robotics/ex01/build/service_full_name/build/lib/service_full_name/__init__.py -> /home/yuichi-katagiri/Subjects/Robotics/ex01/install/service_full_name/lib/python3.10/site-packages/service_full_name
copying /home/yuichi-katagiri/Subjects/Robotics/ex01/build/service_full_name/build/lib/service_full_name/text_lolka.py -> /home/yuichi-katagiri/Subjects/Robotics/ex01/install/service_full_name/lib/python3.10/site-packages/service_full_name
byte-compiling /home/yuichi-katagiri/Subjects/Robotics/ex01/install/service_full_name/lib/python3.10/site-packages/service_full_name/client_file.py to client_file.cpython-310.pyc
byte-compiling /home/yuichi-katagiri/Subjects/Robotics/ex01/install/service_full_name/lib/python3.10/site-packages/service_full_name/service_file.py to service_file.cpython-310.pyc
byte-compiling /home/yuichi-katagiri/Subjects/Robotics/ex01/install/service_full_name/lib/python3.10/site-packages/service_full_name/__init__.py to __init__.cpython-310.pyc
byte-compiling /home/yuichi-katagiri/Subjects/Robotics/ex01/install/service_full_name/lib/python3.10/site-packages/service_full_name/text_lolka.py to text_lolka.cpython-310.pyc
running install_data
creating /home/yuichi-katagiri/Subjects/Robotics/ex01/install/service_full_name/share/ament_index
creating /home/yuichi-katagiri/Subjects/Robotics/ex01/install/service_full_name/share/ament_index/resource_index
creating /home/yuichi-katagiri/Subjects/Robotics/ex01/install/service_full_name/share/ament_index/resource_index/packages
copying resource/service_full_name -> /home/yuichi-katagiri/Subjects/Robotics/ex01/install/service_full_name/share/ament_index/resource_index/packages
copying package.xml -> /home/yuichi-katagiri/Subjects/Robotics/ex01/install/service_full_name/share/service_full_name
creating /home/yuichi-katagiri/Subjects/Robotics/ex01/install/service_full_name/share/service_full_name/srv
copying srv/SummFullName.srv -> /home/yuichi-katagiri/Subjects/Robotics/ex01/install/service_full_name/share/service_full_name/srv
running install_egg_info
Copying ../../build/service_full_name/service_full_name.egg-info to /home/yuichi-katagiri/Subjects/Robotics/ex01/install/service_full_name/lib/python3.10/site-packages/service_full_name-0.0.0-py3.10.egg-info
running install_scripts
Installing client_file script to /home/yuichi-katagiri/Subjects/Robotics/ex01/install/service_full_name/lib/service_full_name
Installing text_lolka = service_full_name.text_lolka:mainservice_name script to /home/yuichi-katagiri/Subjects/Robotics/ex01/install/service_full_name/lib/service_full_name
writing list of installed files to '/home/yuichi-katagiri/Subjects/Robotics/ex01/build/service_full_name/install.log'
