[1.077s] Invoking command in '/home/yuichi-katagiri/Subjects/Robotics/ex01/src/service_full_name': PYTHONPATH=/home/yuichi-katagiri/Subjects/Robotics/ex01/build/service_full_name/prefix_override:/usr/lib/python3/dist-packages/colcon_core/task/python/colcon_distutils_commands:/home/yuichi-katagiri/Subjects/Robotics/ex01/install/service_full_name/lib/python3.10/site-packages:${PYTHONPATH} /usr/bin/python3 -W ignore:setup.py install is deprecated setup.py egg_info --egg-base ../../build/service_full_name build --build-base /home/yuichi-katagiri/Subjects/Robotics/ex01/build/service_full_name/build install --record /home/yuichi-katagiri/Subjects/Robotics/ex01/build/service_full_name/install.log --single-version-externally-managed install_data
[1.305s] running egg_info
[1.306s] creating ../../build/service_full_name/service_full_name.egg-info
[1.307s] writing ../../build/service_full_name/service_full_name.egg-info/PKG-INFO
[1.307s] writing dependency_links to ../../build/service_full_name/service_full_name.egg-info/dependency_links.txt
[1.307s] writing entry points to ../../build/service_full_name/service_full_name.egg-info/entry_points.txt
[1.307s] writing requirements to ../../build/service_full_name/service_full_name.egg-info/requires.txt
[1.307s] writing top-level names to ../../build/service_full_name/service_full_name.egg-info/top_level.txt
[1.307s] writing manifest file '../../build/service_full_name/service_full_name.egg-info/SOURCES.txt'
[1.309s] reading manifest file '../../build/service_full_name/service_full_name.egg-info/SOURCES.txt'
[1.309s] adding license file 'LICENSE'
[1.310s] writing manifest file '../../build/service_full_name/service_full_name.egg-info/SOURCES.txt'
[1.310s] running build
[1.310s] running build_py
[1.310s] creating /home/yuichi-katagiri/Subjects/Robotics/ex01/build/service_full_name/build
[1.310s] creating /home/yuichi-katagiri/Subjects/Robotics/ex01/build/service_full_name/build/lib
[1.310s] creating /home/yuichi-katagiri/Subjects/Robotics/ex01/build/service_full_name/build/lib/service_full_name
[1.311s] copying service_full_name/client_file.py -> /home/yuichi-katagiri/Subjects/Robotics/ex01/build/service_full_name/build/lib/service_full_name
[1.311s] copying service_full_name/service_file.py -> /home/yuichi-katagiri/Subjects/Robotics/ex01/build/service_full_name/build/lib/service_full_name
[1.311s] copying service_full_name/__init__.py -> /home/yuichi-katagiri/Subjects/Robotics/ex01/build/service_full_name/build/lib/service_full_name
[1.311s] copying service_full_name/text_lolka.py -> /home/yuichi-katagiri/Subjects/Robotics/ex01/build/service_full_name/build/lib/service_full_name
[1.311s] running install
[1.312s] running install_lib
[1.312s] creating /home/yuichi-katagiri/Subjects/Robotics/ex01/install/service_full_name/lib/python3.10/site-packages/service_full_name
[1.312s] copying /home/yuichi-katagiri/Subjects/Robotics/ex01/build/service_full_name/build/lib/service_full_name/client_file.py -> /home/yuichi-katagiri/Subjects/Robotics/ex01/install/service_full_name/lib/python3.10/site-packages/service_full_name
[1.312s] copying /home/yuichi-katagiri/Subjects/Robotics/ex01/build/service_full_name/build/lib/service_full_name/service_file.py -> /home/yuichi-katagiri/Subjects/Robotics/ex01/install/service_full_name/lib/python3.10/site-packages/service_full_name
[1.313s] copying /home/yuichi-katagiri/Subjects/Robotics/ex01/build/service_full_name/build/lib/service_full_name/__init__.py -> /home/yuichi-katagiri/Subjects/Robotics/ex01/install/service_full_name/lib/python3.10/site-packages/service_full_name
[1.313s] copying /home/yuichi-katagiri/Subjects/Robotics/ex01/build/service_full_name/build/lib/service_full_name/text_lolka.py -> /home/yuichi-katagiri/Subjects/Robotics/ex01/install/service_full_name/lib/python3.10/site-packages/service_full_name
[1.313s] byte-compiling /home/yuichi-katagiri/Subjects/Robotics/ex01/install/service_full_name/lib/python3.10/site-packages/service_full_name/client_file.py to client_file.cpython-310.pyc
[1.313s] byte-compiling /home/yuichi-katagiri/Subjects/Robotics/ex01/install/service_full_name/lib/python3.10/site-packages/service_full_name/service_file.py to service_file.cpython-310.pyc
[1.314s] byte-compiling /home/yuichi-katagiri/Subjects/Robotics/ex01/install/service_full_name/lib/python3.10/site-packages/service_full_name/__init__.py to __init__.cpython-310.pyc
[1.314s] byte-compiling /home/yuichi-katagiri/Subjects/Robotics/ex01/install/service_full_name/lib/python3.10/site-packages/service_full_name/text_lolka.py to text_lolka.cpython-310.pyc
[1.314s] running install_data
[1.314s] creating /home/yuichi-katagiri/Subjects/Robotics/ex01/install/service_full_name/share/ament_index
[1.314s] creating /home/yuichi-katagiri/Subjects/Robotics/ex01/install/service_full_name/share/ament_index/resource_index
[1.314s] creating /home/yuichi-katagiri/Subjects/Robotics/ex01/install/service_full_name/share/ament_index/resource_index/packages
[1.314s] copying resource/service_full_name -> /home/yuichi-katagiri/Subjects/Robotics/ex01/install/service_full_name/share/ament_index/resource_index/packages
[1.314s] copying package.xml -> /home/yuichi-katagiri/Subjects/Robotics/ex01/install/service_full_name/share/service_full_name
[1.314s] creating /home/yuichi-katagiri/Subjects/Robotics/ex01/install/service_full_name/share/service_full_name/srv
[1.315s] copying srv/SummFullName.srv -> /home/yuichi-katagiri/Subjects/Robotics/ex01/install/service_full_name/share/service_full_name/srv
[1.315s] running install_egg_info
[1.316s] Copying ../../build/service_full_name/service_full_name.egg-info to /home/yuichi-katagiri/Subjects/Robotics/ex01/install/service_full_name/lib/python3.10/site-packages/service_full_name-0.0.0-py3.10.egg-info
[1.317s] running install_scripts
[1.340s] Installing client_file script to /home/yuichi-katagiri/Subjects/Robotics/ex01/install/service_full_name/lib/service_full_name
[1.340s] Installing text_lolka = service_full_name.text_lolka:mainservice_name script to /home/yuichi-katagiri/Subjects/Robotics/ex01/install/service_full_name/lib/service_full_name
[1.340s] writing list of installed files to '/home/yuichi-katagiri/Subjects/Robotics/ex01/build/service_full_name/install.log'
[1.392s] Invoked command in '/home/yuichi-katagiri/Subjects/Robotics/ex01/src/service_full_name' returned '0': PYTHONPATH=/home/yuichi-katagiri/Subjects/Robotics/ex01/build/service_full_name/prefix_override:/usr/lib/python3/dist-packages/colcon_core/task/python/colcon_distutils_commands:/home/yuichi-katagiri/Subjects/Robotics/ex01/install/service_full_name/lib/python3.10/site-packages:${PYTHONPATH} /usr/bin/python3 -W ignore:setup.py install is deprecated setup.py egg_info --egg-base ../../build/service_full_name build --build-base /home/yuichi-katagiri/Subjects/Robotics/ex01/build/service_full_name/build install --record /home/yuichi-katagiri/Subjects/Robotics/ex01/build/service_full_name/install.log --single-version-externally-managed install_data
