[  3%] Built target example_interfaces__cpp
[ 12%] Built target example_interfaces__rosidl_generator_c
[ 12%] Built target ament_cmake_python_copy_example_interfaces
[ 41%] Built target example_interfaces__rosidl_typesupport_cpp
[ 41%] Built target example_interfaces__rosidl_typesupport_fastrtps_cpp
[ 41%] Built target example_interfaces__rosidl_typesupport_introspection_cpp
[ 70%] Built target example_interfaces__rosidl_typesupport_c
[ 70%] Built target example_interfaces__rosidl_typesupport_fastrtps_c
[ 70%] Built target example_interfaces__rosidl_typesupport_introspection_c
[ 70%] Built target example_interfaces
[ 74%] Built target example_interfaces__py
[ 80%] Built target example_interfaces__rosidl_generator_py
[100%] Built target example_interfaces__rosidl_typesupport_c__pyext
[100%] Built target example_interfaces__rosidl_typesupport_fastrtps_c__pyext
[100%] Built target example_interfaces__rosidl_typesupport_introspection_c__pyext
running egg_info
writing example_interfaces.egg-info/PKG-INFO
writing dependency_links to example_interfaces.egg-info/dependency_links.txt
writing top-level names to example_interfaces.egg-info/top_level.txt
reading manifest file 'example_interfaces.egg-info/SOURCES.txt'
writing manifest file 'example_interfaces.egg-info/SOURCES.txt'
[100%] Built target ament_cmake_python_build_example_interfaces_egg
-- Install configuration: ""
-- Up-to-date: /home/yuichi-katagiri/Subjects/Robotics/ex02/install/example_interfaces/share/ament_index/resource_index/rosidl_interfaces/example_interfaces
-- Up-to-date: /home/yuichi-katagiri/Subjects/Robotics/ex02/install/example_interfaces/include/example_interfaces/example_interfaces
-- Up-to-date: /home/yuichi-katagiri/Subjects/Robotics/ex02/install/example_interfaces/include/example_interfaces/example_interfaces/action
-- Up-to-date: /home/yuichi-katagiri/Subjects/Robotics/ex02/install/example_interfaces/include/example_interfaces/example_interfaces/action/detail
-- Up-to-date: /home/yuichi-katagiri/Subjects/Robotics/ex02/install/example_interfaces/include/example_interfaces/example_interfaces/action/detail/message_turtle_commands__type_support.h
-- Up-to-date: /home/yuichi-katagiri/Subjects/Robotics/ex02/install/example_interfaces/include/example_interfaces/example_interfaces/action/detail/message_turtle_commands__functions.c
-- Up-to-date: /home/yuichi-katagiri/Subjects/Robotics/ex02/install/example_interfaces/include/example_interfaces/example_interfaces/action/detail/message_turtle_commands__functions.h
-- Up-to-date: /home/yuichi-katagiri/Subjects/Robotics/ex02/install/example_interfaces/include/example_interfaces/example_interfaces/action/detail/message_turtle_commands__struct.h
-- Up-to-date: /home/yuichi-katagiri/Subjects/Robotics/ex02/install/example_interfaces/include/example_interfaces/example_interfaces/action/message_turtle_commands.h
-- Up-to-date: /home/yuichi-katagiri/Subjects/Robotics/ex02/install/example_interfaces/include/example_interfaces/example_interfaces/msg
-- Up-to-date: /home/yuichi-katagiri/Subjects/Robotics/ex02/install/example_interfaces/include/example_interfaces/example_interfaces/msg/rosidl_generator_c__visibility_control.h
-- Up-to-date: /home/yuichi-katagiri/Subjects/Robotics/ex02/install/example_interfaces/share/example_interfaces/environment/library_path.sh
-- Up-to-date: /home/yuichi-katagiri/Subjects/Robotics/ex02/install/example_interfaces/share/example_interfaces/environment/library_path.dsv
-- Up-to-date: /home/yuichi-katagiri/Subjects/Robotics/ex02/install/example_interfaces/lib/libexample_interfaces__rosidl_generator_c.so
-- Up-to-date: /home/yuichi-katagiri/Subjects/Robotics/ex02/install/example_interfaces/include/example_interfaces/example_interfaces
-- Up-to-date: /home/yuichi-katagiri/Subjects/Robotics/ex02/install/example_interfaces/include/example_interfaces/example_interfaces/action
-- Up-to-date: /home/yuichi-katagiri/Subjects/Robotics/ex02/install/example_interfaces/include/example_interfaces/example_interfaces/action/detail
-- Up-to-date: /home/yuichi-katagiri/Subjects/Robotics/ex02/install/example_interfaces/include/example_interfaces/example_interfaces/action/detail/message_turtle_commands__rosidl_typesupport_fastrtps_c.h
-- Up-to-date: /home/yuichi-katagiri/Subjects/Robotics/ex02/install/example_interfaces/include/example_interfaces/example_interfaces/msg
-- Up-to-date: /home/yuichi-katagiri/Subjects/Robotics/ex02/install/example_interfaces/include/example_interfaces/example_interfaces/msg/rosidl_typesupport_fastrtps_c__visibility_control.h
-- Up-to-date: /home/yuichi-katagiri/Subjects/Robotics/ex02/install/example_interfaces/lib/libexample_interfaces__rosidl_typesupport_fastrtps_c.so
-- Up-to-date: /home/yuichi-katagiri/Subjects/Robotics/ex02/install/example_interfaces/include/example_interfaces/example_interfaces
-- Up-to-date: /home/yuichi-katagiri/Subjects/Robotics/ex02/install/example_interfaces/include/example_interfaces/example_interfaces/action
-- Up-to-date: /home/yuichi-katagiri/Subjects/Robotics/ex02/install/example_interfaces/include/example_interfaces/example_interfaces/action/detail
-- Up-to-date: /home/yuichi-katagiri/Subjects/Robotics/ex02/install/example_interfaces/include/example_interfaces/example_interfaces/action/detail/message_turtle_commands__type_support.c
-- Up-to-date: /home/yuichi-katagiri/Subjects/Robotics/ex02/install/example_interfaces/include/example_interfaces/example_interfaces/action/detail/message_turtle_commands__rosidl_typesupport_introspection_c.h
-- Up-to-date: /home/yuichi-katagiri/Subjects/Robotics/ex02/install/example_interfaces/include/example_interfaces/example_interfaces/msg
-- Up-to-date: /home/yuichi-katagiri/Subjects/Robotics/ex02/install/example_interfaces/include/example_interfaces/example_interfaces/msg/rosidl_typesupport_introspection_c__visibility_control.h
-- Up-to-date: /home/yuichi-katagiri/Subjects/Robotics/ex02/install/example_interfaces/lib/libexample_interfaces__rosidl_typesupport_introspection_c.so
-- Up-to-date: /home/yuichi-katagiri/Subjects/Robotics/ex02/install/example_interfaces/lib/libexample_interfaces__rosidl_typesupport_c.so
-- Up-to-date: /home/yuichi-katagiri/Subjects/Robotics/ex02/install/example_interfaces/include/example_interfaces/example_interfaces
-- Up-to-date: /home/yuichi-katagiri/Subjects/Robotics/ex02/install/example_interfaces/include/example_interfaces/example_interfaces/action
-- Up-to-date: /home/yuichi-katagiri/Subjects/Robotics/ex02/install/example_interfaces/include/example_interfaces/example_interfaces/action/detail
-- Up-to-date: /home/yuichi-katagiri/Subjects/Robotics/ex02/install/example_interfaces/include/example_interfaces/example_interfaces/action/detail/message_turtle_commands__struct.hpp
-- Up-to-date: /home/yuichi-katagiri/Subjects/Robotics/ex02/install/example_interfaces/include/example_interfaces/example_interfaces/action/detail/message_turtle_commands__traits.hpp
-- Up-to-date: /home/yuichi-katagiri/Subjects/Robotics/ex02/install/example_interfaces/include/example_interfaces/example_interfaces/action/detail/message_turtle_commands__builder.hpp
-- Up-to-date: /home/yuichi-katagiri/Subjects/Robotics/ex02/install/example_interfaces/include/example_interfaces/example_interfaces/action/message_turtle_commands.hpp
-- Up-to-date: /home/yuichi-katagiri/Subjects/Robotics/ex02/install/example_interfaces/include/example_interfaces/example_interfaces
-- Up-to-date: /home/yuichi-katagiri/Subjects/Robotics/ex02/install/example_interfaces/include/example_interfaces/example_interfaces/action
-- Up-to-date: /home/yuichi-katagiri/Subjects/Robotics/ex02/install/example_interfaces/include/example_interfaces/example_interfaces/action/detail
-- Up-to-date: /home/yuichi-katagiri/Subjects/Robotics/ex02/install/example_interfaces/include/example_interfaces/example_interfaces/action/detail/message_turtle_commands__rosidl_typesupport_fastrtps_cpp.hpp
-- Up-to-date: /home/yuichi-katagiri/Subjects/Robotics/ex02/install/example_interfaces/include/example_interfaces/example_interfaces/action/detail/dds_fastrtps
-- Up-to-date: /home/yuichi-katagiri/Subjects/Robotics/ex02/install/example_interfaces/include/example_interfaces/example_interfaces/msg
-- Up-to-date: /home/yuichi-katagiri/Subjects/Robotics/ex02/install/example_interfaces/include/example_interfaces/example_interfaces/msg/rosidl_typesupport_fastrtps_cpp__visibility_control.h
-- Up-to-date: /home/yuichi-katagiri/Subjects/Robotics/ex02/install/example_interfaces/lib/libexample_interfaces__rosidl_typesupport_fastrtps_cpp.so
-- Up-to-date: /home/yuichi-katagiri/Subjects/Robotics/ex02/install/example_interfaces/include/example_interfaces/example_interfaces
-- Up-to-date: /home/yuichi-katagiri/Subjects/Robotics/ex02/install/example_interfaces/include/example_interfaces/example_interfaces/action
-- Up-to-date: /home/yuichi-katagiri/Subjects/Robotics/ex02/install/example_interfaces/include/example_interfaces/example_interfaces/action/detail
-- Up-to-date: /home/yuichi-katagiri/Subjects/Robotics/ex02/install/example_interfaces/include/example_interfaces/example_interfaces/action/detail/message_turtle_commands__type_support.cpp
-- Up-to-date: /home/yuichi-katagiri/Subjects/Robotics/ex02/install/example_interfaces/include/example_interfaces/example_interfaces/action/detail/message_turtle_commands__rosidl_typesupport_introspection_cpp.hpp
-- Up-to-date: /home/yuichi-katagiri/Subjects/Robotics/ex02/install/example_interfaces/lib/libexample_interfaces__rosidl_typesupport_introspection_cpp.so
-- Up-to-date: /home/yuichi-katagiri/Subjects/Robotics/ex02/install/example_interfaces/lib/libexample_interfaces__rosidl_typesupport_cpp.so
-- Up-to-date: /home/yuichi-katagiri/Subjects/Robotics/ex02/install/example_interfaces/share/example_interfaces/environment/pythonpath.sh
-- Up-to-date: /home/yuichi-katagiri/Subjects/Robotics/ex02/install/example_interfaces/share/example_interfaces/environment/pythonpath.dsv
-- Up-to-date: /home/yuichi-katagiri/Subjects/Robotics/ex02/install/example_interfaces/local/lib/python3.10/dist-packages/example_interfaces-0.13.0-py3.10.egg-info
-- Installing: /home/yuichi-katagiri/Subjects/Robotics/ex02/install/example_interfaces/local/lib/python3.10/dist-packages/example_interfaces-0.13.0-py3.10.egg-info/PKG-INFO
-- Installing: /home/yuichi-katagiri/Subjects/Robotics/ex02/install/example_interfaces/local/lib/python3.10/dist-packages/example_interfaces-0.13.0-py3.10.egg-info/SOURCES.txt
-- Installing: /home/yuichi-katagiri/Subjects/Robotics/ex02/install/example_interfaces/local/lib/python3.10/dist-packages/example_interfaces-0.13.0-py3.10.egg-info/dependency_links.txt
-- Installing: /home/yuichi-katagiri/Subjects/Robotics/ex02/install/example_interfaces/local/lib/python3.10/dist-packages/example_interfaces-0.13.0-py3.10.egg-info/top_level.txt
-- Up-to-date: /home/yuichi-katagiri/Subjects/Robotics/ex02/install/example_interfaces/local/lib/python3.10/dist-packages/example_interfaces
-- Up-to-date: /home/yuichi-katagiri/Subjects/Robotics/ex02/install/example_interfaces/local/lib/python3.10/dist-packages/example_interfaces/action
-- Up-to-date: /home/yuichi-katagiri/Subjects/Robotics/ex02/install/example_interfaces/local/lib/python3.10/dist-packages/example_interfaces/action/_message_turtle_commands_s.c
-- Up-to-date: /home/yuichi-katagiri/Subjects/Robotics/ex02/install/example_interfaces/local/lib/python3.10/dist-packages/example_interfaces/action/__init__.py
-- Up-to-date: /home/yuichi-katagiri/Subjects/Robotics/ex02/install/example_interfaces/local/lib/python3.10/dist-packages/example_interfaces/action/_message_turtle_commands.py
-- Up-to-date: /home/yuichi-katagiri/Subjects/Robotics/ex02/install/example_interfaces/local/lib/python3.10/dist-packages/example_interfaces/example_interfaces_s__rosidl_typesupport_fastrtps_c.cpython-310-x86_64-linux-gnu.so
-- Up-to-date: /home/yuichi-katagiri/Subjects/Robotics/ex02/install/example_interfaces/local/lib/python3.10/dist-packages/example_interfaces/_example_interfaces_s.ep.rosidl_typesupport_c.c
-- Up-to-date: /home/yuichi-katagiri/Subjects/Robotics/ex02/install/example_interfaces/local/lib/python3.10/dist-packages/example_interfaces/example_interfaces_s__rosidl_typesupport_c.cpython-310-x86_64-linux-gnu.so
-- Up-to-date: /home/yuichi-katagiri/Subjects/Robotics/ex02/install/example_interfaces/local/lib/python3.10/dist-packages/example_interfaces/_example_interfaces_s.ep.rosidl_typesupport_introspection_c.c
-- Up-to-date: /home/yuichi-katagiri/Subjects/Robotics/ex02/install/example_interfaces/local/lib/python3.10/dist-packages/example_interfaces/_example_interfaces_s.ep.rosidl_typesupport_fastrtps_c.c
-- Up-to-date: /home/yuichi-katagiri/Subjects/Robotics/ex02/install/example_interfaces/local/lib/python3.10/dist-packages/example_interfaces/libexample_interfaces__rosidl_generator_py.so
-- Up-to-date: /home/yuichi-katagiri/Subjects/Robotics/ex02/install/example_interfaces/local/lib/python3.10/dist-packages/example_interfaces/example_interfaces_s__rosidl_typesupport_introspection_c.cpython-310-x86_64-linux-gnu.so
-- Up-to-date: /home/yuichi-katagiri/Subjects/Robotics/ex02/install/example_interfaces/local/lib/python3.10/dist-packages/example_interfaces/__init__.py
Listing '/home/yuichi-katagiri/Subjects/Robotics/ex02/install/example_interfaces/local/lib/python3.10/dist-packages/example_interfaces'...
Listing '/home/yuichi-katagiri/Subjects/Robotics/ex02/install/example_interfaces/local/lib/python3.10/dist-packages/example_interfaces/action'...
-- Up-to-date: /home/yuichi-katagiri/Subjects/Robotics/ex02/install/example_interfaces/local/lib/python3.10/dist-packages/example_interfaces/example_interfaces_s__rosidl_typesupport_fastrtps_c.cpython-310-x86_64-linux-gnu.so
-- Up-to-date: /home/yuichi-katagiri/Subjects/Robotics/ex02/install/example_interfaces/local/lib/python3.10/dist-packages/example_interfaces/example_interfaces_s__rosidl_typesupport_introspection_c.cpython-310-x86_64-linux-gnu.so
-- Up-to-date: /home/yuichi-katagiri/Subjects/Robotics/ex02/install/example_interfaces/local/lib/python3.10/dist-packages/example_interfaces/example_interfaces_s__rosidl_typesupport_c.cpython-310-x86_64-linux-gnu.so
-- Up-to-date: /home/yuichi-katagiri/Subjects/Robotics/ex02/install/example_interfaces/lib/libexample_interfaces__rosidl_generator_py.so
-- Up-to-date: /home/yuichi-katagiri/Subjects/Robotics/ex02/install/example_interfaces/share/example_interfaces/action/MessageTurtleCommands.idl
-- Up-to-date: /home/yuichi-katagiri/Subjects/Robotics/ex02/install/example_interfaces/share/example_interfaces/action/MessageTurtleCommands.action
-- Up-to-date: /home/yuichi-katagiri/Subjects/Robotics/ex02/install/example_interfaces/share/example_interfaces/mapping_rules.yaml
-- Up-to-date: /home/yuichi-katagiri/Subjects/Robotics/ex02/install/example_interfaces/share/ament_index/resource_index/package_run_dependencies/example_interfaces
-- Up-to-date: /home/yuichi-katagiri/Subjects/Robotics/ex02/install/example_interfaces/share/ament_index/resource_index/parent_prefix_path/example_interfaces
-- Up-to-date: /home/yuichi-katagiri/Subjects/Robotics/ex02/install/example_interfaces/share/example_interfaces/environment/ament_prefix_path.sh
-- Up-to-date: /home/yuichi-katagiri/Subjects/Robotics/ex02/install/example_interfaces/share/example_interfaces/environment/ament_prefix_path.dsv
-- Up-to-date: /home/yuichi-katagiri/Subjects/Robotics/ex02/install/example_interfaces/share/example_interfaces/environment/path.sh
-- Up-to-date: /home/yuichi-katagiri/Subjects/Robotics/ex02/install/example_interfaces/share/example_interfaces/environment/path.dsv
-- Up-to-date: /home/yuichi-katagiri/Subjects/Robotics/ex02/install/example_interfaces/share/example_interfaces/local_setup.bash
-- Up-to-date: /home/yuichi-katagiri/Subjects/Robotics/ex02/install/example_interfaces/share/example_interfaces/local_setup.sh
-- Up-to-date: /home/yuichi-katagiri/Subjects/Robotics/ex02/install/example_interfaces/share/example_interfaces/local_setup.zsh
-- Up-to-date: /home/yuichi-katagiri/Subjects/Robotics/ex02/install/example_interfaces/share/example_interfaces/local_setup.dsv
-- Installing: /home/yuichi-katagiri/Subjects/Robotics/ex02/install/example_interfaces/share/example_interfaces/package.dsv
-- Up-to-date: /home/yuichi-katagiri/Subjects/Robotics/ex02/install/example_interfaces/share/ament_index/resource_index/packages/example_interfaces
-- Up-to-date: /home/yuichi-katagiri/Subjects/Robotics/ex02/install/example_interfaces/share/example_interfaces/cmake/export_example_interfaces__rosidl_generator_cExport.cmake
-- Up-to-date: /home/yuichi-katagiri/Subjects/Robotics/ex02/install/example_interfaces/share/example_interfaces/cmake/export_example_interfaces__rosidl_generator_cExport-noconfig.cmake
-- Up-to-date: /home/yuichi-katagiri/Subjects/Robotics/ex02/install/example_interfaces/share/example_interfaces/cmake/export_example_interfaces__rosidl_typesupport_fastrtps_cExport.cmake
-- Up-to-date: /home/yuichi-katagiri/Subjects/Robotics/ex02/install/example_interfaces/share/example_interfaces/cmake/export_example_interfaces__rosidl_typesupport_fastrtps_cExport-noconfig.cmake
-- Up-to-date: /home/yuichi-katagiri/Subjects/Robotics/ex02/install/example_interfaces/share/example_interfaces/cmake/example_interfaces__rosidl_typesupport_introspection_cExport.cmake
-- Up-to-date: /home/yuichi-katagiri/Subjects/Robotics/ex02/install/example_interfaces/share/example_interfaces/cmake/example_interfaces__rosidl_typesupport_introspection_cExport-noconfig.cmake
-- Up-to-date: /home/yuichi-katagiri/Subjects/Robotics/ex02/install/example_interfaces/share/example_interfaces/cmake/example_interfaces__rosidl_typesupport_cExport.cmake
-- Up-to-date: /home/yuichi-katagiri/Subjects/Robotics/ex02/install/example_interfaces/share/example_interfaces/cmake/example_interfaces__rosidl_typesupport_cExport-noconfig.cmake
-- Up-to-date: /home/yuichi-katagiri/Subjects/Robotics/ex02/install/example_interfaces/share/example_interfaces/cmake/export_example_interfaces__rosidl_generator_cppExport.cmake
-- Up-to-date: /home/yuichi-katagiri/Subjects/Robotics/ex02/install/example_interfaces/share/example_interfaces/cmake/export_example_interfaces__rosidl_typesupport_fastrtps_cppExport.cmake
-- Up-to-date: /home/yuichi-katagiri/Subjects/Robotics/ex02/install/example_interfaces/share/example_interfaces/cmake/export_example_interfaces__rosidl_typesupport_fastrtps_cppExport-noconfig.cmake
-- Up-to-date: /home/yuichi-katagiri/Subjects/Robotics/ex02/install/example_interfaces/share/example_interfaces/cmake/example_interfaces__rosidl_typesupport_introspection_cppExport.cmake
-- Up-to-date: /home/yuichi-katagiri/Subjects/Robotics/ex02/install/example_interfaces/share/example_interfaces/cmake/example_interfaces__rosidl_typesupport_introspection_cppExport-noconfig.cmake
-- Up-to-date: /home/yuichi-katagiri/Subjects/Robotics/ex02/install/example_interfaces/share/example_interfaces/cmake/example_interfaces__rosidl_typesupport_cppExport.cmake
-- Up-to-date: /home/yuichi-katagiri/Subjects/Robotics/ex02/install/example_interfaces/share/example_interfaces/cmake/example_interfaces__rosidl_typesupport_cppExport-noconfig.cmake
-- Up-to-date: /home/yuichi-katagiri/Subjects/Robotics/ex02/install/example_interfaces/share/example_interfaces/cmake/export_example_interfaces__rosidl_generator_pyExport.cmake
-- Up-to-date: /home/yuichi-katagiri/Subjects/Robotics/ex02/install/example_interfaces/share/example_interfaces/cmake/export_example_interfaces__rosidl_generator_pyExport-noconfig.cmake
-- Up-to-date: /home/yuichi-katagiri/Subjects/Robotics/ex02/install/example_interfaces/share/example_interfaces/cmake/rosidl_cmake-extras.cmake
-- Up-to-date: /home/yuichi-katagiri/Subjects/Robotics/ex02/install/example_interfaces/share/example_interfaces/cmake/ament_cmake_export_dependencies-extras.cmake
-- Up-to-date: /home/yuichi-katagiri/Subjects/Robotics/ex02/install/example_interfaces/share/example_interfaces/cmake/ament_cmake_export_include_directories-extras.cmake
-- Up-to-date: /home/yuichi-katagiri/Subjects/Robotics/ex02/install/example_interfaces/share/example_interfaces/cmake/ament_cmake_export_libraries-extras.cmake
-- Up-to-date: /home/yuichi-katagiri/Subjects/Robotics/ex02/install/example_interfaces/share/example_interfaces/cmake/ament_cmake_export_targets-extras.cmake
-- Up-to-date: /home/yuichi-katagiri/Subjects/Robotics/ex02/install/example_interfaces/share/example_interfaces/cmake/rosidl_cmake_export_typesupport_targets-extras.cmake
-- Up-to-date: /home/yuichi-katagiri/Subjects/Robotics/ex02/install/example_interfaces/share/example_interfaces/cmake/rosidl_cmake_export_typesupport_libraries-extras.cmake
-- Up-to-date: /home/yuichi-katagiri/Subjects/Robotics/ex02/install/example_interfaces/share/example_interfaces/cmake/example_interfacesConfig.cmake
-- Up-to-date: /home/yuichi-katagiri/Subjects/Robotics/ex02/install/example_interfaces/share/example_interfaces/cmake/example_interfacesConfig-version.cmake
-- Up-to-date: /home/yuichi-katagiri/Subjects/Robotics/ex02/install/example_interfaces/share/example_interfaces/package.xml
