[0.541s] Invoking command in '/home/yuichi-katagiri/Subjects/Robotics/ex03/src/kokorogi': PYTHONPATH=/home/yuichi-katagiri/Subjects/Robotics/ex03/build/kokorogi/prefix_override:/usr/lib/python3/dist-packages/colcon_core/task/python/colcon_distutils_commands:/home/yuichi-katagiri/Subjects/Robotics/ex03/install/kokorogi/lib/python3.10/site-packages:${PYTHONPATH} /usr/bin/python3 -W ignore:setup.py install is deprecated setup.py egg_info --egg-base ../../build/kokorogi build --build-base /home/yuichi-katagiri/Subjects/Robotics/ex03/build/kokorogi/build install --record /home/yuichi-katagiri/Subjects/Robotics/ex03/build/kokorogi/install.log --single-version-externally-managed install_data
[0.761s] running egg_info
[0.761s] creating ../../build/kokorogi/kokorogi.egg-info
[0.761s] writing ../../build/kokorogi/kokorogi.egg-info/PKG-INFO
[0.762s] writing dependency_links to ../../build/kokorogi/kokorogi.egg-info/dependency_links.txt
[0.762s] writing entry points to ../../build/kokorogi/kokorogi.egg-info/entry_points.txt
[0.762s] writing requirements to ../../build/kokorogi/kokorogi.egg-info/requires.txt
[0.762s] writing top-level names to ../../build/kokorogi/kokorogi.egg-info/top_level.txt
[0.762s] writing manifest file '../../build/kokorogi/kokorogi.egg-info/SOURCES.txt'
[0.763s] reading manifest file '../../build/kokorogi/kokorogi.egg-info/SOURCES.txt'
[0.763s] adding license file 'LICENSE'
[0.764s] writing manifest file '../../build/kokorogi/kokorogi.egg-info/SOURCES.txt'
[0.764s] running build
[0.764s] running build_py
[0.764s] creating /home/yuichi-katagiri/Subjects/Robotics/ex03/build/kokorogi/build
[0.764s] creating /home/yuichi-katagiri/Subjects/Robotics/ex03/build/kokorogi/build/lib
[0.765s] creating /home/yuichi-katagiri/Subjects/Robotics/ex03/build/kokorogi/build/lib/kokorogi
[0.765s] copying kokorogi/__init__.py -> /home/yuichi-katagiri/Subjects/Robotics/ex03/build/kokorogi/build/lib/kokorogi
[0.765s] running install
[0.765s] running install_lib
[0.765s] creating /home/yuichi-katagiri/Subjects/Robotics/ex03/install/kokorogi/lib/python3.10/site-packages/kokorogi
[0.765s] copying /home/yuichi-katagiri/Subjects/Robotics/ex03/build/kokorogi/build/lib/kokorogi/__init__.py -> /home/yuichi-katagiri/Subjects/Robotics/ex03/install/kokorogi/lib/python3.10/site-packages/kokorogi
[0.766s] byte-compiling /home/yuichi-katagiri/Subjects/Robotics/ex03/install/kokorogi/lib/python3.10/site-packages/kokorogi/__init__.py to __init__.cpython-310.pyc
[0.766s] running install_data
[0.766s] creating /home/yuichi-katagiri/Subjects/Robotics/ex03/install/kokorogi/share/ament_index
[0.766s] creating /home/yuichi-katagiri/Subjects/Robotics/ex03/install/kokorogi/share/ament_index/resource_index
[0.766s] creating /home/yuichi-katagiri/Subjects/Robotics/ex03/install/kokorogi/share/ament_index/resource_index/packages
[0.766s] copying resource/kokorogi -> /home/yuichi-katagiri/Subjects/Robotics/ex03/install/kokorogi/share/ament_index/resource_index/packages
[0.766s] copying package.xml -> /home/yuichi-katagiri/Subjects/Robotics/ex03/install/kokorogi/share/kokorogi
[0.767s] running install_egg_info
[0.768s] Copying ../../build/kokorogi/kokorogi.egg-info to /home/yuichi-katagiri/Subjects/Robotics/ex03/install/kokorogi/lib/python3.10/site-packages/kokorogi-0.0.0-py3.10.egg-info
[0.769s] running install_scripts
[0.787s] writing list of installed files to '/home/yuichi-katagiri/Subjects/Robotics/ex03/build/kokorogi/install.log'
[0.809s] Invoked command in '/home/yuichi-katagiri/Subjects/Robotics/ex03/src/kokorogi' returned '0': PYTHONPATH=/home/yuichi-katagiri/Subjects/Robotics/ex03/build/kokorogi/prefix_override:/usr/lib/python3/dist-packages/colcon_core/task/python/colcon_distutils_commands:/home/yuichi-katagiri/Subjects/Robotics/ex03/install/kokorogi/lib/python3.10/site-packages:${PYTHONPATH} /usr/bin/python3 -W ignore:setup.py install is deprecated setup.py egg_info --egg-base ../../build/kokorogi build --build-base /home/yuichi-katagiri/Subjects/Robotics/ex03/build/kokorogi/build install --record /home/yuichi-katagiri/Subjects/Robotics/ex03/build/kokorogi/install.log --single-version-externally-managed install_data
