running egg_info
creating ../../build/my_movement/my_movement.egg-info
writing ../../build/my_movement/my_movement.egg-info/PKG-INFO
writing dependency_links to ../../build/my_movement/my_movement.egg-info/dependency_links.txt
writing entry points to ../../build/my_movement/my_movement.egg-info/entry_points.txt
writing requirements to ../../build/my_movement/my_movement.egg-info/requires.txt
writing top-level names to ../../build/my_movement/my_movement.egg-info/top_level.txt
writing manifest file '../../build/my_movement/my_movement.egg-info/SOURCES.txt'
reading manifest file '../../build/my_movement/my_movement.egg-info/SOURCES.txt'
writing manifest file '../../build/my_movement/my_movement.egg-info/SOURCES.txt'
running build
running build_py
creating /home/yuichi-katagiri/Subjects/Robotics/module_5/ex05/build/my_movement/build
creating /home/yuichi-katagiri/Subjects/Robotics/module_5/ex05/build/my_movement/build/lib
creating /home/yuichi-katagiri/Subjects/Robotics/module_5/ex05/build/my_movement/build/lib/my_movement
copying my_movement/circle_movement.py -> /home/yuichi-katagiri/Subjects/Robotics/module_5/ex05/build/my_movement/build/lib/my_movement
copying my_movement/star_movement.py -> /home/yuichi-katagiri/Subjects/Robotics/module_5/ex05/build/my_movement/build/lib/my_movement
copying my_movement/__init__.py -> /home/yuichi-katagiri/Subjects/Robotics/module_5/ex05/build/my_movement/build/lib/my_movement
running install
running install_lib
creating /home/yuichi-katagiri/Subjects/Robotics/module_5/ex05/install/my_movement/lib/python3.10/site-packages/my_movement
copying /home/yuichi-katagiri/Subjects/Robotics/module_5/ex05/build/my_movement/build/lib/my_movement/circle_movement.py -> /home/yuichi-katagiri/Subjects/Robotics/module_5/ex05/install/my_movement/lib/python3.10/site-packages/my_movement
copying /home/yuichi-katagiri/Subjects/Robotics/module_5/ex05/build/my_movement/build/lib/my_movement/star_movement.py -> /home/yuichi-katagiri/Subjects/Robotics/module_5/ex05/install/my_movement/lib/python3.10/site-packages/my_movement
copying /home/yuichi-katagiri/Subjects/Robotics/module_5/ex05/build/my_movement/build/lib/my_movement/__init__.py -> /home/yuichi-katagiri/Subjects/Robotics/module_5/ex05/install/my_movement/lib/python3.10/site-packages/my_movement
byte-compiling /home/yuichi-katagiri/Subjects/Robotics/module_5/ex05/install/my_movement/lib/python3.10/site-packages/my_movement/circle_movement.py to circle_movement.cpython-310.pyc
byte-compiling /home/yuichi-katagiri/Subjects/Robotics/module_5/ex05/install/my_movement/lib/python3.10/site-packages/my_movement/star_movement.py to star_movement.cpython-310.pyc
byte-compiling /home/yuichi-katagiri/Subjects/Robotics/module_5/ex05/install/my_movement/lib/python3.10/site-packages/my_movement/__init__.py to __init__.cpython-310.pyc
running install_data
creating /home/yuichi-katagiri/Subjects/Robotics/module_5/ex05/install/my_movement/share/ament_index
creating /home/yuichi-katagiri/Subjects/Robotics/module_5/ex05/install/my_movement/share/ament_index/resource_index
creating /home/yuichi-katagiri/Subjects/Robotics/module_5/ex05/install/my_movement/share/ament_index/resource_index/packages
copying resource/my_movement -> /home/yuichi-katagiri/Subjects/Robotics/module_5/ex05/install/my_movement/share/ament_index/resource_index/packages
copying package.xml -> /home/yuichi-katagiri/Subjects/Robotics/module_5/ex05/install/my_movement/share/my_movement
running install_egg_info
Copying ../../build/my_movement/my_movement.egg-info to /home/yuichi-katagiri/Subjects/Robotics/module_5/ex05/install/my_movement/lib/python3.10/site-packages/my_movement-0.0.0-py3.10.egg-info
running install_scripts
Installing circle_movement = my_movement.circle_movement:mainstar_movement script to /home/yuichi-katagiri/Subjects/Robotics/module_5/ex05/install/my_movement/lib/my_movement
writing list of installed files to '/home/yuichi-katagiri/Subjects/Robotics/module_5/ex05/build/my_movement/install.log'
