[0.654s] Invoking command in '/home/yuichi-katagiri/Subjects/Robotics/module_5/ex05/src/my_movement': PYTHONPATH=/home/yuichi-katagiri/Subjects/Robotics/module_5/ex05/build/my_movement/prefix_override:/usr/lib/python3/dist-packages/colcon_core/task/python/colcon_distutils_commands:/home/yuichi-katagiri/Subjects/Robotics/module_5/ex05/install/my_movement/lib/python3.10/site-packages:${PYTHONPATH} /usr/bin/python3 -W ignore:setup.py install is deprecated setup.py egg_info --egg-base ../../build/my_movement build --build-base /home/yuichi-katagiri/Subjects/Robotics/module_5/ex05/build/my_movement/build install --record /home/yuichi-katagiri/Subjects/Robotics/module_5/ex05/build/my_movement/install.log --single-version-externally-managed install_data
[0.914s] running egg_info
[0.914s] creating ../../build/my_movement/my_movement.egg-info
[0.914s] writing ../../build/my_movement/my_movement.egg-info/PKG-INFO
[0.915s] writing dependency_links to ../../build/my_movement/my_movement.egg-info/dependency_links.txt
[0.915s] writing entry points to ../../build/my_movement/my_movement.egg-info/entry_points.txt
[0.915s] writing requirements to ../../build/my_movement/my_movement.egg-info/requires.txt
[0.916s] writing top-level names to ../../build/my_movement/my_movement.egg-info/top_level.txt
[0.916s] writing manifest file '../../build/my_movement/my_movement.egg-info/SOURCES.txt'
[0.918s] reading manifest file '../../build/my_movement/my_movement.egg-info/SOURCES.txt'
[0.918s] writing manifest file '../../build/my_movement/my_movement.egg-info/SOURCES.txt'
[0.919s] running build
[0.919s] running build_py
[0.919s] creating /home/yuichi-katagiri/Subjects/Robotics/module_5/ex05/build/my_movement/build
[0.919s] creating /home/yuichi-katagiri/Subjects/Robotics/module_5/ex05/build/my_movement/build/lib
[0.919s] creating /home/yuichi-katagiri/Subjects/Robotics/module_5/ex05/build/my_movement/build/lib/my_movement
[0.919s] copying my_movement/circle_movement.py -> /home/yuichi-katagiri/Subjects/Robotics/module_5/ex05/build/my_movement/build/lib/my_movement
[0.919s] copying my_movement/star_movement.py -> /home/yuichi-katagiri/Subjects/Robotics/module_5/ex05/build/my_movement/build/lib/my_movement
[0.919s] copying my_movement/__init__.py -> /home/yuichi-katagiri/Subjects/Robotics/module_5/ex05/build/my_movement/build/lib/my_movement
[0.920s] running install
[0.920s] running install_lib
[0.920s] creating /home/yuichi-katagiri/Subjects/Robotics/module_5/ex05/install/my_movement/lib/python3.10/site-packages/my_movement
[0.921s] copying /home/yuichi-katagiri/Subjects/Robotics/module_5/ex05/build/my_movement/build/lib/my_movement/circle_movement.py -> /home/yuichi-katagiri/Subjects/Robotics/module_5/ex05/install/my_movement/lib/python3.10/site-packages/my_movement
[0.921s] copying /home/yuichi-katagiri/Subjects/Robotics/module_5/ex05/build/my_movement/build/lib/my_movement/star_movement.py -> /home/yuichi-katagiri/Subjects/Robotics/module_5/ex05/install/my_movement/lib/python3.10/site-packages/my_movement
[0.921s] copying /home/yuichi-katagiri/Subjects/Robotics/module_5/ex05/build/my_movement/build/lib/my_movement/__init__.py -> /home/yuichi-katagiri/Subjects/Robotics/module_5/ex05/install/my_movement/lib/python3.10/site-packages/my_movement
[0.921s] byte-compiling /home/yuichi-katagiri/Subjects/Robotics/module_5/ex05/install/my_movement/lib/python3.10/site-packages/my_movement/circle_movement.py to circle_movement.cpython-310.pyc
[0.922s] byte-compiling /home/yuichi-katagiri/Subjects/Robotics/module_5/ex05/install/my_movement/lib/python3.10/site-packages/my_movement/star_movement.py to star_movement.cpython-310.pyc
[0.923s] byte-compiling /home/yuichi-katagiri/Subjects/Robotics/module_5/ex05/install/my_movement/lib/python3.10/site-packages/my_movement/__init__.py to __init__.cpython-310.pyc
[0.924s] running install_data
[0.924s] creating /home/yuichi-katagiri/Subjects/Robotics/module_5/ex05/install/my_movement/share/ament_index
[0.924s] creating /home/yuichi-katagiri/Subjects/Robotics/module_5/ex05/install/my_movement/share/ament_index/resource_index
[0.924s] creating /home/yuichi-katagiri/Subjects/Robotics/module_5/ex05/install/my_movement/share/ament_index/resource_index/packages
[0.924s] copying resource/my_movement -> /home/yuichi-katagiri/Subjects/Robotics/module_5/ex05/install/my_movement/share/ament_index/resource_index/packages
[0.924s] copying package.xml -> /home/yuichi-katagiri/Subjects/Robotics/module_5/ex05/install/my_movement/share/my_movement
[0.924s] running install_egg_info
[0.926s] Copying ../../build/my_movement/my_movement.egg-info to /home/yuichi-katagiri/Subjects/Robotics/module_5/ex05/install/my_movement/lib/python3.10/site-packages/my_movement-0.0.0-py3.10.egg-info
[0.928s] running install_scripts
[0.951s] Installing circle_movement = my_movement.circle_movement:mainstar_movement script to /home/yuichi-katagiri/Subjects/Robotics/module_5/ex05/install/my_movement/lib/my_movement
[0.951s] writing list of installed files to '/home/yuichi-katagiri/Subjects/Robotics/module_5/ex05/build/my_movement/install.log'
[0.990s] Invoked command in '/home/yuichi-katagiri/Subjects/Robotics/module_5/ex05/src/my_movement' returned '0': PYTHONPATH=/home/yuichi-katagiri/Subjects/Robotics/module_5/ex05/build/my_movement/prefix_override:/usr/lib/python3/dist-packages/colcon_core/task/python/colcon_distutils_commands:/home/yuichi-katagiri/Subjects/Robotics/module_5/ex05/install/my_movement/lib/python3.10/site-packages:${PYTHONPATH} /usr/bin/python3 -W ignore:setup.py install is deprecated setup.py egg_info --egg-base ../../build/my_movement build --build-base /home/yuichi-katagiri/Subjects/Robotics/module_5/ex05/build/my_movement/build install --record /home/yuichi-katagiri/Subjects/Robotics/module_5/ex05/build/my_movement/install.log --single-version-externally-managed install_data
