[0.121s] DEBUG:colcon:Command line arguments: ['/usr/bin/colcon', 'build']
[0.122s] DEBUG:colcon:Parsed command line arguments: Namespace(log_base=None, log_level=None, verb_name='build', build_base='build', install_base='install', merge_install=False, symlink_install=False, test_result_base=None, continue_on_error=False, executor='parallel', parallel_workers=8, event_handlers=None, ignore_user_meta=False, metas=['./colcon.meta'], base_paths=['.'], packages_ignore=None, packages_ignore_regex=None, paths=None, packages_up_to=None, packages_up_to_regex=None, packages_above=None, packages_above_and_dependencies=None, packages_above_depth=None, packages_select_by_dep=None, packages_skip_by_dep=None, packages_skip_up_to=None, packages_select_build_failed=False, packages_skip_build_finished=False, packages_select_test_failures=False, packages_skip_test_passed=False, packages_select=None, packages_skip=None, packages_select_regex=None, packages_skip_regex=None, packages_start=None, packages_end=None, allow_overriding=[], cmake_args=None, cmake_target=None, cmake_target_skip_unavailable=False, cmake_clean_cache=False, cmake_clean_first=False, cmake_force_configure=False, ament_cmake_args=None, catkin_cmake_args=None, catkin_skip_building_tests=False, mixin_files=None, mixin=None, verb_parser=<colcon_mixin.mixin.mixin_argument.MixinArgumentDecorator object at 0x759aa533f220>, verb_extension=<colcon_core.verb.build.BuildVerb object at 0x759aa533ec80>, main=<bound method BuildVerb.main of <colcon_core.verb.build.BuildVerb object at 0x759aa533ec80>>, mixin_verb=('build',))
[0.351s] Level 1:colcon.colcon_core.package_discovery:discover_packages(colcon_meta) check parameters
[0.351s] Level 1:colcon.colcon_core.package_discovery:discover_packages(recursive) check parameters
[0.351s] Level 1:colcon.colcon_core.package_discovery:discover_packages(ignore) check parameters
[0.351s] Level 1:colcon.colcon_core.package_discovery:discover_packages(path) check parameters
[0.351s] Level 1:colcon.colcon_core.package_discovery:discover_packages(colcon_meta) discover
[0.351s] Level 1:colcon.colcon_core.package_discovery:discover_packages(recursive) discover
[0.352s] INFO:colcon.colcon_core.package_discovery:Crawling recursively for packages in '/home/yuichi-katagiri/Subjects/Robotics/module_5/ex05'
[0.352s] Level 1:colcon.colcon_core.package_identification:_identify(.) by extensions ['ignore', 'ignore_ament_install']
[0.352s] Level 1:colcon.colcon_core.package_identification:_identify(.) by extension 'ignore'
[0.352s] Level 1:colcon.colcon_core.package_identification:_identify(.) by extension 'ignore_ament_install'
[0.352s] Level 1:colcon.colcon_core.package_identification:_identify(.) by extensions ['colcon_pkg']
[0.352s] Level 1:colcon.colcon_core.package_identification:_identify(.) by extension 'colcon_pkg'
[0.352s] Level 1:colcon.colcon_core.package_identification:_identify(.) by extensions ['colcon_meta']
[0.352s] Level 1:colcon.colcon_core.package_identification:_identify(.) by extension 'colcon_meta'
[0.352s] Level 1:colcon.colcon_core.package_identification:_identify(.) by extensions ['ros']
[0.352s] Level 1:colcon.colcon_core.package_identification:_identify(.) by extension 'ros'
[0.363s] Level 1:colcon.colcon_core.package_identification:_identify(.) by extensions ['cmake', 'python']
[0.363s] Level 1:colcon.colcon_core.package_identification:_identify(.) by extension 'cmake'
[0.363s] Level 1:colcon.colcon_core.package_identification:_identify(.) by extension 'python'
[0.363s] Level 1:colcon.colcon_core.package_identification:_identify(.) by extensions ['python_setup_py']
[0.363s] Level 1:colcon.colcon_core.package_identification:_identify(.) by extension 'python_setup_py'
[0.363s] Level 1:colcon.colcon_core.package_identification:_identify(build) by extensions ['ignore', 'ignore_ament_install']
[0.363s] Level 1:colcon.colcon_core.package_identification:_identify(build) by extension 'ignore'
[0.363s] Level 1:colcon.colcon_core.package_identification:_identify(build) ignored
[0.363s] Level 1:colcon.colcon_core.package_identification:_identify(install) by extensions ['ignore', 'ignore_ament_install']
[0.363s] Level 1:colcon.colcon_core.package_identification:_identify(install) by extension 'ignore'
[0.363s] Level 1:colcon.colcon_core.package_identification:_identify(install) ignored
[0.363s] Level 1:colcon.colcon_core.package_identification:_identify(log) by extensions ['ignore', 'ignore_ament_install']
[0.363s] Level 1:colcon.colcon_core.package_identification:_identify(log) by extension 'ignore'
[0.363s] Level 1:colcon.colcon_core.package_identification:_identify(log) ignored
[0.364s] Level 1:colcon.colcon_core.package_identification:_identify(src) by extensions ['ignore', 'ignore_ament_install']
[0.364s] Level 1:colcon.colcon_core.package_identification:_identify(src) by extension 'ignore'
[0.364s] Level 1:colcon.colcon_core.package_identification:_identify(src) by extension 'ignore_ament_install'
[0.364s] Level 1:colcon.colcon_core.package_identification:_identify(src) by extensions ['colcon_pkg']
[0.364s] Level 1:colcon.colcon_core.package_identification:_identify(src) by extension 'colcon_pkg'
[0.364s] Level 1:colcon.colcon_core.package_identification:_identify(src) by extensions ['colcon_meta']
[0.364s] Level 1:colcon.colcon_core.package_identification:_identify(src) by extension 'colcon_meta'
[0.364s] Level 1:colcon.colcon_core.package_identification:_identify(src) by extensions ['ros']
[0.364s] Level 1:colcon.colcon_core.package_identification:_identify(src) by extension 'ros'
[0.364s] Level 1:colcon.colcon_core.package_identification:_identify(src) by extensions ['cmake', 'python']
[0.364s] Level 1:colcon.colcon_core.package_identification:_identify(src) by extension 'cmake'
[0.364s] Level 1:colcon.colcon_core.package_identification:_identify(src) by extension 'python'
[0.364s] Level 1:colcon.colcon_core.package_identification:_identify(src) by extensions ['python_setup_py']
[0.364s] Level 1:colcon.colcon_core.package_identification:_identify(src) by extension 'python_setup_py'
[0.364s] Level 1:colcon.colcon_core.package_identification:_identify(src/my_movement) by extensions ['ignore', 'ignore_ament_install']
[0.364s] Level 1:colcon.colcon_core.package_identification:_identify(src/my_movement) by extension 'ignore'
[0.364s] Level 1:colcon.colcon_core.package_identification:_identify(src/my_movement) by extension 'ignore_ament_install'
[0.364s] Level 1:colcon.colcon_core.package_identification:_identify(src/my_movement) by extensions ['colcon_pkg']
[0.364s] Level 1:colcon.colcon_core.package_identification:_identify(src/my_movement) by extension 'colcon_pkg'
[0.364s] Level 1:colcon.colcon_core.package_identification:_identify(src/my_movement) by extensions ['colcon_meta']
[0.364s] Level 1:colcon.colcon_core.package_identification:_identify(src/my_movement) by extension 'colcon_meta'
[0.364s] Level 1:colcon.colcon_core.package_identification:_identify(src/my_movement) by extensions ['ros']
[0.365s] Level 1:colcon.colcon_core.package_identification:_identify(src/my_movement) by extension 'ros'
[0.368s] DEBUG:colcon.colcon_core.package_identification:Package 'src/my_movement' with type 'ros.ament_python' and name 'my_movement'
[0.368s] Level 1:colcon.colcon_core.package_identification:_identify(src/need) by extensions ['ignore', 'ignore_ament_install']
[0.368s] Level 1:colcon.colcon_core.package_identification:_identify(src/need) by extension 'ignore'
[0.368s] Level 1:colcon.colcon_core.package_identification:_identify(src/need) by extension 'ignore_ament_install'
[0.368s] Level 1:colcon.colcon_core.package_identification:_identify(src/need) by extensions ['colcon_pkg']
[0.368s] Level 1:colcon.colcon_core.package_identification:_identify(src/need) by extension 'colcon_pkg'
[0.368s] Level 1:colcon.colcon_core.package_identification:_identify(src/need) by extensions ['colcon_meta']
[0.368s] Level 1:colcon.colcon_core.package_identification:_identify(src/need) by extension 'colcon_meta'
[0.368s] Level 1:colcon.colcon_core.package_identification:_identify(src/need) by extensions ['ros']
[0.368s] Level 1:colcon.colcon_core.package_identification:_identify(src/need) by extension 'ros'
[0.368s] Level 1:colcon.colcon_core.package_identification:_identify(src/need) by extensions ['cmake', 'python']
[0.368s] Level 1:colcon.colcon_core.package_identification:_identify(src/need) by extension 'cmake'
[0.368s] Level 1:colcon.colcon_core.package_identification:_identify(src/need) by extension 'python'
[0.368s] Level 1:colcon.colcon_core.package_identification:_identify(src/need) by extensions ['python_setup_py']
[0.368s] Level 1:colcon.colcon_core.package_identification:_identify(src/need) by extension 'python_setup_py'
[0.368s] Level 1:colcon.colcon_core.package_identification:_identify(src/need/robot_app) by extensions ['ignore', 'ignore_ament_install']
[0.368s] Level 1:colcon.colcon_core.package_identification:_identify(src/need/robot_app) by extension 'ignore'
[0.368s] Level 1:colcon.colcon_core.package_identification:_identify(src/need/robot_app) by extension 'ignore_ament_install'
[0.368s] Level 1:colcon.colcon_core.package_identification:_identify(src/need/robot_app) by extensions ['colcon_pkg']
[0.369s] Level 1:colcon.colcon_core.package_identification:_identify(src/need/robot_app) by extension 'colcon_pkg'
[0.369s] Level 1:colcon.colcon_core.package_identification:_identify(src/need/robot_app) by extensions ['colcon_meta']
[0.369s] Level 1:colcon.colcon_core.package_identification:_identify(src/need/robot_app) by extension 'colcon_meta'
[0.369s] Level 1:colcon.colcon_core.package_identification:_identify(src/need/robot_app) by extensions ['ros']
[0.369s] Level 1:colcon.colcon_core.package_identification:_identify(src/need/robot_app) by extension 'ros'
[0.369s] DEBUG:colcon.colcon_core.package_identification:Package 'src/need/robot_app' with type 'ros.ament_cmake' and name 'robot_app'
[0.369s] Level 1:colcon.colcon_core.package_identification:_identify(src/need/robot_bringup) by extensions ['ignore', 'ignore_ament_install']
[0.369s] Level 1:colcon.colcon_core.package_identification:_identify(src/need/robot_bringup) by extension 'ignore'
[0.369s] Level 1:colcon.colcon_core.package_identification:_identify(src/need/robot_bringup) by extension 'ignore_ament_install'
[0.369s] Level 1:colcon.colcon_core.package_identification:_identify(src/need/robot_bringup) by extensions ['colcon_pkg']
[0.369s] Level 1:colcon.colcon_core.package_identification:_identify(src/need/robot_bringup) by extension 'colcon_pkg'
[0.370s] Level 1:colcon.colcon_core.package_identification:_identify(src/need/robot_bringup) by extensions ['colcon_meta']
[0.370s] Level 1:colcon.colcon_core.package_identification:_identify(src/need/robot_bringup) by extension 'colcon_meta'
[0.370s] Level 1:colcon.colcon_core.package_identification:_identify(src/need/robot_bringup) by extensions ['ros']
[0.370s] Level 1:colcon.colcon_core.package_identification:_identify(src/need/robot_bringup) by extension 'ros'
[0.370s] DEBUG:colcon.colcon_core.package_identification:Package 'src/need/robot_bringup' with type 'ros.ament_cmake' and name 'robot_bringup'
[0.370s] Level 1:colcon.colcon_core.package_identification:_identify(src/need/robot_description) by extensions ['ignore', 'ignore_ament_install']
[0.370s] Level 1:colcon.colcon_core.package_identification:_identify(src/need/robot_description) by extension 'ignore'
[0.370s] Level 1:colcon.colcon_core.package_identification:_identify(src/need/robot_description) by extension 'ignore_ament_install'
[0.370s] Level 1:colcon.colcon_core.package_identification:_identify(src/need/robot_description) by extensions ['colcon_pkg']
[0.370s] Level 1:colcon.colcon_core.package_identification:_identify(src/need/robot_description) by extension 'colcon_pkg'
[0.370s] Level 1:colcon.colcon_core.package_identification:_identify(src/need/robot_description) by extensions ['colcon_meta']
[0.370s] Level 1:colcon.colcon_core.package_identification:_identify(src/need/robot_description) by extension 'colcon_meta'
[0.370s] Level 1:colcon.colcon_core.package_identification:_identify(src/need/robot_description) by extensions ['ros']
[0.370s] Level 1:colcon.colcon_core.package_identification:_identify(src/need/robot_description) by extension 'ros'
[0.371s] DEBUG:colcon.colcon_core.package_identification:Package 'src/need/robot_description' with type 'ros.ament_cmake' and name 'robot_description'
[0.371s] Level 1:colcon.colcon_core.package_discovery:discover_packages(recursive) using defaults
[0.371s] Level 1:colcon.colcon_core.package_discovery:discover_packages(ignore) discover
[0.371s] Level 1:colcon.colcon_core.package_discovery:discover_packages(ignore) using defaults
[0.371s] Level 1:colcon.colcon_core.package_discovery:discover_packages(path) discover
[0.371s] Level 1:colcon.colcon_core.package_discovery:discover_packages(path) using defaults
[0.404s] Level 1:colcon.colcon_core.package_discovery:discover_packages(prefix_path) check parameters
[0.404s] Level 1:colcon.colcon_core.package_discovery:discover_packages(prefix_path) discover
[0.407s] DEBUG:colcon.colcon_installed_package_information.package_discovery:Found 4 installed packages in /home/yuichi-katagiri/Subjects/Robotics/module_5/ex05/install
[0.407s] DEBUG:colcon.colcon_installed_package_information.package_discovery:Found 3 installed packages in /home/yuichi-katagiri/ros2_ws/install
[0.409s] DEBUG:colcon.colcon_installed_package_information.package_discovery:Found 290 installed packages in /opt/ros/humble
[0.410s] Level 1:colcon.colcon_core.package_discovery:discover_packages(prefix_path) using defaults
[0.477s] Level 5:colcon.colcon_core.verb:set package 'my_movement' build argument 'cmake_args' from command line to 'None'
[0.477s] Level 5:colcon.colcon_core.verb:set package 'my_movement' build argument 'cmake_target' from command line to 'None'
[0.477s] Level 5:colcon.colcon_core.verb:set package 'my_movement' build argument 'cmake_target_skip_unavailable' from command line to 'False'
[0.477s] Level 5:colcon.colcon_core.verb:set package 'my_movement' build argument 'cmake_clean_cache' from command line to 'False'
[0.477s] Level 5:colcon.colcon_core.verb:set package 'my_movement' build argument 'cmake_clean_first' from command line to 'False'
[0.477s] Level 5:colcon.colcon_core.verb:set package 'my_movement' build argument 'cmake_force_configure' from command line to 'False'
[0.478s] Level 5:colcon.colcon_core.verb:set package 'my_movement' build argument 'ament_cmake_args' from command line to 'None'
[0.478s] Level 5:colcon.colcon_core.verb:set package 'my_movement' build argument 'catkin_cmake_args' from command line to 'None'
[0.478s] Level 5:colcon.colcon_core.verb:set package 'my_movement' build argument 'catkin_skip_building_tests' from command line to 'False'
[0.478s] DEBUG:colcon.colcon_core.verb:Building package 'my_movement' with the following arguments: {'ament_cmake_args': None, 'build_base': '/home/yuichi-katagiri/Subjects/Robotics/module_5/ex05/build/my_movement', 'catkin_cmake_args': None, 'catkin_skip_building_tests': False, 'cmake_args': None, 'cmake_clean_cache': False, 'cmake_clean_first': False, 'cmake_force_configure': False, 'cmake_target': None, 'cmake_target_skip_unavailable': False, 'install_base': '/home/yuichi-katagiri/Subjects/Robotics/module_5/ex05/install/my_movement', 'merge_install': False, 'path': '/home/yuichi-katagiri/Subjects/Robotics/module_5/ex05/src/my_movement', 'symlink_install': False, 'test_result_base': None}
[0.478s] Level 5:colcon.colcon_core.verb:set package 'robot_app' build argument 'cmake_args' from command line to 'None'
[0.478s] Level 5:colcon.colcon_core.verb:set package 'robot_app' build argument 'cmake_target' from command line to 'None'
[0.478s] Level 5:colcon.colcon_core.verb:set package 'robot_app' build argument 'cmake_target_skip_unavailable' from command line to 'False'
[0.478s] Level 5:colcon.colcon_core.verb:set package 'robot_app' build argument 'cmake_clean_cache' from command line to 'False'
[0.478s] Level 5:colcon.colcon_core.verb:set package 'robot_app' build argument 'cmake_clean_first' from command line to 'False'
[0.478s] Level 5:colcon.colcon_core.verb:set package 'robot_app' build argument 'cmake_force_configure' from command line to 'False'
[0.478s] Level 5:colcon.colcon_core.verb:set package 'robot_app' build argument 'ament_cmake_args' from command line to 'None'
[0.478s] Level 5:colcon.colcon_core.verb:set package 'robot_app' build argument 'catkin_cmake_args' from command line to 'None'
[0.478s] Level 5:colcon.colcon_core.verb:set package 'robot_app' build argument 'catkin_skip_building_tests' from command line to 'False'
[0.478s] DEBUG:colcon.colcon_core.verb:Building package 'robot_app' with the following arguments: {'ament_cmake_args': None, 'build_base': '/home/yuichi-katagiri/Subjects/Robotics/module_5/ex05/build/robot_app', 'catkin_cmake_args': None, 'catkin_skip_building_tests': False, 'cmake_args': None, 'cmake_clean_cache': False, 'cmake_clean_first': False, 'cmake_force_configure': False, 'cmake_target': None, 'cmake_target_skip_unavailable': False, 'install_base': '/home/yuichi-katagiri/Subjects/Robotics/module_5/ex05/install/robot_app', 'merge_install': False, 'path': '/home/yuichi-katagiri/Subjects/Robotics/module_5/ex05/src/need/robot_app', 'symlink_install': False, 'test_result_base': None}
[0.478s] Level 5:colcon.colcon_core.verb:set package 'robot_bringup' build argument 'cmake_args' from command line to 'None'
[0.478s] Level 5:colcon.colcon_core.verb:set package 'robot_bringup' build argument 'cmake_target' from command line to 'None'
[0.479s] Level 5:colcon.colcon_core.verb:set package 'robot_bringup' build argument 'cmake_target_skip_unavailable' from command line to 'False'
[0.479s] Level 5:colcon.colcon_core.verb:set package 'robot_bringup' build argument 'cmake_clean_cache' from command line to 'False'
[0.479s] Level 5:colcon.colcon_core.verb:set package 'robot_bringup' build argument 'cmake_clean_first' from command line to 'False'
[0.479s] Level 5:colcon.colcon_core.verb:set package 'robot_bringup' build argument 'cmake_force_configure' from command line to 'False'
[0.479s] Level 5:colcon.colcon_core.verb:set package 'robot_bringup' build argument 'ament_cmake_args' from command line to 'None'
[0.479s] Level 5:colcon.colcon_core.verb:set package 'robot_bringup' build argument 'catkin_cmake_args' from command line to 'None'
[0.479s] Level 5:colcon.colcon_core.verb:set package 'robot_bringup' build argument 'catkin_skip_building_tests' from command line to 'False'
[0.479s] DEBUG:colcon.colcon_core.verb:Building package 'robot_bringup' with the following arguments: {'ament_cmake_args': None, 'build_base': '/home/yuichi-katagiri/Subjects/Robotics/module_5/ex05/build/robot_bringup', 'catkin_cmake_args': None, 'catkin_skip_building_tests': False, 'cmake_args': None, 'cmake_clean_cache': False, 'cmake_clean_first': False, 'cmake_force_configure': False, 'cmake_target': None, 'cmake_target_skip_unavailable': False, 'install_base': '/home/yuichi-katagiri/Subjects/Robotics/module_5/ex05/install/robot_bringup', 'merge_install': False, 'path': '/home/yuichi-katagiri/Subjects/Robotics/module_5/ex05/src/need/robot_bringup', 'symlink_install': False, 'test_result_base': None}
[0.479s] Level 5:colcon.colcon_core.verb:set package 'robot_description' build argument 'cmake_args' from command line to 'None'
[0.479s] Level 5:colcon.colcon_core.verb:set package 'robot_description' build argument 'cmake_target' from command line to 'None'
[0.479s] Level 5:colcon.colcon_core.verb:set package 'robot_description' build argument 'cmake_target_skip_unavailable' from command line to 'False'
[0.479s] Level 5:colcon.colcon_core.verb:set package 'robot_description' build argument 'cmake_clean_cache' from command line to 'False'
[0.479s] Level 5:colcon.colcon_core.verb:set package 'robot_description' build argument 'cmake_clean_first' from command line to 'False'
[0.479s] Level 5:colcon.colcon_core.verb:set package 'robot_description' build argument 'cmake_force_configure' from command line to 'False'
[0.479s] Level 5:colcon.colcon_core.verb:set package 'robot_description' build argument 'ament_cmake_args' from command line to 'None'
[0.479s] Level 5:colcon.colcon_core.verb:set package 'robot_description' build argument 'catkin_cmake_args' from command line to 'None'
[0.479s] Level 5:colcon.colcon_core.verb:set package 'robot_description' build argument 'catkin_skip_building_tests' from command line to 'False'
[0.479s] DEBUG:colcon.colcon_core.verb:Building package 'robot_description' with the following arguments: {'ament_cmake_args': None, 'build_base': '/home/yuichi-katagiri/Subjects/Robotics/module_5/ex05/build/robot_description', 'catkin_cmake_args': None, 'catkin_skip_building_tests': False, 'cmake_args': None, 'cmake_clean_cache': False, 'cmake_clean_first': False, 'cmake_force_configure': False, 'cmake_target': None, 'cmake_target_skip_unavailable': False, 'install_base': '/home/yuichi-katagiri/Subjects/Robotics/module_5/ex05/install/robot_description', 'merge_install': False, 'path': '/home/yuichi-katagiri/Subjects/Robotics/module_5/ex05/src/need/robot_description', 'symlink_install': False, 'test_result_base': None}
[0.479s] INFO:colcon.colcon_core.executor:Executing jobs using 'parallel' executor
[0.480s] DEBUG:colcon.colcon_parallel_executor.executor.parallel:run_until_complete
[0.480s] INFO:colcon.colcon_ros.task.ament_python.build:Building ROS package in '/home/yuichi-katagiri/Subjects/Robotics/module_5/ex05/src/my_movement' with build type 'ament_python'
[0.480s] Level 1:colcon.colcon_core.shell:create_environment_hook('my_movement', 'ament_prefix_path')
[0.483s] INFO:colcon.colcon_core.plugin_system:Skipping extension 'colcon_core.shell.bat': Not used on non-Windows systems
[0.483s] INFO:colcon.colcon_core.shell:Creating environment hook '/home/yuichi-katagiri/Subjects/Robotics/module_5/ex05/install/my_movement/share/my_movement/hook/ament_prefix_path.ps1'
[0.483s] INFO:colcon.colcon_core.shell:Creating environment descriptor '/home/yuichi-katagiri/Subjects/Robotics/module_5/ex05/install/my_movement/share/my_movement/hook/ament_prefix_path.dsv'
[0.484s] INFO:colcon.colcon_core.shell:Creating environment hook '/home/yuichi-katagiri/Subjects/Robotics/module_5/ex05/install/my_movement/share/my_movement/hook/ament_prefix_path.sh'
[0.485s] INFO:colcon.colcon_core.shell:Skip shell extension 'powershell' for command environment: Not usable outside of PowerShell
[0.485s] DEBUG:colcon.colcon_core.shell:Skip shell extension 'dsv' for command environment
[0.488s] INFO:colcon.colcon_ros.task.ament_cmake.build:Building ROS package in '/home/yuichi-katagiri/Subjects/Robotics/module_5/ex05/src/need/robot_app' with build type 'ament_cmake'
[0.488s] INFO:colcon.colcon_cmake.task.cmake.build:Building CMake package in '/home/yuichi-katagiri/Subjects/Robotics/module_5/ex05/src/need/robot_app'
[0.488s] INFO:colcon.colcon_core.shell:Skip shell extension 'powershell' for command environment: Not usable outside of PowerShell
[0.488s] DEBUG:colcon.colcon_core.shell:Skip shell extension 'dsv' for command environment
[0.491s] INFO:colcon.colcon_ros.task.ament_cmake.build:Building ROS package in '/home/yuichi-katagiri/Subjects/Robotics/module_5/ex05/src/need/robot_bringup' with build type 'ament_cmake'
[0.492s] INFO:colcon.colcon_cmake.task.cmake.build:Building CMake package in '/home/yuichi-katagiri/Subjects/Robotics/module_5/ex05/src/need/robot_bringup'
[0.492s] INFO:colcon.colcon_core.shell:Skip shell extension 'powershell' for command environment: Not usable outside of PowerShell
[0.492s] DEBUG:colcon.colcon_core.shell:Skip shell extension 'dsv' for command environment
[0.496s] INFO:colcon.colcon_ros.task.ament_cmake.build:Building ROS package in '/home/yuichi-katagiri/Subjects/Robotics/module_5/ex05/src/need/robot_description' with build type 'ament_cmake'
[0.496s] INFO:colcon.colcon_cmake.task.cmake.build:Building CMake package in '/home/yuichi-katagiri/Subjects/Robotics/module_5/ex05/src/need/robot_description'
[0.496s] INFO:colcon.colcon_core.shell:Skip shell extension 'powershell' for command environment: Not usable outside of PowerShell
[0.496s] DEBUG:colcon.colcon_core.shell:Skip shell extension 'dsv' for command environment
[0.753s] INFO:colcon.colcon_core.task.python.build:Building Python package in '/home/yuichi-katagiri/Subjects/Robotics/module_5/ex05/src/my_movement'
[0.753s] INFO:colcon.colcon_core.shell:Skip shell extension 'powershell' for command environment: Not usable outside of PowerShell
[0.753s] DEBUG:colcon.colcon_core.shell:Skip shell extension 'dsv' for command environment
[0.759s] DEBUG:colcon.colcon_core.event_handler.log_command:Invoking command in '/home/yuichi-katagiri/Subjects/Robotics/module_5/ex05/build/robot_app': CMAKE_PREFIX_PATH=${CMAKE_PREFIX_PATH}:/home/yuichi-katagiri/Subjects/Robotics/module_5/ex05/install/my_movement:/home/yuichi-katagiri/ros2_ws/install/tomodachi:/home/yuichi-katagiri/ros2_ws/install/manabu:/opt/ros/humble /usr/bin/cmake --build /home/yuichi-katagiri/Subjects/Robotics/module_5/ex05/build/robot_app -- -j8 -l8
[0.764s] DEBUG:colcon.colcon_core.event_handler.log_command:Invoking command in '/home/yuichi-katagiri/Subjects/Robotics/module_5/ex05/build/robot_bringup': CMAKE_PREFIX_PATH=${CMAKE_PREFIX_PATH}:/home/yuichi-katagiri/Subjects/Robotics/module_5/ex05/install/my_movement:/home/yuichi-katagiri/ros2_ws/install/tomodachi:/home/yuichi-katagiri/ros2_ws/install/manabu:/opt/ros/humble /usr/bin/cmake --build /home/yuichi-katagiri/Subjects/Robotics/module_5/ex05/build/robot_bringup -- -j8 -l8
[0.768s] DEBUG:colcon.colcon_core.event_handler.log_command:Invoking command in '/home/yuichi-katagiri/Subjects/Robotics/module_5/ex05/build/robot_description': CMAKE_PREFIX_PATH=${CMAKE_PREFIX_PATH}:/home/yuichi-katagiri/Subjects/Robotics/module_5/ex05/install/my_movement:/home/yuichi-katagiri/ros2_ws/install/tomodachi:/home/yuichi-katagiri/ros2_ws/install/manabu:/opt/ros/humble /usr/bin/cmake --build /home/yuichi-katagiri/Subjects/Robotics/module_5/ex05/build/robot_description -- -j8 -l8
[0.800s] DEBUG:colcon.colcon_core.event_handler.log_command:Invoked command in '/home/yuichi-katagiri/Subjects/Robotics/module_5/ex05/build/robot_bringup' returned '0': CMAKE_PREFIX_PATH=${CMAKE_PREFIX_PATH}:/home/yuichi-katagiri/Subjects/Robotics/module_5/ex05/install/my_movement:/home/yuichi-katagiri/ros2_ws/install/tomodachi:/home/yuichi-katagiri/ros2_ws/install/manabu:/opt/ros/humble /usr/bin/cmake --build /home/yuichi-katagiri/Subjects/Robotics/module_5/ex05/build/robot_bringup -- -j8 -l8
[0.802s] DEBUG:colcon.colcon_core.event_handler.log_command:Invoked command in '/home/yuichi-katagiri/Subjects/Robotics/module_5/ex05/build/robot_app' returned '0': CMAKE_PREFIX_PATH=${CMAKE_PREFIX_PATH}:/home/yuichi-katagiri/Subjects/Robotics/module_5/ex05/install/my_movement:/home/yuichi-katagiri/ros2_ws/install/tomodachi:/home/yuichi-katagiri/ros2_ws/install/manabu:/opt/ros/humble /usr/bin/cmake --build /home/yuichi-katagiri/Subjects/Robotics/module_5/ex05/build/robot_app -- -j8 -l8
[0.803s] DEBUG:colcon.colcon_core.event_handler.log_command:Invoked command in '/home/yuichi-katagiri/Subjects/Robotics/module_5/ex05/build/robot_description' returned '0': CMAKE_PREFIX_PATH=${CMAKE_PREFIX_PATH}:/home/yuichi-katagiri/Subjects/Robotics/module_5/ex05/install/my_movement:/home/yuichi-katagiri/ros2_ws/install/tomodachi:/home/yuichi-katagiri/ros2_ws/install/manabu:/opt/ros/humble /usr/bin/cmake --build /home/yuichi-katagiri/Subjects/Robotics/module_5/ex05/build/robot_description -- -j8 -l8
[0.828s] DEBUG:colcon.colcon_core.event_handler.log_command:Invoking command in '/home/yuichi-katagiri/Subjects/Robotics/module_5/ex05/build/robot_bringup': CMAKE_PREFIX_PATH=${CMAKE_PREFIX_PATH}:/home/yuichi-katagiri/Subjects/Robotics/module_5/ex05/install/my_movement:/home/yuichi-katagiri/ros2_ws/install/tomodachi:/home/yuichi-katagiri/ros2_ws/install/manabu:/opt/ros/humble /usr/bin/cmake --install /home/yuichi-katagiri/Subjects/Robotics/module_5/ex05/build/robot_bringup
[0.830s] DEBUG:colcon.colcon_core.event_handler.log_command:Invoking command in '/home/yuichi-katagiri/Subjects/Robotics/module_5/ex05/build/robot_app': CMAKE_PREFIX_PATH=${CMAKE_PREFIX_PATH}:/home/yuichi-katagiri/Subjects/Robotics/module_5/ex05/install/my_movement:/home/yuichi-katagiri/ros2_ws/install/tomodachi:/home/yuichi-katagiri/ros2_ws/install/manabu:/opt/ros/humble /usr/bin/cmake --install /home/yuichi-katagiri/Subjects/Robotics/module_5/ex05/build/robot_app
[0.832s] DEBUG:colcon.colcon_core.event_handler.log_command:Invoking command in '/home/yuichi-katagiri/Subjects/Robotics/module_5/ex05/build/robot_description': CMAKE_PREFIX_PATH=${CMAKE_PREFIX_PATH}:/home/yuichi-katagiri/Subjects/Robotics/module_5/ex05/install/my_movement:/home/yuichi-katagiri/ros2_ws/install/tomodachi:/home/yuichi-katagiri/ros2_ws/install/manabu:/opt/ros/humble /usr/bin/cmake --install /home/yuichi-katagiri/Subjects/Robotics/module_5/ex05/build/robot_description
[0.838s] Level 1:colcon.colcon_core.environment:create_environment_scripts_only(robot_bringup)
[0.841s] DEBUG:colcon.colcon_core.event_handler.log_command:Invoked command in '/home/yuichi-katagiri/Subjects/Robotics/module_5/ex05/build/robot_bringup' returned '0': CMAKE_PREFIX_PATH=${CMAKE_PREFIX_PATH}:/home/yuichi-katagiri/Subjects/Robotics/module_5/ex05/install/my_movement:/home/yuichi-katagiri/ros2_ws/install/tomodachi:/home/yuichi-katagiri/ros2_ws/install/manabu:/opt/ros/humble /usr/bin/cmake --install /home/yuichi-katagiri/Subjects/Robotics/module_5/ex05/build/robot_bringup
[0.846s] Level 1:colcon.colcon_core.environment:checking '/home/yuichi-katagiri/Subjects/Robotics/module_5/ex05/install/robot_bringup' for CMake module files
[0.847s] Level 1:colcon.colcon_core.environment:checking '/home/yuichi-katagiri/Subjects/Robotics/module_5/ex05/install/robot_bringup' for CMake config files
[0.847s] Level 1:colcon.colcon_core.shell:create_environment_hook('robot_bringup', 'cmake_prefix_path')
[0.847s] INFO:colcon.colcon_core.shell:Creating environment hook '/home/yuichi-katagiri/Subjects/Robotics/module_5/ex05/install/robot_bringup/share/robot_bringup/hook/cmake_prefix_path.ps1'
[0.848s] INFO:colcon.colcon_core.shell:Creating environment descriptor '/home/yuichi-katagiri/Subjects/Robotics/module_5/ex05/install/robot_bringup/share/robot_bringup/hook/cmake_prefix_path.dsv'
[0.848s] INFO:colcon.colcon_core.shell:Creating environment hook '/home/yuichi-katagiri/Subjects/Robotics/module_5/ex05/install/robot_bringup/share/robot_bringup/hook/cmake_prefix_path.sh'
[0.849s] Level 1:colcon.colcon_core.environment:checking '/home/yuichi-katagiri/Subjects/Robotics/module_5/ex05/install/robot_bringup/bin'
[0.849s] Level 1:colcon.colcon_core.environment:checking '/home/yuichi-katagiri/Subjects/Robotics/module_5/ex05/install/robot_bringup/lib/pkgconfig/robot_bringup.pc'
[0.849s] Level 1:colcon.colcon_core.environment:checking '/home/yuichi-katagiri/Subjects/Robotics/module_5/ex05/install/robot_bringup/lib/python3.10/site-packages'
[0.849s] Level 1:colcon.colcon_core.environment:checking '/home/yuichi-katagiri/Subjects/Robotics/module_5/ex05/install/robot_bringup/bin'
[0.849s] INFO:colcon.colcon_core.shell:Creating package script '/home/yuichi-katagiri/Subjects/Robotics/module_5/ex05/install/robot_bringup/share/robot_bringup/package.ps1'
[0.850s] INFO:colcon.colcon_core.shell:Creating package descriptor '/home/yuichi-katagiri/Subjects/Robotics/module_5/ex05/install/robot_bringup/share/robot_bringup/package.dsv'
[0.851s] INFO:colcon.colcon_core.shell:Creating package script '/home/yuichi-katagiri/Subjects/Robotics/module_5/ex05/install/robot_bringup/share/robot_bringup/package.sh'
[0.852s] INFO:colcon.colcon_core.shell:Creating package script '/home/yuichi-katagiri/Subjects/Robotics/module_5/ex05/install/robot_bringup/share/robot_bringup/package.bash'
[0.853s] INFO:colcon.colcon_core.shell:Creating package script '/home/yuichi-katagiri/Subjects/Robotics/module_5/ex05/install/robot_bringup/share/robot_bringup/package.zsh'
[0.853s] Level 1:colcon.colcon_core.environment:create_file_with_runtime_dependencies(/home/yuichi-katagiri/Subjects/Robotics/module_5/ex05/install/robot_bringup/share/colcon-core/packages/robot_bringup)
[0.855s] Level 1:colcon.colcon_core.environment:create_environment_scripts_only(robot_app)
[0.855s] Level 1:colcon.colcon_core.environment:checking '/home/yuichi-katagiri/Subjects/Robotics/module_5/ex05/install/robot_app' for CMake module files
[0.856s] DEBUG:colcon.colcon_core.event_handler.log_command:Invoked command in '/home/yuichi-katagiri/Subjects/Robotics/module_5/ex05/build/robot_app' returned '0': CMAKE_PREFIX_PATH=${CMAKE_PREFIX_PATH}:/home/yuichi-katagiri/Subjects/Robotics/module_5/ex05/install/my_movement:/home/yuichi-katagiri/ros2_ws/install/tomodachi:/home/yuichi-katagiri/ros2_ws/install/manabu:/opt/ros/humble /usr/bin/cmake --install /home/yuichi-katagiri/Subjects/Robotics/module_5/ex05/build/robot_app
[0.856s] Level 1:colcon.colcon_core.environment:checking '/home/yuichi-katagiri/Subjects/Robotics/module_5/ex05/install/robot_app' for CMake config files
[0.856s] Level 1:colcon.colcon_core.shell:create_environment_hook('robot_app', 'cmake_prefix_path')
[0.856s] INFO:colcon.colcon_core.shell:Creating environment hook '/home/yuichi-katagiri/Subjects/Robotics/module_5/ex05/install/robot_app/share/robot_app/hook/cmake_prefix_path.ps1'
[0.857s] INFO:colcon.colcon_core.shell:Creating environment descriptor '/home/yuichi-katagiri/Subjects/Robotics/module_5/ex05/install/robot_app/share/robot_app/hook/cmake_prefix_path.dsv'
[0.857s] INFO:colcon.colcon_core.shell:Creating environment hook '/home/yuichi-katagiri/Subjects/Robotics/module_5/ex05/install/robot_app/share/robot_app/hook/cmake_prefix_path.sh'
[0.858s] Level 1:colcon.colcon_core.environment:checking '/home/yuichi-katagiri/Subjects/Robotics/module_5/ex05/install/robot_app/bin'
[0.858s] Level 1:colcon.colcon_core.environment:checking '/home/yuichi-katagiri/Subjects/Robotics/module_5/ex05/install/robot_app/lib/pkgconfig/robot_app.pc'
[0.858s] Level 1:colcon.colcon_core.environment:checking '/home/yuichi-katagiri/Subjects/Robotics/module_5/ex05/install/robot_app/lib/python3.10/site-packages'
[0.858s] Level 1:colcon.colcon_core.environment:checking '/home/yuichi-katagiri/Subjects/Robotics/module_5/ex05/install/robot_app/bin'
[0.859s] INFO:colcon.colcon_core.shell:Creating package script '/home/yuichi-katagiri/Subjects/Robotics/module_5/ex05/install/robot_app/share/robot_app/package.ps1'
[0.859s] INFO:colcon.colcon_core.shell:Creating package descriptor '/home/yuichi-katagiri/Subjects/Robotics/module_5/ex05/install/robot_app/share/robot_app/package.dsv'
[0.859s] INFO:colcon.colcon_core.shell:Creating package script '/home/yuichi-katagiri/Subjects/Robotics/module_5/ex05/install/robot_app/share/robot_app/package.sh'
[0.860s] INFO:colcon.colcon_core.shell:Creating package script '/home/yuichi-katagiri/Subjects/Robotics/module_5/ex05/install/robot_app/share/robot_app/package.bash'
[0.860s] INFO:colcon.colcon_core.shell:Creating package script '/home/yuichi-katagiri/Subjects/Robotics/module_5/ex05/install/robot_app/share/robot_app/package.zsh'
[0.860s] Level 1:colcon.colcon_core.environment:create_file_with_runtime_dependencies(/home/yuichi-katagiri/Subjects/Robotics/module_5/ex05/install/robot_app/share/colcon-core/packages/robot_app)
[0.861s] Level 1:colcon.colcon_core.environment:create_environment_scripts_only(robot_description)
[0.862s] Level 1:colcon.colcon_core.environment:checking '/home/yuichi-katagiri/Subjects/Robotics/module_5/ex05/install/robot_description' for CMake module files
[0.863s] DEBUG:colcon.colcon_core.event_handler.log_command:Invoked command in '/home/yuichi-katagiri/Subjects/Robotics/module_5/ex05/build/robot_description' returned '0': CMAKE_PREFIX_PATH=${CMAKE_PREFIX_PATH}:/home/yuichi-katagiri/Subjects/Robotics/module_5/ex05/install/my_movement:/home/yuichi-katagiri/ros2_ws/install/tomodachi:/home/yuichi-katagiri/ros2_ws/install/manabu:/opt/ros/humble /usr/bin/cmake --install /home/yuichi-katagiri/Subjects/Robotics/module_5/ex05/build/robot_description
[0.863s] Level 1:colcon.colcon_core.environment:checking '/home/yuichi-katagiri/Subjects/Robotics/module_5/ex05/install/robot_description' for CMake config files
[0.863s] Level 1:colcon.colcon_core.shell:create_environment_hook('robot_description', 'cmake_prefix_path')
[0.863s] INFO:colcon.colcon_core.shell:Creating environment hook '/home/yuichi-katagiri/Subjects/Robotics/module_5/ex05/install/robot_description/share/robot_description/hook/cmake_prefix_path.ps1'
[0.864s] INFO:colcon.colcon_core.shell:Creating environment descriptor '/home/yuichi-katagiri/Subjects/Robotics/module_5/ex05/install/robot_description/share/robot_description/hook/cmake_prefix_path.dsv'
[0.864s] INFO:colcon.colcon_core.shell:Creating environment hook '/home/yuichi-katagiri/Subjects/Robotics/module_5/ex05/install/robot_description/share/robot_description/hook/cmake_prefix_path.sh'
[0.865s] Level 1:colcon.colcon_core.environment:checking '/home/yuichi-katagiri/Subjects/Robotics/module_5/ex05/install/robot_description/bin'
[0.865s] Level 1:colcon.colcon_core.environment:checking '/home/yuichi-katagiri/Subjects/Robotics/module_5/ex05/install/robot_description/lib/pkgconfig/robot_description.pc'
[0.865s] Level 1:colcon.colcon_core.environment:checking '/home/yuichi-katagiri/Subjects/Robotics/module_5/ex05/install/robot_description/lib/python3.10/site-packages'
[0.865s] Level 1:colcon.colcon_core.environment:checking '/home/yuichi-katagiri/Subjects/Robotics/module_5/ex05/install/robot_description/bin'
[0.866s] INFO:colcon.colcon_core.shell:Creating package script '/home/yuichi-katagiri/Subjects/Robotics/module_5/ex05/install/robot_description/share/robot_description/package.ps1'
[0.866s] INFO:colcon.colcon_core.shell:Creating package descriptor '/home/yuichi-katagiri/Subjects/Robotics/module_5/ex05/install/robot_description/share/robot_description/package.dsv'
[0.867s] INFO:colcon.colcon_core.shell:Creating package script '/home/yuichi-katagiri/Subjects/Robotics/module_5/ex05/install/robot_description/share/robot_description/package.sh'
[0.867s] INFO:colcon.colcon_core.shell:Creating package script '/home/yuichi-katagiri/Subjects/Robotics/module_5/ex05/install/robot_description/share/robot_description/package.bash'
[0.868s] INFO:colcon.colcon_core.shell:Creating package script '/home/yuichi-katagiri/Subjects/Robotics/module_5/ex05/install/robot_description/share/robot_description/package.zsh'
[0.868s] Level 1:colcon.colcon_core.environment:create_file_with_runtime_dependencies(/home/yuichi-katagiri/Subjects/Robotics/module_5/ex05/install/robot_description/share/colcon-core/packages/robot_description)
[0.872s] Level 1:colcon.colcon_core.environment:create_environment_scripts_only(robot_bringup)
[0.872s] Level 1:colcon.colcon_core.environment:checking '/home/yuichi-katagiri/Subjects/Robotics/module_5/ex05/install/robot_bringup' for CMake module files
[0.873s] Level 1:colcon.colcon_core.environment:checking '/home/yuichi-katagiri/Subjects/Robotics/module_5/ex05/install/robot_bringup' for CMake config files
[0.873s] Level 1:colcon.colcon_core.shell:create_environment_hook('robot_bringup', 'cmake_prefix_path')
[0.873s] INFO:colcon.colcon_core.shell:Creating environment hook '/home/yuichi-katagiri/Subjects/Robotics/module_5/ex05/install/robot_bringup/share/robot_bringup/hook/cmake_prefix_path.ps1'
[0.874s] INFO:colcon.colcon_core.shell:Creating environment descriptor '/home/yuichi-katagiri/Subjects/Robotics/module_5/ex05/install/robot_bringup/share/robot_bringup/hook/cmake_prefix_path.dsv'
[0.874s] INFO:colcon.colcon_core.shell:Creating environment hook '/home/yuichi-katagiri/Subjects/Robotics/module_5/ex05/install/robot_bringup/share/robot_bringup/hook/cmake_prefix_path.sh'
[0.875s] Level 1:colcon.colcon_core.environment:checking '/home/yuichi-katagiri/Subjects/Robotics/module_5/ex05/install/robot_bringup/bin'
[0.875s] Level 1:colcon.colcon_core.environment:checking '/home/yuichi-katagiri/Subjects/Robotics/module_5/ex05/install/robot_bringup/lib/pkgconfig/robot_bringup.pc'
[0.875s] Level 1:colcon.colcon_core.environment:checking '/home/yuichi-katagiri/Subjects/Robotics/module_5/ex05/install/robot_bringup/lib/python3.10/site-packages'
[0.875s] Level 1:colcon.colcon_core.environment:checking '/home/yuichi-katagiri/Subjects/Robotics/module_5/ex05/install/robot_bringup/bin'
[0.875s] INFO:colcon.colcon_core.shell:Creating package script '/home/yuichi-katagiri/Subjects/Robotics/module_5/ex05/install/robot_bringup/share/robot_bringup/package.ps1'
[0.876s] INFO:colcon.colcon_core.shell:Creating package descriptor '/home/yuichi-katagiri/Subjects/Robotics/module_5/ex05/install/robot_bringup/share/robot_bringup/package.dsv'
[0.876s] INFO:colcon.colcon_core.shell:Creating package script '/home/yuichi-katagiri/Subjects/Robotics/module_5/ex05/install/robot_bringup/share/robot_bringup/package.sh'
[0.877s] INFO:colcon.colcon_core.shell:Creating package script '/home/yuichi-katagiri/Subjects/Robotics/module_5/ex05/install/robot_bringup/share/robot_bringup/package.bash'
[0.877s] INFO:colcon.colcon_core.shell:Creating package script '/home/yuichi-katagiri/Subjects/Robotics/module_5/ex05/install/robot_bringup/share/robot_bringup/package.zsh'
[0.878s] Level 1:colcon.colcon_core.environment:create_file_with_runtime_dependencies(/home/yuichi-katagiri/Subjects/Robotics/module_5/ex05/install/robot_bringup/share/colcon-core/packages/robot_bringup)
[0.879s] Level 1:colcon.colcon_core.environment:create_environment_scripts_only(robot_app)
[0.879s] Level 1:colcon.colcon_core.environment:checking '/home/yuichi-katagiri/Subjects/Robotics/module_5/ex05/install/robot_app' for CMake module files
[0.880s] Level 1:colcon.colcon_core.environment:checking '/home/yuichi-katagiri/Subjects/Robotics/module_5/ex05/install/robot_app' for CMake config files
[0.880s] Level 1:colcon.colcon_core.shell:create_environment_hook('robot_app', 'cmake_prefix_path')
[0.880s] INFO:colcon.colcon_core.shell:Creating environment hook '/home/yuichi-katagiri/Subjects/Robotics/module_5/ex05/install/robot_app/share/robot_app/hook/cmake_prefix_path.ps1'
[0.881s] INFO:colcon.colcon_core.shell:Creating environment descriptor '/home/yuichi-katagiri/Subjects/Robotics/module_5/ex05/install/robot_app/share/robot_app/hook/cmake_prefix_path.dsv'
[0.881s] INFO:colcon.colcon_core.shell:Creating environment hook '/home/yuichi-katagiri/Subjects/Robotics/module_5/ex05/install/robot_app/share/robot_app/hook/cmake_prefix_path.sh'
[0.882s] Level 1:colcon.colcon_core.environment:checking '/home/yuichi-katagiri/Subjects/Robotics/module_5/ex05/install/robot_app/bin'
[0.882s] Level 1:colcon.colcon_core.environment:checking '/home/yuichi-katagiri/Subjects/Robotics/module_5/ex05/install/robot_app/lib/pkgconfig/robot_app.pc'
[0.882s] Level 1:colcon.colcon_core.environment:checking '/home/yuichi-katagiri/Subjects/Robotics/module_5/ex05/install/robot_app/lib/python3.10/site-packages'
[0.882s] Level 1:colcon.colcon_core.environment:checking '/home/yuichi-katagiri/Subjects/Robotics/module_5/ex05/install/robot_app/bin'
[0.882s] INFO:colcon.colcon_core.shell:Creating package script '/home/yuichi-katagiri/Subjects/Robotics/module_5/ex05/install/robot_app/share/robot_app/package.ps1'
[0.883s] INFO:colcon.colcon_core.shell:Creating package descriptor '/home/yuichi-katagiri/Subjects/Robotics/module_5/ex05/install/robot_app/share/robot_app/package.dsv'
[0.883s] INFO:colcon.colcon_core.shell:Creating package script '/home/yuichi-katagiri/Subjects/Robotics/module_5/ex05/install/robot_app/share/robot_app/package.sh'
[0.884s] INFO:colcon.colcon_core.shell:Creating package script '/home/yuichi-katagiri/Subjects/Robotics/module_5/ex05/install/robot_app/share/robot_app/package.bash'
[0.884s] INFO:colcon.colcon_core.shell:Creating package script '/home/yuichi-katagiri/Subjects/Robotics/module_5/ex05/install/robot_app/share/robot_app/package.zsh'
[0.885s] Level 1:colcon.colcon_core.environment:create_file_with_runtime_dependencies(/home/yuichi-katagiri/Subjects/Robotics/module_5/ex05/install/robot_app/share/colcon-core/packages/robot_app)
[0.886s] Level 1:colcon.colcon_core.environment:create_environment_scripts_only(robot_description)
[0.887s] Level 1:colcon.colcon_core.environment:checking '/home/yuichi-katagiri/Subjects/Robotics/module_5/ex05/install/robot_description' for CMake module files
[0.887s] Level 1:colcon.colcon_core.environment:checking '/home/yuichi-katagiri/Subjects/Robotics/module_5/ex05/install/robot_description' for CMake config files
[0.887s] Level 1:colcon.colcon_core.shell:create_environment_hook('robot_description', 'cmake_prefix_path')
[0.887s] INFO:colcon.colcon_core.shell:Creating environment hook '/home/yuichi-katagiri/Subjects/Robotics/module_5/ex05/install/robot_description/share/robot_description/hook/cmake_prefix_path.ps1'
[0.888s] INFO:colcon.colcon_core.shell:Creating environment descriptor '/home/yuichi-katagiri/Subjects/Robotics/module_5/ex05/install/robot_description/share/robot_description/hook/cmake_prefix_path.dsv'
[0.888s] INFO:colcon.colcon_core.shell:Creating environment hook '/home/yuichi-katagiri/Subjects/Robotics/module_5/ex05/install/robot_description/share/robot_description/hook/cmake_prefix_path.sh'
[0.889s] Level 1:colcon.colcon_core.environment:checking '/home/yuichi-katagiri/Subjects/Robotics/module_5/ex05/install/robot_description/bin'
[0.889s] Level 1:colcon.colcon_core.environment:checking '/home/yuichi-katagiri/Subjects/Robotics/module_5/ex05/install/robot_description/lib/pkgconfig/robot_description.pc'
[0.889s] Level 1:colcon.colcon_core.environment:checking '/home/yuichi-katagiri/Subjects/Robotics/module_5/ex05/install/robot_description/lib/python3.10/site-packages'
[0.889s] Level 1:colcon.colcon_core.environment:checking '/home/yuichi-katagiri/Subjects/Robotics/module_5/ex05/install/robot_description/bin'
[0.889s] INFO:colcon.colcon_core.shell:Creating package script '/home/yuichi-katagiri/Subjects/Robotics/module_5/ex05/install/robot_description/share/robot_description/package.ps1'
[0.890s] INFO:colcon.colcon_core.shell:Creating package descriptor '/home/yuichi-katagiri/Subjects/Robotics/module_5/ex05/install/robot_description/share/robot_description/package.dsv'
[0.890s] INFO:colcon.colcon_core.shell:Creating package script '/home/yuichi-katagiri/Subjects/Robotics/module_5/ex05/install/robot_description/share/robot_description/package.sh'
[0.891s] INFO:colcon.colcon_core.shell:Creating package script '/home/yuichi-katagiri/Subjects/Robotics/module_5/ex05/install/robot_description/share/robot_description/package.bash'
[0.891s] INFO:colcon.colcon_core.shell:Creating package script '/home/yuichi-katagiri/Subjects/Robotics/module_5/ex05/install/robot_description/share/robot_description/package.zsh'
[0.892s] Level 1:colcon.colcon_core.environment:create_file_with_runtime_dependencies(/home/yuichi-katagiri/Subjects/Robotics/module_5/ex05/install/robot_description/share/colcon-core/packages/robot_description)
[1.122s] DEBUG:colcon.colcon_core.event_handler.log_command:Invoking command in '/home/yuichi-katagiri/Subjects/Robotics/module_5/ex05/src/my_movement': PYTHONPATH=/home/yuichi-katagiri/Subjects/Robotics/module_5/ex05/build/my_movement/prefix_override:/usr/lib/python3/dist-packages/colcon_core/task/python/colcon_distutils_commands:/home/yuichi-katagiri/Subjects/Robotics/module_5/ex05/install/my_movement/lib/python3.10/site-packages:${PYTHONPATH} /usr/bin/python3 -W ignore:setup.py install is deprecated setup.py egg_info --egg-base ../../build/my_movement build --build-base /home/yuichi-katagiri/Subjects/Robotics/module_5/ex05/build/my_movement/build install --record /home/yuichi-katagiri/Subjects/Robotics/module_5/ex05/build/my_movement/install.log --single-version-externally-managed install_data
[1.395s] Level 1:colcon.colcon_core.environment:checking '/home/yuichi-katagiri/Subjects/Robotics/module_5/ex05/install/my_movement' for CMake module files
[1.396s] DEBUG:colcon.colcon_core.event_handler.log_command:Invoked command in '/home/yuichi-katagiri/Subjects/Robotics/module_5/ex05/src/my_movement' returned '0': PYTHONPATH=/home/yuichi-katagiri/Subjects/Robotics/module_5/ex05/build/my_movement/prefix_override:/usr/lib/python3/dist-packages/colcon_core/task/python/colcon_distutils_commands:/home/yuichi-katagiri/Subjects/Robotics/module_5/ex05/install/my_movement/lib/python3.10/site-packages:${PYTHONPATH} /usr/bin/python3 -W ignore:setup.py install is deprecated setup.py egg_info --egg-base ../../build/my_movement build --build-base /home/yuichi-katagiri/Subjects/Robotics/module_5/ex05/build/my_movement/build install --record /home/yuichi-katagiri/Subjects/Robotics/module_5/ex05/build/my_movement/install.log --single-version-externally-managed install_data
[1.396s] Level 1:colcon.colcon_core.environment:checking '/home/yuichi-katagiri/Subjects/Robotics/module_5/ex05/install/my_movement' for CMake config files
[1.396s] Level 1:colcon.colcon_core.environment:checking '/home/yuichi-katagiri/Subjects/Robotics/module_5/ex05/install/my_movement/lib'
[1.396s] Level 1:colcon.colcon_core.environment:checking '/home/yuichi-katagiri/Subjects/Robotics/module_5/ex05/install/my_movement/bin'
[1.396s] Level 1:colcon.colcon_core.environment:checking '/home/yuichi-katagiri/Subjects/Robotics/module_5/ex05/install/my_movement/lib/pkgconfig/my_movement.pc'
[1.397s] Level 1:colcon.colcon_core.environment:checking '/home/yuichi-katagiri/Subjects/Robotics/module_5/ex05/install/my_movement/lib/python3.10/site-packages'
[1.397s] Level 1:colcon.colcon_core.shell:create_environment_hook('my_movement', 'pythonpath')
[1.397s] INFO:colcon.colcon_core.shell:Creating environment hook '/home/yuichi-katagiri/Subjects/Robotics/module_5/ex05/install/my_movement/share/my_movement/hook/pythonpath.ps1'
[1.397s] INFO:colcon.colcon_core.shell:Creating environment descriptor '/home/yuichi-katagiri/Subjects/Robotics/module_5/ex05/install/my_movement/share/my_movement/hook/pythonpath.dsv'
[1.398s] INFO:colcon.colcon_core.shell:Creating environment hook '/home/yuichi-katagiri/Subjects/Robotics/module_5/ex05/install/my_movement/share/my_movement/hook/pythonpath.sh'
[1.398s] Level 1:colcon.colcon_core.environment:checking '/home/yuichi-katagiri/Subjects/Robotics/module_5/ex05/install/my_movement/bin'
[1.398s] Level 1:colcon.colcon_core.environment:create_environment_scripts_only(my_movement)
[1.399s] INFO:colcon.colcon_core.shell:Creating package script '/home/yuichi-katagiri/Subjects/Robotics/module_5/ex05/install/my_movement/share/my_movement/package.ps1'
[1.399s] INFO:colcon.colcon_core.shell:Creating package descriptor '/home/yuichi-katagiri/Subjects/Robotics/module_5/ex05/install/my_movement/share/my_movement/package.dsv'
[1.400s] INFO:colcon.colcon_core.shell:Creating package script '/home/yuichi-katagiri/Subjects/Robotics/module_5/ex05/install/my_movement/share/my_movement/package.sh'
[1.400s] INFO:colcon.colcon_core.shell:Creating package script '/home/yuichi-katagiri/Subjects/Robotics/module_5/ex05/install/my_movement/share/my_movement/package.bash'
[1.400s] INFO:colcon.colcon_core.shell:Creating package script '/home/yuichi-katagiri/Subjects/Robotics/module_5/ex05/install/my_movement/share/my_movement/package.zsh'
[1.401s] Level 1:colcon.colcon_core.environment:create_file_with_runtime_dependencies(/home/yuichi-katagiri/Subjects/Robotics/module_5/ex05/install/my_movement/share/colcon-core/packages/my_movement)
[1.401s] DEBUG:colcon.colcon_parallel_executor.executor.parallel:closing loop
[1.401s] DEBUG:colcon.colcon_parallel_executor.executor.parallel:loop closed
[1.401s] DEBUG:colcon.colcon_parallel_executor.executor.parallel:run_until_complete finished with '0'
[1.401s] DEBUG:colcon.colcon_core.event_reactor:joining thread
[1.411s] INFO:colcon.colcon_core.plugin_system:Skipping extension 'colcon_notification.desktop_notification.terminal_notifier': Not used on non-Darwin systems
[1.411s] INFO:colcon.colcon_core.plugin_system:Skipping extension 'colcon_notification.desktop_notification.win32': Not used on non-Windows systems
[1.411s] INFO:colcon.colcon_notification.desktop_notification:Sending desktop notification using 'notify2'
[1.421s] DEBUG:colcon.colcon_core.event_reactor:joined thread
[1.421s] INFO:colcon.colcon_core.shell:Creating prefix script '/home/yuichi-katagiri/Subjects/Robotics/module_5/ex05/install/local_setup.ps1'
[1.423s] INFO:colcon.colcon_core.shell:Creating prefix util module '/home/yuichi-katagiri/Subjects/Robotics/module_5/ex05/install/_local_setup_util_ps1.py'
[1.424s] INFO:colcon.colcon_core.shell:Creating prefix chain script '/home/yuichi-katagiri/Subjects/Robotics/module_5/ex05/install/setup.ps1'
[1.425s] INFO:colcon.colcon_core.shell:Creating prefix script '/home/yuichi-katagiri/Subjects/Robotics/module_5/ex05/install/local_setup.sh'
[1.426s] INFO:colcon.colcon_core.shell:Creating prefix util module '/home/yuichi-katagiri/Subjects/Robotics/module_5/ex05/install/_local_setup_util_sh.py'
[1.426s] INFO:colcon.colcon_core.shell:Creating prefix chain script '/home/yuichi-katagiri/Subjects/Robotics/module_5/ex05/install/setup.sh'
[1.427s] INFO:colcon.colcon_core.shell:Creating prefix script '/home/yuichi-katagiri/Subjects/Robotics/module_5/ex05/install/local_setup.bash'
[1.428s] INFO:colcon.colcon_core.shell:Creating prefix chain script '/home/yuichi-katagiri/Subjects/Robotics/module_5/ex05/install/setup.bash'
[1.429s] INFO:colcon.colcon_core.shell:Creating prefix script '/home/yuichi-katagiri/Subjects/Robotics/module_5/ex05/install/local_setup.zsh'
[1.430s] INFO:colcon.colcon_core.shell:Creating prefix chain script '/home/yuichi-katagiri/Subjects/Robotics/module_5/ex05/install/setup.zsh'
