[0.102s] DEBUG:colcon:Command line arguments: ['/usr/bin/colcon', 'build']
[0.102s] DEBUG:colcon:Parsed command line arguments: Namespace(log_base=None, log_level=None, verb_name='build', build_base='build', install_base='install', merge_install=False, symlink_install=False, test_result_base=None, continue_on_error=False, executor='parallel', parallel_workers=8, event_handlers=None, ignore_user_meta=False, metas=['./colcon.meta'], base_paths=['.'], packages_ignore=None, packages_ignore_regex=None, paths=None, packages_up_to=None, packages_up_to_regex=None, packages_above=None, packages_above_and_dependencies=None, packages_above_depth=None, packages_select_by_dep=None, packages_skip_by_dep=None, packages_skip_up_to=None, packages_select_build_failed=False, packages_skip_build_finished=False, packages_select_test_failures=False, packages_skip_test_passed=False, packages_select=None, packages_skip=None, packages_select_regex=None, packages_skip_regex=None, packages_start=None, packages_end=None, allow_overriding=[], cmake_args=None, cmake_target=None, cmake_target_skip_unavailable=False, cmake_clean_cache=False, cmake_clean_first=False, cmake_force_configure=False, ament_cmake_args=None, catkin_cmake_args=None, catkin_skip_building_tests=False, mixin_files=None, mixin=None, verb_parser=<colcon_mixin.mixin.mixin_argument.MixinArgumentDecorator object at 0x79859044b070>, verb_extension=<colcon_core.verb.build.BuildVerb object at 0x79859044aa10>, main=<bound method BuildVerb.main of <colcon_core.verb.build.BuildVerb object at 0x79859044aa10>>, mixin_verb=('build',))
[0.243s] Level 1:colcon.colcon_core.package_discovery:discover_packages(colcon_meta) check parameters
[0.243s] Level 1:colcon.colcon_core.package_discovery:discover_packages(recursive) check parameters
[0.243s] Level 1:colcon.colcon_core.package_discovery:discover_packages(ignore) check parameters
[0.243s] Level 1:colcon.colcon_core.package_discovery:discover_packages(path) check parameters
[0.243s] Level 1:colcon.colcon_core.package_discovery:discover_packages(colcon_meta) discover
[0.243s] Level 1:colcon.colcon_core.package_discovery:discover_packages(recursive) discover
[0.243s] INFO:colcon.colcon_core.package_discovery:Crawling recursively for packages in '/home/yuichi-katagiri/Subjects/Robotics/ex01'
[0.243s] Level 1:colcon.colcon_core.package_identification:_identify(.) by extensions ['ignore', 'ignore_ament_install']
[0.243s] Level 1:colcon.colcon_core.package_identification:_identify(.) by extension 'ignore'
[0.243s] Level 1:colcon.colcon_core.package_identification:_identify(.) by extension 'ignore_ament_install'
[0.243s] Level 1:colcon.colcon_core.package_identification:_identify(.) by extensions ['colcon_pkg']
[0.243s] Level 1:colcon.colcon_core.package_identification:_identify(.) by extension 'colcon_pkg'
[0.243s] Level 1:colcon.colcon_core.package_identification:_identify(.) by extensions ['colcon_meta']
[0.244s] Level 1:colcon.colcon_core.package_identification:_identify(.) by extension 'colcon_meta'
[0.244s] Level 1:colcon.colcon_core.package_identification:_identify(.) by extensions ['ros']
[0.244s] Level 1:colcon.colcon_core.package_identification:_identify(.) by extension 'ros'
[0.253s] Level 1:colcon.colcon_core.package_identification:_identify(.) by extensions ['cmake', 'python']
[0.253s] Level 1:colcon.colcon_core.package_identification:_identify(.) by extension 'cmake'
[0.253s] Level 1:colcon.colcon_core.package_identification:_identify(.) by extension 'python'
[0.253s] Level 1:colcon.colcon_core.package_identification:_identify(.) by extensions ['python_setup_py']
[0.253s] Level 1:colcon.colcon_core.package_identification:_identify(.) by extension 'python_setup_py'
[0.254s] Level 1:colcon.colcon_core.package_identification:_identify(build) by extensions ['ignore', 'ignore_ament_install']
[0.254s] Level 1:colcon.colcon_core.package_identification:_identify(build) by extension 'ignore'
[0.254s] Level 1:colcon.colcon_core.package_identification:_identify(build) ignored
[0.254s] Level 1:colcon.colcon_core.package_identification:_identify(install) by extensions ['ignore', 'ignore_ament_install']
[0.254s] Level 1:colcon.colcon_core.package_identification:_identify(install) by extension 'ignore'
[0.254s] Level 1:colcon.colcon_core.package_identification:_identify(install) ignored
[0.254s] Level 1:colcon.colcon_core.package_identification:_identify(log) by extensions ['ignore', 'ignore_ament_install']
[0.254s] Level 1:colcon.colcon_core.package_identification:_identify(log) by extension 'ignore'
[0.254s] Level 1:colcon.colcon_core.package_identification:_identify(log) ignored
[0.254s] Level 1:colcon.colcon_core.package_identification:_identify(src) by extensions ['ignore', 'ignore_ament_install']
[0.254s] Level 1:colcon.colcon_core.package_identification:_identify(src) by extension 'ignore'
[0.254s] Level 1:colcon.colcon_core.package_identification:_identify(src) by extension 'ignore_ament_install'
[0.254s] Level 1:colcon.colcon_core.package_identification:_identify(src) by extensions ['colcon_pkg']
[0.254s] Level 1:colcon.colcon_core.package_identification:_identify(src) by extension 'colcon_pkg'
[0.254s] Level 1:colcon.colcon_core.package_identification:_identify(src) by extensions ['colcon_meta']
[0.254s] Level 1:colcon.colcon_core.package_identification:_identify(src) by extension 'colcon_meta'
[0.255s] Level 1:colcon.colcon_core.package_identification:_identify(src) by extensions ['ros']
[0.255s] Level 1:colcon.colcon_core.package_identification:_identify(src) by extension 'ros'
[0.255s] Level 1:colcon.colcon_core.package_identification:_identify(src) by extensions ['cmake', 'python']
[0.255s] Level 1:colcon.colcon_core.package_identification:_identify(src) by extension 'cmake'
[0.255s] Level 1:colcon.colcon_core.package_identification:_identify(src) by extension 'python'
[0.255s] Level 1:colcon.colcon_core.package_identification:_identify(src) by extensions ['python_setup_py']
[0.255s] Level 1:colcon.colcon_core.package_identification:_identify(src) by extension 'python_setup_py'
[0.255s] Level 1:colcon.colcon_core.package_identification:_identify(src/move_to_goal) by extensions ['ignore', 'ignore_ament_install']
[0.255s] Level 1:colcon.colcon_core.package_identification:_identify(src/move_to_goal) by extension 'ignore'
[0.255s] Level 1:colcon.colcon_core.package_identification:_identify(src/move_to_goal) by extension 'ignore_ament_install'
[0.255s] Level 1:colcon.colcon_core.package_identification:_identify(src/move_to_goal) by extensions ['colcon_pkg']
[0.255s] Level 1:colcon.colcon_core.package_identification:_identify(src/move_to_goal) by extension 'colcon_pkg'
[0.255s] Level 1:colcon.colcon_core.package_identification:_identify(src/move_to_goal) by extensions ['colcon_meta']
[0.255s] Level 1:colcon.colcon_core.package_identification:_identify(src/move_to_goal) by extension 'colcon_meta'
[0.255s] Level 1:colcon.colcon_core.package_identification:_identify(src/move_to_goal) by extensions ['ros']
[0.255s] Level 1:colcon.colcon_core.package_identification:_identify(src/move_to_goal) by extension 'ros'
[0.257s] DEBUG:colcon.colcon_core.package_identification:Package 'src/move_to_goal' with type 'ros.ament_python' and name 'move_to_goal'
[0.257s] Level 1:colcon.colcon_core.package_identification:_identify(src/service_full_name) by extensions ['ignore', 'ignore_ament_install']
[0.258s] Level 1:colcon.colcon_core.package_identification:_identify(src/service_full_name) by extension 'ignore'
[0.258s] Level 1:colcon.colcon_core.package_identification:_identify(src/service_full_name) by extension 'ignore_ament_install'
[0.258s] Level 1:colcon.colcon_core.package_identification:_identify(src/service_full_name) by extensions ['colcon_pkg']
[0.258s] Level 1:colcon.colcon_core.package_identification:_identify(src/service_full_name) by extension 'colcon_pkg'
[0.258s] Level 1:colcon.colcon_core.package_identification:_identify(src/service_full_name) by extensions ['colcon_meta']
[0.258s] Level 1:colcon.colcon_core.package_identification:_identify(src/service_full_name) by extension 'colcon_meta'
[0.258s] Level 1:colcon.colcon_core.package_identification:_identify(src/service_full_name) by extensions ['ros']
[0.258s] Level 1:colcon.colcon_core.package_identification:_identify(src/service_full_name) by extension 'ros'
[0.258s] DEBUG:colcon.colcon_core.package_identification:Package 'src/service_full_name' with type 'ros.ament_python' and name 'service_full_name'
[0.258s] Level 1:colcon.colcon_core.package_discovery:discover_packages(recursive) using defaults
[0.258s] Level 1:colcon.colcon_core.package_discovery:discover_packages(ignore) discover
[0.258s] Level 1:colcon.colcon_core.package_discovery:discover_packages(ignore) using defaults
[0.258s] Level 1:colcon.colcon_core.package_discovery:discover_packages(path) discover
[0.258s] Level 1:colcon.colcon_core.package_discovery:discover_packages(path) using defaults
[0.276s] Level 1:colcon.colcon_core.package_discovery:discover_packages(prefix_path) check parameters
[0.276s] Level 1:colcon.colcon_core.package_discovery:discover_packages(prefix_path) discover
[0.277s] DEBUG:colcon.colcon_installed_package_information.package_discovery:Found 3 installed packages in /home/yuichi-katagiri/Subjects/Robotics/ex01/install
[0.277s] DEBUG:colcon.colcon_installed_package_information.package_discovery:Found 3 installed packages in /home/yuichi-katagiri/ros2_ws/install
[0.279s] DEBUG:colcon.colcon_installed_package_information.package_discovery:Found 270 installed packages in /opt/ros/humble
[0.289s] Level 1:colcon.colcon_core.package_discovery:discover_packages(prefix_path) using defaults
[0.326s] Level 5:colcon.colcon_core.verb:set package 'move_to_goal' build argument 'cmake_args' from command line to 'None'
[0.326s] Level 5:colcon.colcon_core.verb:set package 'move_to_goal' build argument 'cmake_target' from command line to 'None'
[0.326s] Level 5:colcon.colcon_core.verb:set package 'move_to_goal' build argument 'cmake_target_skip_unavailable' from command line to 'False'
[0.326s] Level 5:colcon.colcon_core.verb:set package 'move_to_goal' build argument 'cmake_clean_cache' from command line to 'False'
[0.326s] Level 5:colcon.colcon_core.verb:set package 'move_to_goal' build argument 'cmake_clean_first' from command line to 'False'
[0.326s] Level 5:colcon.colcon_core.verb:set package 'move_to_goal' build argument 'cmake_force_configure' from command line to 'False'
[0.327s] Level 5:colcon.colcon_core.verb:set package 'move_to_goal' build argument 'ament_cmake_args' from command line to 'None'
[0.327s] Level 5:colcon.colcon_core.verb:set package 'move_to_goal' build argument 'catkin_cmake_args' from command line to 'None'
[0.327s] Level 5:colcon.colcon_core.verb:set package 'move_to_goal' build argument 'catkin_skip_building_tests' from command line to 'False'
[0.327s] DEBUG:colcon.colcon_core.verb:Building package 'move_to_goal' with the following arguments: {'ament_cmake_args': None, 'build_base': '/home/yuichi-katagiri/Subjects/Robotics/ex01/build/move_to_goal', 'catkin_cmake_args': None, 'catkin_skip_building_tests': False, 'cmake_args': None, 'cmake_clean_cache': False, 'cmake_clean_first': False, 'cmake_force_configure': False, 'cmake_target': None, 'cmake_target_skip_unavailable': False, 'install_base': '/home/yuichi-katagiri/Subjects/Robotics/ex01/install/move_to_goal', 'merge_install': False, 'path': '/home/yuichi-katagiri/Subjects/Robotics/ex01/src/move_to_goal', 'symlink_install': False, 'test_result_base': None}
[0.327s] Level 5:colcon.colcon_core.verb:set package 'service_full_name' build argument 'cmake_args' from command line to 'None'
[0.327s] Level 5:colcon.colcon_core.verb:set package 'service_full_name' build argument 'cmake_target' from command line to 'None'
[0.327s] Level 5:colcon.colcon_core.verb:set package 'service_full_name' build argument 'cmake_target_skip_unavailable' from command line to 'False'
[0.327s] Level 5:colcon.colcon_core.verb:set package 'service_full_name' build argument 'cmake_clean_cache' from command line to 'False'
[0.327s] Level 5:colcon.colcon_core.verb:set package 'service_full_name' build argument 'cmake_clean_first' from command line to 'False'
[0.327s] Level 5:colcon.colcon_core.verb:set package 'service_full_name' build argument 'cmake_force_configure' from command line to 'False'
[0.327s] Level 5:colcon.colcon_core.verb:set package 'service_full_name' build argument 'ament_cmake_args' from command line to 'None'
[0.327s] Level 5:colcon.colcon_core.verb:set package 'service_full_name' build argument 'catkin_cmake_args' from command line to 'None'
[0.327s] Level 5:colcon.colcon_core.verb:set package 'service_full_name' build argument 'catkin_skip_building_tests' from command line to 'False'
[0.327s] DEBUG:colcon.colcon_core.verb:Building package 'service_full_name' with the following arguments: {'ament_cmake_args': None, 'build_base': '/home/yuichi-katagiri/Subjects/Robotics/ex01/build/service_full_name', 'catkin_cmake_args': None, 'catkin_skip_building_tests': False, 'cmake_args': None, 'cmake_clean_cache': False, 'cmake_clean_first': False, 'cmake_force_configure': False, 'cmake_target': None, 'cmake_target_skip_unavailable': False, 'install_base': '/home/yuichi-katagiri/Subjects/Robotics/ex01/install/service_full_name', 'merge_install': False, 'path': '/home/yuichi-katagiri/Subjects/Robotics/ex01/src/service_full_name', 'symlink_install': False, 'test_result_base': None}
[0.327s] INFO:colcon.colcon_core.executor:Executing jobs using 'parallel' executor
[0.328s] DEBUG:colcon.colcon_parallel_executor.executor.parallel:run_until_complete
[0.328s] INFO:colcon.colcon_ros.task.ament_python.build:Building ROS package in '/home/yuichi-katagiri/Subjects/Robotics/ex01/src/move_to_goal' with build type 'ament_python'
[0.328s] Level 1:colcon.colcon_core.shell:create_environment_hook('move_to_goal', 'ament_prefix_path')
[0.330s] INFO:colcon.colcon_core.plugin_system:Skipping extension 'colcon_core.shell.bat': Not used on non-Windows systems
[0.330s] INFO:colcon.colcon_core.shell:Creating environment hook '/home/yuichi-katagiri/Subjects/Robotics/ex01/install/move_to_goal/share/move_to_goal/hook/ament_prefix_path.ps1'
[0.331s] INFO:colcon.colcon_core.shell:Creating environment descriptor '/home/yuichi-katagiri/Subjects/Robotics/ex01/install/move_to_goal/share/move_to_goal/hook/ament_prefix_path.dsv'
[0.331s] INFO:colcon.colcon_core.shell:Creating environment hook '/home/yuichi-katagiri/Subjects/Robotics/ex01/install/move_to_goal/share/move_to_goal/hook/ament_prefix_path.sh'
[0.332s] INFO:colcon.colcon_core.shell:Skip shell extension 'powershell' for command environment: Not usable outside of PowerShell
[0.332s] DEBUG:colcon.colcon_core.shell:Skip shell extension 'dsv' for command environment
[0.335s] INFO:colcon.colcon_ros.task.ament_python.build:Building ROS package in '/home/yuichi-katagiri/Subjects/Robotics/ex01/src/service_full_name' with build type 'ament_python'
[0.335s] Level 1:colcon.colcon_core.shell:create_environment_hook('service_full_name', 'ament_prefix_path')
[0.335s] INFO:colcon.colcon_core.shell:Creating environment hook '/home/yuichi-katagiri/Subjects/Robotics/ex01/install/service_full_name/share/service_full_name/hook/ament_prefix_path.ps1'
[0.336s] INFO:colcon.colcon_core.shell:Creating environment descriptor '/home/yuichi-katagiri/Subjects/Robotics/ex01/install/service_full_name/share/service_full_name/hook/ament_prefix_path.dsv'
[0.336s] INFO:colcon.colcon_core.shell:Creating environment hook '/home/yuichi-katagiri/Subjects/Robotics/ex01/install/service_full_name/share/service_full_name/hook/ament_prefix_path.sh'
[0.336s] INFO:colcon.colcon_core.shell:Skip shell extension 'powershell' for command environment: Not usable outside of PowerShell
[0.336s] DEBUG:colcon.colcon_core.shell:Skip shell extension 'dsv' for command environment
[0.564s] INFO:colcon.colcon_core.task.python.build:Building Python package in '/home/yuichi-katagiri/Subjects/Robotics/ex01/src/move_to_goal'
[0.564s] INFO:colcon.colcon_core.shell:Skip shell extension 'powershell' for command environment: Not usable outside of PowerShell
[0.564s] DEBUG:colcon.colcon_core.shell:Skip shell extension 'dsv' for command environment
[0.794s] INFO:colcon.colcon_core.task.python.build:Building Python package in '/home/yuichi-katagiri/Subjects/Robotics/ex01/src/service_full_name'
[0.794s] INFO:colcon.colcon_core.shell:Skip shell extension 'powershell' for command environment: Not usable outside of PowerShell
[0.794s] DEBUG:colcon.colcon_core.shell:Skip shell extension 'dsv' for command environment
[1.111s] DEBUG:colcon.colcon_core.event_handler.log_command:Invoking command in '/home/yuichi-katagiri/Subjects/Robotics/ex01/src/move_to_goal': PYTHONPATH=/home/yuichi-katagiri/Subjects/Robotics/ex01/build/move_to_goal/prefix_override:/usr/lib/python3/dist-packages/colcon_core/task/python/colcon_distutils_commands:/home/yuichi-katagiri/Subjects/Robotics/ex01/install/move_to_goal/lib/python3.10/site-packages:${PYTHONPATH} /usr/bin/python3 -W ignore:setup.py install is deprecated setup.py egg_info --egg-base ../../build/move_to_goal build --build-base /home/yuichi-katagiri/Subjects/Robotics/ex01/build/move_to_goal/build install --record /home/yuichi-katagiri/Subjects/Robotics/ex01/build/move_to_goal/install.log --single-version-externally-managed install_data
[1.114s] DEBUG:colcon.colcon_core.event_handler.log_command:Invoking command in '/home/yuichi-katagiri/Subjects/Robotics/ex01/src/service_full_name': PYTHONPATH=/home/yuichi-katagiri/Subjects/Robotics/ex01/build/service_full_name/prefix_override:/usr/lib/python3/dist-packages/colcon_core/task/python/colcon_distutils_commands:/home/yuichi-katagiri/Subjects/Robotics/ex01/install/service_full_name/lib/python3.10/site-packages:${PYTHONPATH} /usr/bin/python3 -W ignore:setup.py install is deprecated setup.py egg_info --egg-base ../../build/service_full_name build --build-base /home/yuichi-katagiri/Subjects/Robotics/ex01/build/service_full_name/build install --record /home/yuichi-katagiri/Subjects/Robotics/ex01/build/service_full_name/install.log --single-version-externally-managed install_data
[1.389s] DEBUG:colcon.colcon_core.event_handler.log_command:Invoked command in '/home/yuichi-katagiri/Subjects/Robotics/ex01/src/move_to_goal' returned '0': PYTHONPATH=/home/yuichi-katagiri/Subjects/Robotics/ex01/build/move_to_goal/prefix_override:/usr/lib/python3/dist-packages/colcon_core/task/python/colcon_distutils_commands:/home/yuichi-katagiri/Subjects/Robotics/ex01/install/move_to_goal/lib/python3.10/site-packages:${PYTHONPATH} /usr/bin/python3 -W ignore:setup.py install is deprecated setup.py egg_info --egg-base ../../build/move_to_goal build --build-base /home/yuichi-katagiri/Subjects/Robotics/ex01/build/move_to_goal/build install --record /home/yuichi-katagiri/Subjects/Robotics/ex01/build/move_to_goal/install.log --single-version-externally-managed install_data
[1.391s] Level 1:colcon.colcon_core.environment:checking '/home/yuichi-katagiri/Subjects/Robotics/ex01/install/move_to_goal' for CMake module files
[1.392s] Level 1:colcon.colcon_core.environment:checking '/home/yuichi-katagiri/Subjects/Robotics/ex01/install/move_to_goal' for CMake config files
[1.392s] Level 1:colcon.colcon_core.environment:checking '/home/yuichi-katagiri/Subjects/Robotics/ex01/install/move_to_goal/lib'
[1.393s] Level 1:colcon.colcon_core.environment:checking '/home/yuichi-katagiri/Subjects/Robotics/ex01/install/move_to_goal/bin'
[1.393s] Level 1:colcon.colcon_core.environment:checking '/home/yuichi-katagiri/Subjects/Robotics/ex01/install/move_to_goal/lib/pkgconfig/move_to_goal.pc'
[1.393s] Level 1:colcon.colcon_core.environment:checking '/home/yuichi-katagiri/Subjects/Robotics/ex01/install/move_to_goal/lib/python3.10/site-packages'
[1.393s] Level 1:colcon.colcon_core.shell:create_environment_hook('move_to_goal', 'pythonpath')
[1.393s] INFO:colcon.colcon_core.shell:Creating environment hook '/home/yuichi-katagiri/Subjects/Robotics/ex01/install/move_to_goal/share/move_to_goal/hook/pythonpath.ps1'
[1.394s] INFO:colcon.colcon_core.shell:Creating environment descriptor '/home/yuichi-katagiri/Subjects/Robotics/ex01/install/move_to_goal/share/move_to_goal/hook/pythonpath.dsv'
[1.394s] INFO:colcon.colcon_core.shell:Creating environment hook '/home/yuichi-katagiri/Subjects/Robotics/ex01/install/move_to_goal/share/move_to_goal/hook/pythonpath.sh'
[1.394s] Level 1:colcon.colcon_core.environment:checking '/home/yuichi-katagiri/Subjects/Robotics/ex01/install/move_to_goal/bin'
[1.394s] Level 1:colcon.colcon_core.environment:create_environment_scripts_only(move_to_goal)
[1.395s] INFO:colcon.colcon_core.shell:Creating package script '/home/yuichi-katagiri/Subjects/Robotics/ex01/install/move_to_goal/share/move_to_goal/package.ps1'
[1.395s] INFO:colcon.colcon_core.shell:Creating package descriptor '/home/yuichi-katagiri/Subjects/Robotics/ex01/install/move_to_goal/share/move_to_goal/package.dsv'
[1.396s] INFO:colcon.colcon_core.shell:Creating package script '/home/yuichi-katagiri/Subjects/Robotics/ex01/install/move_to_goal/share/move_to_goal/package.sh'
[1.397s] INFO:colcon.colcon_core.shell:Creating package script '/home/yuichi-katagiri/Subjects/Robotics/ex01/install/move_to_goal/share/move_to_goal/package.bash'
[1.397s] INFO:colcon.colcon_core.shell:Creating package script '/home/yuichi-katagiri/Subjects/Robotics/ex01/install/move_to_goal/share/move_to_goal/package.zsh'
[1.398s] Level 1:colcon.colcon_core.environment:create_file_with_runtime_dependencies(/home/yuichi-katagiri/Subjects/Robotics/ex01/install/move_to_goal/share/colcon-core/packages/move_to_goal)
[1.399s] Level 1:colcon.colcon_core.environment:checking '/home/yuichi-katagiri/Subjects/Robotics/ex01/install/service_full_name' for CMake module files
[1.400s] DEBUG:colcon.colcon_core.event_handler.log_command:Invoked command in '/home/yuichi-katagiri/Subjects/Robotics/ex01/src/service_full_name' returned '0': PYTHONPATH=/home/yuichi-katagiri/Subjects/Robotics/ex01/build/service_full_name/prefix_override:/usr/lib/python3/dist-packages/colcon_core/task/python/colcon_distutils_commands:/home/yuichi-katagiri/Subjects/Robotics/ex01/install/service_full_name/lib/python3.10/site-packages:${PYTHONPATH} /usr/bin/python3 -W ignore:setup.py install is deprecated setup.py egg_info --egg-base ../../build/service_full_name build --build-base /home/yuichi-katagiri/Subjects/Robotics/ex01/build/service_full_name/build install --record /home/yuichi-katagiri/Subjects/Robotics/ex01/build/service_full_name/install.log --single-version-externally-managed install_data
[1.400s] Level 1:colcon.colcon_core.environment:checking '/home/yuichi-katagiri/Subjects/Robotics/ex01/install/service_full_name' for CMake config files
[1.401s] Level 1:colcon.colcon_core.environment:checking '/home/yuichi-katagiri/Subjects/Robotics/ex01/install/service_full_name/lib'
[1.401s] Level 1:colcon.colcon_core.environment:checking '/home/yuichi-katagiri/Subjects/Robotics/ex01/install/service_full_name/bin'
[1.401s] Level 1:colcon.colcon_core.environment:checking '/home/yuichi-katagiri/Subjects/Robotics/ex01/install/service_full_name/lib/pkgconfig/service_full_name.pc'
[1.401s] Level 1:colcon.colcon_core.environment:checking '/home/yuichi-katagiri/Subjects/Robotics/ex01/install/service_full_name/lib/python3.10/site-packages'
[1.401s] Level 1:colcon.colcon_core.shell:create_environment_hook('service_full_name', 'pythonpath')
[1.401s] INFO:colcon.colcon_core.shell:Creating environment hook '/home/yuichi-katagiri/Subjects/Robotics/ex01/install/service_full_name/share/service_full_name/hook/pythonpath.ps1'
[1.401s] INFO:colcon.colcon_core.shell:Creating environment descriptor '/home/yuichi-katagiri/Subjects/Robotics/ex01/install/service_full_name/share/service_full_name/hook/pythonpath.dsv'
[1.402s] INFO:colcon.colcon_core.shell:Creating environment hook '/home/yuichi-katagiri/Subjects/Robotics/ex01/install/service_full_name/share/service_full_name/hook/pythonpath.sh'
[1.402s] Level 1:colcon.colcon_core.environment:checking '/home/yuichi-katagiri/Subjects/Robotics/ex01/install/service_full_name/bin'
[1.402s] Level 1:colcon.colcon_core.environment:create_environment_scripts_only(service_full_name)
[1.403s] INFO:colcon.colcon_core.shell:Creating package script '/home/yuichi-katagiri/Subjects/Robotics/ex01/install/service_full_name/share/service_full_name/package.ps1'
[1.403s] INFO:colcon.colcon_core.shell:Creating package descriptor '/home/yuichi-katagiri/Subjects/Robotics/ex01/install/service_full_name/share/service_full_name/package.dsv'
[1.403s] INFO:colcon.colcon_core.shell:Creating package script '/home/yuichi-katagiri/Subjects/Robotics/ex01/install/service_full_name/share/service_full_name/package.sh'
[1.404s] INFO:colcon.colcon_core.shell:Creating package script '/home/yuichi-katagiri/Subjects/Robotics/ex01/install/service_full_name/share/service_full_name/package.bash'
[1.404s] INFO:colcon.colcon_core.shell:Creating package script '/home/yuichi-katagiri/Subjects/Robotics/ex01/install/service_full_name/share/service_full_name/package.zsh'
[1.404s] Level 1:colcon.colcon_core.environment:create_file_with_runtime_dependencies(/home/yuichi-katagiri/Subjects/Robotics/ex01/install/service_full_name/share/colcon-core/packages/service_full_name)
[1.405s] DEBUG:colcon.colcon_parallel_executor.executor.parallel:closing loop
[1.405s] DEBUG:colcon.colcon_parallel_executor.executor.parallel:loop closed
[1.405s] DEBUG:colcon.colcon_parallel_executor.executor.parallel:run_until_complete finished with '0'
[1.405s] DEBUG:colcon.colcon_core.event_reactor:joining thread
[1.410s] INFO:colcon.colcon_core.plugin_system:Skipping extension 'colcon_notification.desktop_notification.terminal_notifier': Not used on non-Darwin systems
[1.410s] INFO:colcon.colcon_core.plugin_system:Skipping extension 'colcon_notification.desktop_notification.win32': Not used on non-Windows systems
[1.410s] INFO:colcon.colcon_notification.desktop_notification:Sending desktop notification using 'notify2'
[1.420s] DEBUG:colcon.colcon_core.event_reactor:joined thread
[1.420s] INFO:colcon.colcon_core.shell:Creating prefix script '/home/yuichi-katagiri/Subjects/Robotics/ex01/install/local_setup.ps1'
[1.421s] INFO:colcon.colcon_core.shell:Creating prefix util module '/home/yuichi-katagiri/Subjects/Robotics/ex01/install/_local_setup_util_ps1.py'
[1.422s] INFO:colcon.colcon_core.shell:Creating prefix chain script '/home/yuichi-katagiri/Subjects/Robotics/ex01/install/setup.ps1'
[1.423s] INFO:colcon.colcon_core.shell:Creating prefix script '/home/yuichi-katagiri/Subjects/Robotics/ex01/install/local_setup.sh'
[1.424s] INFO:colcon.colcon_core.shell:Creating prefix util module '/home/yuichi-katagiri/Subjects/Robotics/ex01/install/_local_setup_util_sh.py'
[1.424s] INFO:colcon.colcon_core.shell:Creating prefix chain script '/home/yuichi-katagiri/Subjects/Robotics/ex01/install/setup.sh'
[1.426s] INFO:colcon.colcon_core.shell:Creating prefix script '/home/yuichi-katagiri/Subjects/Robotics/ex01/install/local_setup.bash'
[1.426s] INFO:colcon.colcon_core.shell:Creating prefix chain script '/home/yuichi-katagiri/Subjects/Robotics/ex01/install/setup.bash'
[1.428s] INFO:colcon.colcon_core.shell:Creating prefix script '/home/yuichi-katagiri/Subjects/Robotics/ex01/install/local_setup.zsh'
[1.428s] INFO:colcon.colcon_core.shell:Creating prefix chain script '/home/yuichi-katagiri/Subjects/Robotics/ex01/install/setup.zsh'
