-- Found ament_cmake: 1.3.10 (/opt/ros/humble/share/ament_cmake/cmake)
-- Found rosidl_default_generators: 1.2.0 (/opt/ros/humble/share/rosidl_default_generators/cmake)
-- Using all available rosidl_typesupport_c: rosidl_typesupport_fastrtps_c;rosidl_typesupport_introspection_c
-- Found rosidl_adapter: 3.1.5 (/opt/ros/humble/share/rosidl_adapter/cmake)
-- Using all available rosidl_typesupport_cpp: rosidl_typesupport_fastrtps_cpp;rosidl_typesupport_introspection_cpp
-- Found ament_cmake_ros: 0.10.0 (/opt/ros/humble/share/ament_cmake_ros/cmake)
-- Using all available rosidl_typesupport_c: rosidl_typesupport_fastrtps_c;rosidl_typesupport_introspection_c
-- Using all available rosidl_typesupport_cpp: rosidl_typesupport_fastrtps_cpp;rosidl_typesupport_introspection_cpp
-- Found python_cmake_module: 0.10.0 (/opt/ros/humble/share/python_cmake_module/cmake)
-- Using PYTHON_EXECUTABLE: /usr/bin/python3
-- Using PYTHON_INCLUDE_DIRS: /usr/include/python3.10
-- Using PYTHON_LIBRARIES: /usr/lib/x86_64-linux-gnu/libpython3.10.so
-- Configuring done
-- Generating done
-- Build files have been written to: /home/yuichi-katagiri/Subjects/Robotics/ex02/build/example_interfaces
[  3%] [34m[1mGenerating C code for ROS interfaces[0m
[  6%] [34m[1mGenerating C++ code for ROS interfaces[0m
[  6%] Built target ament_cmake_python_copy_example_interfaces
running egg_info
writing example_interfaces.egg-info/PKG-INFO
writing dependency_links to example_interfaces.egg-info/dependency_links.txt
writing top-level names to example_interfaces.egg-info/top_level.txt
reading manifest file 'example_interfaces.egg-info/SOURCES.txt'
writing manifest file 'example_interfaces.egg-info/SOURCES.txt'
[  6%] Built target ament_cmake_python_build_example_interfaces_egg
[35m[1mConsolidate compiler generated dependencies of target example_interfaces__rosidl_generator_c[0m
[  6%] Built target example_interfaces__cpp
[ 19%] [34m[1mGenerating C++ introspection for ROS interfaces[0m
[ 19%] [34m[1mGenerating C++ type support for eProsima Fast-RTPS[0m
[ 19%] [32mBuilding C object CMakeFiles/example_interfaces__rosidl_generator_c.dir/rosidl_generator_c/example_interfaces/action/detail/message_turtle_commands__functions.c.o[0m
[ 19%] [34m[1mGenerating C++ type support dispatch for ROS interfaces[0m
[ 22%] [32m[1mLinking C shared library libexample_interfaces__rosidl_generator_c.so[0m
[ 22%] Built target example_interfaces__rosidl_generator_c
[ 25%] [34m[1mGenerating C type support for eProsima Fast-RTPS[0m
[ 32%] [34m[1mGenerating C introspection for ROS interfaces[0m
[ 32%] [34m[1mGenerating C type support dispatch for ROS interfaces[0m
[35m[1mConsolidate compiler generated dependencies of target example_interfaces__rosidl_typesupport_introspection_cpp[0m
[35m[1mConsolidate compiler generated dependencies of target example_interfaces__rosidl_typesupport_cpp[0m
[ 35%] [32mBuilding CXX object CMakeFiles/example_interfaces__rosidl_typesupport_introspection_cpp.dir/rosidl_typesupport_introspection_cpp/example_interfaces/action/detail/message_turtle_commands__type_support.cpp.o[0m
[ 38%] [32mBuilding CXX object CMakeFiles/example_interfaces__rosidl_typesupport_cpp.dir/rosidl_typesupport_cpp/example_interfaces/action/message_turtle_commands__type_support.cpp.o[0m
[35m[1mConsolidate compiler generated dependencies of target example_interfaces__rosidl_typesupport_fastrtps_cpp[0m
[ 41%] [32mBuilding CXX object CMakeFiles/example_interfaces__rosidl_typesupport_fastrtps_cpp.dir/rosidl_typesupport_fastrtps_cpp/example_interfaces/action/detail/dds_fastrtps/message_turtle_commands__type_support.cpp.o[0m
[35m[1mConsolidate compiler generated dependencies of target example_interfaces__rosidl_typesupport_introspection_c[0m
[ 45%] [32mBuilding C object CMakeFiles/example_interfaces__rosidl_typesupport_introspection_c.dir/rosidl_typesupport_introspection_c/example_interfaces/action/detail/message_turtle_commands__type_support.c.o[0m
[35m[1mConsolidate compiler generated dependencies of target example_interfaces__rosidl_typesupport_c[0m
[ 48%] [32mBuilding CXX object CMakeFiles/example_interfaces__rosidl_typesupport_c.dir/rosidl_typesupport_c/example_interfaces/action/message_turtle_commands__type_support.cpp.o[0m
[ 51%] [32m[1mLinking C shared library libexample_interfaces__rosidl_typesupport_introspection_c.so[0m
[ 51%] Built target example_interfaces__rosidl_typesupport_introspection_c
[ 54%] [32m[1mLinking CXX shared library libexample_interfaces__rosidl_typesupport_c.so[0m
[ 54%] Built target example_interfaces__rosidl_typesupport_c
[35m[1mConsolidate compiler generated dependencies of target example_interfaces__rosidl_typesupport_fastrtps_c[0m
[ 58%] [32mBuilding CXX object CMakeFiles/example_interfaces__rosidl_typesupport_fastrtps_c.dir/rosidl_typesupport_fastrtps_c/example_interfaces/action/detail/message_turtle_commands__type_support_c.cpp.o[0m
[ 61%] [32m[1mLinking CXX shared library libexample_interfaces__rosidl_typesupport_cpp.so[0m
[ 61%] Built target example_interfaces__rosidl_typesupport_cpp
[ 64%] [32m[1mLinking CXX shared library libexample_interfaces__rosidl_typesupport_fastrtps_cpp.so[0m
[ 64%] Built target example_interfaces__rosidl_typesupport_fastrtps_cpp
[ 67%] [32m[1mLinking CXX shared library libexample_interfaces__rosidl_typesupport_introspection_cpp.so[0m
[ 67%] Built target example_interfaces__rosidl_typesupport_introspection_cpp
[ 70%] [32m[1mLinking CXX shared library libexample_interfaces__rosidl_typesupport_fastrtps_c.so[0m
[ 70%] Built target example_interfaces__rosidl_typesupport_fastrtps_c
[ 70%] Built target example_interfaces
[ 74%] [34m[1mGenerating Python code for ROS interfaces[0m
[ 74%] Built target example_interfaces__py
[35m[1mConsolidate compiler generated dependencies of target example_interfaces__rosidl_generator_py[0m
[ 77%] [32mBuilding C object CMakeFiles/example_interfaces__rosidl_generator_py.dir/rosidl_generator_py/example_interfaces/action/_message_turtle_commands_s.c.o[0m
[ 80%] [32m[1mLinking C shared library rosidl_generator_py/example_interfaces/libexample_interfaces__rosidl_generator_py.so[0m
[ 80%] Built target example_interfaces__rosidl_generator_py
[35m[1mConsolidate compiler generated dependencies of target example_interfaces__rosidl_typesupport_introspection_c__pyext[0m
[35m[1mConsolidate compiler generated dependencies of target example_interfaces__rosidl_typesupport_c__pyext[0m
[35m[1mConsolidate compiler generated dependencies of target example_interfaces__rosidl_typesupport_fastrtps_c__pyext[0m
[ 90%] [32mBuilding C object CMakeFiles/example_interfaces__rosidl_typesupport_introspection_c__pyext.dir/rosidl_generator_py/example_interfaces/_example_interfaces_s.ep.rosidl_typesupport_introspection_c.c.o[0m
[ 90%] [32mBuilding C object CMakeFiles/example_interfaces__rosidl_typesupport_fastrtps_c__pyext.dir/rosidl_generator_py/example_interfaces/_example_interfaces_s.ep.rosidl_typesupport_fastrtps_c.c.o[0m
[ 90%] [32mBuilding C object CMakeFiles/example_interfaces__rosidl_typesupport_c__pyext.dir/rosidl_generator_py/example_interfaces/_example_interfaces_s.ep.rosidl_typesupport_c.c.o[0m
[100%] [32m[1mLinking C shared library rosidl_generator_py/example_interfaces/example_interfaces_s__rosidl_typesupport_fastrtps_c.cpython-310-x86_64-linux-gnu.so[0m
[100%] [32m[1mLinking C shared library rosidl_generator_py/example_interfaces/example_interfaces_s__rosidl_typesupport_introspection_c.cpython-310-x86_64-linux-gnu.so[0m
[100%] [32m[1mLinking C shared library rosidl_generator_py/example_interfaces/example_interfaces_s__rosidl_typesupport_c.cpython-310-x86_64-linux-gnu.so[0m
[100%] Built target example_interfaces__rosidl_typesupport_introspection_c__pyext
[100%] Built target example_interfaces__rosidl_typesupport_fastrtps_c__pyext
[100%] Built target example_interfaces__rosidl_typesupport_c__pyext
-- Install configuration: ""
-- Up-to-date: /home/yuichi-katagiri/Subjects/Robotics/ex02/install/example_interfaces/share/ament_index/resource_index/rosidl_interfaces/example_interfaces
-- Up-to-date: /home/yuichi-katagiri/Subjects/Robotics/ex02/install/example_interfaces/include/example_interfaces/example_interfaces
-- Up-to-date: /home/yuichi-katagiri/Subjects/Robotics/ex02/install/example_interfaces/include/example_interfaces/example_interfaces/action
-- Up-to-date: /home/yuichi-katagiri/Subjects/Robotics/ex02/install/example_interfaces/include/example_interfaces/example_interfaces/action/detail
-- Installing: /home/yuichi-katagiri/Subjects/Robotics/ex02/install/example_interfaces/include/example_interfaces/example_interfaces/action/detail/message_turtle_commands__type_support.h
-- Installing: /home/yuichi-katagiri/Subjects/Robotics/ex02/install/example_interfaces/include/example_interfaces/example_interfaces/action/detail/message_turtle_commands__functions.c
-- Installing: /home/yuichi-katagiri/Subjects/Robotics/ex02/install/example_interfaces/include/example_interfaces/example_interfaces/action/detail/message_turtle_commands__functions.h
-- Installing: /home/yuichi-katagiri/Subjects/Robotics/ex02/install/example_interfaces/include/example_interfaces/example_interfaces/action/detail/message_turtle_commands__struct.h
-- Installing: /home/yuichi-katagiri/Subjects/Robotics/ex02/install/example_interfaces/include/example_interfaces/example_interfaces/action/message_turtle_commands.h
-- Up-to-date: /home/yuichi-katagiri/Subjects/Robotics/ex02/install/example_interfaces/include/example_interfaces/example_interfaces/msg
-- Up-to-date: /home/yuichi-katagiri/Subjects/Robotics/ex02/install/example_interfaces/include/example_interfaces/example_interfaces/msg/rosidl_generator_c__visibility_control.h
-- Up-to-date: /home/yuichi-katagiri/Subjects/Robotics/ex02/install/example_interfaces/share/example_interfaces/environment/library_path.sh
-- Installing: /home/yuichi-katagiri/Subjects/Robotics/ex02/install/example_interfaces/share/example_interfaces/environment/library_path.dsv
-- Installing: /home/yuichi-katagiri/Subjects/Robotics/ex02/install/example_interfaces/lib/libexample_interfaces__rosidl_generator_c.so
-- Set runtime path of "/home/yuichi-katagiri/Subjects/Robotics/ex02/install/example_interfaces/lib/libexample_interfaces__rosidl_generator_c.so" to ""
-- Up-to-date: /home/yuichi-katagiri/Subjects/Robotics/ex02/install/example_interfaces/include/example_interfaces/example_interfaces
-- Up-to-date: /home/yuichi-katagiri/Subjects/Robotics/ex02/install/example_interfaces/include/example_interfaces/example_interfaces/action
-- Up-to-date: /home/yuichi-katagiri/Subjects/Robotics/ex02/install/example_interfaces/include/example_interfaces/example_interfaces/action/detail
-- Installing: /home/yuichi-katagiri/Subjects/Robotics/ex02/install/example_interfaces/include/example_interfaces/example_interfaces/action/detail/message_turtle_commands__rosidl_typesupport_fastrtps_c.h
-- Up-to-date: /home/yuichi-katagiri/Subjects/Robotics/ex02/install/example_interfaces/include/example_interfaces/example_interfaces/msg
-- Up-to-date: /home/yuichi-katagiri/Subjects/Robotics/ex02/install/example_interfaces/include/example_interfaces/example_interfaces/msg/rosidl_typesupport_fastrtps_c__visibility_control.h
-- Installing: /home/yuichi-katagiri/Subjects/Robotics/ex02/install/example_interfaces/lib/libexample_interfaces__rosidl_typesupport_fastrtps_c.so
-- Set runtime path of "/home/yuichi-katagiri/Subjects/Robotics/ex02/install/example_interfaces/lib/libexample_interfaces__rosidl_typesupport_fastrtps_c.so" to ""
-- Up-to-date: /home/yuichi-katagiri/Subjects/Robotics/ex02/install/example_interfaces/include/example_interfaces/example_interfaces
-- Up-to-date: /home/yuichi-katagiri/Subjects/Robotics/ex02/install/example_interfaces/include/example_interfaces/example_interfaces/action
-- Up-to-date: /home/yuichi-katagiri/Subjects/Robotics/ex02/install/example_interfaces/include/example_interfaces/example_interfaces/action/detail
-- Installing: /home/yuichi-katagiri/Subjects/Robotics/ex02/install/example_interfaces/include/example_interfaces/example_interfaces/action/detail/message_turtle_commands__type_support.c
-- Installing: /home/yuichi-katagiri/Subjects/Robotics/ex02/install/example_interfaces/include/example_interfaces/example_interfaces/action/detail/message_turtle_commands__rosidl_typesupport_introspection_c.h
-- Up-to-date: /home/yuichi-katagiri/Subjects/Robotics/ex02/install/example_interfaces/include/example_interfaces/example_interfaces/msg
-- Up-to-date: /home/yuichi-katagiri/Subjects/Robotics/ex02/install/example_interfaces/include/example_interfaces/example_interfaces/msg/rosidl_typesupport_introspection_c__visibility_control.h
-- Installing: /home/yuichi-katagiri/Subjects/Robotics/ex02/install/example_interfaces/lib/libexample_interfaces__rosidl_typesupport_introspection_c.so
-- Set runtime path of "/home/yuichi-katagiri/Subjects/Robotics/ex02/install/example_interfaces/lib/libexample_interfaces__rosidl_typesupport_introspection_c.so" to ""
-- Installing: /home/yuichi-katagiri/Subjects/Robotics/ex02/install/example_interfaces/lib/libexample_interfaces__rosidl_typesupport_c.so
-- Set runtime path of "/home/yuichi-katagiri/Subjects/Robotics/ex02/install/example_interfaces/lib/libexample_interfaces__rosidl_typesupport_c.so" to ""
-- Up-to-date: /home/yuichi-katagiri/Subjects/Robotics/ex02/install/example_interfaces/include/example_interfaces/example_interfaces
-- Up-to-date: /home/yuichi-katagiri/Subjects/Robotics/ex02/install/example_interfaces/include/example_interfaces/example_interfaces/action
-- Up-to-date: /home/yuichi-katagiri/Subjects/Robotics/ex02/install/example_interfaces/include/example_interfaces/example_interfaces/action/detail
-- Installing: /home/yuichi-katagiri/Subjects/Robotics/ex02/install/example_interfaces/include/example_interfaces/example_interfaces/action/detail/message_turtle_commands__struct.hpp
-- Installing: /home/yuichi-katagiri/Subjects/Robotics/ex02/install/example_interfaces/include/example_interfaces/example_interfaces/action/detail/message_turtle_commands__traits.hpp
-- Installing: /home/yuichi-katagiri/Subjects/Robotics/ex02/install/example_interfaces/include/example_interfaces/example_interfaces/action/detail/message_turtle_commands__builder.hpp
-- Installing: /home/yuichi-katagiri/Subjects/Robotics/ex02/install/example_interfaces/include/example_interfaces/example_interfaces/action/message_turtle_commands.hpp
-- Up-to-date: /home/yuichi-katagiri/Subjects/Robotics/ex02/install/example_interfaces/include/example_interfaces/example_interfaces
-- Up-to-date: /home/yuichi-katagiri/Subjects/Robotics/ex02/install/example_interfaces/include/example_interfaces/example_interfaces/action
-- Up-to-date: /home/yuichi-katagiri/Subjects/Robotics/ex02/install/example_interfaces/include/example_interfaces/example_interfaces/action/detail
-- Installing: /home/yuichi-katagiri/Subjects/Robotics/ex02/install/example_interfaces/include/example_interfaces/example_interfaces/action/detail/message_turtle_commands__rosidl_typesupport_fastrtps_cpp.hpp
-- Up-to-date: /home/yuichi-katagiri/Subjects/Robotics/ex02/install/example_interfaces/include/example_interfaces/example_interfaces/action/detail/dds_fastrtps
-- Up-to-date: /home/yuichi-katagiri/Subjects/Robotics/ex02/install/example_interfaces/include/example_interfaces/example_interfaces/msg
-- Up-to-date: /home/yuichi-katagiri/Subjects/Robotics/ex02/install/example_interfaces/include/example_interfaces/example_interfaces/msg/rosidl_typesupport_fastrtps_cpp__visibility_control.h
-- Installing: /home/yuichi-katagiri/Subjects/Robotics/ex02/install/example_interfaces/lib/libexample_interfaces__rosidl_typesupport_fastrtps_cpp.so
-- Set runtime path of "/home/yuichi-katagiri/Subjects/Robotics/ex02/install/example_interfaces/lib/libexample_interfaces__rosidl_typesupport_fastrtps_cpp.so" to ""
-- Up-to-date: /home/yuichi-katagiri/Subjects/Robotics/ex02/install/example_interfaces/include/example_interfaces/example_interfaces
-- Up-to-date: /home/yuichi-katagiri/Subjects/Robotics/ex02/install/example_interfaces/include/example_interfaces/example_interfaces/action
-- Up-to-date: /home/yuichi-katagiri/Subjects/Robotics/ex02/install/example_interfaces/include/example_interfaces/example_interfaces/action/detail
-- Installing: /home/yuichi-katagiri/Subjects/Robotics/ex02/install/example_interfaces/include/example_interfaces/example_interfaces/action/detail/message_turtle_commands__type_support.cpp
-- Installing: /home/yuichi-katagiri/Subjects/Robotics/ex02/install/example_interfaces/include/example_interfaces/example_interfaces/action/detail/message_turtle_commands__rosidl_typesupport_introspection_cpp.hpp
-- Installing: /home/yuichi-katagiri/Subjects/Robotics/ex02/install/example_interfaces/lib/libexample_interfaces__rosidl_typesupport_introspection_cpp.so
-- Set runtime path of "/home/yuichi-katagiri/Subjects/Robotics/ex02/install/example_interfaces/lib/libexample_interfaces__rosidl_typesupport_introspection_cpp.so" to ""
-- Installing: /home/yuichi-katagiri/Subjects/Robotics/ex02/install/example_interfaces/lib/libexample_interfaces__rosidl_typesupport_cpp.so
-- Set runtime path of "/home/yuichi-katagiri/Subjects/Robotics/ex02/install/example_interfaces/lib/libexample_interfaces__rosidl_typesupport_cpp.so" to ""
-- Up-to-date: /home/yuichi-katagiri/Subjects/Robotics/ex02/install/example_interfaces/share/example_interfaces/environment/pythonpath.sh
-- Installing: /home/yuichi-katagiri/Subjects/Robotics/ex02/install/example_interfaces/share/example_interfaces/environment/pythonpath.dsv
-- Up-to-date: /home/yuichi-katagiri/Subjects/Robotics/ex02/install/example_interfaces/local/lib/python3.10/dist-packages/example_interfaces-0.13.0-py3.10.egg-info
-- Installing: /home/yuichi-katagiri/Subjects/Robotics/ex02/install/example_interfaces/local/lib/python3.10/dist-packages/example_interfaces-0.13.0-py3.10.egg-info/PKG-INFO
-- Installing: /home/yuichi-katagiri/Subjects/Robotics/ex02/install/example_interfaces/local/lib/python3.10/dist-packages/example_interfaces-0.13.0-py3.10.egg-info/SOURCES.txt
-- Installing: /home/yuichi-katagiri/Subjects/Robotics/ex02/install/example_interfaces/local/lib/python3.10/dist-packages/example_interfaces-0.13.0-py3.10.egg-info/dependency_links.txt
-- Installing: /home/yuichi-katagiri/Subjects/Robotics/ex02/install/example_interfaces/local/lib/python3.10/dist-packages/example_interfaces-0.13.0-py3.10.egg-info/top_level.txt
-- Up-to-date: /home/yuichi-katagiri/Subjects/Robotics/ex02/install/example_interfaces/local/lib/python3.10/dist-packages/example_interfaces
-- Up-to-date: /home/yuichi-katagiri/Subjects/Robotics/ex02/install/example_interfaces/local/lib/python3.10/dist-packages/example_interfaces/action
-- Installing: /home/yuichi-katagiri/Subjects/Robotics/ex02/install/example_interfaces/local/lib/python3.10/dist-packages/example_interfaces/action/_message_turtle_commands_s.c
-- Installing: /home/yuichi-katagiri/Subjects/Robotics/ex02/install/example_interfaces/local/lib/python3.10/dist-packages/example_interfaces/action/__init__.py
-- Installing: /home/yuichi-katagiri/Subjects/Robotics/ex02/install/example_interfaces/local/lib/python3.10/dist-packages/example_interfaces/action/_message_turtle_commands.py
-- Installing: /home/yuichi-katagiri/Subjects/Robotics/ex02/install/example_interfaces/local/lib/python3.10/dist-packages/example_interfaces/example_interfaces_s__rosidl_typesupport_fastrtps_c.cpython-310-x86_64-linux-gnu.so
-- Installing: /home/yuichi-katagiri/Subjects/Robotics/ex02/install/example_interfaces/local/lib/python3.10/dist-packages/example_interfaces/_example_interfaces_s.ep.rosidl_typesupport_c.c
-- Installing: /home/yuichi-katagiri/Subjects/Robotics/ex02/install/example_interfaces/local/lib/python3.10/dist-packages/example_interfaces/example_interfaces_s__rosidl_typesupport_c.cpython-310-x86_64-linux-gnu.so
-- Installing: /home/yuichi-katagiri/Subjects/Robotics/ex02/install/example_interfaces/local/lib/python3.10/dist-packages/example_interfaces/_example_interfaces_s.ep.rosidl_typesupport_introspection_c.c
-- Installing: /home/yuichi-katagiri/Subjects/Robotics/ex02/install/example_interfaces/local/lib/python3.10/dist-packages/example_interfaces/_example_interfaces_s.ep.rosidl_typesupport_fastrtps_c.c
-- Installing: /home/yuichi-katagiri/Subjects/Robotics/ex02/install/example_interfaces/local/lib/python3.10/dist-packages/example_interfaces/libexample_interfaces__rosidl_generator_py.so
-- Installing: /home/yuichi-katagiri/Subjects/Robotics/ex02/install/example_interfaces/local/lib/python3.10/dist-packages/example_interfaces/example_interfaces_s__rosidl_typesupport_introspection_c.cpython-310-x86_64-linux-gnu.so
-- Installing: /home/yuichi-katagiri/Subjects/Robotics/ex02/install/example_interfaces/local/lib/python3.10/dist-packages/example_interfaces/__init__.py
Listing '/home/yuichi-katagiri/Subjects/Robotics/ex02/install/example_interfaces/local/lib/python3.10/dist-packages/example_interfaces'...
Compiling '/home/yuichi-katagiri/Subjects/Robotics/ex02/install/example_interfaces/local/lib/python3.10/dist-packages/example_interfaces/__init__.py'...
Listing '/home/yuichi-katagiri/Subjects/Robotics/ex02/install/example_interfaces/local/lib/python3.10/dist-packages/example_interfaces/action'...
Compiling '/home/yuichi-katagiri/Subjects/Robotics/ex02/install/example_interfaces/local/lib/python3.10/dist-packages/example_interfaces/action/__init__.py'...
Compiling '/home/yuichi-katagiri/Subjects/Robotics/ex02/install/example_interfaces/local/lib/python3.10/dist-packages/example_interfaces/action/_message_turtle_commands.py'...
-- Installing: /home/yuichi-katagiri/Subjects/Robotics/ex02/install/example_interfaces/local/lib/python3.10/dist-packages/example_interfaces/example_interfaces_s__rosidl_typesupport_fastrtps_c.cpython-310-x86_64-linux-gnu.so
-- Set runtime path of "/home/yuichi-katagiri/Subjects/Robotics/ex02/install/example_interfaces/local/lib/python3.10/dist-packages/example_interfaces/example_interfaces_s__rosidl_typesupport_fastrtps_c.cpython-310-x86_64-linux-gnu.so" to ""
-- Installing: /home/yuichi-katagiri/Subjects/Robotics/ex02/install/example_interfaces/local/lib/python3.10/dist-packages/example_interfaces/example_interfaces_s__rosidl_typesupport_introspection_c.cpython-310-x86_64-linux-gnu.so
-- Set runtime path of "/home/yuichi-katagiri/Subjects/Robotics/ex02/install/example_interfaces/local/lib/python3.10/dist-packages/example_interfaces/example_interfaces_s__rosidl_typesupport_introspection_c.cpython-310-x86_64-linux-gnu.so" to ""
-- Installing: /home/yuichi-katagiri/Subjects/Robotics/ex02/install/example_interfaces/local/lib/python3.10/dist-packages/example_interfaces/example_interfaces_s__rosidl_typesupport_c.cpython-310-x86_64-linux-gnu.so
-- Set runtime path of "/home/yuichi-katagiri/Subjects/Robotics/ex02/install/example_interfaces/local/lib/python3.10/dist-packages/example_interfaces/example_interfaces_s__rosidl_typesupport_c.cpython-310-x86_64-linux-gnu.so" to ""
-- Installing: /home/yuichi-katagiri/Subjects/Robotics/ex02/install/example_interfaces/lib/libexample_interfaces__rosidl_generator_py.so
-- Set runtime path of "/home/yuichi-katagiri/Subjects/Robotics/ex02/install/example_interfaces/lib/libexample_interfaces__rosidl_generator_py.so" to ""
-- Installing: /home/yuichi-katagiri/Subjects/Robotics/ex02/install/example_interfaces/share/example_interfaces/action/MessageTurtleCommands.idl
-- Installing: /home/yuichi-katagiri/Subjects/Robotics/ex02/install/example_interfaces/share/example_interfaces/action/MessageTurtleCommands.action
-- Up-to-date: /home/yuichi-katagiri/Subjects/Robotics/ex02/install/example_interfaces/share/example_interfaces/mapping_rules.yaml
-- Up-to-date: /home/yuichi-katagiri/Subjects/Robotics/ex02/install/example_interfaces/share/ament_index/resource_index/package_run_dependencies/example_interfaces
-- Installing: /home/yuichi-katagiri/Subjects/Robotics/ex02/install/example_interfaces/share/ament_index/resource_index/parent_prefix_path/example_interfaces
-- Up-to-date: /home/yuichi-katagiri/Subjects/Robotics/ex02/install/example_interfaces/share/example_interfaces/environment/ament_prefix_path.sh
-- Installing: /home/yuichi-katagiri/Subjects/Robotics/ex02/install/example_interfaces/share/example_interfaces/environment/ament_prefix_path.dsv
-- Up-to-date: /home/yuichi-katagiri/Subjects/Robotics/ex02/install/example_interfaces/share/example_interfaces/environment/path.sh
-- Installing: /home/yuichi-katagiri/Subjects/Robotics/ex02/install/example_interfaces/share/example_interfaces/environment/path.dsv
-- Up-to-date: /home/yuichi-katagiri/Subjects/Robotics/ex02/install/example_interfaces/share/example_interfaces/local_setup.bash
-- Up-to-date: /home/yuichi-katagiri/Subjects/Robotics/ex02/install/example_interfaces/share/example_interfaces/local_setup.sh
-- Up-to-date: /home/yuichi-katagiri/Subjects/Robotics/ex02/install/example_interfaces/share/example_interfaces/local_setup.zsh
-- Installing: /home/yuichi-katagiri/Subjects/Robotics/ex02/install/example_interfaces/share/example_interfaces/local_setup.dsv
-- Installing: /home/yuichi-katagiri/Subjects/Robotics/ex02/install/example_interfaces/share/example_interfaces/package.dsv
-- Up-to-date: /home/yuichi-katagiri/Subjects/Robotics/ex02/install/example_interfaces/share/ament_index/resource_index/packages/example_interfaces
-- Up-to-date: /home/yuichi-katagiri/Subjects/Robotics/ex02/install/example_interfaces/share/example_interfaces/cmake/export_example_interfaces__rosidl_generator_cExport.cmake
-- Up-to-date: /home/yuichi-katagiri/Subjects/Robotics/ex02/install/example_interfaces/share/example_interfaces/cmake/export_example_interfaces__rosidl_generator_cExport-noconfig.cmake
-- Up-to-date: /home/yuichi-katagiri/Subjects/Robotics/ex02/install/example_interfaces/share/example_interfaces/cmake/export_example_interfaces__rosidl_typesupport_fastrtps_cExport.cmake
-- Up-to-date: /home/yuichi-katagiri/Subjects/Robotics/ex02/install/example_interfaces/share/example_interfaces/cmake/export_example_interfaces__rosidl_typesupport_fastrtps_cExport-noconfig.cmake
-- Up-to-date: /home/yuichi-katagiri/Subjects/Robotics/ex02/install/example_interfaces/share/example_interfaces/cmake/example_interfaces__rosidl_typesupport_introspection_cExport.cmake
-- Up-to-date: /home/yuichi-katagiri/Subjects/Robotics/ex02/install/example_interfaces/share/example_interfaces/cmake/example_interfaces__rosidl_typesupport_introspection_cExport-noconfig.cmake
-- Up-to-date: /home/yuichi-katagiri/Subjects/Robotics/ex02/install/example_interfaces/share/example_interfaces/cmake/example_interfaces__rosidl_typesupport_cExport.cmake
-- Up-to-date: /home/yuichi-katagiri/Subjects/Robotics/ex02/install/example_interfaces/share/example_interfaces/cmake/example_interfaces__rosidl_typesupport_cExport-noconfig.cmake
-- Up-to-date: /home/yuichi-katagiri/Subjects/Robotics/ex02/install/example_interfaces/share/example_interfaces/cmake/export_example_interfaces__rosidl_generator_cppExport.cmake
-- Up-to-date: /home/yuichi-katagiri/Subjects/Robotics/ex02/install/example_interfaces/share/example_interfaces/cmake/export_example_interfaces__rosidl_typesupport_fastrtps_cppExport.cmake
-- Up-to-date: /home/yuichi-katagiri/Subjects/Robotics/ex02/install/example_interfaces/share/example_interfaces/cmake/export_example_interfaces__rosidl_typesupport_fastrtps_cppExport-noconfig.cmake
-- Up-to-date: /home/yuichi-katagiri/Subjects/Robotics/ex02/install/example_interfaces/share/example_interfaces/cmake/example_interfaces__rosidl_typesupport_introspection_cppExport.cmake
-- Up-to-date: /home/yuichi-katagiri/Subjects/Robotics/ex02/install/example_interfaces/share/example_interfaces/cmake/example_interfaces__rosidl_typesupport_introspection_cppExport-noconfig.cmake
-- Up-to-date: /home/yuichi-katagiri/Subjects/Robotics/ex02/install/example_interfaces/share/example_interfaces/cmake/example_interfaces__rosidl_typesupport_cppExport.cmake
-- Up-to-date: /home/yuichi-katagiri/Subjects/Robotics/ex02/install/example_interfaces/share/example_interfaces/cmake/example_interfaces__rosidl_typesupport_cppExport-noconfig.cmake
-- Up-to-date: /home/yuichi-katagiri/Subjects/Robotics/ex02/install/example_interfaces/share/example_interfaces/cmake/export_example_interfaces__rosidl_generator_pyExport.cmake
-- Up-to-date: /home/yuichi-katagiri/Subjects/Robotics/ex02/install/example_interfaces/share/example_interfaces/cmake/export_example_interfaces__rosidl_generator_pyExport-noconfig.cmake
-- Up-to-date: /home/yuichi-katagiri/Subjects/Robotics/ex02/install/example_interfaces/share/example_interfaces/cmake/rosidl_cmake-extras.cmake
-- Up-to-date: /home/yuichi-katagiri/Subjects/Robotics/ex02/install/example_interfaces/share/example_interfaces/cmake/ament_cmake_export_dependencies-extras.cmake
-- Up-to-date: /home/yuichi-katagiri/Subjects/Robotics/ex02/install/example_interfaces/share/example_interfaces/cmake/ament_cmake_export_include_directories-extras.cmake
-- Up-to-date: /home/yuichi-katagiri/Subjects/Robotics/ex02/install/example_interfaces/share/example_interfaces/cmake/ament_cmake_export_libraries-extras.cmake
-- Up-to-date: /home/yuichi-katagiri/Subjects/Robotics/ex02/install/example_interfaces/share/example_interfaces/cmake/ament_cmake_export_targets-extras.cmake
-- Up-to-date: /home/yuichi-katagiri/Subjects/Robotics/ex02/install/example_interfaces/share/example_interfaces/cmake/rosidl_cmake_export_typesupport_targets-extras.cmake
-- Up-to-date: /home/yuichi-katagiri/Subjects/Robotics/ex02/install/example_interfaces/share/example_interfaces/cmake/rosidl_cmake_export_typesupport_libraries-extras.cmake
-- Up-to-date: /home/yuichi-katagiri/Subjects/Robotics/ex02/install/example_interfaces/share/example_interfaces/cmake/example_interfacesConfig.cmake
-- Up-to-date: /home/yuichi-katagiri/Subjects/Robotics/ex02/install/example_interfaces/share/example_interfaces/cmake/example_interfacesConfig-version.cmake
-- Up-to-date: /home/yuichi-katagiri/Subjects/Robotics/ex02/install/example_interfaces/share/example_interfaces/package.xml
