[0.009s] Invoking command in '/home/yuichi-katagiri/Subjects/Robotics/ex02/build/example_interfaces': CMAKE_PREFIX_PATH=${CMAKE_PREFIX_PATH}:/home/yuichi-katagiri/Desktop/Предметы/Robotics/ex02/install/action_turtle_commands:/home/yuichi-katagiri/ros2_ws/install/tomodachi:/home/yuichi-katagiri/ros2_ws/install/manabu:/opt/ros/humble /usr/bin/cmake --build /home/yuichi-katagiri/Subjects/Robotics/ex02/build/example_interfaces -- -j8 -l8
[0.059s] -- Found ament_cmake: 1.3.10 (/opt/ros/humble/share/ament_cmake/cmake)
[0.190s] -- Found rosidl_default_generators: 1.2.0 (/opt/ros/humble/share/rosidl_default_generators/cmake)
[0.193s] -- Using all available rosidl_typesupport_c: rosidl_typesupport_fastrtps_c;rosidl_typesupport_introspection_c
[0.196s] -- Found rosidl_adapter: 3.1.5 (/opt/ros/humble/share/rosidl_adapter/cmake)
[0.229s] -- Using all available rosidl_typesupport_cpp: rosidl_typesupport_fastrtps_cpp;rosidl_typesupport_introspection_cpp
[0.551s] -- Found ament_cmake_ros: 0.10.0 (/opt/ros/humble/share/ament_cmake_ros/cmake)
[0.727s] -- Using all available rosidl_typesupport_c: rosidl_typesupport_fastrtps_c;rosidl_typesupport_introspection_c
[0.956s] -- Using all available rosidl_typesupport_cpp: rosidl_typesupport_fastrtps_cpp;rosidl_typesupport_introspection_cpp
[0.978s] -- Found python_cmake_module: 0.10.0 (/opt/ros/humble/share/python_cmake_module/cmake)
[1.000s] -- Using PYTHON_EXECUTABLE: /usr/bin/python3
[1.000s] -- Using PYTHON_INCLUDE_DIRS: /usr/include/python3.10
[1.000s] -- Using PYTHON_LIBRARIES: /usr/lib/x86_64-linux-gnu/libpython3.10.so
[1.026s] -- Configuring done
[1.062s] -- Generating done
[1.065s] -- Build files have been written to: /home/yuichi-katagiri/Subjects/Robotics/ex02/build/example_interfaces
[1.084s] [  3%] [34m[1mGenerating C code for ROS interfaces[0m
[1.092s] [  6%] [34m[1mGenerating C++ code for ROS interfaces[0m
[1.103s] [  6%] Built target ament_cmake_python_copy_example_interfaces
[1.339s] running egg_info
[1.339s] writing example_interfaces.egg-info/PKG-INFO
[1.340s] writing dependency_links to example_interfaces.egg-info/dependency_links.txt
[1.340s] writing top-level names to example_interfaces.egg-info/top_level.txt
[1.342s] reading manifest file 'example_interfaces.egg-info/SOURCES.txt'
[1.343s] writing manifest file 'example_interfaces.egg-info/SOURCES.txt'
[1.368s] [  6%] Built target ament_cmake_python_build_example_interfaces_egg
[1.542s] [35m[1mConsolidate compiler generated dependencies of target example_interfaces__rosidl_generator_c[0m
[1.545s] [  6%] Built target example_interfaces__cpp
[1.554s] [ 19%] [34m[1mGenerating C++ introspection for ROS interfaces[0m
[1.554s] [ 19%] [34m[1mGenerating C++ type support for eProsima Fast-RTPS[0m
[1.554s] [ 19%] [32mBuilding C object CMakeFiles/example_interfaces__rosidl_generator_c.dir/rosidl_generator_c/example_interfaces/action/detail/message_turtle_commands__functions.c.o[0m
[1.554s] [ 19%] [34m[1mGenerating C++ type support dispatch for ROS interfaces[0m
[1.741s] [ 22%] [32m[1mLinking C shared library libexample_interfaces__rosidl_generator_c.so[0m
[1.781s] [ 22%] Built target example_interfaces__rosidl_generator_c
[1.790s] [ 25%] [34m[1mGenerating C type support for eProsima Fast-RTPS[0m
[1.793s] [ 32%] [34m[1mGenerating C introspection for ROS interfaces[0m
[1.793s] [ 32%] [34m[1mGenerating C type support dispatch for ROS interfaces[0m
[1.946s] [35m[1mConsolidate compiler generated dependencies of target example_interfaces__rosidl_typesupport_introspection_cpp[0m
[1.958s] [35m[1mConsolidate compiler generated dependencies of target example_interfaces__rosidl_typesupport_cpp[0m
[1.966s] [ 35%] [32mBuilding CXX object CMakeFiles/example_interfaces__rosidl_typesupport_introspection_cpp.dir/rosidl_typesupport_introspection_cpp/example_interfaces/action/detail/message_turtle_commands__type_support.cpp.o[0m
[1.975s] [ 38%] [32mBuilding CXX object CMakeFiles/example_interfaces__rosidl_typesupport_cpp.dir/rosidl_typesupport_cpp/example_interfaces/action/message_turtle_commands__type_support.cpp.o[0m
[2.055s] [35m[1mConsolidate compiler generated dependencies of target example_interfaces__rosidl_typesupport_fastrtps_cpp[0m
[2.069s] [ 41%] [32mBuilding CXX object CMakeFiles/example_interfaces__rosidl_typesupport_fastrtps_cpp.dir/rosidl_typesupport_fastrtps_cpp/example_interfaces/action/detail/dds_fastrtps/message_turtle_commands__type_support.cpp.o[0m
[2.305s] [35m[1mConsolidate compiler generated dependencies of target example_interfaces__rosidl_typesupport_introspection_c[0m
[2.324s] [ 45%] [32mBuilding C object CMakeFiles/example_interfaces__rosidl_typesupport_introspection_c.dir/rosidl_typesupport_introspection_c/example_interfaces/action/detail/message_turtle_commands__type_support.c.o[0m
[2.387s] [35m[1mConsolidate compiler generated dependencies of target example_interfaces__rosidl_typesupport_c[0m
[2.399s] [ 48%] [32mBuilding CXX object CMakeFiles/example_interfaces__rosidl_typesupport_c.dir/rosidl_typesupport_c/example_interfaces/action/message_turtle_commands__type_support.cpp.o[0m
[2.412s] [ 51%] [32m[1mLinking C shared library libexample_interfaces__rosidl_typesupport_introspection_c.so[0m
[2.454s] [ 51%] Built target example_interfaces__rosidl_typesupport_introspection_c
[2.462s] [ 54%] [32m[1mLinking CXX shared library libexample_interfaces__rosidl_typesupport_c.so[0m
[2.506s] [ 54%] Built target example_interfaces__rosidl_typesupport_c
[2.516s] [35m[1mConsolidate compiler generated dependencies of target example_interfaces__rosidl_typesupport_fastrtps_c[0m
[2.528s] [ 58%] [32mBuilding CXX object CMakeFiles/example_interfaces__rosidl_typesupport_fastrtps_c.dir/rosidl_typesupport_fastrtps_c/example_interfaces/action/detail/message_turtle_commands__type_support_c.cpp.o[0m
[2.705s] [ 61%] [32m[1mLinking CXX shared library libexample_interfaces__rosidl_typesupport_cpp.so[0m
[2.745s] [ 61%] Built target example_interfaces__rosidl_typesupport_cpp
[2.753s] [ 64%] [32m[1mLinking CXX shared library libexample_interfaces__rosidl_typesupport_fastrtps_cpp.so[0m
[2.834s] [ 64%] Built target example_interfaces__rosidl_typesupport_fastrtps_cpp
[2.853s] [ 67%] [32m[1mLinking CXX shared library libexample_interfaces__rosidl_typesupport_introspection_cpp.so[0m
[2.929s] [ 67%] Built target example_interfaces__rosidl_typesupport_introspection_cpp
[2.940s] [ 70%] [32m[1mLinking CXX shared library libexample_interfaces__rosidl_typesupport_fastrtps_c.so[0m
[3.010s] [ 70%] Built target example_interfaces__rosidl_typesupport_fastrtps_c
[3.027s] [ 70%] Built target example_interfaces
[3.044s] [ 74%] [34m[1mGenerating Python code for ROS interfaces[0m
[3.754s] [ 74%] Built target example_interfaces__py
[3.762s] [35m[1mConsolidate compiler generated dependencies of target example_interfaces__rosidl_generator_py[0m
[3.775s] [ 77%] [32mBuilding C object CMakeFiles/example_interfaces__rosidl_generator_py.dir/rosidl_generator_py/example_interfaces/action/_message_turtle_commands_s.c.o[0m
[3.931s] [ 80%] [32m[1mLinking C shared library rosidl_generator_py/example_interfaces/libexample_interfaces__rosidl_generator_py.so[0m
[3.971s] [ 80%] Built target example_interfaces__rosidl_generator_py
[3.979s] [35m[1mConsolidate compiler generated dependencies of target example_interfaces__rosidl_typesupport_introspection_c__pyext[0m
[3.980s] [35m[1mConsolidate compiler generated dependencies of target example_interfaces__rosidl_typesupport_c__pyext[0m
[3.980s] [35m[1mConsolidate compiler generated dependencies of target example_interfaces__rosidl_typesupport_fastrtps_c__pyext[0m
[3.990s] [ 90%] [32mBuilding C object CMakeFiles/example_interfaces__rosidl_typesupport_introspection_c__pyext.dir/rosidl_generator_py/example_interfaces/_example_interfaces_s.ep.rosidl_typesupport_introspection_c.c.o[0m
[3.990s] [ 90%] [32mBuilding C object CMakeFiles/example_interfaces__rosidl_typesupport_fastrtps_c__pyext.dir/rosidl_generator_py/example_interfaces/_example_interfaces_s.ep.rosidl_typesupport_fastrtps_c.c.o[0m
[3.990s] [ 90%] [32mBuilding C object CMakeFiles/example_interfaces__rosidl_typesupport_c__pyext.dir/rosidl_generator_py/example_interfaces/_example_interfaces_s.ep.rosidl_typesupport_c.c.o[0m
[4.106s] [100%] [32m[1mLinking C shared library rosidl_generator_py/example_interfaces/example_interfaces_s__rosidl_typesupport_fastrtps_c.cpython-310-x86_64-linux-gnu.so[0m
[4.106s] [100%] [32m[1mLinking C shared library rosidl_generator_py/example_interfaces/example_interfaces_s__rosidl_typesupport_introspection_c.cpython-310-x86_64-linux-gnu.so[0m
[4.106s] [100%] [32m[1mLinking C shared library rosidl_generator_py/example_interfaces/example_interfaces_s__rosidl_typesupport_c.cpython-310-x86_64-linux-gnu.so[0m
[4.143s] [100%] Built target example_interfaces__rosidl_typesupport_introspection_c__pyext
[4.143s] [100%] Built target example_interfaces__rosidl_typesupport_fastrtps_c__pyext
[4.143s] [100%] Built target example_interfaces__rosidl_typesupport_c__pyext
[4.153s] Invoked command in '/home/yuichi-katagiri/Subjects/Robotics/ex02/build/example_interfaces' returned '0': CMAKE_PREFIX_PATH=${CMAKE_PREFIX_PATH}:/home/yuichi-katagiri/Desktop/Предметы/Robotics/ex02/install/action_turtle_commands:/home/yuichi-katagiri/ros2_ws/install/tomodachi:/home/yuichi-katagiri/ros2_ws/install/manabu:/opt/ros/humble /usr/bin/cmake --build /home/yuichi-katagiri/Subjects/Robotics/ex02/build/example_interfaces -- -j8 -l8
[4.202s] Invoking command in '/home/yuichi-katagiri/Subjects/Robotics/ex02/build/example_interfaces': CMAKE_PREFIX_PATH=${CMAKE_PREFIX_PATH}:/home/yuichi-katagiri/Desktop/Предметы/Robotics/ex02/install/action_turtle_commands:/home/yuichi-katagiri/ros2_ws/install/tomodachi:/home/yuichi-katagiri/ros2_ws/install/manabu:/opt/ros/humble /usr/bin/cmake --install /home/yuichi-katagiri/Subjects/Robotics/ex02/build/example_interfaces
[4.209s] -- Install configuration: ""
[4.209s] -- Up-to-date: /home/yuichi-katagiri/Subjects/Robotics/ex02/install/example_interfaces/share/ament_index/resource_index/rosidl_interfaces/example_interfaces
[4.210s] -- Up-to-date: /home/yuichi-katagiri/Subjects/Robotics/ex02/install/example_interfaces/include/example_interfaces/example_interfaces
[4.210s] -- Up-to-date: /home/yuichi-katagiri/Subjects/Robotics/ex02/install/example_interfaces/include/example_interfaces/example_interfaces/action
[4.210s] -- Up-to-date: /home/yuichi-katagiri/Subjects/Robotics/ex02/install/example_interfaces/include/example_interfaces/example_interfaces/action/detail
[4.210s] -- Installing: /home/yuichi-katagiri/Subjects/Robotics/ex02/install/example_interfaces/include/example_interfaces/example_interfaces/action/detail/message_turtle_commands__type_support.h
[4.210s] -- Installing: /home/yuichi-katagiri/Subjects/Robotics/ex02/install/example_interfaces/include/example_interfaces/example_interfaces/action/detail/message_turtle_commands__functions.c
[4.210s] -- Installing: /home/yuichi-katagiri/Subjects/Robotics/ex02/install/example_interfaces/include/example_interfaces/example_interfaces/action/detail/message_turtle_commands__functions.h
[4.210s] -- Installing: /home/yuichi-katagiri/Subjects/Robotics/ex02/install/example_interfaces/include/example_interfaces/example_interfaces/action/detail/message_turtle_commands__struct.h
[4.210s] -- Installing: /home/yuichi-katagiri/Subjects/Robotics/ex02/install/example_interfaces/include/example_interfaces/example_interfaces/action/message_turtle_commands.h
[4.210s] -- Up-to-date: /home/yuichi-katagiri/Subjects/Robotics/ex02/install/example_interfaces/include/example_interfaces/example_interfaces/msg
[4.210s] -- Up-to-date: /home/yuichi-katagiri/Subjects/Robotics/ex02/install/example_interfaces/include/example_interfaces/example_interfaces/msg/rosidl_generator_c__visibility_control.h
[4.211s] -- Up-to-date: /home/yuichi-katagiri/Subjects/Robotics/ex02/install/example_interfaces/share/example_interfaces/environment/library_path.sh
[4.211s] -- Installing: /home/yuichi-katagiri/Subjects/Robotics/ex02/install/example_interfaces/share/example_interfaces/environment/library_path.dsv
[4.211s] -- Installing: /home/yuichi-katagiri/Subjects/Robotics/ex02/install/example_interfaces/lib/libexample_interfaces__rosidl_generator_c.so
[4.211s] -- Set runtime path of "/home/yuichi-katagiri/Subjects/Robotics/ex02/install/example_interfaces/lib/libexample_interfaces__rosidl_generator_c.so" to ""
[4.211s] -- Up-to-date: /home/yuichi-katagiri/Subjects/Robotics/ex02/install/example_interfaces/include/example_interfaces/example_interfaces
[4.211s] -- Up-to-date: /home/yuichi-katagiri/Subjects/Robotics/ex02/install/example_interfaces/include/example_interfaces/example_interfaces/action
[4.211s] -- Up-to-date: /home/yuichi-katagiri/Subjects/Robotics/ex02/install/example_interfaces/include/example_interfaces/example_interfaces/action/detail
[4.212s] -- Installing: /home/yuichi-katagiri/Subjects/Robotics/ex02/install/example_interfaces/include/example_interfaces/example_interfaces/action/detail/message_turtle_commands__rosidl_typesupport_fastrtps_c.h
[4.212s] -- Up-to-date: /home/yuichi-katagiri/Subjects/Robotics/ex02/install/example_interfaces/include/example_interfaces/example_interfaces/msg
[4.212s] -- Up-to-date: /home/yuichi-katagiri/Subjects/Robotics/ex02/install/example_interfaces/include/example_interfaces/example_interfaces/msg/rosidl_typesupport_fastrtps_c__visibility_control.h
[4.212s] -- Installing: /home/yuichi-katagiri/Subjects/Robotics/ex02/install/example_interfaces/lib/libexample_interfaces__rosidl_typesupport_fastrtps_c.so
[4.212s] -- Set runtime path of "/home/yuichi-katagiri/Subjects/Robotics/ex02/install/example_interfaces/lib/libexample_interfaces__rosidl_typesupport_fastrtps_c.so" to ""
[4.212s] -- Up-to-date: /home/yuichi-katagiri/Subjects/Robotics/ex02/install/example_interfaces/include/example_interfaces/example_interfaces
[4.212s] -- Up-to-date: /home/yuichi-katagiri/Subjects/Robotics/ex02/install/example_interfaces/include/example_interfaces/example_interfaces/action
[4.213s] -- Up-to-date: /home/yuichi-katagiri/Subjects/Robotics/ex02/install/example_interfaces/include/example_interfaces/example_interfaces/action/detail
[4.213s] -- Installing: /home/yuichi-katagiri/Subjects/Robotics/ex02/install/example_interfaces/include/example_interfaces/example_interfaces/action/detail/message_turtle_commands__type_support.c
[4.213s] -- Installing: /home/yuichi-katagiri/Subjects/Robotics/ex02/install/example_interfaces/include/example_interfaces/example_interfaces/action/detail/message_turtle_commands__rosidl_typesupport_introspection_c.h
[4.213s] -- Up-to-date: /home/yuichi-katagiri/Subjects/Robotics/ex02/install/example_interfaces/include/example_interfaces/example_interfaces/msg
[4.213s] -- Up-to-date: /home/yuichi-katagiri/Subjects/Robotics/ex02/install/example_interfaces/include/example_interfaces/example_interfaces/msg/rosidl_typesupport_introspection_c__visibility_control.h
[4.213s] -- Installing: /home/yuichi-katagiri/Subjects/Robotics/ex02/install/example_interfaces/lib/libexample_interfaces__rosidl_typesupport_introspection_c.so
[4.213s] -- Set runtime path of "/home/yuichi-katagiri/Subjects/Robotics/ex02/install/example_interfaces/lib/libexample_interfaces__rosidl_typesupport_introspection_c.so" to ""
[4.214s] -- Installing: /home/yuichi-katagiri/Subjects/Robotics/ex02/install/example_interfaces/lib/libexample_interfaces__rosidl_typesupport_c.so
[4.214s] -- Set runtime path of "/home/yuichi-katagiri/Subjects/Robotics/ex02/install/example_interfaces/lib/libexample_interfaces__rosidl_typesupport_c.so" to ""
[4.214s] -- Up-to-date: /home/yuichi-katagiri/Subjects/Robotics/ex02/install/example_interfaces/include/example_interfaces/example_interfaces
[4.214s] -- Up-to-date: /home/yuichi-katagiri/Subjects/Robotics/ex02/install/example_interfaces/include/example_interfaces/example_interfaces/action
[4.214s] -- Up-to-date: /home/yuichi-katagiri/Subjects/Robotics/ex02/install/example_interfaces/include/example_interfaces/example_interfaces/action/detail
[4.215s] -- Installing: /home/yuichi-katagiri/Subjects/Robotics/ex02/install/example_interfaces/include/example_interfaces/example_interfaces/action/detail/message_turtle_commands__struct.hpp
[4.215s] -- Installing: /home/yuichi-katagiri/Subjects/Robotics/ex02/install/example_interfaces/include/example_interfaces/example_interfaces/action/detail/message_turtle_commands__traits.hpp
[4.215s] -- Installing: /home/yuichi-katagiri/Subjects/Robotics/ex02/install/example_interfaces/include/example_interfaces/example_interfaces/action/detail/message_turtle_commands__builder.hpp
[4.215s] -- Installing: /home/yuichi-katagiri/Subjects/Robotics/ex02/install/example_interfaces/include/example_interfaces/example_interfaces/action/message_turtle_commands.hpp
[4.215s] -- Up-to-date: /home/yuichi-katagiri/Subjects/Robotics/ex02/install/example_interfaces/include/example_interfaces/example_interfaces
[4.215s] -- Up-to-date: /home/yuichi-katagiri/Subjects/Robotics/ex02/install/example_interfaces/include/example_interfaces/example_interfaces/action
[4.215s] -- Up-to-date: /home/yuichi-katagiri/Subjects/Robotics/ex02/install/example_interfaces/include/example_interfaces/example_interfaces/action/detail
[4.215s] -- Installing: /home/yuichi-katagiri/Subjects/Robotics/ex02/install/example_interfaces/include/example_interfaces/example_interfaces/action/detail/message_turtle_commands__rosidl_typesupport_fastrtps_cpp.hpp
[4.215s] -- Up-to-date: /home/yuichi-katagiri/Subjects/Robotics/ex02/install/example_interfaces/include/example_interfaces/example_interfaces/action/detail/dds_fastrtps
[4.215s] -- Up-to-date: /home/yuichi-katagiri/Subjects/Robotics/ex02/install/example_interfaces/include/example_interfaces/example_interfaces/msg
[4.216s] -- Up-to-date: /home/yuichi-katagiri/Subjects/Robotics/ex02/install/example_interfaces/include/example_interfaces/example_interfaces/msg/rosidl_typesupport_fastrtps_cpp__visibility_control.h
[4.216s] -- Installing: /home/yuichi-katagiri/Subjects/Robotics/ex02/install/example_interfaces/lib/libexample_interfaces__rosidl_typesupport_fastrtps_cpp.so
[4.216s] -- Set runtime path of "/home/yuichi-katagiri/Subjects/Robotics/ex02/install/example_interfaces/lib/libexample_interfaces__rosidl_typesupport_fastrtps_cpp.so" to ""
[4.216s] -- Up-to-date: /home/yuichi-katagiri/Subjects/Robotics/ex02/install/example_interfaces/include/example_interfaces/example_interfaces
[4.216s] -- Up-to-date: /home/yuichi-katagiri/Subjects/Robotics/ex02/install/example_interfaces/include/example_interfaces/example_interfaces/action
[4.216s] -- Up-to-date: /home/yuichi-katagiri/Subjects/Robotics/ex02/install/example_interfaces/include/example_interfaces/example_interfaces/action/detail
[4.216s] -- Installing: /home/yuichi-katagiri/Subjects/Robotics/ex02/install/example_interfaces/include/example_interfaces/example_interfaces/action/detail/message_turtle_commands__type_support.cpp
[4.216s] -- Installing: /home/yuichi-katagiri/Subjects/Robotics/ex02/install/example_interfaces/include/example_interfaces/example_interfaces/action/detail/message_turtle_commands__rosidl_typesupport_introspection_cpp.hpp
[4.217s] -- Installing: /home/yuichi-katagiri/Subjects/Robotics/ex02/install/example_interfaces/lib/libexample_interfaces__rosidl_typesupport_introspection_cpp.so
[4.217s] -- Set runtime path of "/home/yuichi-katagiri/Subjects/Robotics/ex02/install/example_interfaces/lib/libexample_interfaces__rosidl_typesupport_introspection_cpp.so" to ""
[4.217s] -- Installing: /home/yuichi-katagiri/Subjects/Robotics/ex02/install/example_interfaces/lib/libexample_interfaces__rosidl_typesupport_cpp.so
[4.218s] -- Set runtime path of "/home/yuichi-katagiri/Subjects/Robotics/ex02/install/example_interfaces/lib/libexample_interfaces__rosidl_typesupport_cpp.so" to ""
[4.218s] -- Up-to-date: /home/yuichi-katagiri/Subjects/Robotics/ex02/install/example_interfaces/share/example_interfaces/environment/pythonpath.sh
[4.218s] -- Installing: /home/yuichi-katagiri/Subjects/Robotics/ex02/install/example_interfaces/share/example_interfaces/environment/pythonpath.dsv
[4.218s] -- Up-to-date: /home/yuichi-katagiri/Subjects/Robotics/ex02/install/example_interfaces/local/lib/python3.10/dist-packages/example_interfaces-0.13.0-py3.10.egg-info
[4.218s] -- Installing: /home/yuichi-katagiri/Subjects/Robotics/ex02/install/example_interfaces/local/lib/python3.10/dist-packages/example_interfaces-0.13.0-py3.10.egg-info/PKG-INFO
[4.218s] -- Installing: /home/yuichi-katagiri/Subjects/Robotics/ex02/install/example_interfaces/local/lib/python3.10/dist-packages/example_interfaces-0.13.0-py3.10.egg-info/SOURCES.txt
[4.218s] -- Installing: /home/yuichi-katagiri/Subjects/Robotics/ex02/install/example_interfaces/local/lib/python3.10/dist-packages/example_interfaces-0.13.0-py3.10.egg-info/dependency_links.txt
[4.219s] -- Installing: /home/yuichi-katagiri/Subjects/Robotics/ex02/install/example_interfaces/local/lib/python3.10/dist-packages/example_interfaces-0.13.0-py3.10.egg-info/top_level.txt
[4.219s] -- Up-to-date: /home/yuichi-katagiri/Subjects/Robotics/ex02/install/example_interfaces/local/lib/python3.10/dist-packages/example_interfaces
[4.219s] -- Up-to-date: /home/yuichi-katagiri/Subjects/Robotics/ex02/install/example_interfaces/local/lib/python3.10/dist-packages/example_interfaces/action
[4.219s] -- Installing: /home/yuichi-katagiri/Subjects/Robotics/ex02/install/example_interfaces/local/lib/python3.10/dist-packages/example_interfaces/action/_message_turtle_commands_s.c
[4.219s] -- Installing: /home/yuichi-katagiri/Subjects/Robotics/ex02/install/example_interfaces/local/lib/python3.10/dist-packages/example_interfaces/action/__init__.py
[4.219s] -- Installing: /home/yuichi-katagiri/Subjects/Robotics/ex02/install/example_interfaces/local/lib/python3.10/dist-packages/example_interfaces/action/_message_turtle_commands.py
[4.219s] -- Installing: /home/yuichi-katagiri/Subjects/Robotics/ex02/install/example_interfaces/local/lib/python3.10/dist-packages/example_interfaces/example_interfaces_s__rosidl_typesupport_fastrtps_c.cpython-310-x86_64-linux-gnu.so
[4.219s] -- Installing: /home/yuichi-katagiri/Subjects/Robotics/ex02/install/example_interfaces/local/lib/python3.10/dist-packages/example_interfaces/_example_interfaces_s.ep.rosidl_typesupport_c.c
[4.219s] -- Installing: /home/yuichi-katagiri/Subjects/Robotics/ex02/install/example_interfaces/local/lib/python3.10/dist-packages/example_interfaces/example_interfaces_s__rosidl_typesupport_c.cpython-310-x86_64-linux-gnu.so
[4.219s] -- Installing: /home/yuichi-katagiri/Subjects/Robotics/ex02/install/example_interfaces/local/lib/python3.10/dist-packages/example_interfaces/_example_interfaces_s.ep.rosidl_typesupport_introspection_c.c
[4.220s] -- Installing: /home/yuichi-katagiri/Subjects/Robotics/ex02/install/example_interfaces/local/lib/python3.10/dist-packages/example_interfaces/_example_interfaces_s.ep.rosidl_typesupport_fastrtps_c.c
[4.220s] -- Installing: /home/yuichi-katagiri/Subjects/Robotics/ex02/install/example_interfaces/local/lib/python3.10/dist-packages/example_interfaces/libexample_interfaces__rosidl_generator_py.so
[4.220s] -- Installing: /home/yuichi-katagiri/Subjects/Robotics/ex02/install/example_interfaces/local/lib/python3.10/dist-packages/example_interfaces/example_interfaces_s__rosidl_typesupport_introspection_c.cpython-310-x86_64-linux-gnu.so
[4.220s] -- Installing: /home/yuichi-katagiri/Subjects/Robotics/ex02/install/example_interfaces/local/lib/python3.10/dist-packages/example_interfaces/__init__.py
[4.257s] Listing '/home/yuichi-katagiri/Subjects/Robotics/ex02/install/example_interfaces/local/lib/python3.10/dist-packages/example_interfaces'...
[4.257s] Compiling '/home/yuichi-katagiri/Subjects/Robotics/ex02/install/example_interfaces/local/lib/python3.10/dist-packages/example_interfaces/__init__.py'...
[4.257s] Listing '/home/yuichi-katagiri/Subjects/Robotics/ex02/install/example_interfaces/local/lib/python3.10/dist-packages/example_interfaces/action'...
[4.257s] Compiling '/home/yuichi-katagiri/Subjects/Robotics/ex02/install/example_interfaces/local/lib/python3.10/dist-packages/example_interfaces/action/__init__.py'...
[4.257s] Compiling '/home/yuichi-katagiri/Subjects/Robotics/ex02/install/example_interfaces/local/lib/python3.10/dist-packages/example_interfaces/action/_message_turtle_commands.py'...
[4.261s] -- Installing: /home/yuichi-katagiri/Subjects/Robotics/ex02/install/example_interfaces/local/lib/python3.10/dist-packages/example_interfaces/example_interfaces_s__rosidl_typesupport_fastrtps_c.cpython-310-x86_64-linux-gnu.so
[4.262s] -- Set runtime path of "/home/yuichi-katagiri/Subjects/Robotics/ex02/install/example_interfaces/local/lib/python3.10/dist-packages/example_interfaces/example_interfaces_s__rosidl_typesupport_fastrtps_c.cpython-310-x86_64-linux-gnu.so" to ""
[4.262s] -- Installing: /home/yuichi-katagiri/Subjects/Robotics/ex02/install/example_interfaces/local/lib/python3.10/dist-packages/example_interfaces/example_interfaces_s__rosidl_typesupport_introspection_c.cpython-310-x86_64-linux-gnu.so
[4.262s] -- Set runtime path of "/home/yuichi-katagiri/Subjects/Robotics/ex02/install/example_interfaces/local/lib/python3.10/dist-packages/example_interfaces/example_interfaces_s__rosidl_typesupport_introspection_c.cpython-310-x86_64-linux-gnu.so" to ""
[4.262s] -- Installing: /home/yuichi-katagiri/Subjects/Robotics/ex02/install/example_interfaces/local/lib/python3.10/dist-packages/example_interfaces/example_interfaces_s__rosidl_typesupport_c.cpython-310-x86_64-linux-gnu.so
[4.263s] -- Set runtime path of "/home/yuichi-katagiri/Subjects/Robotics/ex02/install/example_interfaces/local/lib/python3.10/dist-packages/example_interfaces/example_interfaces_s__rosidl_typesupport_c.cpython-310-x86_64-linux-gnu.so" to ""
[4.263s] -- Installing: /home/yuichi-katagiri/Subjects/Robotics/ex02/install/example_interfaces/lib/libexample_interfaces__rosidl_generator_py.so
[4.264s] -- Set runtime path of "/home/yuichi-katagiri/Subjects/Robotics/ex02/install/example_interfaces/lib/libexample_interfaces__rosidl_generator_py.so" to ""
[4.264s] -- Installing: /home/yuichi-katagiri/Subjects/Robotics/ex02/install/example_interfaces/share/example_interfaces/action/MessageTurtleCommands.idl
[4.264s] -- Installing: /home/yuichi-katagiri/Subjects/Robotics/ex02/install/example_interfaces/share/example_interfaces/action/MessageTurtleCommands.action
[4.264s] -- Up-to-date: /home/yuichi-katagiri/Subjects/Robotics/ex02/install/example_interfaces/share/example_interfaces/mapping_rules.yaml
[4.264s] -- Up-to-date: /home/yuichi-katagiri/Subjects/Robotics/ex02/install/example_interfaces/share/ament_index/resource_index/package_run_dependencies/example_interfaces
[4.264s] -- Installing: /home/yuichi-katagiri/Subjects/Robotics/ex02/install/example_interfaces/share/ament_index/resource_index/parent_prefix_path/example_interfaces
[4.264s] -- Up-to-date: /home/yuichi-katagiri/Subjects/Robotics/ex02/install/example_interfaces/share/example_interfaces/environment/ament_prefix_path.sh
[4.265s] -- Installing: /home/yuichi-katagiri/Subjects/Robotics/ex02/install/example_interfaces/share/example_interfaces/environment/ament_prefix_path.dsv
[4.265s] -- Up-to-date: /home/yuichi-katagiri/Subjects/Robotics/ex02/install/example_interfaces/share/example_interfaces/environment/path.sh
[4.265s] -- Installing: /home/yuichi-katagiri/Subjects/Robotics/ex02/install/example_interfaces/share/example_interfaces/environment/path.dsv
[4.265s] -- Up-to-date: /home/yuichi-katagiri/Subjects/Robotics/ex02/install/example_interfaces/share/example_interfaces/local_setup.bash
[4.265s] -- Up-to-date: /home/yuichi-katagiri/Subjects/Robotics/ex02/install/example_interfaces/share/example_interfaces/local_setup.sh
[4.265s] -- Up-to-date: /home/yuichi-katagiri/Subjects/Robotics/ex02/install/example_interfaces/share/example_interfaces/local_setup.zsh
[4.265s] -- Installing: /home/yuichi-katagiri/Subjects/Robotics/ex02/install/example_interfaces/share/example_interfaces/local_setup.dsv
[4.265s] -- Installing: /home/yuichi-katagiri/Subjects/Robotics/ex02/install/example_interfaces/share/example_interfaces/package.dsv
[4.265s] -- Up-to-date: /home/yuichi-katagiri/Subjects/Robotics/ex02/install/example_interfaces/share/ament_index/resource_index/packages/example_interfaces
[4.265s] -- Up-to-date: /home/yuichi-katagiri/Subjects/Robotics/ex02/install/example_interfaces/share/example_interfaces/cmake/export_example_interfaces__rosidl_generator_cExport.cmake
[4.266s] -- Up-to-date: /home/yuichi-katagiri/Subjects/Robotics/ex02/install/example_interfaces/share/example_interfaces/cmake/export_example_interfaces__rosidl_generator_cExport-noconfig.cmake
[4.266s] -- Up-to-date: /home/yuichi-katagiri/Subjects/Robotics/ex02/install/example_interfaces/share/example_interfaces/cmake/export_example_interfaces__rosidl_typesupport_fastrtps_cExport.cmake
[4.266s] -- Up-to-date: /home/yuichi-katagiri/Subjects/Robotics/ex02/install/example_interfaces/share/example_interfaces/cmake/export_example_interfaces__rosidl_typesupport_fastrtps_cExport-noconfig.cmake
[4.266s] -- Up-to-date: /home/yuichi-katagiri/Subjects/Robotics/ex02/install/example_interfaces/share/example_interfaces/cmake/example_interfaces__rosidl_typesupport_introspection_cExport.cmake
[4.266s] -- Up-to-date: /home/yuichi-katagiri/Subjects/Robotics/ex02/install/example_interfaces/share/example_interfaces/cmake/example_interfaces__rosidl_typesupport_introspection_cExport-noconfig.cmake
[4.266s] -- Up-to-date: /home/yuichi-katagiri/Subjects/Robotics/ex02/install/example_interfaces/share/example_interfaces/cmake/example_interfaces__rosidl_typesupport_cExport.cmake
[4.266s] -- Up-to-date: /home/yuichi-katagiri/Subjects/Robotics/ex02/install/example_interfaces/share/example_interfaces/cmake/example_interfaces__rosidl_typesupport_cExport-noconfig.cmake
[4.267s] -- Up-to-date: /home/yuichi-katagiri/Subjects/Robotics/ex02/install/example_interfaces/share/example_interfaces/cmake/export_example_interfaces__rosidl_generator_cppExport.cmake
[4.267s] -- Up-to-date: /home/yuichi-katagiri/Subjects/Robotics/ex02/install/example_interfaces/share/example_interfaces/cmake/export_example_interfaces__rosidl_typesupport_fastrtps_cppExport.cmake
[4.267s] -- Up-to-date: /home/yuichi-katagiri/Subjects/Robotics/ex02/install/example_interfaces/share/example_interfaces/cmake/export_example_interfaces__rosidl_typesupport_fastrtps_cppExport-noconfig.cmake
[4.267s] -- Up-to-date: /home/yuichi-katagiri/Subjects/Robotics/ex02/install/example_interfaces/share/example_interfaces/cmake/example_interfaces__rosidl_typesupport_introspection_cppExport.cmake
[4.267s] -- Up-to-date: /home/yuichi-katagiri/Subjects/Robotics/ex02/install/example_interfaces/share/example_interfaces/cmake/example_interfaces__rosidl_typesupport_introspection_cppExport-noconfig.cmake
[4.267s] -- Up-to-date: /home/yuichi-katagiri/Subjects/Robotics/ex02/install/example_interfaces/share/example_interfaces/cmake/example_interfaces__rosidl_typesupport_cppExport.cmake
[4.267s] -- Up-to-date: /home/yuichi-katagiri/Subjects/Robotics/ex02/install/example_interfaces/share/example_interfaces/cmake/example_interfaces__rosidl_typesupport_cppExport-noconfig.cmake
[4.268s] -- Up-to-date: /home/yuichi-katagiri/Subjects/Robotics/ex02/install/example_interfaces/share/example_interfaces/cmake/export_example_interfaces__rosidl_generator_pyExport.cmake
[4.268s] -- Up-to-date: /home/yuichi-katagiri/Subjects/Robotics/ex02/install/example_interfaces/share/example_interfaces/cmake/export_example_interfaces__rosidl_generator_pyExport-noconfig.cmake
[4.268s] -- Up-to-date: /home/yuichi-katagiri/Subjects/Robotics/ex02/install/example_interfaces/share/example_interfaces/cmake/rosidl_cmake-extras.cmake
[4.268s] -- Up-to-date: /home/yuichi-katagiri/Subjects/Robotics/ex02/install/example_interfaces/share/example_interfaces/cmake/ament_cmake_export_dependencies-extras.cmake
[4.268s] -- Up-to-date: /home/yuichi-katagiri/Subjects/Robotics/ex02/install/example_interfaces/share/example_interfaces/cmake/ament_cmake_export_include_directories-extras.cmake
[4.268s] -- Up-to-date: /home/yuichi-katagiri/Subjects/Robotics/ex02/install/example_interfaces/share/example_interfaces/cmake/ament_cmake_export_libraries-extras.cmake
[4.268s] -- Up-to-date: /home/yuichi-katagiri/Subjects/Robotics/ex02/install/example_interfaces/share/example_interfaces/cmake/ament_cmake_export_targets-extras.cmake
[4.268s] -- Up-to-date: /home/yuichi-katagiri/Subjects/Robotics/ex02/install/example_interfaces/share/example_interfaces/cmake/rosidl_cmake_export_typesupport_targets-extras.cmake
[4.269s] -- Up-to-date: /home/yuichi-katagiri/Subjects/Robotics/ex02/install/example_interfaces/share/example_interfaces/cmake/rosidl_cmake_export_typesupport_libraries-extras.cmake
[4.269s] -- Up-to-date: /home/yuichi-katagiri/Subjects/Robotics/ex02/install/example_interfaces/share/example_interfaces/cmake/example_interfacesConfig.cmake
[4.269s] -- Up-to-date: /home/yuichi-katagiri/Subjects/Robotics/ex02/install/example_interfaces/share/example_interfaces/cmake/example_interfacesConfig-version.cmake
[4.269s] -- Up-to-date: /home/yuichi-katagiri/Subjects/Robotics/ex02/install/example_interfaces/share/example_interfaces/package.xml
[4.270s] Invoked command in '/home/yuichi-katagiri/Subjects/Robotics/ex02/build/example_interfaces' returned '0': CMAKE_PREFIX_PATH=${CMAKE_PREFIX_PATH}:/home/yuichi-katagiri/Desktop/Предметы/Robotics/ex02/install/action_turtle_commands:/home/yuichi-katagiri/ros2_ws/install/tomodachi:/home/yuichi-katagiri/ros2_ws/install/manabu:/opt/ros/humble /usr/bin/cmake --install /home/yuichi-katagiri/Subjects/Robotics/ex02/build/example_interfaces
