[0.544s] Invoking command in '/home/yuichi-katagiri/Subjects/Robotics/ex01/src/service_full_name': AMENT_PREFIX_PATH=/home/yuichi-katagiri/Subjects/Robotics/ex01/install/external_package:${AMENT_PREFIX_PATH} PYTHONPATH=/home/yuichi-katagiri/Subjects/Robotics/ex01/build/service_full_name/prefix_override:/usr/lib/python3/dist-packages/colcon_core/task/python/colcon_distutils_commands:/home/yuichi-katagiri/Subjects/Robotics/ex01/install/service_full_name/lib/python3.10/site-packages:/home/yuichi-katagiri/Subjects/Robotics/ex01/install/external_package/lib/python3.10/site-packages:${PYTHONPATH} /usr/bin/python3 -W ignore:setup.py install is deprecated setup.py egg_info --egg-base ../../build/service_full_name build --build-base /home/yuichi-katagiri/Subjects/Robotics/ex01/build/service_full_name/build install --record /home/yuichi-katagiri/Subjects/Robotics/ex01/build/service_full_name/install.log --single-version-externally-managed install_data
[0.766s] running egg_info
[0.767s] writing ../../build/service_full_name/service_full_name.egg-info/PKG-INFO
[0.767s] writing dependency_links to ../../build/service_full_name/service_full_name.egg-info/dependency_links.txt
[0.767s] writing entry points to ../../build/service_full_name/service_full_name.egg-info/entry_points.txt
[0.767s] writing requirements to ../../build/service_full_name/service_full_name.egg-info/requires.txt
[0.767s] writing top-level names to ../../build/service_full_name/service_full_name.egg-info/top_level.txt
[0.769s] reading manifest file '../../build/service_full_name/service_full_name.egg-info/SOURCES.txt'
[0.769s] adding license file 'LICENSE'
[0.770s] writing manifest file '../../build/service_full_name/service_full_name.egg-info/SOURCES.txt'
[0.770s] running build
[0.770s] running build_py
[0.770s] copying service_full_name/client_file.py -> /home/yuichi-katagiri/Subjects/Robotics/ex01/build/service_full_name/build/lib/service_full_name
[0.770s] running install
[0.770s] running install_lib
[0.771s] copying /home/yuichi-katagiri/Subjects/Robotics/ex01/build/service_full_name/build/lib/service_full_name/client_file.py -> /home/yuichi-katagiri/Subjects/Robotics/ex01/install/service_full_name/lib/python3.10/site-packages/service_full_name
[0.772s] byte-compiling /home/yuichi-katagiri/Subjects/Robotics/ex01/install/service_full_name/lib/python3.10/site-packages/service_full_name/client_file.py to client_file.cpython-310.pyc
[0.772s] running install_data
[0.772s] copying package.xml -> /home/yuichi-katagiri/Subjects/Robotics/ex01/install/service_full_name/share/service_full_name
[0.772s] error: can't copy 'srv/SummFullName.srv': doesn't exist or not a regular file
[0.790s] Invoked command in '/home/yuichi-katagiri/Subjects/Robotics/ex01/src/service_full_name' returned '1': AMENT_PREFIX_PATH=/home/yuichi-katagiri/Subjects/Robotics/ex01/install/external_package:${AMENT_PREFIX_PATH} PYTHONPATH=/home/yuichi-katagiri/Subjects/Robotics/ex01/build/service_full_name/prefix_override:/usr/lib/python3/dist-packages/colcon_core/task/python/colcon_distutils_commands:/home/yuichi-katagiri/Subjects/Robotics/ex01/install/service_full_name/lib/python3.10/site-packages:/home/yuichi-katagiri/Subjects/Robotics/ex01/install/external_package/lib/python3.10/site-packages:${PYTHONPATH} /usr/bin/python3 -W ignore:setup.py install is deprecated setup.py egg_info --egg-base ../../build/service_full_name build --build-base /home/yuichi-katagiri/Subjects/Robotics/ex01/build/service_full_name/build install --record /home/yuichi-katagiri/Subjects/Robotics/ex01/build/service_full_name/install.log --single-version-externally-managed install_data
