[0.613s] Invoking command in '/home/yuichi-katagiri/Subjects/Robotics/ex05/src/move_to_goal': PYTHONPATH=/home/yuichi-katagiri/Subjects/Robotics/ex05/build/move_to_goal/prefix_override:/usr/lib/python3/dist-packages/colcon_core/task/python/colcon_distutils_commands:/home/yuichi-katagiri/Subjects/Robotics/ex05/install/move_to_goal/lib/python3.10/site-packages:${PYTHONPATH} /usr/bin/python3 -W ignore:setup.py install is deprecated setup.py egg_info --egg-base ../../build/move_to_goal build --build-base /home/yuichi-katagiri/Subjects/Robotics/ex05/build/move_to_goal/build install --record /home/yuichi-katagiri/Subjects/Robotics/ex05/build/move_to_goal/install.log --single-version-externally-managed install_data
[0.831s] running egg_info
[0.832s] writing ../../build/move_to_goal/move_to_goal.egg-info/PKG-INFO
[0.832s] writing dependency_links to ../../build/move_to_goal/move_to_goal.egg-info/dependency_links.txt
[0.832s] writing entry points to ../../build/move_to_goal/move_to_goal.egg-info/entry_points.txt
[0.833s] writing requirements to ../../build/move_to_goal/move_to_goal.egg-info/requires.txt
[0.833s] writing top-level names to ../../build/move_to_goal/move_to_goal.egg-info/top_level.txt
[0.834s] reading manifest file '../../build/move_to_goal/move_to_goal.egg-info/SOURCES.txt'
[0.835s] adding license file 'LICENSE'
[0.835s] writing manifest file '../../build/move_to_goal/move_to_goal.egg-info/SOURCES.txt'
[0.835s] running build
[0.836s] running build_py
[0.836s] copying move_to_goal/move_to_goal_stolen.py -> /home/yuichi-katagiri/Subjects/Robotics/ex05/build/move_to_goal/build/lib/move_to_goal
[0.836s] copying move_to_goal/move_to_goal.py -> /home/yuichi-katagiri/Subjects/Robotics/ex05/build/move_to_goal/build/lib/move_to_goal
[0.836s] running install
[0.836s] running install_lib
[0.837s] copying /home/yuichi-katagiri/Subjects/Robotics/ex05/build/move_to_goal/build/lib/move_to_goal/move_to_goal_stolen.py -> /home/yuichi-katagiri/Subjects/Robotics/ex05/install/move_to_goal/lib/python3.10/site-packages/move_to_goal
[0.837s] copying /home/yuichi-katagiri/Subjects/Robotics/ex05/build/move_to_goal/build/lib/move_to_goal/move_to_goal.py -> /home/yuichi-katagiri/Subjects/Robotics/ex05/install/move_to_goal/lib/python3.10/site-packages/move_to_goal
[0.838s] byte-compiling /home/yuichi-katagiri/Subjects/Robotics/ex05/install/move_to_goal/lib/python3.10/site-packages/move_to_goal/move_to_goal_stolen.py to move_to_goal_stolen.cpython-310.pyc
[0.839s] byte-compiling /home/yuichi-katagiri/Subjects/Robotics/ex05/install/move_to_goal/lib/python3.10/site-packages/move_to_goal/move_to_goal.py to move_to_goal.cpython-310.pyc
[0.840s] running install_data
[0.840s] running install_egg_info
[0.842s] removing '/home/yuichi-katagiri/Subjects/Robotics/ex05/install/move_to_goal/lib/python3.10/site-packages/move_to_goal-0.0.0-py3.10.egg-info' (and everything under it)
[0.842s] Copying ../../build/move_to_goal/move_to_goal.egg-info to /home/yuichi-katagiri/Subjects/Robotics/ex05/install/move_to_goal/lib/python3.10/site-packages/move_to_goal-0.0.0-py3.10.egg-info
[0.843s] running install_scripts
[0.862s] Installing move_to_goal script to /home/yuichi-katagiri/Subjects/Robotics/ex05/install/move_to_goal/lib/move_to_goal
[0.862s] writing list of installed files to '/home/yuichi-katagiri/Subjects/Robotics/ex05/build/move_to_goal/install.log'
[0.901s] Invoked command in '/home/yuichi-katagiri/Subjects/Robotics/ex05/src/move_to_goal' returned '0': PYTHONPATH=/home/yuichi-katagiri/Subjects/Robotics/ex05/build/move_to_goal/prefix_override:/usr/lib/python3/dist-packages/colcon_core/task/python/colcon_distutils_commands:/home/yuichi-katagiri/Subjects/Robotics/ex05/install/move_to_goal/lib/python3.10/site-packages:${PYTHONPATH} /usr/bin/python3 -W ignore:setup.py install is deprecated setup.py egg_info --egg-base ../../build/move_to_goal build --build-base /home/yuichi-katagiri/Subjects/Robotics/ex05/build/move_to_goal/build install --record /home/yuichi-katagiri/Subjects/Robotics/ex05/build/move_to_goal/install.log --single-version-externally-managed install_data
