[0.021s] Invoking command in '/home/yuichi-katagiri/Subjects/Robotics/module_5/ex03/build/robot_app': CMAKE_PREFIX_PATH=${CMAKE_PREFIX_PATH}:/home/yuichi-katagiri/ros2_ws/install/tomodachi:/home/yuichi-katagiri/ros2_ws/install/manabu:/opt/ros/humble /usr/bin/cmake --build /home/yuichi-katagiri/Subjects/Robotics/module_5/ex03/build/robot_app -- -j8 -l8
[0.065s] Invoked command in '/home/yuichi-katagiri/Subjects/Robotics/module_5/ex03/build/robot_app' returned '0': CMAKE_PREFIX_PATH=${CMAKE_PREFIX_PATH}:/home/yuichi-katagiri/ros2_ws/install/tomodachi:/home/yuichi-katagiri/ros2_ws/install/manabu:/opt/ros/humble /usr/bin/cmake --build /home/yuichi-katagiri/Subjects/Robotics/module_5/ex03/build/robot_app -- -j8 -l8
[0.096s] Invoking command in '/home/yuichi-katagiri/Subjects/Robotics/module_5/ex03/build/robot_app': CMAKE_PREFIX_PATH=${CMAKE_PREFIX_PATH}:/home/yuichi-katagiri/ros2_ws/install/tomodachi:/home/yuichi-katagiri/ros2_ws/install/manabu:/opt/ros/humble /usr/bin/cmake --install /home/yuichi-katagiri/Subjects/Robotics/module_5/ex03/build/robot_app
[0.104s] -- Install configuration: ""
[0.104s] -- Up-to-date: /home/yuichi-katagiri/Subjects/Robotics/module_5/ex03/install/robot_app/share/ament_index/resource_index/package_run_dependencies/robot_app
[0.104s] -- Up-to-date: /home/yuichi-katagiri/Subjects/Robotics/module_5/ex03/install/robot_app/share/ament_index/resource_index/parent_prefix_path/robot_app
[0.104s] -- Up-to-date: /home/yuichi-katagiri/Subjects/Robotics/module_5/ex03/install/robot_app/share/robot_app/environment/ament_prefix_path.sh
[0.104s] -- Up-to-date: /home/yuichi-katagiri/Subjects/Robotics/module_5/ex03/install/robot_app/share/robot_app/environment/ament_prefix_path.dsv
[0.104s] -- Up-to-date: /home/yuichi-katagiri/Subjects/Robotics/module_5/ex03/install/robot_app/share/robot_app/environment/path.sh
[0.105s] -- Up-to-date: /home/yuichi-katagiri/Subjects/Robotics/module_5/ex03/install/robot_app/share/robot_app/environment/path.dsv
[0.105s] -- Up-to-date: /home/yuichi-katagiri/Subjects/Robotics/module_5/ex03/install/robot_app/share/robot_app/local_setup.bash
[0.105s] -- Up-to-date: /home/yuichi-katagiri/Subjects/Robotics/module_5/ex03/install/robot_app/share/robot_app/local_setup.sh
[0.105s] -- Up-to-date: /home/yuichi-katagiri/Subjects/Robotics/module_5/ex03/install/robot_app/share/robot_app/local_setup.zsh
[0.105s] -- Up-to-date: /home/yuichi-katagiri/Subjects/Robotics/module_5/ex03/install/robot_app/share/robot_app/local_setup.dsv
[0.105s] -- Up-to-date: /home/yuichi-katagiri/Subjects/Robotics/module_5/ex03/install/robot_app/share/robot_app/package.dsv
[0.105s] -- Up-to-date: /home/yuichi-katagiri/Subjects/Robotics/module_5/ex03/install/robot_app/share/ament_index/resource_index/packages/robot_app
[0.105s] -- Up-to-date: /home/yuichi-katagiri/Subjects/Robotics/module_5/ex03/install/robot_app/share/robot_app/cmake/robot_appConfig.cmake
[0.105s] -- Up-to-date: /home/yuichi-katagiri/Subjects/Robotics/module_5/ex03/install/robot_app/share/robot_app/cmake/robot_appConfig-version.cmake
[0.106s] -- Up-to-date: /home/yuichi-katagiri/Subjects/Robotics/module_5/ex03/install/robot_app/share/robot_app/package.xml
[0.110s] Invoked command in '/home/yuichi-katagiri/Subjects/Robotics/module_5/ex03/build/robot_app' returned '0': CMAKE_PREFIX_PATH=${CMAKE_PREFIX_PATH}:/home/yuichi-katagiri/ros2_ws/install/tomodachi:/home/yuichi-katagiri/ros2_ws/install/manabu:/opt/ros/humble /usr/bin/cmake --install /home/yuichi-katagiri/Subjects/Robotics/module_5/ex03/build/robot_app
