[0.529s] Invoking command in '/home/yuichi-katagiri/Subjects/Robotics/ex01/src/external_package': PYTHONPATH=/home/yuichi-katagiri/Subjects/Robotics/ex01/build/external_package/prefix_override:/usr/lib/python3/dist-packages/colcon_core/task/python/colcon_distutils_commands:/home/yuichi-katagiri/Subjects/Robotics/ex01/install/external_package/lib/python3.10/site-packages:${PYTHONPATH} /usr/bin/python3 -W ignore:setup.py install is deprecated setup.py egg_info --egg-base ../../build/external_package build --build-base /home/yuichi-katagiri/Subjects/Robotics/ex01/build/external_package/build install --record /home/yuichi-katagiri/Subjects/Robotics/ex01/build/external_package/install.log --single-version-externally-managed install_data
[0.744s] running egg_info
[0.744s] creating ../../build/external_package/external_package.egg-info
[0.744s] writing ../../build/external_package/external_package.egg-info/PKG-INFO
[0.744s] writing dependency_links to ../../build/external_package/external_package.egg-info/dependency_links.txt
[0.745s] writing entry points to ../../build/external_package/external_package.egg-info/entry_points.txt
[0.745s] writing requirements to ../../build/external_package/external_package.egg-info/requires.txt
[0.745s] writing top-level names to ../../build/external_package/external_package.egg-info/top_level.txt
[0.745s] writing manifest file '../../build/external_package/external_package.egg-info/SOURCES.txt'
[0.746s] reading manifest file '../../build/external_package/external_package.egg-info/SOURCES.txt'
[0.746s] adding license file 'LICENSE'
[0.747s] writing manifest file '../../build/external_package/external_package.egg-info/SOURCES.txt'
[0.747s] running build
[0.747s] running build_py
[0.747s] creating /home/yuichi-katagiri/Subjects/Robotics/ex01/build/external_package/build
[0.747s] creating /home/yuichi-katagiri/Subjects/Robotics/ex01/build/external_package/build/lib
[0.748s] creating /home/yuichi-katagiri/Subjects/Robotics/ex01/build/external_package/build/lib/external_package
[0.748s] copying external_package/__init__.py -> /home/yuichi-katagiri/Subjects/Robotics/ex01/build/external_package/build/lib/external_package
[0.748s] running install
[0.748s] running install_lib
[0.748s] creating /home/yuichi-katagiri/Subjects/Robotics/ex01/install/external_package/lib/python3.10/site-packages/external_package
[0.748s] copying /home/yuichi-katagiri/Subjects/Robotics/ex01/build/external_package/build/lib/external_package/__init__.py -> /home/yuichi-katagiri/Subjects/Robotics/ex01/install/external_package/lib/python3.10/site-packages/external_package
[0.749s] byte-compiling /home/yuichi-katagiri/Subjects/Robotics/ex01/install/external_package/lib/python3.10/site-packages/external_package/__init__.py to __init__.cpython-310.pyc
[0.749s] running install_data
[0.749s] creating /home/yuichi-katagiri/Subjects/Robotics/ex01/install/external_package/share/ament_index
[0.749s] creating /home/yuichi-katagiri/Subjects/Robotics/ex01/install/external_package/share/ament_index/resource_index
[0.749s] creating /home/yuichi-katagiri/Subjects/Robotics/ex01/install/external_package/share/ament_index/resource_index/packages
[0.749s] copying resource/external_package -> /home/yuichi-katagiri/Subjects/Robotics/ex01/install/external_package/share/ament_index/resource_index/packages
[0.749s] copying package.xml -> /home/yuichi-katagiri/Subjects/Robotics/ex01/install/external_package/share/external_package
[0.749s] running install_egg_info
[0.751s] Copying ../../build/external_package/external_package.egg-info to /home/yuichi-katagiri/Subjects/Robotics/ex01/install/external_package/lib/python3.10/site-packages/external_package-0.0.0-py3.10.egg-info
[0.751s] running install_scripts
[0.770s] writing list of installed files to '/home/yuichi-katagiri/Subjects/Robotics/ex01/build/external_package/install.log'
[0.791s] Invoked command in '/home/yuichi-katagiri/Subjects/Robotics/ex01/src/external_package' returned '0': PYTHONPATH=/home/yuichi-katagiri/Subjects/Robotics/ex01/build/external_package/prefix_override:/usr/lib/python3/dist-packages/colcon_core/task/python/colcon_distutils_commands:/home/yuichi-katagiri/Subjects/Robotics/ex01/install/external_package/lib/python3.10/site-packages:${PYTHONPATH} /usr/bin/python3 -W ignore:setup.py install is deprecated setup.py egg_info --egg-base ../../build/external_package build --build-base /home/yuichi-katagiri/Subjects/Robotics/ex01/build/external_package/build install --record /home/yuichi-katagiri/Subjects/Robotics/ex01/build/external_package/install.log --single-version-externally-managed install_data
