running egg_info
writing ../../build/service_full_name/service_full_name.egg-info/PKG-INFO
writing dependency_links to ../../build/service_full_name/service_full_name.egg-info/dependency_links.txt
writing entry points to ../../build/service_full_name/service_full_name.egg-info/entry_points.txt
writing requirements to ../../build/service_full_name/service_full_name.egg-info/requires.txt
writing top-level names to ../../build/service_full_name/service_full_name.egg-info/top_level.txt
reading manifest file '../../build/service_full_name/service_full_name.egg-info/SOURCES.txt'
adding license file 'LICENSE'
writing manifest file '../../build/service_full_name/service_full_name.egg-info/SOURCES.txt'
running build
running build_py
running install
running install_lib
running install_data
running install_egg_info
removing '/home/yuichi-katagiri/Subjects/Robotics/ex01/install/service_full_name/lib/python3.10/site-packages/service_full_name-0.0.0-py3.10.egg-info' (and everything under it)
Copying ../../build/service_full_name/service_full_name.egg-info to /home/yuichi-katagiri/Subjects/Robotics/ex01/install/service_full_name/lib/python3.10/site-packages/service_full_name-0.0.0-py3.10.egg-info
running install_scripts
Installing client_name script to /home/yuichi-katagiri/Subjects/Robotics/ex01/install/service_full_name/lib/service_full_name
Installing my_node = service_full_name.my_node:mainservice_name script to /home/yuichi-katagiri/Subjects/Robotics/ex01/install/service_full_name/lib/service_full_name
writing list of installed files to '/home/yuichi-katagiri/Subjects/Robotics/ex01/build/service_full_name/install.log'
