[0.008s] Invoking command in '/home/yuichi-katagiri/Subjects/Robotics/module_5/ex02/build/need': CMAKE_PREFIX_PATH=${CMAKE_PREFIX_PATH}:/home/yuichi-katagiri/ros2_ws/install/tomodachi:/home/yuichi-katagiri/ros2_ws/install/manabu:/opt/ros/humble /usr/bin/cmake /home/yuichi-katagiri/Subjects/Robotics/module_5/ex02/src/need -DCMAKE_INSTALL_PREFIX=/home/yuichi-katagiri/Subjects/Robotics/module_5/ex02/install/need
[0.070s] -- The C compiler identification is GNU 11.4.0
[0.123s] -- The CXX compiler identification is GNU 11.4.0
[0.133s] -- Detecting C compiler ABI info
[0.191s] -- Detecting C compiler ABI info - done
[0.199s] -- Check for working C compiler: /usr/bin/cc - skipped
[0.199s] -- Detecting C compile features
[0.200s] -- Detecting C compile features - done
[0.203s] -- Detecting CXX compiler ABI info
[0.274s] -- Detecting CXX compiler ABI info - done
[0.281s] -- Check for working CXX compiler: /usr/bin/c++ - skipped
[0.282s] -- Detecting CXX compile features
[0.282s] -- Detecting CXX compile features - done
[0.286s] -- Found ament_cmake: 1.3.10 (/opt/ros/humble/share/ament_cmake/cmake)
[0.425s] -- Found Python3: /usr/bin/python3 (found version "3.10.12") found components: Interpreter 
[0.511s] -- Found ament_lint_auto: 0.12.11 (/opt/ros/humble/share/ament_lint_auto/cmake)
[0.586s] -- Added test 'flake8' to check Python code syntax and style conventions
[0.587s] -- Added test 'lint_cmake' to check CMake code style
[0.588s] -- Added test 'pep257' to check Python code against some of the docstring style conventions in PEP 257
[0.589s] -- Added test 'xmllint' to check XML markup files
[0.590s] -- Configuring done
[0.592s] -- Generating done
[0.593s] -- Build files have been written to: /home/yuichi-katagiri/Subjects/Robotics/module_5/ex02/build/need
[0.598s] Invoked command in '/home/yuichi-katagiri/Subjects/Robotics/module_5/ex02/build/need' returned '0': CMAKE_PREFIX_PATH=${CMAKE_PREFIX_PATH}:/home/yuichi-katagiri/ros2_ws/install/tomodachi:/home/yuichi-katagiri/ros2_ws/install/manabu:/opt/ros/humble /usr/bin/cmake /home/yuichi-katagiri/Subjects/Robotics/module_5/ex02/src/need -DCMAKE_INSTALL_PREFIX=/home/yuichi-katagiri/Subjects/Robotics/module_5/ex02/install/need
[0.598s] Invoking command in '/home/yuichi-katagiri/Subjects/Robotics/module_5/ex02/build/need': CMAKE_PREFIX_PATH=${CMAKE_PREFIX_PATH}:/home/yuichi-katagiri/ros2_ws/install/tomodachi:/home/yuichi-katagiri/ros2_ws/install/manabu:/opt/ros/humble /usr/bin/cmake --build /home/yuichi-katagiri/Subjects/Robotics/module_5/ex02/build/need -- -j8 -l8
[0.629s] Invoked command in '/home/yuichi-katagiri/Subjects/Robotics/module_5/ex02/build/need' returned '0': CMAKE_PREFIX_PATH=${CMAKE_PREFIX_PATH}:/home/yuichi-katagiri/ros2_ws/install/tomodachi:/home/yuichi-katagiri/ros2_ws/install/manabu:/opt/ros/humble /usr/bin/cmake --build /home/yuichi-katagiri/Subjects/Robotics/module_5/ex02/build/need -- -j8 -l8
[0.655s] Invoking command in '/home/yuichi-katagiri/Subjects/Robotics/module_5/ex02/build/need': CMAKE_PREFIX_PATH=${CMAKE_PREFIX_PATH}:/home/yuichi-katagiri/ros2_ws/install/tomodachi:/home/yuichi-katagiri/ros2_ws/install/manabu:/opt/ros/humble /usr/bin/cmake --install /home/yuichi-katagiri/Subjects/Robotics/module_5/ex02/build/need
[0.661s] -- Install configuration: ""
[0.661s] -- Installing: /home/yuichi-katagiri/Subjects/Robotics/module_5/ex02/install/need/share/need//launch
[0.661s] -- Installing: /home/yuichi-katagiri/Subjects/Robotics/module_5/ex02/install/need/share/need//launch/robot_display.py
[0.661s] -- Installing: /home/yuichi-katagiri/Subjects/Robotics/module_5/ex02/install/need/share/need//urdf
[0.661s] -- Installing: /home/yuichi-katagiri/Subjects/Robotics/module_5/ex02/install/need/share/need//urdf/robot.xacro
[0.661s] -- Installing: /home/yuichi-katagiri/Subjects/Robotics/module_5/ex02/install/need/share/need//urdf/robot.urdf
[0.661s] -- Installing: /home/yuichi-katagiri/Subjects/Robotics/module_5/ex02/install/need/share/need//rviz
[0.661s] -- Installing: /home/yuichi-katagiri/Subjects/Robotics/module_5/ex02/install/need/share/need//rviz/rviz_config.rviz
[0.661s] -- Installing: /home/yuichi-katagiri/Subjects/Robotics/module_5/ex02/install/need/share/ament_index/resource_index/package_run_dependencies/need
[0.661s] -- Installing: /home/yuichi-katagiri/Subjects/Robotics/module_5/ex02/install/need/share/ament_index/resource_index/parent_prefix_path/need
[0.662s] -- Installing: /home/yuichi-katagiri/Subjects/Robotics/module_5/ex02/install/need/share/need/environment/ament_prefix_path.sh
[0.662s] -- Installing: /home/yuichi-katagiri/Subjects/Robotics/module_5/ex02/install/need/share/need/environment/ament_prefix_path.dsv
[0.662s] -- Installing: /home/yuichi-katagiri/Subjects/Robotics/module_5/ex02/install/need/share/need/environment/path.sh
[0.662s] -- Installing: /home/yuichi-katagiri/Subjects/Robotics/module_5/ex02/install/need/share/need/environment/path.dsv
[0.662s] -- Installing: /home/yuichi-katagiri/Subjects/Robotics/module_5/ex02/install/need/share/need/local_setup.bash
[0.662s] -- Installing: /home/yuichi-katagiri/Subjects/Robotics/module_5/ex02/install/need/share/need/local_setup.sh
[0.662s] -- Installing: /home/yuichi-katagiri/Subjects/Robotics/module_5/ex02/install/need/share/need/local_setup.zsh
[0.662s] -- Installing: /home/yuichi-katagiri/Subjects/Robotics/module_5/ex02/install/need/share/need/local_setup.dsv
[0.663s] -- Installing: /home/yuichi-katagiri/Subjects/Robotics/module_5/ex02/install/need/share/need/package.dsv
[0.663s] -- Installing: /home/yuichi-katagiri/Subjects/Robotics/module_5/ex02/install/need/share/ament_index/resource_index/packages/need
[0.663s] -- Installing: /home/yuichi-katagiri/Subjects/Robotics/module_5/ex02/install/need/share/need/cmake/needConfig.cmake
[0.663s] -- Installing: /home/yuichi-katagiri/Subjects/Robotics/module_5/ex02/install/need/share/need/cmake/needConfig-version.cmake
[0.663s] -- Installing: /home/yuichi-katagiri/Subjects/Robotics/module_5/ex02/install/need/share/need/package.xml
[0.665s] Invoked command in '/home/yuichi-katagiri/Subjects/Robotics/module_5/ex02/build/need' returned '0': CMAKE_PREFIX_PATH=${CMAKE_PREFIX_PATH}:/home/yuichi-katagiri/ros2_ws/install/tomodachi:/home/yuichi-katagiri/ros2_ws/install/manabu:/opt/ros/humble /usr/bin/cmake --install /home/yuichi-katagiri/Subjects/Robotics/module_5/ex02/build/need
