[0.247s] Invoking command in '/home/yuichi-katagiri/Subjects/Robotics/module_5/ex04/build/robot_app': CMAKE_PREFIX_PATH=/home/yuichi-katagiri/ros2_ws/install/tomodachi:/home/yuichi-katagiri/ros2_ws/install/manabu:/opt/ros/humble /usr/bin/cmake /home/yuichi-katagiri/Subjects/Robotics/module_5/ex04/src/need/robot_app -DCMAKE_INSTALL_PREFIX=/home/yuichi-katagiri/Subjects/Robotics/module_5/ex04/install/robot_app
[0.299s] -- The C compiler identification is GNU 11.4.0
[0.356s] -- The CXX compiler identification is GNU 11.4.0
[0.363s] -- Detecting C compiler ABI info
[0.426s] -- Detecting C compiler ABI info - done
[0.441s] -- Check for working C compiler: /usr/bin/cc - skipped
[0.441s] -- Detecting C compile features
[0.442s] -- Detecting C compile features - done
[0.447s] -- Detecting CXX compiler ABI info
[0.524s] -- Detecting CXX compiler ABI info - done
[0.540s] -- Check for working CXX compiler: /usr/bin/c++ - skipped
[0.540s] -- Detecting CXX compile features
[0.541s] -- Detecting CXX compile features - done
[0.544s] -- Found ament_cmake: 1.3.10 (/opt/ros/humble/share/ament_cmake/cmake)
[0.714s] -- Found Python3: /usr/bin/python3 (found version "3.10.12") found components: Interpreter 
[0.884s] -- Configuring done
[0.886s] -- Generating done
[0.887s] -- Build files have been written to: /home/yuichi-katagiri/Subjects/Robotics/module_5/ex04/build/robot_app
[0.891s] Invoked command in '/home/yuichi-katagiri/Subjects/Robotics/module_5/ex04/build/robot_app' returned '0': CMAKE_PREFIX_PATH=/home/yuichi-katagiri/ros2_ws/install/tomodachi:/home/yuichi-katagiri/ros2_ws/install/manabu:/opt/ros/humble /usr/bin/cmake /home/yuichi-katagiri/Subjects/Robotics/module_5/ex04/src/need/robot_app -DCMAKE_INSTALL_PREFIX=/home/yuichi-katagiri/Subjects/Robotics/module_5/ex04/install/robot_app
[0.892s] Invoking command in '/home/yuichi-katagiri/Subjects/Robotics/module_5/ex04/build/robot_app': CMAKE_PREFIX_PATH=/home/yuichi-katagiri/ros2_ws/install/tomodachi:/home/yuichi-katagiri/ros2_ws/install/manabu:/opt/ros/humble /usr/bin/cmake --build /home/yuichi-katagiri/Subjects/Robotics/module_5/ex04/build/robot_app -- -j8 -l8
[0.934s] Invoked command in '/home/yuichi-katagiri/Subjects/Robotics/module_5/ex04/build/robot_app' returned '0': CMAKE_PREFIX_PATH=/home/yuichi-katagiri/ros2_ws/install/tomodachi:/home/yuichi-katagiri/ros2_ws/install/manabu:/opt/ros/humble /usr/bin/cmake --build /home/yuichi-katagiri/Subjects/Robotics/module_5/ex04/build/robot_app -- -j8 -l8
[0.963s] Invoking command in '/home/yuichi-katagiri/Subjects/Robotics/module_5/ex04/build/robot_app': CMAKE_PREFIX_PATH=/home/yuichi-katagiri/ros2_ws/install/tomodachi:/home/yuichi-katagiri/ros2_ws/install/manabu:/opt/ros/humble /usr/bin/cmake --install /home/yuichi-katagiri/Subjects/Robotics/module_5/ex04/build/robot_app
[0.969s] -- Install configuration: ""
[0.970s] -- Installing: /home/yuichi-katagiri/Subjects/Robotics/module_5/ex04/install/robot_app/share/ament_index/resource_index/package_run_dependencies/robot_app
[0.970s] -- Installing: /home/yuichi-katagiri/Subjects/Robotics/module_5/ex04/install/robot_app/share/ament_index/resource_index/parent_prefix_path/robot_app
[0.970s] -- Installing: /home/yuichi-katagiri/Subjects/Robotics/module_5/ex04/install/robot_app/share/robot_app/environment/ament_prefix_path.sh
[0.970s] -- Installing: /home/yuichi-katagiri/Subjects/Robotics/module_5/ex04/install/robot_app/share/robot_app/environment/ament_prefix_path.dsv
[0.970s] -- Installing: /home/yuichi-katagiri/Subjects/Robotics/module_5/ex04/install/robot_app/share/robot_app/environment/path.sh
[0.970s] -- Installing: /home/yuichi-katagiri/Subjects/Robotics/module_5/ex04/install/robot_app/share/robot_app/environment/path.dsv
[0.970s] -- Installing: /home/yuichi-katagiri/Subjects/Robotics/module_5/ex04/install/robot_app/share/robot_app/local_setup.bash
[0.971s] -- Installing: /home/yuichi-katagiri/Subjects/Robotics/module_5/ex04/install/robot_app/share/robot_app/local_setup.sh
[0.971s] -- Installing: /home/yuichi-katagiri/Subjects/Robotics/module_5/ex04/install/robot_app/share/robot_app/local_setup.zsh
[0.971s] -- Installing: /home/yuichi-katagiri/Subjects/Robotics/module_5/ex04/install/robot_app/share/robot_app/local_setup.dsv
[0.971s] -- Installing: /home/yuichi-katagiri/Subjects/Robotics/module_5/ex04/install/robot_app/share/robot_app/package.dsv
[0.971s] -- Installing: /home/yuichi-katagiri/Subjects/Robotics/module_5/ex04/install/robot_app/share/ament_index/resource_index/packages/robot_app
[0.971s] -- Installing: /home/yuichi-katagiri/Subjects/Robotics/module_5/ex04/install/robot_app/share/robot_app/cmake/robot_appConfig.cmake
[0.972s] -- Installing: /home/yuichi-katagiri/Subjects/Robotics/module_5/ex04/install/robot_app/share/robot_app/cmake/robot_appConfig-version.cmake
[0.972s] -- Installing: /home/yuichi-katagiri/Subjects/Robotics/module_5/ex04/install/robot_app/share/robot_app/package.xml
[0.974s] Invoked command in '/home/yuichi-katagiri/Subjects/Robotics/module_5/ex04/build/robot_app' returned '0': CMAKE_PREFIX_PATH=/home/yuichi-katagiri/ros2_ws/install/tomodachi:/home/yuichi-katagiri/ros2_ws/install/manabu:/opt/ros/humble /usr/bin/cmake --install /home/yuichi-katagiri/Subjects/Robotics/module_5/ex04/build/robot_app
