[0.015s] Invoking command in '/home/yuichi-katagiri/Subjects/Robotics/module_5/ex03/build/robot_bringup': CMAKE_PREFIX_PATH=${CMAKE_PREFIX_PATH}:/home/yuichi-katagiri/ros2_ws/install/tomodachi:/home/yuichi-katagiri/ros2_ws/install/manabu:/opt/ros/humble /usr/bin/cmake /home/yuichi-katagiri/Subjects/Robotics/module_5/ex03/src/need/robot_bringup -DCMAKE_INSTALL_PREFIX=/home/yuichi-katagiri/Subjects/Robotics/module_5/ex03/install/robot_bringup
[0.085s] -- The C compiler identification is GNU 11.4.0
[0.158s] -- The CXX compiler identification is GNU 11.4.0
[0.168s] -- Detecting C compiler ABI info
[0.247s] -- Detecting C compiler ABI info - done
[0.256s] -- Check for working C compiler: /usr/bin/cc - skipped
[0.257s] -- Detecting C compile features
[0.257s] -- Detecting C compile features - done
[0.260s] -- Detecting CXX compiler ABI info
[0.354s] -- Detecting CXX compiler ABI info - done
[0.370s] -- Check for working CXX compiler: /usr/bin/c++ - skipped
[0.370s] -- Detecting CXX compile features
[0.371s] -- Detecting CXX compile features - done
[0.374s] -- Found ament_cmake: 1.3.10 (/opt/ros/humble/share/ament_cmake/cmake)
[0.575s] -- Found Python3: /usr/bin/python3 (found version "3.10.12") found components: Interpreter 
[0.682s] -- Found ament_lint_auto: 0.12.11 (/opt/ros/humble/share/ament_lint_auto/cmake)
[0.772s] -- Configuring done
[0.775s] -- Generating done
[0.776s] -- Build files have been written to: /home/yuichi-katagiri/Subjects/Robotics/module_5/ex03/build/robot_bringup
[0.781s] Invoked command in '/home/yuichi-katagiri/Subjects/Robotics/module_5/ex03/build/robot_bringup' returned '0': CMAKE_PREFIX_PATH=${CMAKE_PREFIX_PATH}:/home/yuichi-katagiri/ros2_ws/install/tomodachi:/home/yuichi-katagiri/ros2_ws/install/manabu:/opt/ros/humble /usr/bin/cmake /home/yuichi-katagiri/Subjects/Robotics/module_5/ex03/src/need/robot_bringup -DCMAKE_INSTALL_PREFIX=/home/yuichi-katagiri/Subjects/Robotics/module_5/ex03/install/robot_bringup
[0.783s] Invoking command in '/home/yuichi-katagiri/Subjects/Robotics/module_5/ex03/build/robot_bringup': CMAKE_PREFIX_PATH=${CMAKE_PREFIX_PATH}:/home/yuichi-katagiri/ros2_ws/install/tomodachi:/home/yuichi-katagiri/ros2_ws/install/manabu:/opt/ros/humble /usr/bin/cmake --build /home/yuichi-katagiri/Subjects/Robotics/module_5/ex03/build/robot_bringup -- -j8 -l8
[0.823s] Invoked command in '/home/yuichi-katagiri/Subjects/Robotics/module_5/ex03/build/robot_bringup' returned '0': CMAKE_PREFIX_PATH=${CMAKE_PREFIX_PATH}:/home/yuichi-katagiri/ros2_ws/install/tomodachi:/home/yuichi-katagiri/ros2_ws/install/manabu:/opt/ros/humble /usr/bin/cmake --build /home/yuichi-katagiri/Subjects/Robotics/module_5/ex03/build/robot_bringup -- -j8 -l8
[0.849s] Invoking command in '/home/yuichi-katagiri/Subjects/Robotics/module_5/ex03/build/robot_bringup': CMAKE_PREFIX_PATH=${CMAKE_PREFIX_PATH}:/home/yuichi-katagiri/ros2_ws/install/tomodachi:/home/yuichi-katagiri/ros2_ws/install/manabu:/opt/ros/humble /usr/bin/cmake --install /home/yuichi-katagiri/Subjects/Robotics/module_5/ex03/build/robot_bringup
[0.858s] -- Install configuration: ""
[0.858s] -- Installing: /home/yuichi-katagiri/Subjects/Robotics/module_5/ex03/install/robot_bringup/share/robot_bringup/launch
[0.859s] -- Installing: /home/yuichi-katagiri/Subjects/Robotics/module_5/ex03/install/robot_bringup/share/robot_bringup/launch/diff_drive.launch.py
[0.859s] -- Installing: /home/yuichi-katagiri/Subjects/Robotics/module_5/ex03/install/robot_bringup/share/robot_bringup/config
[0.859s] -- Installing: /home/yuichi-katagiri/Subjects/Robotics/module_5/ex03/install/robot_bringup/share/robot_bringup/config/diff_drive.rviz
[0.860s] -- Installing: /home/yuichi-katagiri/Subjects/Robotics/module_5/ex03/install/robot_bringup/share/robot_bringup/config/robot_bridge.yaml
[0.861s] -- Installing: /home/yuichi-katagiri/Subjects/Robotics/module_5/ex03/install/robot_bringup/share/ament_index/resource_index/package_run_dependencies/robot_bringup
[0.861s] -- Installing: /home/yuichi-katagiri/Subjects/Robotics/module_5/ex03/install/robot_bringup/share/ament_index/resource_index/parent_prefix_path/robot_bringup
[0.861s] -- Installing: /home/yuichi-katagiri/Subjects/Robotics/module_5/ex03/install/robot_bringup/share/robot_bringup/environment/ament_prefix_path.sh
[0.861s] -- Installing: /home/yuichi-katagiri/Subjects/Robotics/module_5/ex03/install/robot_bringup/share/robot_bringup/environment/ament_prefix_path.dsv
[0.861s] -- Installing: /home/yuichi-katagiri/Subjects/Robotics/module_5/ex03/install/robot_bringup/share/robot_bringup/environment/path.sh
[0.861s] -- Installing: /home/yuichi-katagiri/Subjects/Robotics/module_5/ex03/install/robot_bringup/share/robot_bringup/environment/path.dsv
[0.861s] -- Installing: /home/yuichi-katagiri/Subjects/Robotics/module_5/ex03/install/robot_bringup/share/robot_bringup/local_setup.bash
[0.861s] -- Installing: /home/yuichi-katagiri/Subjects/Robotics/module_5/ex03/install/robot_bringup/share/robot_bringup/local_setup.sh
[0.861s] -- Installing: /home/yuichi-katagiri/Subjects/Robotics/module_5/ex03/install/robot_bringup/share/robot_bringup/local_setup.zsh
[0.861s] -- Installing: /home/yuichi-katagiri/Subjects/Robotics/module_5/ex03/install/robot_bringup/share/robot_bringup/local_setup.dsv
[0.861s] -- Installing: /home/yuichi-katagiri/Subjects/Robotics/module_5/ex03/install/robot_bringup/share/robot_bringup/package.dsv
[0.862s] -- Installing: /home/yuichi-katagiri/Subjects/Robotics/module_5/ex03/install/robot_bringup/share/ament_index/resource_index/packages/robot_bringup
[0.862s] -- Installing: /home/yuichi-katagiri/Subjects/Robotics/module_5/ex03/install/robot_bringup/share/robot_bringup/cmake/robot_bringupConfig.cmake
[0.862s] -- Installing: /home/yuichi-katagiri/Subjects/Robotics/module_5/ex03/install/robot_bringup/share/robot_bringup/cmake/robot_bringupConfig-version.cmake
[0.862s] -- Installing: /home/yuichi-katagiri/Subjects/Robotics/module_5/ex03/install/robot_bringup/share/robot_bringup/package.xml
[0.883s] Invoked command in '/home/yuichi-katagiri/Subjects/Robotics/module_5/ex03/build/robot_bringup' returned '0': CMAKE_PREFIX_PATH=${CMAKE_PREFIX_PATH}:/home/yuichi-katagiri/ros2_ws/install/tomodachi:/home/yuichi-katagiri/ros2_ws/install/manabu:/opt/ros/humble /usr/bin/cmake --install /home/yuichi-katagiri/Subjects/Robotics/module_5/ex03/build/robot_bringup
