[0.016s] Invoking command in '/home/yuichi-katagiri/Subjects/Robotics/module_6/ex01/build/robot_app': CMAKE_PREFIX_PATH=${CMAKE_PREFIX_PATH}:/home/yuichi-katagiri/ros2_ws/install/tomodachi:/home/yuichi-katagiri/ros2_ws/install/manabu:/opt/ros/humble /usr/bin/cmake /home/yuichi-katagiri/Subjects/Robotics/module_6/ex01/src/need/robot_app -DCMAKE_INSTALL_PREFIX=/home/yuichi-katagiri/Subjects/Robotics/module_6/ex01/install/robot_app
[0.069s] -- The C compiler identification is GNU 11.4.0
[0.124s] -- The CXX compiler identification is GNU 11.4.0
[0.131s] -- Detecting C compiler ABI info
[0.194s] -- Detecting C compiler ABI info - done
[0.202s] -- Check for working C compiler: /usr/bin/cc - skipped
[0.202s] -- Detecting C compile features
[0.203s] -- Detecting C compile features - done
[0.205s] -- Detecting CXX compiler ABI info
[0.279s] -- Detecting CXX compiler ABI info - done
[0.287s] -- Check for working CXX compiler: /usr/bin/c++ - skipped
[0.288s] -- Detecting CXX compile features
[0.288s] -- Detecting CXX compile features - done
[0.290s] -- Found ament_cmake: 1.3.10 (/opt/ros/humble/share/ament_cmake/cmake)
[0.449s] -- Found Python3: /usr/bin/python3 (found version "3.10.12") found components: Interpreter 
[0.607s] -- Configuring done
[0.609s] -- Generating done
[0.610s] -- Build files have been written to: /home/yuichi-katagiri/Subjects/Robotics/module_6/ex01/build/robot_app
[0.616s] Invoked command in '/home/yuichi-katagiri/Subjects/Robotics/module_6/ex01/build/robot_app' returned '0': CMAKE_PREFIX_PATH=${CMAKE_PREFIX_PATH}:/home/yuichi-katagiri/ros2_ws/install/tomodachi:/home/yuichi-katagiri/ros2_ws/install/manabu:/opt/ros/humble /usr/bin/cmake /home/yuichi-katagiri/Subjects/Robotics/module_6/ex01/src/need/robot_app -DCMAKE_INSTALL_PREFIX=/home/yuichi-katagiri/Subjects/Robotics/module_6/ex01/install/robot_app
[0.617s] Invoking command in '/home/yuichi-katagiri/Subjects/Robotics/module_6/ex01/build/robot_app': CMAKE_PREFIX_PATH=${CMAKE_PREFIX_PATH}:/home/yuichi-katagiri/ros2_ws/install/tomodachi:/home/yuichi-katagiri/ros2_ws/install/manabu:/opt/ros/humble /usr/bin/cmake --build /home/yuichi-katagiri/Subjects/Robotics/module_6/ex01/build/robot_app -- -j8 -l8
[0.651s] Invoked command in '/home/yuichi-katagiri/Subjects/Robotics/module_6/ex01/build/robot_app' returned '0': CMAKE_PREFIX_PATH=${CMAKE_PREFIX_PATH}:/home/yuichi-katagiri/ros2_ws/install/tomodachi:/home/yuichi-katagiri/ros2_ws/install/manabu:/opt/ros/humble /usr/bin/cmake --build /home/yuichi-katagiri/Subjects/Robotics/module_6/ex01/build/robot_app -- -j8 -l8
[0.679s] Invoking command in '/home/yuichi-katagiri/Subjects/Robotics/module_6/ex01/build/robot_app': CMAKE_PREFIX_PATH=${CMAKE_PREFIX_PATH}:/home/yuichi-katagiri/ros2_ws/install/tomodachi:/home/yuichi-katagiri/ros2_ws/install/manabu:/opt/ros/humble /usr/bin/cmake --install /home/yuichi-katagiri/Subjects/Robotics/module_6/ex01/build/robot_app
[0.685s] -- Install configuration: ""
[0.685s] -- Installing: /home/yuichi-katagiri/Subjects/Robotics/module_6/ex01/install/robot_app/share/ament_index/resource_index/package_run_dependencies/robot_app
[0.685s] -- Installing: /home/yuichi-katagiri/Subjects/Robotics/module_6/ex01/install/robot_app/share/ament_index/resource_index/parent_prefix_path/robot_app
[0.685s] -- Installing: /home/yuichi-katagiri/Subjects/Robotics/module_6/ex01/install/robot_app/share/robot_app/environment/ament_prefix_path.sh
[0.685s] -- Installing: /home/yuichi-katagiri/Subjects/Robotics/module_6/ex01/install/robot_app/share/robot_app/environment/ament_prefix_path.dsv
[0.686s] -- Installing: /home/yuichi-katagiri/Subjects/Robotics/module_6/ex01/install/robot_app/share/robot_app/environment/path.sh
[0.686s] -- Installing: /home/yuichi-katagiri/Subjects/Robotics/module_6/ex01/install/robot_app/share/robot_app/environment/path.dsv
[0.686s] -- Installing: /home/yuichi-katagiri/Subjects/Robotics/module_6/ex01/install/robot_app/share/robot_app/local_setup.bash
[0.686s] -- Installing: /home/yuichi-katagiri/Subjects/Robotics/module_6/ex01/install/robot_app/share/robot_app/local_setup.sh
[0.686s] -- Installing: /home/yuichi-katagiri/Subjects/Robotics/module_6/ex01/install/robot_app/share/robot_app/local_setup.zsh
[0.686s] -- Installing: /home/yuichi-katagiri/Subjects/Robotics/module_6/ex01/install/robot_app/share/robot_app/local_setup.dsv
[0.686s] -- Installing: /home/yuichi-katagiri/Subjects/Robotics/module_6/ex01/install/robot_app/share/robot_app/package.dsv
[0.687s] -- Installing: /home/yuichi-katagiri/Subjects/Robotics/module_6/ex01/install/robot_app/share/ament_index/resource_index/packages/robot_app
[0.687s] -- Installing: /home/yuichi-katagiri/Subjects/Robotics/module_6/ex01/install/robot_app/share/robot_app/cmake/robot_appConfig.cmake
[0.687s] -- Installing: /home/yuichi-katagiri/Subjects/Robotics/module_6/ex01/install/robot_app/share/robot_app/cmake/robot_appConfig-version.cmake
[0.687s] -- Installing: /home/yuichi-katagiri/Subjects/Robotics/module_6/ex01/install/robot_app/share/robot_app/package.xml
[0.690s] Invoked command in '/home/yuichi-katagiri/Subjects/Robotics/module_6/ex01/build/robot_app' returned '0': CMAKE_PREFIX_PATH=${CMAKE_PREFIX_PATH}:/home/yuichi-katagiri/ros2_ws/install/tomodachi:/home/yuichi-katagiri/ros2_ws/install/manabu:/opt/ros/humble /usr/bin/cmake --install /home/yuichi-katagiri/Subjects/Robotics/module_6/ex01/build/robot_app
