[0.677s] Invoking command in '/home/yuichi-katagiri/Subjects/Robotics/module_5/ex04/src/circle_movement': PYTHONPATH=/home/yuichi-katagiri/Subjects/Robotics/module_5/ex04/build/circle_movement/prefix_override:/usr/lib/python3/dist-packages/colcon_core/task/python/colcon_distutils_commands:/home/yuichi-katagiri/Subjects/Robotics/module_5/ex04/install/circle_movement/lib/python3.10/site-packages:${PYTHONPATH} /usr/bin/python3 -W ignore:setup.py install is deprecated setup.py egg_info --egg-base ../../build/circle_movement build --build-base /home/yuichi-katagiri/Subjects/Robotics/module_5/ex04/build/circle_movement/build install --record /home/yuichi-katagiri/Subjects/Robotics/module_5/ex04/build/circle_movement/install.log --single-version-externally-managed install_data
[0.958s] running egg_info
[0.959s] creating ../../build/circle_movement/circle_movement.egg-info
[0.959s] writing ../../build/circle_movement/circle_movement.egg-info/PKG-INFO
[0.959s] writing dependency_links to ../../build/circle_movement/circle_movement.egg-info/dependency_links.txt
[0.960s] writing entry points to ../../build/circle_movement/circle_movement.egg-info/entry_points.txt
[0.960s] writing requirements to ../../build/circle_movement/circle_movement.egg-info/requires.txt
[0.960s] writing top-level names to ../../build/circle_movement/circle_movement.egg-info/top_level.txt
[0.960s] writing manifest file '../../build/circle_movement/circle_movement.egg-info/SOURCES.txt'
[0.962s] reading manifest file '../../build/circle_movement/circle_movement.egg-info/SOURCES.txt'
[0.962s] writing manifest file '../../build/circle_movement/circle_movement.egg-info/SOURCES.txt'
[0.963s] running build
[0.963s] running build_py
[0.963s] creating /home/yuichi-katagiri/Subjects/Robotics/module_5/ex04/build/circle_movement/build
[0.963s] creating /home/yuichi-katagiri/Subjects/Robotics/module_5/ex04/build/circle_movement/build/lib
[0.963s] creating /home/yuichi-katagiri/Subjects/Robotics/module_5/ex04/build/circle_movement/build/lib/circle_movement
[0.963s] copying circle_movement/circle_movement.py -> /home/yuichi-katagiri/Subjects/Robotics/module_5/ex04/build/circle_movement/build/lib/circle_movement
[0.963s] copying circle_movement/__init__.py -> /home/yuichi-katagiri/Subjects/Robotics/module_5/ex04/build/circle_movement/build/lib/circle_movement
[0.963s] running install
[0.963s] running install_lib
[0.964s] creating /home/yuichi-katagiri/Subjects/Robotics/module_5/ex04/install/circle_movement/lib/python3.10/site-packages/circle_movement
[0.964s] copying /home/yuichi-katagiri/Subjects/Robotics/module_5/ex04/build/circle_movement/build/lib/circle_movement/circle_movement.py -> /home/yuichi-katagiri/Subjects/Robotics/module_5/ex04/install/circle_movement/lib/python3.10/site-packages/circle_movement
[0.964s] copying /home/yuichi-katagiri/Subjects/Robotics/module_5/ex04/build/circle_movement/build/lib/circle_movement/__init__.py -> /home/yuichi-katagiri/Subjects/Robotics/module_5/ex04/install/circle_movement/lib/python3.10/site-packages/circle_movement
[0.965s] byte-compiling /home/yuichi-katagiri/Subjects/Robotics/module_5/ex04/install/circle_movement/lib/python3.10/site-packages/circle_movement/circle_movement.py to circle_movement.cpython-310.pyc
[0.965s] byte-compiling /home/yuichi-katagiri/Subjects/Robotics/module_5/ex04/install/circle_movement/lib/python3.10/site-packages/circle_movement/__init__.py to __init__.cpython-310.pyc
[0.965s] running install_data
[0.966s] creating /home/yuichi-katagiri/Subjects/Robotics/module_5/ex04/install/circle_movement/share/ament_index
[0.966s] creating /home/yuichi-katagiri/Subjects/Robotics/module_5/ex04/install/circle_movement/share/ament_index/resource_index
[0.966s] creating /home/yuichi-katagiri/Subjects/Robotics/module_5/ex04/install/circle_movement/share/ament_index/resource_index/packages
[0.966s] copying resource/circle_movement -> /home/yuichi-katagiri/Subjects/Robotics/module_5/ex04/install/circle_movement/share/ament_index/resource_index/packages
[0.966s] copying package.xml -> /home/yuichi-katagiri/Subjects/Robotics/module_5/ex04/install/circle_movement/share/circle_movement
[0.966s] running install_egg_info
[0.968s] Copying ../../build/circle_movement/circle_movement.egg-info to /home/yuichi-katagiri/Subjects/Robotics/module_5/ex04/install/circle_movement/lib/python3.10/site-packages/circle_movement-0.0.0-py3.10.egg-info
[0.969s] running install_scripts
[0.991s] Installing circle_movement script to /home/yuichi-katagiri/Subjects/Robotics/module_5/ex04/install/circle_movement/lib/circle_movement
[0.992s] writing list of installed files to '/home/yuichi-katagiri/Subjects/Robotics/module_5/ex04/build/circle_movement/install.log'
[1.021s] Invoked command in '/home/yuichi-katagiri/Subjects/Robotics/module_5/ex04/src/circle_movement' returned '0': PYTHONPATH=/home/yuichi-katagiri/Subjects/Robotics/module_5/ex04/build/circle_movement/prefix_override:/usr/lib/python3/dist-packages/colcon_core/task/python/colcon_distutils_commands:/home/yuichi-katagiri/Subjects/Robotics/module_5/ex04/install/circle_movement/lib/python3.10/site-packages:${PYTHONPATH} /usr/bin/python3 -W ignore:setup.py install is deprecated setup.py egg_info --egg-base ../../build/circle_movement build --build-base /home/yuichi-katagiri/Subjects/Robotics/module_5/ex04/build/circle_movement/build install --record /home/yuichi-katagiri/Subjects/Robotics/module_5/ex04/build/circle_movement/install.log --single-version-externally-managed install_data
