[0.244s] Invoking command in '/home/yuichi-katagiri/Subjects/Robotics/module_5/ex05/build/robot_description': CMAKE_PREFIX_PATH=/home/yuichi-katagiri/ros2_ws/install/tomodachi:/home/yuichi-katagiri/ros2_ws/install/manabu:/opt/ros/humble /usr/bin/cmake /home/yuichi-katagiri/Subjects/Robotics/module_5/ex05/src/need/robot_description -DCMAKE_INSTALL_PREFIX=/home/yuichi-katagiri/Subjects/Robotics/module_5/ex05/install/robot_description
[0.298s] -- The C compiler identification is GNU 11.4.0
[0.360s] -- The CXX compiler identification is GNU 11.4.0
[0.369s] -- Detecting C compiler ABI info
[0.432s] -- Detecting C compiler ABI info - done
[0.440s] -- Check for working C compiler: /usr/bin/cc - skipped
[0.440s] -- Detecting C compile features
[0.440s] -- Detecting C compile features - done
[0.444s] -- Detecting CXX compiler ABI info
[0.526s] -- Detecting CXX compiler ABI info - done
[0.542s] -- Check for working CXX compiler: /usr/bin/c++ - skipped
[0.542s] -- Detecting CXX compile features
[0.543s] -- Detecting CXX compile features - done
[0.546s] -- Found ament_cmake: 1.3.10 (/opt/ros/humble/share/ament_cmake/cmake)
[0.716s] -- Found Python3: /usr/bin/python3 (found version "3.10.12") found components: Interpreter 
[0.814s] -- Found ament_lint_auto: 0.12.11 (/opt/ros/humble/share/ament_lint_auto/cmake)
[0.890s] -- Configuring done
[0.892s] -- Generating done
[0.893s] -- Build files have been written to: /home/yuichi-katagiri/Subjects/Robotics/module_5/ex05/build/robot_description
[0.898s] Invoked command in '/home/yuichi-katagiri/Subjects/Robotics/module_5/ex05/build/robot_description' returned '0': CMAKE_PREFIX_PATH=/home/yuichi-katagiri/ros2_ws/install/tomodachi:/home/yuichi-katagiri/ros2_ws/install/manabu:/opt/ros/humble /usr/bin/cmake /home/yuichi-katagiri/Subjects/Robotics/module_5/ex05/src/need/robot_description -DCMAKE_INSTALL_PREFIX=/home/yuichi-katagiri/Subjects/Robotics/module_5/ex05/install/robot_description
[0.899s] Invoking command in '/home/yuichi-katagiri/Subjects/Robotics/module_5/ex05/build/robot_description': CMAKE_PREFIX_PATH=/home/yuichi-katagiri/ros2_ws/install/tomodachi:/home/yuichi-katagiri/ros2_ws/install/manabu:/opt/ros/humble /usr/bin/cmake --build /home/yuichi-katagiri/Subjects/Robotics/module_5/ex05/build/robot_description -- -j8 -l8
[0.939s] Invoked command in '/home/yuichi-katagiri/Subjects/Robotics/module_5/ex05/build/robot_description' returned '0': CMAKE_PREFIX_PATH=/home/yuichi-katagiri/ros2_ws/install/tomodachi:/home/yuichi-katagiri/ros2_ws/install/manabu:/opt/ros/humble /usr/bin/cmake --build /home/yuichi-katagiri/Subjects/Robotics/module_5/ex05/build/robot_description -- -j8 -l8
[0.964s] Invoking command in '/home/yuichi-katagiri/Subjects/Robotics/module_5/ex05/build/robot_description': CMAKE_PREFIX_PATH=/home/yuichi-katagiri/ros2_ws/install/tomodachi:/home/yuichi-katagiri/ros2_ws/install/manabu:/opt/ros/humble /usr/bin/cmake --install /home/yuichi-katagiri/Subjects/Robotics/module_5/ex05/build/robot_description
[0.971s] -- Install configuration: ""
[0.971s] -- Installing: /home/yuichi-katagiri/Subjects/Robotics/module_5/ex05/install/robot_description/share/robot_description//urdf
[0.972s] -- Installing: /home/yuichi-katagiri/Subjects/Robotics/module_5/ex05/install/robot_description/share/robot_description//urdf/new
[0.972s] -- Installing: /home/yuichi-katagiri/Subjects/Robotics/module_5/ex05/install/robot_description/share/robot_description//urdf/new/robot.urdf.xacro
[0.972s] -- Installing: /home/yuichi-katagiri/Subjects/Robotics/module_5/ex05/install/robot_description/share/robot_description//urdf/new/gazebo.urdf.xacro
[0.972s] -- Installing: /home/yuichi-katagiri/Subjects/Robotics/module_5/ex05/install/robot_description/share/robot_description//urdf/old
[0.972s] -- Installing: /home/yuichi-katagiri/Subjects/Robotics/module_5/ex05/install/robot_description/share/robot_description//urdf/old/robot.urdf.xacro
[0.972s] -- Installing: /home/yuichi-katagiri/Subjects/Robotics/module_5/ex05/install/robot_description/share/robot_description//urdf/old/gazebo.urdf.xacro
[0.973s] -- Installing: /home/yuichi-katagiri/Subjects/Robotics/module_5/ex05/install/robot_description/share/robot_description//urdf/robot.urdf.xacro
[0.973s] -- Installing: /home/yuichi-katagiri/Subjects/Robotics/module_5/ex05/install/robot_description/share/robot_description//urdf/gazebo.urdf.xacro
[0.973s] -- Installing: /home/yuichi-katagiri/Subjects/Robotics/module_5/ex05/install/robot_description/share/ament_index/resource_index/package_run_dependencies/robot_description
[0.973s] -- Installing: /home/yuichi-katagiri/Subjects/Robotics/module_5/ex05/install/robot_description/share/ament_index/resource_index/parent_prefix_path/robot_description
[0.973s] -- Installing: /home/yuichi-katagiri/Subjects/Robotics/module_5/ex05/install/robot_description/share/robot_description/environment/ament_prefix_path.sh
[0.974s] -- Installing: /home/yuichi-katagiri/Subjects/Robotics/module_5/ex05/install/robot_description/share/robot_description/environment/ament_prefix_path.dsv
[0.974s] -- Installing: /home/yuichi-katagiri/Subjects/Robotics/module_5/ex05/install/robot_description/share/robot_description/environment/path.sh
[0.974s] -- Installing: /home/yuichi-katagiri/Subjects/Robotics/module_5/ex05/install/robot_description/share/robot_description/environment/path.dsv
[0.974s] -- Installing: /home/yuichi-katagiri/Subjects/Robotics/module_5/ex05/install/robot_description/share/robot_description/local_setup.bash
[0.974s] -- Installing: /home/yuichi-katagiri/Subjects/Robotics/module_5/ex05/install/robot_description/share/robot_description/local_setup.sh
[0.974s] -- Installing: /home/yuichi-katagiri/Subjects/Robotics/module_5/ex05/install/robot_description/share/robot_description/local_setup.zsh
[0.975s] -- Installing: /home/yuichi-katagiri/Subjects/Robotics/module_5/ex05/install/robot_description/share/robot_description/local_setup.dsv
[0.975s] -- Installing: /home/yuichi-katagiri/Subjects/Robotics/module_5/ex05/install/robot_description/share/robot_description/package.dsv
[0.975s] -- Installing: /home/yuichi-katagiri/Subjects/Robotics/module_5/ex05/install/robot_description/share/ament_index/resource_index/packages/robot_description
[0.975s] -- Installing: /home/yuichi-katagiri/Subjects/Robotics/module_5/ex05/install/robot_description/share/robot_description/cmake/robot_descriptionConfig.cmake
[0.976s] -- Installing: /home/yuichi-katagiri/Subjects/Robotics/module_5/ex05/install/robot_description/share/robot_description/cmake/robot_descriptionConfig-version.cmake
[0.976s] -- Installing: /home/yuichi-katagiri/Subjects/Robotics/module_5/ex05/install/robot_description/share/robot_description/package.xml
[0.983s] Invoked command in '/home/yuichi-katagiri/Subjects/Robotics/module_5/ex05/build/robot_description' returned '0': CMAKE_PREFIX_PATH=/home/yuichi-katagiri/ros2_ws/install/tomodachi:/home/yuichi-katagiri/ros2_ws/install/manabu:/opt/ros/humble /usr/bin/cmake --install /home/yuichi-katagiri/Subjects/Robotics/module_5/ex05/build/robot_description
