[0.586s] Invoking command in '/home/yuichi-katagiri/Subjects/Robotics/ex02/src/action_turtle_commands': AMENT_PREFIX_PATH=/home/yuichi-katagiri/Subjects/Robotics/ex02/install/example_interfaces:${AMENT_PREFIX_PATH} CMAKE_PREFIX_PATH=/home/yuichi-katagiri/Subjects/Robotics/ex02/install/example_interfaces LD_LIBRARY_PATH=/home/yuichi-katagiri/Subjects/Robotics/ex02/install/example_interfaces/lib:${LD_LIBRARY_PATH} PYTHONPATH=/home/yuichi-katagiri/Subjects/Robotics/ex02/build/action_turtle_commands/prefix_override:/usr/lib/python3/dist-packages/colcon_core/task/python/colcon_distutils_commands:/home/yuichi-katagiri/Subjects/Robotics/ex02/install/action_turtle_commands/lib/python3.10/site-packages:/home/yuichi-katagiri/Subjects/Robotics/ex02/install/example_interfaces/local/lib/python3.10/dist-packages:${PYTHONPATH} /usr/bin/python3 -W ignore:setup.py install is deprecated setup.py egg_info --egg-base ../../build/action_turtle_commands build --build-base /home/yuichi-katagiri/Subjects/Robotics/ex02/build/action_turtle_commands/build install --record /home/yuichi-katagiri/Subjects/Robotics/ex02/build/action_turtle_commands/install.log --single-version-externally-managed install_data
[0.799s] running egg_info
[0.799s] writing ../../build/action_turtle_commands/action_turtle_commands.egg-info/PKG-INFO
[0.810s] writing dependency_links to ../../build/action_turtle_commands/action_turtle_commands.egg-info/dependency_links.txt
[0.810s] writing entry points to ../../build/action_turtle_commands/action_turtle_commands.egg-info/entry_points.txt
[0.811s] writing requirements to ../../build/action_turtle_commands/action_turtle_commands.egg-info/requires.txt
[0.811s] writing top-level names to ../../build/action_turtle_commands/action_turtle_commands.egg-info/top_level.txt
[0.813s] reading manifest file '../../build/action_turtle_commands/action_turtle_commands.egg-info/SOURCES.txt'
[0.813s] adding license file 'LICENSE'
[0.814s] writing manifest file '../../build/action_turtle_commands/action_turtle_commands.egg-info/SOURCES.txt'
[0.814s] running build
[0.814s] running build_py
[0.814s] copying action_turtle_commands/action_turtle_client.py -> /home/yuichi-katagiri/Subjects/Robotics/ex02/build/action_turtle_commands/build/lib/action_turtle_commands
[0.815s] copying action_turtle_commands/action_turtle_server.py -> /home/yuichi-katagiri/Subjects/Robotics/ex02/build/action_turtle_commands/build/lib/action_turtle_commands
[0.815s] running install
[0.815s] running install_lib
[0.816s] copying /home/yuichi-katagiri/Subjects/Robotics/ex02/build/action_turtle_commands/build/lib/action_turtle_commands/action_turtle_client.py -> /home/yuichi-katagiri/Subjects/Robotics/ex02/install/action_turtle_commands/lib/python3.10/site-packages/action_turtle_commands
[0.816s] copying /home/yuichi-katagiri/Subjects/Robotics/ex02/build/action_turtle_commands/build/lib/action_turtle_commands/action_turtle_server.py -> /home/yuichi-katagiri/Subjects/Robotics/ex02/install/action_turtle_commands/lib/python3.10/site-packages/action_turtle_commands
[0.817s] byte-compiling /home/yuichi-katagiri/Subjects/Robotics/ex02/install/action_turtle_commands/lib/python3.10/site-packages/action_turtle_commands/action_turtle_client.py to action_turtle_client.cpython-310.pyc
[0.817s] byte-compiling /home/yuichi-katagiri/Subjects/Robotics/ex02/install/action_turtle_commands/lib/python3.10/site-packages/action_turtle_commands/action_turtle_server.py to action_turtle_server.cpython-310.pyc
[0.818s] running install_data
[0.818s] running install_egg_info
[0.820s] removing '/home/yuichi-katagiri/Subjects/Robotics/ex02/install/action_turtle_commands/lib/python3.10/site-packages/action_turtle_commands-0.0.0-py3.10.egg-info' (and everything under it)
[0.820s] Copying ../../build/action_turtle_commands/action_turtle_commands.egg-info to /home/yuichi-katagiri/Subjects/Robotics/ex02/install/action_turtle_commands/lib/python3.10/site-packages/action_turtle_commands-0.0.0-py3.10.egg-info
[0.821s] running install_scripts
[0.841s] Installing action_turtle_client script to /home/yuichi-katagiri/Subjects/Robotics/ex02/install/action_turtle_commands/lib/action_turtle_commands
[0.842s] Installing action_turtle_server script to /home/yuichi-katagiri/Subjects/Robotics/ex02/install/action_turtle_commands/lib/action_turtle_commands
[0.842s] writing list of installed files to '/home/yuichi-katagiri/Subjects/Robotics/ex02/build/action_turtle_commands/install.log'
[0.865s] Invoked command in '/home/yuichi-katagiri/Subjects/Robotics/ex02/src/action_turtle_commands' returned '0': AMENT_PREFIX_PATH=/home/yuichi-katagiri/Subjects/Robotics/ex02/install/example_interfaces:${AMENT_PREFIX_PATH} CMAKE_PREFIX_PATH=/home/yuichi-katagiri/Subjects/Robotics/ex02/install/example_interfaces LD_LIBRARY_PATH=/home/yuichi-katagiri/Subjects/Robotics/ex02/install/example_interfaces/lib:${LD_LIBRARY_PATH} PYTHONPATH=/home/yuichi-katagiri/Subjects/Robotics/ex02/build/action_turtle_commands/prefix_override:/usr/lib/python3/dist-packages/colcon_core/task/python/colcon_distutils_commands:/home/yuichi-katagiri/Subjects/Robotics/ex02/install/action_turtle_commands/lib/python3.10/site-packages:/home/yuichi-katagiri/Subjects/Robotics/ex02/install/example_interfaces/local/lib/python3.10/dist-packages:${PYTHONPATH} /usr/bin/python3 -W ignore:setup.py install is deprecated setup.py egg_info --egg-base ../../build/action_turtle_commands build --build-base /home/yuichi-katagiri/Subjects/Robotics/ex02/build/action_turtle_commands/build install --record /home/yuichi-katagiri/Subjects/Robotics/ex02/build/action_turtle_commands/install.log --single-version-externally-managed install_data
