[0.011s] Invoking command in '/home/yuichi-katagiri/Subjects/Robotics/ex02/build/example_interfaces': CMAKE_PREFIX_PATH=${CMAKE_PREFIX_PATH}:/home/yuichi-katagiri/Subjects/Robotics/ex02/install/action_turtle_commands:/home/yuichi-katagiri/ros2_ws/install/tomodachi:/home/yuichi-katagiri/ros2_ws/install/manabu:/opt/ros/humble /usr/bin/cmake --build /home/yuichi-katagiri/Subjects/Robotics/ex02/build/example_interfaces -- -j8 -l8
[0.038s] -- Found ament_cmake: 1.3.10 (/opt/ros/humble/share/ament_cmake/cmake)
[0.169s] -- Found rosidl_default_generators: 1.2.0 (/opt/ros/humble/share/rosidl_default_generators/cmake)
[0.171s] -- Using all available rosidl_typesupport_c: rosidl_typesupport_fastrtps_c;rosidl_typesupport_introspection_c
[0.175s] -- Found rosidl_adapter: 3.1.5 (/opt/ros/humble/share/rosidl_adapter/cmake)
[0.212s] -- Using all available rosidl_typesupport_cpp: rosidl_typesupport_fastrtps_cpp;rosidl_typesupport_introspection_cpp
[0.509s] -- Found ament_cmake_ros: 0.10.0 (/opt/ros/humble/share/ament_cmake_ros/cmake)
[0.682s] -- Using all available rosidl_typesupport_c: rosidl_typesupport_fastrtps_c;rosidl_typesupport_introspection_c
[0.913s] -- Using all available rosidl_typesupport_cpp: rosidl_typesupport_fastrtps_cpp;rosidl_typesupport_introspection_cpp
[0.938s] -- Found python_cmake_module: 0.10.0 (/opt/ros/humble/share/python_cmake_module/cmake)
[0.962s] -- Using PYTHON_EXECUTABLE: /usr/bin/python3
[0.962s] -- Using PYTHON_INCLUDE_DIRS: /usr/include/python3.10
[0.963s] -- Using PYTHON_LIBRARIES: /usr/lib/x86_64-linux-gnu/libpython3.10.so
[0.988s] -- Configuring done
[1.021s] -- Generating done
[1.024s] -- Build files have been written to: /home/yuichi-katagiri/Subjects/Robotics/ex02/build/example_interfaces
[1.045s] [35m[1mConsolidate compiler generated dependencies of target example_interfaces__rosidl_generator_c[0m
[1.053s] [  3%] Built target example_interfaces__cpp
[1.055s] [ 12%] Built target example_interfaces__rosidl_generator_c
[1.064s] [ 12%] Built target ament_cmake_python_copy_example_interfaces
[1.066s] [35m[1mConsolidate compiler generated dependencies of target example_interfaces__rosidl_typesupport_fastrtps_cpp[0m
[1.066s] [35m[1mConsolidate compiler generated dependencies of target example_interfaces__rosidl_typesupport_introspection_cpp[0m
[1.066s] [35m[1mConsolidate compiler generated dependencies of target example_interfaces__rosidl_typesupport_cpp[0m
[1.066s] [35m[1mConsolidate compiler generated dependencies of target example_interfaces__rosidl_typesupport_c[0m
[1.067s] [35m[1mConsolidate compiler generated dependencies of target example_interfaces__rosidl_typesupport_fastrtps_c[0m
[1.068s] [35m[1mConsolidate compiler generated dependencies of target example_interfaces__rosidl_typesupport_introspection_c[0m
[1.079s] [ 22%] Built target example_interfaces__rosidl_typesupport_introspection_c
[1.081s] [ 32%] Built target example_interfaces__rosidl_typesupport_c
[1.081s] [ 41%] Built target example_interfaces__rosidl_typesupport_cpp
[1.081s] [ 51%] Built target example_interfaces__rosidl_typesupport_fastrtps_cpp
[1.081s] [ 61%] Built target example_interfaces__rosidl_typesupport_introspection_cpp
[1.081s] [ 70%] Built target example_interfaces__rosidl_typesupport_fastrtps_c
[1.099s] [ 70%] Built target example_interfaces
[1.117s] [ 74%] Built target example_interfaces__py
[1.127s] [35m[1mConsolidate compiler generated dependencies of target example_interfaces__rosidl_generator_py[0m
[1.138s] [ 80%] Built target example_interfaces__rosidl_generator_py
[1.148s] [35m[1mConsolidate compiler generated dependencies of target example_interfaces__rosidl_typesupport_introspection_c__pyext[0m
[1.148s] [35m[1mConsolidate compiler generated dependencies of target example_interfaces__rosidl_typesupport_c__pyext[0m
[1.148s] [35m[1mConsolidate compiler generated dependencies of target example_interfaces__rosidl_typesupport_fastrtps_c__pyext[0m
[1.159s] [100%] Built target example_interfaces__rosidl_typesupport_fastrtps_c__pyext
[1.159s] [ 96%] Built target example_interfaces__rosidl_typesupport_introspection_c__pyext
[1.159s] [ 96%] Built target example_interfaces__rosidl_typesupport_c__pyext
[1.313s] running egg_info
[1.314s] writing example_interfaces.egg-info/PKG-INFO
[1.314s] writing dependency_links to example_interfaces.egg-info/dependency_links.txt
[1.314s] writing top-level names to example_interfaces.egg-info/top_level.txt
[1.316s] reading manifest file 'example_interfaces.egg-info/SOURCES.txt'
[1.317s] writing manifest file 'example_interfaces.egg-info/SOURCES.txt'
[1.342s] [100%] Built target ament_cmake_python_build_example_interfaces_egg
[1.352s] Invoked command in '/home/yuichi-katagiri/Subjects/Robotics/ex02/build/example_interfaces' returned '0': CMAKE_PREFIX_PATH=${CMAKE_PREFIX_PATH}:/home/yuichi-katagiri/Subjects/Robotics/ex02/install/action_turtle_commands:/home/yuichi-katagiri/ros2_ws/install/tomodachi:/home/yuichi-katagiri/ros2_ws/install/manabu:/opt/ros/humble /usr/bin/cmake --build /home/yuichi-katagiri/Subjects/Robotics/ex02/build/example_interfaces -- -j8 -l8
[1.406s] Invoking command in '/home/yuichi-katagiri/Subjects/Robotics/ex02/build/example_interfaces': CMAKE_PREFIX_PATH=${CMAKE_PREFIX_PATH}:/home/yuichi-katagiri/Subjects/Robotics/ex02/install/action_turtle_commands:/home/yuichi-katagiri/ros2_ws/install/tomodachi:/home/yuichi-katagiri/ros2_ws/install/manabu:/opt/ros/humble /usr/bin/cmake --install /home/yuichi-katagiri/Subjects/Robotics/ex02/build/example_interfaces
[1.412s] -- Install configuration: ""
[1.413s] -- Up-to-date: /home/yuichi-katagiri/Subjects/Robotics/ex02/install/example_interfaces/share/ament_index/resource_index/rosidl_interfaces/example_interfaces
[1.413s] -- Up-to-date: /home/yuichi-katagiri/Subjects/Robotics/ex02/install/example_interfaces/include/example_interfaces/example_interfaces
[1.413s] -- Up-to-date: /home/yuichi-katagiri/Subjects/Robotics/ex02/install/example_interfaces/include/example_interfaces/example_interfaces/action
[1.413s] -- Up-to-date: /home/yuichi-katagiri/Subjects/Robotics/ex02/install/example_interfaces/include/example_interfaces/example_interfaces/action/detail
[1.413s] -- Up-to-date: /home/yuichi-katagiri/Subjects/Robotics/ex02/install/example_interfaces/include/example_interfaces/example_interfaces/action/detail/message_turtle_commands__type_support.h
[1.413s] -- Up-to-date: /home/yuichi-katagiri/Subjects/Robotics/ex02/install/example_interfaces/include/example_interfaces/example_interfaces/action/detail/message_turtle_commands__functions.c
[1.413s] -- Up-to-date: /home/yuichi-katagiri/Subjects/Robotics/ex02/install/example_interfaces/include/example_interfaces/example_interfaces/action/detail/message_turtle_commands__functions.h
[1.413s] -- Up-to-date: /home/yuichi-katagiri/Subjects/Robotics/ex02/install/example_interfaces/include/example_interfaces/example_interfaces/action/detail/message_turtle_commands__struct.h
[1.413s] -- Up-to-date: /home/yuichi-katagiri/Subjects/Robotics/ex02/install/example_interfaces/include/example_interfaces/example_interfaces/action/message_turtle_commands.h
[1.413s] -- Up-to-date: /home/yuichi-katagiri/Subjects/Robotics/ex02/install/example_interfaces/include/example_interfaces/example_interfaces/msg
[1.413s] -- Up-to-date: /home/yuichi-katagiri/Subjects/Robotics/ex02/install/example_interfaces/include/example_interfaces/example_interfaces/msg/rosidl_generator_c__visibility_control.h
[1.413s] -- Up-to-date: /home/yuichi-katagiri/Subjects/Robotics/ex02/install/example_interfaces/share/example_interfaces/environment/library_path.sh
[1.413s] -- Installing: /home/yuichi-katagiri/Subjects/Robotics/ex02/install/example_interfaces/share/example_interfaces/environment/library_path.dsv
[1.413s] -- Up-to-date: /home/yuichi-katagiri/Subjects/Robotics/ex02/install/example_interfaces/lib/libexample_interfaces__rosidl_generator_c.so
[1.414s] -- Up-to-date: /home/yuichi-katagiri/Subjects/Robotics/ex02/install/example_interfaces/include/example_interfaces/example_interfaces
[1.414s] -- Up-to-date: /home/yuichi-katagiri/Subjects/Robotics/ex02/install/example_interfaces/include/example_interfaces/example_interfaces/action
[1.414s] -- Up-to-date: /home/yuichi-katagiri/Subjects/Robotics/ex02/install/example_interfaces/include/example_interfaces/example_interfaces/action/detail
[1.414s] -- Up-to-date: /home/yuichi-katagiri/Subjects/Robotics/ex02/install/example_interfaces/include/example_interfaces/example_interfaces/action/detail/message_turtle_commands__rosidl_typesupport_fastrtps_c.h
[1.414s] -- Up-to-date: /home/yuichi-katagiri/Subjects/Robotics/ex02/install/example_interfaces/include/example_interfaces/example_interfaces/msg
[1.414s] -- Up-to-date: /home/yuichi-katagiri/Subjects/Robotics/ex02/install/example_interfaces/include/example_interfaces/example_interfaces/msg/rosidl_typesupport_fastrtps_c__visibility_control.h
[1.414s] -- Up-to-date: /home/yuichi-katagiri/Subjects/Robotics/ex02/install/example_interfaces/lib/libexample_interfaces__rosidl_typesupport_fastrtps_c.so
[1.414s] -- Up-to-date: /home/yuichi-katagiri/Subjects/Robotics/ex02/install/example_interfaces/include/example_interfaces/example_interfaces
[1.414s] -- Up-to-date: /home/yuichi-katagiri/Subjects/Robotics/ex02/install/example_interfaces/include/example_interfaces/example_interfaces/action
[1.414s] -- Up-to-date: /home/yuichi-katagiri/Subjects/Robotics/ex02/install/example_interfaces/include/example_interfaces/example_interfaces/action/detail
[1.414s] -- Up-to-date: /home/yuichi-katagiri/Subjects/Robotics/ex02/install/example_interfaces/include/example_interfaces/example_interfaces/action/detail/message_turtle_commands__type_support.c
[1.414s] -- Up-to-date: /home/yuichi-katagiri/Subjects/Robotics/ex02/install/example_interfaces/include/example_interfaces/example_interfaces/action/detail/message_turtle_commands__rosidl_typesupport_introspection_c.h
[1.414s] -- Up-to-date: /home/yuichi-katagiri/Subjects/Robotics/ex02/install/example_interfaces/include/example_interfaces/example_interfaces/msg
[1.414s] -- Up-to-date: /home/yuichi-katagiri/Subjects/Robotics/ex02/install/example_interfaces/include/example_interfaces/example_interfaces/msg/rosidl_typesupport_introspection_c__visibility_control.h
[1.415s] -- Up-to-date: /home/yuichi-katagiri/Subjects/Robotics/ex02/install/example_interfaces/lib/libexample_interfaces__rosidl_typesupport_introspection_c.so
[1.415s] -- Up-to-date: /home/yuichi-katagiri/Subjects/Robotics/ex02/install/example_interfaces/lib/libexample_interfaces__rosidl_typesupport_c.so
[1.415s] -- Up-to-date: /home/yuichi-katagiri/Subjects/Robotics/ex02/install/example_interfaces/include/example_interfaces/example_interfaces
[1.415s] -- Up-to-date: /home/yuichi-katagiri/Subjects/Robotics/ex02/install/example_interfaces/include/example_interfaces/example_interfaces/action
[1.415s] -- Up-to-date: /home/yuichi-katagiri/Subjects/Robotics/ex02/install/example_interfaces/include/example_interfaces/example_interfaces/action/detail
[1.415s] -- Up-to-date: /home/yuichi-katagiri/Subjects/Robotics/ex02/install/example_interfaces/include/example_interfaces/example_interfaces/action/detail/message_turtle_commands__struct.hpp
[1.415s] -- Up-to-date: /home/yuichi-katagiri/Subjects/Robotics/ex02/install/example_interfaces/include/example_interfaces/example_interfaces/action/detail/message_turtle_commands__traits.hpp
[1.415s] -- Up-to-date: /home/yuichi-katagiri/Subjects/Robotics/ex02/install/example_interfaces/include/example_interfaces/example_interfaces/action/detail/message_turtle_commands__builder.hpp
[1.415s] -- Up-to-date: /home/yuichi-katagiri/Subjects/Robotics/ex02/install/example_interfaces/include/example_interfaces/example_interfaces/action/message_turtle_commands.hpp
[1.415s] -- Up-to-date: /home/yuichi-katagiri/Subjects/Robotics/ex02/install/example_interfaces/include/example_interfaces/example_interfaces
[1.415s] -- Up-to-date: /home/yuichi-katagiri/Subjects/Robotics/ex02/install/example_interfaces/include/example_interfaces/example_interfaces/action
[1.415s] -- Up-to-date: /home/yuichi-katagiri/Subjects/Robotics/ex02/install/example_interfaces/include/example_interfaces/example_interfaces/action/detail
[1.415s] -- Up-to-date: /home/yuichi-katagiri/Subjects/Robotics/ex02/install/example_interfaces/include/example_interfaces/example_interfaces/action/detail/message_turtle_commands__rosidl_typesupport_fastrtps_cpp.hpp
[1.415s] -- Up-to-date: /home/yuichi-katagiri/Subjects/Robotics/ex02/install/example_interfaces/include/example_interfaces/example_interfaces/action/detail/dds_fastrtps
[1.415s] -- Up-to-date: /home/yuichi-katagiri/Subjects/Robotics/ex02/install/example_interfaces/include/example_interfaces/example_interfaces/msg
[1.415s] -- Up-to-date: /home/yuichi-katagiri/Subjects/Robotics/ex02/install/example_interfaces/include/example_interfaces/example_interfaces/msg/rosidl_typesupport_fastrtps_cpp__visibility_control.h
[1.416s] -- Up-to-date: /home/yuichi-katagiri/Subjects/Robotics/ex02/install/example_interfaces/lib/libexample_interfaces__rosidl_typesupport_fastrtps_cpp.so
[1.416s] -- Up-to-date: /home/yuichi-katagiri/Subjects/Robotics/ex02/install/example_interfaces/include/example_interfaces/example_interfaces
[1.416s] -- Up-to-date: /home/yuichi-katagiri/Subjects/Robotics/ex02/install/example_interfaces/include/example_interfaces/example_interfaces/action
[1.416s] -- Up-to-date: /home/yuichi-katagiri/Subjects/Robotics/ex02/install/example_interfaces/include/example_interfaces/example_interfaces/action/detail
[1.416s] -- Up-to-date: /home/yuichi-katagiri/Subjects/Robotics/ex02/install/example_interfaces/include/example_interfaces/example_interfaces/action/detail/message_turtle_commands__type_support.cpp
[1.416s] -- Up-to-date: /home/yuichi-katagiri/Subjects/Robotics/ex02/install/example_interfaces/include/example_interfaces/example_interfaces/action/detail/message_turtle_commands__rosidl_typesupport_introspection_cpp.hpp
[1.416s] -- Up-to-date: /home/yuichi-katagiri/Subjects/Robotics/ex02/install/example_interfaces/lib/libexample_interfaces__rosidl_typesupport_introspection_cpp.so
[1.416s] -- Up-to-date: /home/yuichi-katagiri/Subjects/Robotics/ex02/install/example_interfaces/lib/libexample_interfaces__rosidl_typesupport_cpp.so
[1.416s] -- Up-to-date: /home/yuichi-katagiri/Subjects/Robotics/ex02/install/example_interfaces/share/example_interfaces/environment/pythonpath.sh
[1.416s] -- Installing: /home/yuichi-katagiri/Subjects/Robotics/ex02/install/example_interfaces/share/example_interfaces/environment/pythonpath.dsv
[1.416s] -- Up-to-date: /home/yuichi-katagiri/Subjects/Robotics/ex02/install/example_interfaces/local/lib/python3.10/dist-packages/example_interfaces-0.13.0-py3.10.egg-info
[1.416s] -- Installing: /home/yuichi-katagiri/Subjects/Robotics/ex02/install/example_interfaces/local/lib/python3.10/dist-packages/example_interfaces-0.13.0-py3.10.egg-info/PKG-INFO
[1.416s] -- Installing: /home/yuichi-katagiri/Subjects/Robotics/ex02/install/example_interfaces/local/lib/python3.10/dist-packages/example_interfaces-0.13.0-py3.10.egg-info/SOURCES.txt
[1.416s] -- Installing: /home/yuichi-katagiri/Subjects/Robotics/ex02/install/example_interfaces/local/lib/python3.10/dist-packages/example_interfaces-0.13.0-py3.10.egg-info/dependency_links.txt
[1.416s] -- Installing: /home/yuichi-katagiri/Subjects/Robotics/ex02/install/example_interfaces/local/lib/python3.10/dist-packages/example_interfaces-0.13.0-py3.10.egg-info/top_level.txt
[1.417s] -- Up-to-date: /home/yuichi-katagiri/Subjects/Robotics/ex02/install/example_interfaces/local/lib/python3.10/dist-packages/example_interfaces
[1.417s] -- Up-to-date: /home/yuichi-katagiri/Subjects/Robotics/ex02/install/example_interfaces/local/lib/python3.10/dist-packages/example_interfaces/action
[1.417s] -- Up-to-date: /home/yuichi-katagiri/Subjects/Robotics/ex02/install/example_interfaces/local/lib/python3.10/dist-packages/example_interfaces/action/_message_turtle_commands_s.c
[1.417s] -- Up-to-date: /home/yuichi-katagiri/Subjects/Robotics/ex02/install/example_interfaces/local/lib/python3.10/dist-packages/example_interfaces/action/__init__.py
[1.417s] -- Up-to-date: /home/yuichi-katagiri/Subjects/Robotics/ex02/install/example_interfaces/local/lib/python3.10/dist-packages/example_interfaces/action/_message_turtle_commands.py
[1.417s] -- Up-to-date: /home/yuichi-katagiri/Subjects/Robotics/ex02/install/example_interfaces/local/lib/python3.10/dist-packages/example_interfaces/example_interfaces_s__rosidl_typesupport_fastrtps_c.cpython-310-x86_64-linux-gnu.so
[1.417s] -- Up-to-date: /home/yuichi-katagiri/Subjects/Robotics/ex02/install/example_interfaces/local/lib/python3.10/dist-packages/example_interfaces/_example_interfaces_s.ep.rosidl_typesupport_c.c
[1.417s] -- Up-to-date: /home/yuichi-katagiri/Subjects/Robotics/ex02/install/example_interfaces/local/lib/python3.10/dist-packages/example_interfaces/example_interfaces_s__rosidl_typesupport_c.cpython-310-x86_64-linux-gnu.so
[1.417s] -- Up-to-date: /home/yuichi-katagiri/Subjects/Robotics/ex02/install/example_interfaces/local/lib/python3.10/dist-packages/example_interfaces/_example_interfaces_s.ep.rosidl_typesupport_introspection_c.c
[1.417s] -- Up-to-date: /home/yuichi-katagiri/Subjects/Robotics/ex02/install/example_interfaces/local/lib/python3.10/dist-packages/example_interfaces/_example_interfaces_s.ep.rosidl_typesupport_fastrtps_c.c
[1.417s] -- Up-to-date: /home/yuichi-katagiri/Subjects/Robotics/ex02/install/example_interfaces/local/lib/python3.10/dist-packages/example_interfaces/libexample_interfaces__rosidl_generator_py.so
[1.417s] -- Up-to-date: /home/yuichi-katagiri/Subjects/Robotics/ex02/install/example_interfaces/local/lib/python3.10/dist-packages/example_interfaces/example_interfaces_s__rosidl_typesupport_introspection_c.cpython-310-x86_64-linux-gnu.so
[1.417s] -- Installing: /home/yuichi-katagiri/Subjects/Robotics/ex02/install/example_interfaces/local/lib/python3.10/dist-packages/example_interfaces/__init__.py
[1.451s] Listing '/home/yuichi-katagiri/Subjects/Robotics/ex02/install/example_interfaces/local/lib/python3.10/dist-packages/example_interfaces'...
[1.451s] Compiling '/home/yuichi-katagiri/Subjects/Robotics/ex02/install/example_interfaces/local/lib/python3.10/dist-packages/example_interfaces/__init__.py'...
[1.451s] Listing '/home/yuichi-katagiri/Subjects/Robotics/ex02/install/example_interfaces/local/lib/python3.10/dist-packages/example_interfaces/action'...
[1.455s] -- Up-to-date: /home/yuichi-katagiri/Subjects/Robotics/ex02/install/example_interfaces/local/lib/python3.10/dist-packages/example_interfaces/example_interfaces_s__rosidl_typesupport_fastrtps_c.cpython-310-x86_64-linux-gnu.so
[1.456s] -- Up-to-date: /home/yuichi-katagiri/Subjects/Robotics/ex02/install/example_interfaces/local/lib/python3.10/dist-packages/example_interfaces/example_interfaces_s__rosidl_typesupport_introspection_c.cpython-310-x86_64-linux-gnu.so
[1.456s] -- Up-to-date: /home/yuichi-katagiri/Subjects/Robotics/ex02/install/example_interfaces/local/lib/python3.10/dist-packages/example_interfaces/example_interfaces_s__rosidl_typesupport_c.cpython-310-x86_64-linux-gnu.so
[1.456s] -- Up-to-date: /home/yuichi-katagiri/Subjects/Robotics/ex02/install/example_interfaces/lib/libexample_interfaces__rosidl_generator_py.so
[1.456s] -- Up-to-date: /home/yuichi-katagiri/Subjects/Robotics/ex02/install/example_interfaces/share/example_interfaces/action/MessageTurtleCommands.idl
[1.456s] -- Installing: /home/yuichi-katagiri/Subjects/Robotics/ex02/install/example_interfaces/share/example_interfaces/action/MessageTurtleCommands.action
[1.456s] -- Up-to-date: /home/yuichi-katagiri/Subjects/Robotics/ex02/install/example_interfaces/share/example_interfaces/mapping_rules.yaml
[1.457s] -- Up-to-date: /home/yuichi-katagiri/Subjects/Robotics/ex02/install/example_interfaces/share/ament_index/resource_index/package_run_dependencies/example_interfaces
[1.457s] -- Installing: /home/yuichi-katagiri/Subjects/Robotics/ex02/install/example_interfaces/share/ament_index/resource_index/parent_prefix_path/example_interfaces
[1.457s] -- Up-to-date: /home/yuichi-katagiri/Subjects/Robotics/ex02/install/example_interfaces/share/example_interfaces/environment/ament_prefix_path.sh
[1.457s] -- Installing: /home/yuichi-katagiri/Subjects/Robotics/ex02/install/example_interfaces/share/example_interfaces/environment/ament_prefix_path.dsv
[1.457s] -- Up-to-date: /home/yuichi-katagiri/Subjects/Robotics/ex02/install/example_interfaces/share/example_interfaces/environment/path.sh
[1.457s] -- Installing: /home/yuichi-katagiri/Subjects/Robotics/ex02/install/example_interfaces/share/example_interfaces/environment/path.dsv
[1.457s] -- Up-to-date: /home/yuichi-katagiri/Subjects/Robotics/ex02/install/example_interfaces/share/example_interfaces/local_setup.bash
[1.457s] -- Up-to-date: /home/yuichi-katagiri/Subjects/Robotics/ex02/install/example_interfaces/share/example_interfaces/local_setup.sh
[1.457s] -- Up-to-date: /home/yuichi-katagiri/Subjects/Robotics/ex02/install/example_interfaces/share/example_interfaces/local_setup.zsh
[1.457s] -- Installing: /home/yuichi-katagiri/Subjects/Robotics/ex02/install/example_interfaces/share/example_interfaces/local_setup.dsv
[1.457s] -- Installing: /home/yuichi-katagiri/Subjects/Robotics/ex02/install/example_interfaces/share/example_interfaces/package.dsv
[1.457s] -- Up-to-date: /home/yuichi-katagiri/Subjects/Robotics/ex02/install/example_interfaces/share/ament_index/resource_index/packages/example_interfaces
[1.458s] -- Up-to-date: /home/yuichi-katagiri/Subjects/Robotics/ex02/install/example_interfaces/share/example_interfaces/cmake/export_example_interfaces__rosidl_generator_cExport.cmake
[1.458s] -- Up-to-date: /home/yuichi-katagiri/Subjects/Robotics/ex02/install/example_interfaces/share/example_interfaces/cmake/export_example_interfaces__rosidl_generator_cExport-noconfig.cmake
[1.458s] -- Up-to-date: /home/yuichi-katagiri/Subjects/Robotics/ex02/install/example_interfaces/share/example_interfaces/cmake/export_example_interfaces__rosidl_typesupport_fastrtps_cExport.cmake
[1.458s] -- Up-to-date: /home/yuichi-katagiri/Subjects/Robotics/ex02/install/example_interfaces/share/example_interfaces/cmake/export_example_interfaces__rosidl_typesupport_fastrtps_cExport-noconfig.cmake
[1.458s] -- Up-to-date: /home/yuichi-katagiri/Subjects/Robotics/ex02/install/example_interfaces/share/example_interfaces/cmake/example_interfaces__rosidl_typesupport_introspection_cExport.cmake
[1.458s] -- Up-to-date: /home/yuichi-katagiri/Subjects/Robotics/ex02/install/example_interfaces/share/example_interfaces/cmake/example_interfaces__rosidl_typesupport_introspection_cExport-noconfig.cmake
[1.458s] -- Up-to-date: /home/yuichi-katagiri/Subjects/Robotics/ex02/install/example_interfaces/share/example_interfaces/cmake/example_interfaces__rosidl_typesupport_cExport.cmake
[1.458s] -- Up-to-date: /home/yuichi-katagiri/Subjects/Robotics/ex02/install/example_interfaces/share/example_interfaces/cmake/example_interfaces__rosidl_typesupport_cExport-noconfig.cmake
[1.458s] -- Up-to-date: /home/yuichi-katagiri/Subjects/Robotics/ex02/install/example_interfaces/share/example_interfaces/cmake/export_example_interfaces__rosidl_generator_cppExport.cmake
[1.459s] -- Up-to-date: /home/yuichi-katagiri/Subjects/Robotics/ex02/install/example_interfaces/share/example_interfaces/cmake/export_example_interfaces__rosidl_typesupport_fastrtps_cppExport.cmake
[1.459s] -- Up-to-date: /home/yuichi-katagiri/Subjects/Robotics/ex02/install/example_interfaces/share/example_interfaces/cmake/export_example_interfaces__rosidl_typesupport_fastrtps_cppExport-noconfig.cmake
[1.459s] -- Up-to-date: /home/yuichi-katagiri/Subjects/Robotics/ex02/install/example_interfaces/share/example_interfaces/cmake/example_interfaces__rosidl_typesupport_introspection_cppExport.cmake
[1.459s] -- Up-to-date: /home/yuichi-katagiri/Subjects/Robotics/ex02/install/example_interfaces/share/example_interfaces/cmake/example_interfaces__rosidl_typesupport_introspection_cppExport-noconfig.cmake
[1.459s] -- Up-to-date: /home/yuichi-katagiri/Subjects/Robotics/ex02/install/example_interfaces/share/example_interfaces/cmake/example_interfaces__rosidl_typesupport_cppExport.cmake
[1.459s] -- Up-to-date: /home/yuichi-katagiri/Subjects/Robotics/ex02/install/example_interfaces/share/example_interfaces/cmake/example_interfaces__rosidl_typesupport_cppExport-noconfig.cmake
[1.459s] -- Up-to-date: /home/yuichi-katagiri/Subjects/Robotics/ex02/install/example_interfaces/share/example_interfaces/cmake/export_example_interfaces__rosidl_generator_pyExport.cmake
[1.459s] -- Up-to-date: /home/yuichi-katagiri/Subjects/Robotics/ex02/install/example_interfaces/share/example_interfaces/cmake/export_example_interfaces__rosidl_generator_pyExport-noconfig.cmake
[1.459s] -- Up-to-date: /home/yuichi-katagiri/Subjects/Robotics/ex02/install/example_interfaces/share/example_interfaces/cmake/rosidl_cmake-extras.cmake
[1.459s] -- Up-to-date: /home/yuichi-katagiri/Subjects/Robotics/ex02/install/example_interfaces/share/example_interfaces/cmake/ament_cmake_export_dependencies-extras.cmake
[1.460s] -- Up-to-date: /home/yuichi-katagiri/Subjects/Robotics/ex02/install/example_interfaces/share/example_interfaces/cmake/ament_cmake_export_include_directories-extras.cmake
[1.460s] -- Up-to-date: /home/yuichi-katagiri/Subjects/Robotics/ex02/install/example_interfaces/share/example_interfaces/cmake/ament_cmake_export_libraries-extras.cmake
[1.460s] -- Up-to-date: /home/yuichi-katagiri/Subjects/Robotics/ex02/install/example_interfaces/share/example_interfaces/cmake/ament_cmake_export_targets-extras.cmake
[1.460s] -- Up-to-date: /home/yuichi-katagiri/Subjects/Robotics/ex02/install/example_interfaces/share/example_interfaces/cmake/rosidl_cmake_export_typesupport_targets-extras.cmake
[1.460s] -- Up-to-date: /home/yuichi-katagiri/Subjects/Robotics/ex02/install/example_interfaces/share/example_interfaces/cmake/rosidl_cmake_export_typesupport_libraries-extras.cmake
[1.460s] -- Up-to-date: /home/yuichi-katagiri/Subjects/Robotics/ex02/install/example_interfaces/share/example_interfaces/cmake/example_interfacesConfig.cmake
[1.460s] -- Up-to-date: /home/yuichi-katagiri/Subjects/Robotics/ex02/install/example_interfaces/share/example_interfaces/cmake/example_interfacesConfig-version.cmake
[1.460s] -- Up-to-date: /home/yuichi-katagiri/Subjects/Robotics/ex02/install/example_interfaces/share/example_interfaces/package.xml
[1.462s] Invoked command in '/home/yuichi-katagiri/Subjects/Robotics/ex02/build/example_interfaces' returned '0': CMAKE_PREFIX_PATH=${CMAKE_PREFIX_PATH}:/home/yuichi-katagiri/Subjects/Robotics/ex02/install/action_turtle_commands:/home/yuichi-katagiri/ros2_ws/install/tomodachi:/home/yuichi-katagiri/ros2_ws/install/manabu:/opt/ros/humble /usr/bin/cmake --install /home/yuichi-katagiri/Subjects/Robotics/ex02/build/example_interfaces
