/home/yuichi-katagiri/Subjects/Robotics/ex03/install/kokorogi/lib/python3.10/site-packages/kokorogi/fixed_frame_tf2_broadcaster.py
/home/yuichi-katagiri/Subjects/Robotics/ex03/install/kokorogi/lib/python3.10/site-packages/kokorogi/__init__.py
/home/yuichi-katagiri/Subjects/Robotics/ex03/install/kokorogi/lib/python3.10/site-packages/kokorogi/turtle_tf2_broadcaster.py
/home/yuichi-katagiri/Subjects/Robotics/ex03/install/kokorogi/lib/python3.10/site-packages/kokorogi/turtle_tf2_listener.py
/home/yuichi-katagiri/Subjects/Robotics/ex03/install/kokorogi/lib/python3.10/site-packages/kokorogi/__pycache__/fixed_frame_tf2_broadcaster.cpython-310.pyc
/home/yuichi-katagiri/Subjects/Robotics/ex03/install/kokorogi/lib/python3.10/site-packages/kokorogi/__pycache__/__init__.cpython-310.pyc
/home/yuichi-katagiri/Subjects/Robotics/ex03/install/kokorogi/lib/python3.10/site-packages/kokorogi/__pycache__/turtle_tf2_broadcaster.cpython-310.pyc
/home/yuichi-katagiri/Subjects/Robotics/ex03/install/kokorogi/lib/python3.10/site-packages/kokorogi/__pycache__/turtle_tf2_listener.cpython-310.pyc
/home/yuichi-katagiri/Subjects/Robotics/ex03/install/kokorogi/share/ament_index/resource_index/packages/kokorogi
/home/yuichi-katagiri/Subjects/Robotics/ex03/install/kokorogi/share/kokorogi/package.xml
/home/yuichi-katagiri/Subjects/Robotics/ex03/install/kokorogi/share/kokorogi/launch/kokorogi_fixed.launch.py
/home/yuichi-katagiri/Subjects/Robotics/ex03/install/kokorogi/share/kokorogi/launch/kokorogi.launch.py
/home/yuichi-katagiri/Subjects/Robotics/ex03/install/kokorogi/lib/python3.10/site-packages/kokorogi-0.0.0-py3.10.egg-info/PKG-INFO
/home/yuichi-katagiri/Subjects/Robotics/ex03/install/kokorogi/lib/python3.10/site-packages/kokorogi-0.0.0-py3.10.egg-info/zip-safe
/home/yuichi-katagiri/Subjects/Robotics/ex03/install/kokorogi/lib/python3.10/site-packages/kokorogi-0.0.0-py3.10.egg-info/SOURCES.txt
/home/yuichi-katagiri/Subjects/Robotics/ex03/install/kokorogi/lib/python3.10/site-packages/kokorogi-0.0.0-py3.10.egg-info/requires.txt
/home/yuichi-katagiri/Subjects/Robotics/ex03/install/kokorogi/lib/python3.10/site-packages/kokorogi-0.0.0-py3.10.egg-info/entry_points.txt
/home/yuichi-katagiri/Subjects/Robotics/ex03/install/kokorogi/lib/python3.10/site-packages/kokorogi-0.0.0-py3.10.egg-info/dependency_links.txt
/home/yuichi-katagiri/Subjects/Robotics/ex03/install/kokorogi/lib/python3.10/site-packages/kokorogi-0.0.0-py3.10.egg-info/top_level.txt
/home/yuichi-katagiri/Subjects/Robotics/ex03/install/kokorogi/lib/kokorogi/turtle_tf2_broadcaster
/home/yuichi-katagiri/Subjects/Robotics/ex03/install/kokorogi/lib/kokorogi/turtle_tf2_listener
