[0.559s] Invoking command in '/home/yuichi-katagiri/Subjects/Robotics/ex03/src/kokorogi': PYTHONPATH=/home/yuichi-katagiri/Subjects/Robotics/ex03/build/kokorogi/prefix_override:/usr/lib/python3/dist-packages/colcon_core/task/python/colcon_distutils_commands:/home/yuichi-katagiri/Subjects/Robotics/ex03/install/kokorogi/lib/python3.10/site-packages:${PYTHONPATH} /usr/bin/python3 -W ignore:setup.py install is deprecated setup.py egg_info --egg-base ../../build/kokorogi build --build-base /home/yuichi-katagiri/Subjects/Robotics/ex03/build/kokorogi/build install --record /home/yuichi-katagiri/Subjects/Robotics/ex03/build/kokorogi/install.log --single-version-externally-managed install_data
[0.772s] running egg_info
[0.773s] writing ../../build/kokorogi/kokorogi.egg-info/PKG-INFO
[0.773s] writing dependency_links to ../../build/kokorogi/kokorogi.egg-info/dependency_links.txt
[0.773s] writing entry points to ../../build/kokorogi/kokorogi.egg-info/entry_points.txt
[0.773s] writing requirements to ../../build/kokorogi/kokorogi.egg-info/requires.txt
[0.773s] writing top-level names to ../../build/kokorogi/kokorogi.egg-info/top_level.txt
[0.775s] reading manifest file '../../build/kokorogi/kokorogi.egg-info/SOURCES.txt'
[0.775s] adding license file 'LICENSE'
[0.776s] writing manifest file '../../build/kokorogi/kokorogi.egg-info/SOURCES.txt'
[0.776s] running build
[0.776s] running build_py
[0.776s] copying kokorogi/turtle_tf2_listener.py -> /home/yuichi-katagiri/Subjects/Robotics/ex03/build/kokorogi/build/lib/kokorogi
[0.776s] running install
[0.776s] running install_lib
[0.777s] copying /home/yuichi-katagiri/Subjects/Robotics/ex03/build/kokorogi/build/lib/kokorogi/turtle_tf2_listener.py -> /home/yuichi-katagiri/Subjects/Robotics/ex03/install/kokorogi/lib/python3.10/site-packages/kokorogi
[0.778s] byte-compiling /home/yuichi-katagiri/Subjects/Robotics/ex03/install/kokorogi/lib/python3.10/site-packages/kokorogi/turtle_tf2_listener.py to turtle_tf2_listener.cpython-310.pyc
[0.778s] running install_data
[0.779s] running install_egg_info
[0.780s] removing '/home/yuichi-katagiri/Subjects/Robotics/ex03/install/kokorogi/lib/python3.10/site-packages/kokorogi-0.0.0-py3.10.egg-info' (and everything under it)
[0.780s] Copying ../../build/kokorogi/kokorogi.egg-info to /home/yuichi-katagiri/Subjects/Robotics/ex03/install/kokorogi/lib/python3.10/site-packages/kokorogi-0.0.0-py3.10.egg-info
[0.781s] running install_scripts
[0.800s] Installing fixed_frame_tf2_broadcaster script to /home/yuichi-katagiri/Subjects/Robotics/ex03/install/kokorogi/lib/kokorogi
[0.800s] Installing turtle_tf2_broadcaster script to /home/yuichi-katagiri/Subjects/Robotics/ex03/install/kokorogi/lib/kokorogi
[0.800s] Installing turtle_tf2_listener script to /home/yuichi-katagiri/Subjects/Robotics/ex03/install/kokorogi/lib/kokorogi
[0.800s] writing list of installed files to '/home/yuichi-katagiri/Subjects/Robotics/ex03/build/kokorogi/install.log'
[0.822s] Invoked command in '/home/yuichi-katagiri/Subjects/Robotics/ex03/src/kokorogi' returned '0': PYTHONPATH=/home/yuichi-katagiri/Subjects/Robotics/ex03/build/kokorogi/prefix_override:/usr/lib/python3/dist-packages/colcon_core/task/python/colcon_distutils_commands:/home/yuichi-katagiri/Subjects/Robotics/ex03/install/kokorogi/lib/python3.10/site-packages:${PYTHONPATH} /usr/bin/python3 -W ignore:setup.py install is deprecated setup.py egg_info --egg-base ../../build/kokorogi build --build-base /home/yuichi-katagiri/Subjects/Robotics/ex03/build/kokorogi/build install --record /home/yuichi-katagiri/Subjects/Robotics/ex03/build/kokorogi/install.log --single-version-externally-managed install_data
