running egg_info
writing ../../build/my_movement/my_movement.egg-info/PKG-INFO
writing dependency_links to ../../build/my_movement/my_movement.egg-info/dependency_links.txt
writing entry points to ../../build/my_movement/my_movement.egg-info/entry_points.txt
writing requirements to ../../build/my_movement/my_movement.egg-info/requires.txt
writing top-level names to ../../build/my_movement/my_movement.egg-info/top_level.txt
reading manifest file '../../build/my_movement/my_movement.egg-info/SOURCES.txt'
writing manifest file '../../build/my_movement/my_movement.egg-info/SOURCES.txt'
running build
running build_py
running install
running install_lib
running install_data
running install_egg_info
removing '/home/yuichi-katagiri/Subjects/Robotics/module_5/ex05/install/my_movement/lib/python3.10/site-packages/my_movement-0.0.0-py3.10.egg-info' (and everything under it)
Copying ../../build/my_movement/my_movement.egg-info to /home/yuichi-katagiri/Subjects/Robotics/module_5/ex05/install/my_movement/lib/python3.10/site-packages/my_movement-0.0.0-py3.10.egg-info
running install_scripts
Installing circle_movement script to /home/yuichi-katagiri/Subjects/Robotics/module_5/ex05/install/my_movement/lib/my_movement
Installing star_movement script to /home/yuichi-katagiri/Subjects/Robotics/module_5/ex05/install/my_movement/lib/my_movement
writing list of installed files to '/home/yuichi-katagiri/Subjects/Robotics/module_5/ex05/build/my_movement/install.log'
