/home/yuichi-katagiri/Subjects/Robotics/ex02/install/sawaragi/lib/python3.10/site-packages/sawaragi/static_turtle_tf2_broadcaster.py
/home/yuichi-katagiri/Subjects/Robotics/ex02/install/sawaragi/lib/python3.10/site-packages/sawaragi/fixed_frame_tf2_broadcaster.py
/home/yuichi-katagiri/Subjects/Robotics/ex02/install/sawaragi/lib/python3.10/site-packages/sawaragi/__init__.py
/home/yuichi-katagiri/Subjects/Robotics/ex02/install/sawaragi/lib/python3.10/site-packages/sawaragi/turtle_tf2_broadcaster.py
/home/yuichi-katagiri/Subjects/Robotics/ex02/install/sawaragi/lib/python3.10/site-packages/sawaragi/turtle_tf2_listener.py
/home/yuichi-katagiri/Subjects/Robotics/ex02/install/sawaragi/lib/python3.10/site-packages/sawaragi/__pycache__/static_turtle_tf2_broadcaster.cpython-310.pyc
/home/yuichi-katagiri/Subjects/Robotics/ex02/install/sawaragi/lib/python3.10/site-packages/sawaragi/__pycache__/fixed_frame_tf2_broadcaster.cpython-310.pyc
/home/yuichi-katagiri/Subjects/Robotics/ex02/install/sawaragi/lib/python3.10/site-packages/sawaragi/__pycache__/__init__.cpython-310.pyc
/home/yuichi-katagiri/Subjects/Robotics/ex02/install/sawaragi/lib/python3.10/site-packages/sawaragi/__pycache__/turtle_tf2_broadcaster.cpython-310.pyc
/home/yuichi-katagiri/Subjects/Robotics/ex02/install/sawaragi/lib/python3.10/site-packages/sawaragi/__pycache__/turtle_tf2_listener.cpython-310.pyc
/home/yuichi-katagiri/Subjects/Robotics/ex02/install/sawaragi/share/ament_index/resource_index/packages/sawaragi
/home/yuichi-katagiri/Subjects/Robotics/ex02/install/sawaragi/share/sawaragi/package.xml
/home/yuichi-katagiri/Subjects/Robotics/ex02/install/sawaragi/share/sawaragi/launch/sawaragi_fixed.launch.py
/home/yuichi-katagiri/Subjects/Robotics/ex02/install/sawaragi/share/sawaragi/launch/sawaragi.launch.py
/home/yuichi-katagiri/Subjects/Robotics/ex02/install/sawaragi/lib/python3.10/site-packages/sawaragi-0.0.0-py3.10.egg-info/PKG-INFO
/home/yuichi-katagiri/Subjects/Robotics/ex02/install/sawaragi/lib/python3.10/site-packages/sawaragi-0.0.0-py3.10.egg-info/zip-safe
/home/yuichi-katagiri/Subjects/Robotics/ex02/install/sawaragi/lib/python3.10/site-packages/sawaragi-0.0.0-py3.10.egg-info/SOURCES.txt
/home/yuichi-katagiri/Subjects/Robotics/ex02/install/sawaragi/lib/python3.10/site-packages/sawaragi-0.0.0-py3.10.egg-info/requires.txt
/home/yuichi-katagiri/Subjects/Robotics/ex02/install/sawaragi/lib/python3.10/site-packages/sawaragi-0.0.0-py3.10.egg-info/entry_points.txt
/home/yuichi-katagiri/Subjects/Robotics/ex02/install/sawaragi/lib/python3.10/site-packages/sawaragi-0.0.0-py3.10.egg-info/dependency_links.txt
/home/yuichi-katagiri/Subjects/Robotics/ex02/install/sawaragi/lib/python3.10/site-packages/sawaragi-0.0.0-py3.10.egg-info/top_level.txt
/home/yuichi-katagiri/Subjects/Robotics/ex02/install/sawaragi/lib/sawaragi/fixed_frame_tf2_broadcaster
/home/yuichi-katagiri/Subjects/Robotics/ex02/install/sawaragi/lib/sawaragi/turtle_tf2_broadcaster
/home/yuichi-katagiri/Subjects/Robotics/ex02/install/sawaragi/lib/sawaragi/turtle_tf2_listener
