[0.466s] DEBUG:colcon:Command line arguments: ['/usr/bin/colcon', 'build']
[0.467s] DEBUG:colcon:Parsed command line arguments: Namespace(log_base=None, log_level=None, verb_name='build', build_base='build', install_base='install', merge_install=False, symlink_install=False, test_result_base=None, continue_on_error=False, executor='parallel', parallel_workers=8, event_handlers=None, ignore_user_meta=False, metas=['./colcon.meta'], base_paths=['.'], packages_ignore=None, packages_ignore_regex=None, paths=None, packages_up_to=None, packages_up_to_regex=None, packages_above=None, packages_above_and_dependencies=None, packages_above_depth=None, packages_select_by_dep=None, packages_skip_by_dep=None, packages_skip_up_to=None, packages_select_build_failed=False, packages_skip_build_finished=False, packages_select_test_failures=False, packages_skip_test_passed=False, packages_select=None, packages_skip=None, packages_select_regex=None, packages_skip_regex=None, packages_start=None, packages_end=None, allow_overriding=[], cmake_args=None, cmake_target=None, cmake_target_skip_unavailable=False, cmake_clean_cache=False, cmake_clean_first=False, cmake_force_configure=False, ament_cmake_args=None, catkin_cmake_args=None, catkin_skip_building_tests=False, mixin_files=None, mixin=None, verb_parser=<colcon_mixin.mixin.mixin_argument.MixinArgumentDecorator object at 0x7edb3ce3ef50>, verb_extension=<colcon_core.verb.build.BuildVerb object at 0x7edb3ce3e9b0>, main=<bound method BuildVerb.main of <colcon_core.verb.build.BuildVerb object at 0x7edb3ce3e9b0>>, mixin_verb=('build',))
[1.052s] Level 1:colcon.colcon_core.package_discovery:discover_packages(colcon_meta) check parameters
[1.053s] Level 1:colcon.colcon_core.package_discovery:discover_packages(recursive) check parameters
[1.053s] Level 1:colcon.colcon_core.package_discovery:discover_packages(ignore) check parameters
[1.053s] Level 1:colcon.colcon_core.package_discovery:discover_packages(path) check parameters
[1.053s] Level 1:colcon.colcon_core.package_discovery:discover_packages(colcon_meta) discover
[1.053s] Level 1:colcon.colcon_core.package_discovery:discover_packages(recursive) discover
[1.053s] INFO:colcon.colcon_core.package_discovery:Crawling recursively for packages in '/home/yuichi-katagiri/Subjects/Robotics/ex03'
[1.054s] Level 1:colcon.colcon_core.package_identification:_identify(.) by extensions ['ignore', 'ignore_ament_install']
[1.054s] Level 1:colcon.colcon_core.package_identification:_identify(.) by extension 'ignore'
[1.054s] Level 1:colcon.colcon_core.package_identification:_identify(.) by extension 'ignore_ament_install'
[1.055s] Level 1:colcon.colcon_core.package_identification:_identify(.) by extensions ['colcon_pkg']
[1.055s] Level 1:colcon.colcon_core.package_identification:_identify(.) by extension 'colcon_pkg'
[1.055s] Level 1:colcon.colcon_core.package_identification:_identify(.) by extensions ['colcon_meta']
[1.055s] Level 1:colcon.colcon_core.package_identification:_identify(.) by extension 'colcon_meta'
[1.055s] Level 1:colcon.colcon_core.package_identification:_identify(.) by extensions ['ros']
[1.055s] Level 1:colcon.colcon_core.package_identification:_identify(.) by extension 'ros'
[1.101s] Level 1:colcon.colcon_core.package_identification:_identify(.) by extensions ['cmake', 'python']
[1.101s] Level 1:colcon.colcon_core.package_identification:_identify(.) by extension 'cmake'
[1.102s] Level 1:colcon.colcon_core.package_identification:_identify(.) by extension 'python'
[1.102s] Level 1:colcon.colcon_core.package_identification:_identify(.) by extensions ['python_setup_py']
[1.102s] Level 1:colcon.colcon_core.package_identification:_identify(.) by extension 'python_setup_py'
[1.103s] Level 1:colcon.colcon_core.package_identification:_identify(build) by extensions ['ignore', 'ignore_ament_install']
[1.103s] Level 1:colcon.colcon_core.package_identification:_identify(build) by extension 'ignore'
[1.103s] Level 1:colcon.colcon_core.package_identification:_identify(build) ignored
[1.104s] Level 1:colcon.colcon_core.package_identification:_identify(install) by extensions ['ignore', 'ignore_ament_install']
[1.104s] Level 1:colcon.colcon_core.package_identification:_identify(install) by extension 'ignore'
[1.104s] Level 1:colcon.colcon_core.package_identification:_identify(install) ignored
[1.105s] Level 1:colcon.colcon_core.package_identification:_identify(log) by extensions ['ignore', 'ignore_ament_install']
[1.105s] Level 1:colcon.colcon_core.package_identification:_identify(log) by extension 'ignore'
[1.105s] Level 1:colcon.colcon_core.package_identification:_identify(log) ignored
[1.105s] Level 1:colcon.colcon_core.package_identification:_identify(src) by extensions ['ignore', 'ignore_ament_install']
[1.106s] Level 1:colcon.colcon_core.package_identification:_identify(src) by extension 'ignore'
[1.106s] Level 1:colcon.colcon_core.package_identification:_identify(src) by extension 'ignore_ament_install'
[1.106s] Level 1:colcon.colcon_core.package_identification:_identify(src) by extensions ['colcon_pkg']
[1.106s] Level 1:colcon.colcon_core.package_identification:_identify(src) by extension 'colcon_pkg'
[1.107s] Level 1:colcon.colcon_core.package_identification:_identify(src) by extensions ['colcon_meta']
[1.107s] Level 1:colcon.colcon_core.package_identification:_identify(src) by extension 'colcon_meta'
[1.107s] Level 1:colcon.colcon_core.package_identification:_identify(src) by extensions ['ros']
[1.107s] Level 1:colcon.colcon_core.package_identification:_identify(src) by extension 'ros'
[1.107s] Level 1:colcon.colcon_core.package_identification:_identify(src) by extensions ['cmake', 'python']
[1.107s] Level 1:colcon.colcon_core.package_identification:_identify(src) by extension 'cmake'
[1.108s] Level 1:colcon.colcon_core.package_identification:_identify(src) by extension 'python'
[1.108s] Level 1:colcon.colcon_core.package_identification:_identify(src) by extensions ['python_setup_py']
[1.108s] Level 1:colcon.colcon_core.package_identification:_identify(src) by extension 'python_setup_py'
[1.108s] Level 1:colcon.colcon_core.package_identification:_identify(src/kokorogi) by extensions ['ignore', 'ignore_ament_install']
[1.109s] Level 1:colcon.colcon_core.package_identification:_identify(src/kokorogi) by extension 'ignore'
[1.109s] Level 1:colcon.colcon_core.package_identification:_identify(src/kokorogi) by extension 'ignore_ament_install'
[1.109s] Level 1:colcon.colcon_core.package_identification:_identify(src/kokorogi) by extensions ['colcon_pkg']
[1.109s] Level 1:colcon.colcon_core.package_identification:_identify(src/kokorogi) by extension 'colcon_pkg'
[1.109s] Level 1:colcon.colcon_core.package_identification:_identify(src/kokorogi) by extensions ['colcon_meta']
[1.110s] Level 1:colcon.colcon_core.package_identification:_identify(src/kokorogi) by extension 'colcon_meta'
[1.110s] Level 1:colcon.colcon_core.package_identification:_identify(src/kokorogi) by extensions ['ros']
[1.110s] Level 1:colcon.colcon_core.package_identification:_identify(src/kokorogi) by extension 'ros'
[1.119s] DEBUG:colcon.colcon_core.package_identification:Package 'src/kokorogi' with type 'ros.ament_python' and name 'kokorogi'
[1.120s] Level 1:colcon.colcon_core.package_discovery:discover_packages(recursive) using defaults
[1.120s] Level 1:colcon.colcon_core.package_discovery:discover_packages(ignore) discover
[1.120s] Level 1:colcon.colcon_core.package_discovery:discover_packages(ignore) using defaults
[1.120s] Level 1:colcon.colcon_core.package_discovery:discover_packages(path) discover
[1.120s] Level 1:colcon.colcon_core.package_discovery:discover_packages(path) using defaults
[1.284s] Level 1:colcon.colcon_core.package_discovery:discover_packages(prefix_path) check parameters
[1.285s] Level 1:colcon.colcon_core.package_discovery:discover_packages(prefix_path) discover
[1.291s] DEBUG:colcon.colcon_installed_package_information.package_discovery:Found 1 installed packages in /home/yuichi-katagiri/Subjects/Robotics/ex03/install
[1.293s] DEBUG:colcon.colcon_installed_package_information.package_discovery:Found 3 installed packages in /home/yuichi-katagiri/ros2_ws/install
[1.299s] DEBUG:colcon.colcon_installed_package_information.package_discovery:Found 270 installed packages in /opt/ros/humble
[1.310s] Level 1:colcon.colcon_core.package_discovery:discover_packages(prefix_path) using defaults
[1.452s] Level 5:colcon.colcon_core.verb:set package 'kokorogi' build argument 'cmake_args' from command line to 'None'
[1.452s] Level 5:colcon.colcon_core.verb:set package 'kokorogi' build argument 'cmake_target' from command line to 'None'
[1.452s] Level 5:colcon.colcon_core.verb:set package 'kokorogi' build argument 'cmake_target_skip_unavailable' from command line to 'False'
[1.452s] Level 5:colcon.colcon_core.verb:set package 'kokorogi' build argument 'cmake_clean_cache' from command line to 'False'
[1.453s] Level 5:colcon.colcon_core.verb:set package 'kokorogi' build argument 'cmake_clean_first' from command line to 'False'
[1.453s] Level 5:colcon.colcon_core.verb:set package 'kokorogi' build argument 'cmake_force_configure' from command line to 'False'
[1.453s] Level 5:colcon.colcon_core.verb:set package 'kokorogi' build argument 'ament_cmake_args' from command line to 'None'
[1.453s] Level 5:colcon.colcon_core.verb:set package 'kokorogi' build argument 'catkin_cmake_args' from command line to 'None'
[1.453s] Level 5:colcon.colcon_core.verb:set package 'kokorogi' build argument 'catkin_skip_building_tests' from command line to 'False'
[1.453s] DEBUG:colcon.colcon_core.verb:Building package 'kokorogi' with the following arguments: {'ament_cmake_args': None, 'build_base': '/home/yuichi-katagiri/Subjects/Robotics/ex03/build/kokorogi', 'catkin_cmake_args': None, 'catkin_skip_building_tests': False, 'cmake_args': None, 'cmake_clean_cache': False, 'cmake_clean_first': False, 'cmake_force_configure': False, 'cmake_target': None, 'cmake_target_skip_unavailable': False, 'install_base': '/home/yuichi-katagiri/Subjects/Robotics/ex03/install/kokorogi', 'merge_install': False, 'path': '/home/yuichi-katagiri/Subjects/Robotics/ex03/src/kokorogi', 'symlink_install': False, 'test_result_base': None}
[1.453s] INFO:colcon.colcon_core.executor:Executing jobs using 'parallel' executor
[1.456s] DEBUG:colcon.colcon_parallel_executor.executor.parallel:run_until_complete
[1.457s] INFO:colcon.colcon_ros.task.ament_python.build:Building ROS package in '/home/yuichi-katagiri/Subjects/Robotics/ex03/src/kokorogi' with build type 'ament_python'
[1.457s] Level 1:colcon.colcon_core.shell:create_environment_hook('kokorogi', 'ament_prefix_path')
[1.463s] INFO:colcon.colcon_core.plugin_system:Skipping extension 'colcon_core.shell.bat': Not used on non-Windows systems
[1.464s] INFO:colcon.colcon_core.shell:Creating environment hook '/home/yuichi-katagiri/Subjects/Robotics/ex03/install/kokorogi/share/kokorogi/hook/ament_prefix_path.ps1'
[1.465s] INFO:colcon.colcon_core.shell:Creating environment descriptor '/home/yuichi-katagiri/Subjects/Robotics/ex03/install/kokorogi/share/kokorogi/hook/ament_prefix_path.dsv'
[1.467s] INFO:colcon.colcon_core.shell:Creating environment hook '/home/yuichi-katagiri/Subjects/Robotics/ex03/install/kokorogi/share/kokorogi/hook/ament_prefix_path.sh'
[1.470s] INFO:colcon.colcon_core.shell:Skip shell extension 'powershell' for command environment: Not usable outside of PowerShell
[1.470s] DEBUG:colcon.colcon_core.shell:Skip shell extension 'dsv' for command environment
[2.478s] INFO:colcon.colcon_core.task.python.build:Building Python package in '/home/yuichi-katagiri/Subjects/Robotics/ex03/src/kokorogi'
[2.479s] INFO:colcon.colcon_core.shell:Skip shell extension 'powershell' for command environment: Not usable outside of PowerShell
[2.479s] DEBUG:colcon.colcon_core.shell:Skip shell extension 'dsv' for command environment
[3.852s] DEBUG:colcon.colcon_core.event_handler.log_command:Invoking command in '/home/yuichi-katagiri/Subjects/Robotics/ex03/src/kokorogi': PYTHONPATH=/home/yuichi-katagiri/Subjects/Robotics/ex03/build/kokorogi/prefix_override:/usr/lib/python3/dist-packages/colcon_core/task/python/colcon_distutils_commands:/home/yuichi-katagiri/Subjects/Robotics/ex03/install/kokorogi/lib/python3.10/site-packages:${PYTHONPATH} /usr/bin/python3 -W ignore:setup.py install is deprecated setup.py egg_info --egg-base ../../build/kokorogi build --build-base /home/yuichi-katagiri/Subjects/Robotics/ex03/build/kokorogi/build install --record /home/yuichi-katagiri/Subjects/Robotics/ex03/build/kokorogi/install.log --single-version-externally-managed install_data
[5.187s] DEBUG:colcon.colcon_core.event_handler.log_command:Invoked command in '/home/yuichi-katagiri/Subjects/Robotics/ex03/src/kokorogi' returned '0': PYTHONPATH=/home/yuichi-katagiri/Subjects/Robotics/ex03/build/kokorogi/prefix_override:/usr/lib/python3/dist-packages/colcon_core/task/python/colcon_distutils_commands:/home/yuichi-katagiri/Subjects/Robotics/ex03/install/kokorogi/lib/python3.10/site-packages:${PYTHONPATH} /usr/bin/python3 -W ignore:setup.py install is deprecated setup.py egg_info --egg-base ../../build/kokorogi build --build-base /home/yuichi-katagiri/Subjects/Robotics/ex03/build/kokorogi/build install --record /home/yuichi-katagiri/Subjects/Robotics/ex03/build/kokorogi/install.log --single-version-externally-managed install_data
[5.196s] Level 1:colcon.colcon_core.environment:checking '/home/yuichi-katagiri/Subjects/Robotics/ex03/install/kokorogi' for CMake module files
[5.198s] Level 1:colcon.colcon_core.environment:checking '/home/yuichi-katagiri/Subjects/Robotics/ex03/install/kokorogi' for CMake config files
[5.201s] Level 1:colcon.colcon_core.environment:checking '/home/yuichi-katagiri/Subjects/Robotics/ex03/install/kokorogi/lib'
[5.202s] Level 1:colcon.colcon_core.environment:checking '/home/yuichi-katagiri/Subjects/Robotics/ex03/install/kokorogi/bin'
[5.202s] Level 1:colcon.colcon_core.environment:checking '/home/yuichi-katagiri/Subjects/Robotics/ex03/install/kokorogi/lib/pkgconfig/kokorogi.pc'
[5.203s] Level 1:colcon.colcon_core.environment:checking '/home/yuichi-katagiri/Subjects/Robotics/ex03/install/kokorogi/lib/python3.10/site-packages'
[5.203s] Level 1:colcon.colcon_core.shell:create_environment_hook('kokorogi', 'pythonpath')
[5.204s] INFO:colcon.colcon_core.shell:Creating environment hook '/home/yuichi-katagiri/Subjects/Robotics/ex03/install/kokorogi/share/kokorogi/hook/pythonpath.ps1'
[5.206s] INFO:colcon.colcon_core.shell:Creating environment descriptor '/home/yuichi-katagiri/Subjects/Robotics/ex03/install/kokorogi/share/kokorogi/hook/pythonpath.dsv'
[5.208s] INFO:colcon.colcon_core.shell:Creating environment hook '/home/yuichi-katagiri/Subjects/Robotics/ex03/install/kokorogi/share/kokorogi/hook/pythonpath.sh'
[5.211s] Level 1:colcon.colcon_core.environment:checking '/home/yuichi-katagiri/Subjects/Robotics/ex03/install/kokorogi/bin'
[5.211s] Level 1:colcon.colcon_core.environment:create_environment_scripts_only(kokorogi)
[5.213s] INFO:colcon.colcon_core.shell:Creating package script '/home/yuichi-katagiri/Subjects/Robotics/ex03/install/kokorogi/share/kokorogi/package.ps1'
[5.217s] INFO:colcon.colcon_core.shell:Creating package descriptor '/home/yuichi-katagiri/Subjects/Robotics/ex03/install/kokorogi/share/kokorogi/package.dsv'
[5.219s] INFO:colcon.colcon_core.shell:Creating package script '/home/yuichi-katagiri/Subjects/Robotics/ex03/install/kokorogi/share/kokorogi/package.sh'
[5.224s] INFO:colcon.colcon_core.shell:Creating package script '/home/yuichi-katagiri/Subjects/Robotics/ex03/install/kokorogi/share/kokorogi/package.bash'
[5.229s] INFO:colcon.colcon_core.shell:Creating package script '/home/yuichi-katagiri/Subjects/Robotics/ex03/install/kokorogi/share/kokorogi/package.zsh'
[5.233s] Level 1:colcon.colcon_core.environment:create_file_with_runtime_dependencies(/home/yuichi-katagiri/Subjects/Robotics/ex03/install/kokorogi/share/colcon-core/packages/kokorogi)
[5.234s] DEBUG:colcon.colcon_parallel_executor.executor.parallel:closing loop
[5.236s] DEBUG:colcon.colcon_parallel_executor.executor.parallel:loop closed
[5.236s] DEBUG:colcon.colcon_parallel_executor.executor.parallel:run_until_complete finished with '0'
[5.237s] DEBUG:colcon.colcon_core.event_reactor:joining thread
[5.266s] INFO:colcon.colcon_core.plugin_system:Skipping extension 'colcon_notification.desktop_notification.terminal_notifier': Not used on non-Darwin systems
[5.267s] INFO:colcon.colcon_core.plugin_system:Skipping extension 'colcon_notification.desktop_notification.win32': Not used on non-Windows systems
[5.267s] INFO:colcon.colcon_notification.desktop_notification:Sending desktop notification using 'notify2'
[5.323s] DEBUG:colcon.colcon_core.event_reactor:joined thread
[5.324s] INFO:colcon.colcon_core.shell:Creating prefix script '/home/yuichi-katagiri/Subjects/Robotics/ex03/install/local_setup.ps1'
[5.328s] INFO:colcon.colcon_core.shell:Creating prefix util module '/home/yuichi-katagiri/Subjects/Robotics/ex03/install/_local_setup_util_ps1.py'
[5.335s] INFO:colcon.colcon_core.shell:Creating prefix chain script '/home/yuichi-katagiri/Subjects/Robotics/ex03/install/setup.ps1'
[5.341s] INFO:colcon.colcon_core.shell:Creating prefix script '/home/yuichi-katagiri/Subjects/Robotics/ex03/install/local_setup.sh'
[5.343s] INFO:colcon.colcon_core.shell:Creating prefix util module '/home/yuichi-katagiri/Subjects/Robotics/ex03/install/_local_setup_util_sh.py'
[5.346s] INFO:colcon.colcon_core.shell:Creating prefix chain script '/home/yuichi-katagiri/Subjects/Robotics/ex03/install/setup.sh'
[5.351s] INFO:colcon.colcon_core.shell:Creating prefix script '/home/yuichi-katagiri/Subjects/Robotics/ex03/install/local_setup.bash'
[5.353s] INFO:colcon.colcon_core.shell:Creating prefix chain script '/home/yuichi-katagiri/Subjects/Robotics/ex03/install/setup.bash'
[5.358s] INFO:colcon.colcon_core.shell:Creating prefix script '/home/yuichi-katagiri/Subjects/Robotics/ex03/install/local_setup.zsh'
[5.360s] INFO:colcon.colcon_core.shell:Creating prefix chain script '/home/yuichi-katagiri/Subjects/Robotics/ex03/install/setup.zsh'
