[0.544s] Invoking command in '/home/yuichi-katagiri/Subjects/Robotics/ex01/src/external_package': PYTHONPATH=/home/yuichi-katagiri/Subjects/Robotics/ex01/build/external_package/prefix_override:/usr/lib/python3/dist-packages/colcon_core/task/python/colcon_distutils_commands:/home/yuichi-katagiri/Subjects/Robotics/ex01/install/external_package/lib/python3.10/site-packages:${PYTHONPATH} /usr/bin/python3 -W ignore:setup.py install is deprecated setup.py egg_info --egg-base ../../build/external_package build --build-base /home/yuichi-katagiri/Subjects/Robotics/ex01/build/external_package/build install --record /home/yuichi-katagiri/Subjects/Robotics/ex01/build/external_package/install.log --single-version-externally-managed install_data
[0.760s] running egg_info
[0.761s] writing ../../build/external_package/external_package.egg-info/PKG-INFO
[0.761s] writing dependency_links to ../../build/external_package/external_package.egg-info/dependency_links.txt
[0.761s] writing entry points to ../../build/external_package/external_package.egg-info/entry_points.txt
[0.761s] writing requirements to ../../build/external_package/external_package.egg-info/requires.txt
[0.761s] writing top-level names to ../../build/external_package/external_package.egg-info/top_level.txt
[0.763s] reading manifest file '../../build/external_package/external_package.egg-info/SOURCES.txt'
[0.763s] adding license file 'LICENSE'
[0.763s] writing manifest file '../../build/external_package/external_package.egg-info/SOURCES.txt'
[0.764s] running build
[0.764s] running build_py
[0.764s] running install
[0.764s] running install_lib
[0.765s] running install_data
[0.765s] running install_egg_info
[0.766s] removing '/home/yuichi-katagiri/Subjects/Robotics/ex01/install/external_package/lib/python3.10/site-packages/external_package-0.0.0-py3.10.egg-info' (and everything under it)
[0.767s] Copying ../../build/external_package/external_package.egg-info to /home/yuichi-katagiri/Subjects/Robotics/ex01/install/external_package/lib/python3.10/site-packages/external_package-0.0.0-py3.10.egg-info
[0.767s] running install_scripts
[0.786s] writing list of installed files to '/home/yuichi-katagiri/Subjects/Robotics/ex01/build/external_package/install.log'
[0.808s] Invoked command in '/home/yuichi-katagiri/Subjects/Robotics/ex01/src/external_package' returned '0': PYTHONPATH=/home/yuichi-katagiri/Subjects/Robotics/ex01/build/external_package/prefix_override:/usr/lib/python3/dist-packages/colcon_core/task/python/colcon_distutils_commands:/home/yuichi-katagiri/Subjects/Robotics/ex01/install/external_package/lib/python3.10/site-packages:${PYTHONPATH} /usr/bin/python3 -W ignore:setup.py install is deprecated setup.py egg_info --egg-base ../../build/external_package build --build-base /home/yuichi-katagiri/Subjects/Robotics/ex01/build/external_package/build install --record /home/yuichi-katagiri/Subjects/Robotics/ex01/build/external_package/install.log --single-version-externally-managed install_data
