[0.184s] DEBUG:colcon:Command line arguments: ['/usr/bin/colcon', 'build']
[0.184s] DEBUG:colcon:Parsed command line arguments: Namespace(log_base=None, log_level=None, verb_name='build', build_base='build', install_base='install', merge_install=False, symlink_install=False, test_result_base=None, continue_on_error=False, executor='parallel', parallel_workers=8, event_handlers=None, ignore_user_meta=False, metas=['./colcon.meta'], base_paths=['.'], packages_ignore=None, packages_ignore_regex=None, paths=None, packages_up_to=None, packages_up_to_regex=None, packages_above=None, packages_above_and_dependencies=None, packages_above_depth=None, packages_select_by_dep=None, packages_skip_by_dep=None, packages_skip_up_to=None, packages_select_build_failed=False, packages_skip_build_finished=False, packages_select_test_failures=False, packages_skip_test_passed=False, packages_select=None, packages_skip=None, packages_select_regex=None, packages_skip_regex=None, packages_start=None, packages_end=None, allow_overriding=[], cmake_args=None, cmake_target=None, cmake_target_skip_unavailable=False, cmake_clean_cache=False, cmake_clean_first=False, cmake_force_configure=False, ament_cmake_args=None, catkin_cmake_args=None, catkin_skip_building_tests=False, mixin_files=None, mixin=None, verb_parser=<colcon_mixin.mixin.mixin_argument.MixinArgumentDecorator object at 0x717f9023f250>, verb_extension=<colcon_core.verb.build.BuildVerb object at 0x717f9023ecb0>, main=<bound method BuildVerb.main of <colcon_core.verb.build.BuildVerb object at 0x717f9023ecb0>>, mixin_verb=('build',))
[0.355s] Level 1:colcon.colcon_core.package_discovery:discover_packages(colcon_meta) check parameters
[0.355s] Level 1:colcon.colcon_core.package_discovery:discover_packages(recursive) check parameters
[0.355s] Level 1:colcon.colcon_core.package_discovery:discover_packages(ignore) check parameters
[0.355s] Level 1:colcon.colcon_core.package_discovery:discover_packages(path) check parameters
[0.355s] Level 1:colcon.colcon_core.package_discovery:discover_packages(colcon_meta) discover
[0.355s] Level 1:colcon.colcon_core.package_discovery:discover_packages(recursive) discover
[0.356s] INFO:colcon.colcon_core.package_discovery:Crawling recursively for packages in '/home/yuichi-katagiri/Subjects/Robotics/module_5/ex05'
[0.356s] Level 1:colcon.colcon_core.package_identification:_identify(.) by extensions ['ignore', 'ignore_ament_install']
[0.356s] Level 1:colcon.colcon_core.package_identification:_identify(.) by extension 'ignore'
[0.356s] Level 1:colcon.colcon_core.package_identification:_identify(.) by extension 'ignore_ament_install'
[0.356s] Level 1:colcon.colcon_core.package_identification:_identify(.) by extensions ['colcon_pkg']
[0.356s] Level 1:colcon.colcon_core.package_identification:_identify(.) by extension 'colcon_pkg'
[0.356s] Level 1:colcon.colcon_core.package_identification:_identify(.) by extensions ['colcon_meta']
[0.356s] Level 1:colcon.colcon_core.package_identification:_identify(.) by extension 'colcon_meta'
[0.356s] Level 1:colcon.colcon_core.package_identification:_identify(.) by extensions ['ros']
[0.356s] Level 1:colcon.colcon_core.package_identification:_identify(.) by extension 'ros'
[0.366s] Level 1:colcon.colcon_core.package_identification:_identify(.) by extensions ['cmake', 'python']
[0.367s] Level 1:colcon.colcon_core.package_identification:_identify(.) by extension 'cmake'
[0.367s] Level 1:colcon.colcon_core.package_identification:_identify(.) by extension 'python'
[0.367s] Level 1:colcon.colcon_core.package_identification:_identify(.) by extensions ['python_setup_py']
[0.367s] Level 1:colcon.colcon_core.package_identification:_identify(.) by extension 'python_setup_py'
[0.367s] Level 1:colcon.colcon_core.package_identification:_identify(build) by extensions ['ignore', 'ignore_ament_install']
[0.367s] Level 1:colcon.colcon_core.package_identification:_identify(build) by extension 'ignore'
[0.367s] Level 1:colcon.colcon_core.package_identification:_identify(build) ignored
[0.367s] Level 1:colcon.colcon_core.package_identification:_identify(install) by extensions ['ignore', 'ignore_ament_install']
[0.367s] Level 1:colcon.colcon_core.package_identification:_identify(install) by extension 'ignore'
[0.367s] Level 1:colcon.colcon_core.package_identification:_identify(install) ignored
[0.367s] Level 1:colcon.colcon_core.package_identification:_identify(log) by extensions ['ignore', 'ignore_ament_install']
[0.367s] Level 1:colcon.colcon_core.package_identification:_identify(log) by extension 'ignore'
[0.368s] Level 1:colcon.colcon_core.package_identification:_identify(log) ignored
[0.368s] Level 1:colcon.colcon_core.package_identification:_identify(src) by extensions ['ignore', 'ignore_ament_install']
[0.368s] Level 1:colcon.colcon_core.package_identification:_identify(src) by extension 'ignore'
[0.368s] Level 1:colcon.colcon_core.package_identification:_identify(src) by extension 'ignore_ament_install'
[0.368s] Level 1:colcon.colcon_core.package_identification:_identify(src) by extensions ['colcon_pkg']
[0.368s] Level 1:colcon.colcon_core.package_identification:_identify(src) by extension 'colcon_pkg'
[0.368s] Level 1:colcon.colcon_core.package_identification:_identify(src) by extensions ['colcon_meta']
[0.368s] Level 1:colcon.colcon_core.package_identification:_identify(src) by extension 'colcon_meta'
[0.368s] Level 1:colcon.colcon_core.package_identification:_identify(src) by extensions ['ros']
[0.368s] Level 1:colcon.colcon_core.package_identification:_identify(src) by extension 'ros'
[0.368s] Level 1:colcon.colcon_core.package_identification:_identify(src) by extensions ['cmake', 'python']
[0.368s] Level 1:colcon.colcon_core.package_identification:_identify(src) by extension 'cmake'
[0.368s] Level 1:colcon.colcon_core.package_identification:_identify(src) by extension 'python'
[0.368s] Level 1:colcon.colcon_core.package_identification:_identify(src) by extensions ['python_setup_py']
[0.368s] Level 1:colcon.colcon_core.package_identification:_identify(src) by extension 'python_setup_py'
[0.368s] Level 1:colcon.colcon_core.package_identification:_identify(src/my_movement) by extensions ['ignore', 'ignore_ament_install']
[0.368s] Level 1:colcon.colcon_core.package_identification:_identify(src/my_movement) by extension 'ignore'
[0.368s] Level 1:colcon.colcon_core.package_identification:_identify(src/my_movement) by extension 'ignore_ament_install'
[0.368s] Level 1:colcon.colcon_core.package_identification:_identify(src/my_movement) by extensions ['colcon_pkg']
[0.369s] Level 1:colcon.colcon_core.package_identification:_identify(src/my_movement) by extension 'colcon_pkg'
[0.369s] Level 1:colcon.colcon_core.package_identification:_identify(src/my_movement) by extensions ['colcon_meta']
[0.369s] Level 1:colcon.colcon_core.package_identification:_identify(src/my_movement) by extension 'colcon_meta'
[0.369s] Level 1:colcon.colcon_core.package_identification:_identify(src/my_movement) by extensions ['ros']
[0.369s] Level 1:colcon.colcon_core.package_identification:_identify(src/my_movement) by extension 'ros'
[0.372s] DEBUG:colcon.colcon_core.package_identification:Package 'src/my_movement' with type 'ros.ament_python' and name 'my_movement'
[0.372s] Level 1:colcon.colcon_core.package_identification:_identify(src/need) by extensions ['ignore', 'ignore_ament_install']
[0.372s] Level 1:colcon.colcon_core.package_identification:_identify(src/need) by extension 'ignore'
[0.372s] Level 1:colcon.colcon_core.package_identification:_identify(src/need) by extension 'ignore_ament_install'
[0.372s] Level 1:colcon.colcon_core.package_identification:_identify(src/need) by extensions ['colcon_pkg']
[0.372s] Level 1:colcon.colcon_core.package_identification:_identify(src/need) by extension 'colcon_pkg'
[0.372s] Level 1:colcon.colcon_core.package_identification:_identify(src/need) by extensions ['colcon_meta']
[0.372s] Level 1:colcon.colcon_core.package_identification:_identify(src/need) by extension 'colcon_meta'
[0.372s] Level 1:colcon.colcon_core.package_identification:_identify(src/need) by extensions ['ros']
[0.372s] Level 1:colcon.colcon_core.package_identification:_identify(src/need) by extension 'ros'
[0.372s] Level 1:colcon.colcon_core.package_identification:_identify(src/need) by extensions ['cmake', 'python']
[0.372s] Level 1:colcon.colcon_core.package_identification:_identify(src/need) by extension 'cmake'
[0.372s] Level 1:colcon.colcon_core.package_identification:_identify(src/need) by extension 'python'
[0.372s] Level 1:colcon.colcon_core.package_identification:_identify(src/need) by extensions ['python_setup_py']
[0.372s] Level 1:colcon.colcon_core.package_identification:_identify(src/need) by extension 'python_setup_py'
[0.372s] Level 1:colcon.colcon_core.package_identification:_identify(src/need/robot_app) by extensions ['ignore', 'ignore_ament_install']
[0.373s] Level 1:colcon.colcon_core.package_identification:_identify(src/need/robot_app) by extension 'ignore'
[0.373s] Level 1:colcon.colcon_core.package_identification:_identify(src/need/robot_app) by extension 'ignore_ament_install'
[0.373s] Level 1:colcon.colcon_core.package_identification:_identify(src/need/robot_app) by extensions ['colcon_pkg']
[0.373s] Level 1:colcon.colcon_core.package_identification:_identify(src/need/robot_app) by extension 'colcon_pkg'
[0.373s] Level 1:colcon.colcon_core.package_identification:_identify(src/need/robot_app) by extensions ['colcon_meta']
[0.373s] Level 1:colcon.colcon_core.package_identification:_identify(src/need/robot_app) by extension 'colcon_meta'
[0.373s] Level 1:colcon.colcon_core.package_identification:_identify(src/need/robot_app) by extensions ['ros']
[0.373s] Level 1:colcon.colcon_core.package_identification:_identify(src/need/robot_app) by extension 'ros'
[0.374s] DEBUG:colcon.colcon_core.package_identification:Package 'src/need/robot_app' with type 'ros.ament_cmake' and name 'robot_app'
[0.374s] Level 1:colcon.colcon_core.package_identification:_identify(src/need/robot_bringup) by extensions ['ignore', 'ignore_ament_install']
[0.374s] Level 1:colcon.colcon_core.package_identification:_identify(src/need/robot_bringup) by extension 'ignore'
[0.374s] Level 1:colcon.colcon_core.package_identification:_identify(src/need/robot_bringup) by extension 'ignore_ament_install'
[0.374s] Level 1:colcon.colcon_core.package_identification:_identify(src/need/robot_bringup) by extensions ['colcon_pkg']
[0.374s] Level 1:colcon.colcon_core.package_identification:_identify(src/need/robot_bringup) by extension 'colcon_pkg'
[0.374s] Level 1:colcon.colcon_core.package_identification:_identify(src/need/robot_bringup) by extensions ['colcon_meta']
[0.374s] Level 1:colcon.colcon_core.package_identification:_identify(src/need/robot_bringup) by extension 'colcon_meta'
[0.374s] Level 1:colcon.colcon_core.package_identification:_identify(src/need/robot_bringup) by extensions ['ros']
[0.374s] Level 1:colcon.colcon_core.package_identification:_identify(src/need/robot_bringup) by extension 'ros'
[0.375s] DEBUG:colcon.colcon_core.package_identification:Package 'src/need/robot_bringup' with type 'ros.ament_cmake' and name 'robot_bringup'
[0.375s] Level 1:colcon.colcon_core.package_identification:_identify(src/need/robot_description) by extensions ['ignore', 'ignore_ament_install']
[0.375s] Level 1:colcon.colcon_core.package_identification:_identify(src/need/robot_description) by extension 'ignore'
[0.375s] Level 1:colcon.colcon_core.package_identification:_identify(src/need/robot_description) by extension 'ignore_ament_install'
[0.375s] Level 1:colcon.colcon_core.package_identification:_identify(src/need/robot_description) by extensions ['colcon_pkg']
[0.375s] Level 1:colcon.colcon_core.package_identification:_identify(src/need/robot_description) by extension 'colcon_pkg'
[0.375s] Level 1:colcon.colcon_core.package_identification:_identify(src/need/robot_description) by extensions ['colcon_meta']
[0.375s] Level 1:colcon.colcon_core.package_identification:_identify(src/need/robot_description) by extension 'colcon_meta'
[0.375s] Level 1:colcon.colcon_core.package_identification:_identify(src/need/robot_description) by extensions ['ros']
[0.375s] Level 1:colcon.colcon_core.package_identification:_identify(src/need/robot_description) by extension 'ros'
[0.376s] DEBUG:colcon.colcon_core.package_identification:Package 'src/need/robot_description' with type 'ros.ament_cmake' and name 'robot_description'
[0.376s] Level 1:colcon.colcon_core.package_discovery:discover_packages(recursive) using defaults
[0.376s] Level 1:colcon.colcon_core.package_discovery:discover_packages(ignore) discover
[0.376s] Level 1:colcon.colcon_core.package_discovery:discover_packages(ignore) using defaults
[0.376s] Level 1:colcon.colcon_core.package_discovery:discover_packages(path) discover
[0.376s] Level 1:colcon.colcon_core.package_discovery:discover_packages(path) using defaults
[0.411s] Level 1:colcon.colcon_core.package_discovery:discover_packages(prefix_path) check parameters
[0.411s] Level 1:colcon.colcon_core.package_discovery:discover_packages(prefix_path) discover
[0.414s] DEBUG:colcon.colcon_installed_package_information.package_discovery:Found 4 installed packages in /home/yuichi-katagiri/Subjects/Robotics/module_5/ex05/install
[0.414s] DEBUG:colcon.colcon_installed_package_information.package_discovery:Found 3 installed packages in /home/yuichi-katagiri/ros2_ws/install
[0.416s] DEBUG:colcon.colcon_installed_package_information.package_discovery:Found 290 installed packages in /opt/ros/humble
[0.417s] Level 1:colcon.colcon_core.package_discovery:discover_packages(prefix_path) using defaults
[0.461s] Level 5:colcon.colcon_core.verb:set package 'my_movement' build argument 'cmake_args' from command line to 'None'
[0.461s] Level 5:colcon.colcon_core.verb:set package 'my_movement' build argument 'cmake_target' from command line to 'None'
[0.461s] Level 5:colcon.colcon_core.verb:set package 'my_movement' build argument 'cmake_target_skip_unavailable' from command line to 'False'
[0.461s] Level 5:colcon.colcon_core.verb:set package 'my_movement' build argument 'cmake_clean_cache' from command line to 'False'
[0.461s] Level 5:colcon.colcon_core.verb:set package 'my_movement' build argument 'cmake_clean_first' from command line to 'False'
[0.461s] Level 5:colcon.colcon_core.verb:set package 'my_movement' build argument 'cmake_force_configure' from command line to 'False'
[0.461s] Level 5:colcon.colcon_core.verb:set package 'my_movement' build argument 'ament_cmake_args' from command line to 'None'
[0.461s] Level 5:colcon.colcon_core.verb:set package 'my_movement' build argument 'catkin_cmake_args' from command line to 'None'
[0.461s] Level 5:colcon.colcon_core.verb:set package 'my_movement' build argument 'catkin_skip_building_tests' from command line to 'False'
[0.461s] DEBUG:colcon.colcon_core.verb:Building package 'my_movement' with the following arguments: {'ament_cmake_args': None, 'build_base': '/home/yuichi-katagiri/Subjects/Robotics/module_5/ex05/build/my_movement', 'catkin_cmake_args': None, 'catkin_skip_building_tests': False, 'cmake_args': None, 'cmake_clean_cache': False, 'cmake_clean_first': False, 'cmake_force_configure': False, 'cmake_target': None, 'cmake_target_skip_unavailable': False, 'install_base': '/home/yuichi-katagiri/Subjects/Robotics/module_5/ex05/install/my_movement', 'merge_install': False, 'path': '/home/yuichi-katagiri/Subjects/Robotics/module_5/ex05/src/my_movement', 'symlink_install': False, 'test_result_base': None}
[0.462s] Level 5:colcon.colcon_core.verb:set package 'robot_app' build argument 'cmake_args' from command line to 'None'
[0.462s] Level 5:colcon.colcon_core.verb:set package 'robot_app' build argument 'cmake_target' from command line to 'None'
[0.462s] Level 5:colcon.colcon_core.verb:set package 'robot_app' build argument 'cmake_target_skip_unavailable' from command line to 'False'
[0.462s] Level 5:colcon.colcon_core.verb:set package 'robot_app' build argument 'cmake_clean_cache' from command line to 'False'
[0.462s] Level 5:colcon.colcon_core.verb:set package 'robot_app' build argument 'cmake_clean_first' from command line to 'False'
[0.462s] Level 5:colcon.colcon_core.verb:set package 'robot_app' build argument 'cmake_force_configure' from command line to 'False'
[0.462s] Level 5:colcon.colcon_core.verb:set package 'robot_app' build argument 'ament_cmake_args' from command line to 'None'
[0.462s] Level 5:colcon.colcon_core.verb:set package 'robot_app' build argument 'catkin_cmake_args' from command line to 'None'
[0.462s] Level 5:colcon.colcon_core.verb:set package 'robot_app' build argument 'catkin_skip_building_tests' from command line to 'False'
[0.462s] DEBUG:colcon.colcon_core.verb:Building package 'robot_app' with the following arguments: {'ament_cmake_args': None, 'build_base': '/home/yuichi-katagiri/Subjects/Robotics/module_5/ex05/build/robot_app', 'catkin_cmake_args': None, 'catkin_skip_building_tests': False, 'cmake_args': None, 'cmake_clean_cache': False, 'cmake_clean_first': False, 'cmake_force_configure': False, 'cmake_target': None, 'cmake_target_skip_unavailable': False, 'install_base': '/home/yuichi-katagiri/Subjects/Robotics/module_5/ex05/install/robot_app', 'merge_install': False, 'path': '/home/yuichi-katagiri/Subjects/Robotics/module_5/ex05/src/need/robot_app', 'symlink_install': False, 'test_result_base': None}
[0.462s] Level 5:colcon.colcon_core.verb:set package 'robot_bringup' build argument 'cmake_args' from command line to 'None'
[0.462s] Level 5:colcon.colcon_core.verb:set package 'robot_bringup' build argument 'cmake_target' from command line to 'None'
[0.462s] Level 5:colcon.colcon_core.verb:set package 'robot_bringup' build argument 'cmake_target_skip_unavailable' from command line to 'False'
[0.462s] Level 5:colcon.colcon_core.verb:set package 'robot_bringup' build argument 'cmake_clean_cache' from command line to 'False'
[0.462s] Level 5:colcon.colcon_core.verb:set package 'robot_bringup' build argument 'cmake_clean_first' from command line to 'False'
[0.463s] Level 5:colcon.colcon_core.verb:set package 'robot_bringup' build argument 'cmake_force_configure' from command line to 'False'
[0.463s] Level 5:colcon.colcon_core.verb:set package 'robot_bringup' build argument 'ament_cmake_args' from command line to 'None'
[0.463s] Level 5:colcon.colcon_core.verb:set package 'robot_bringup' build argument 'catkin_cmake_args' from command line to 'None'
[0.463s] Level 5:colcon.colcon_core.verb:set package 'robot_bringup' build argument 'catkin_skip_building_tests' from command line to 'False'
[0.463s] DEBUG:colcon.colcon_core.verb:Building package 'robot_bringup' with the following arguments: {'ament_cmake_args': None, 'build_base': '/home/yuichi-katagiri/Subjects/Robotics/module_5/ex05/build/robot_bringup', 'catkin_cmake_args': None, 'catkin_skip_building_tests': False, 'cmake_args': None, 'cmake_clean_cache': False, 'cmake_clean_first': False, 'cmake_force_configure': False, 'cmake_target': None, 'cmake_target_skip_unavailable': False, 'install_base': '/home/yuichi-katagiri/Subjects/Robotics/module_5/ex05/install/robot_bringup', 'merge_install': False, 'path': '/home/yuichi-katagiri/Subjects/Robotics/module_5/ex05/src/need/robot_bringup', 'symlink_install': False, 'test_result_base': None}
[0.463s] Level 5:colcon.colcon_core.verb:set package 'robot_description' build argument 'cmake_args' from command line to 'None'
[0.463s] Level 5:colcon.colcon_core.verb:set package 'robot_description' build argument 'cmake_target' from command line to 'None'
[0.463s] Level 5:colcon.colcon_core.verb:set package 'robot_description' build argument 'cmake_target_skip_unavailable' from command line to 'False'
[0.463s] Level 5:colcon.colcon_core.verb:set package 'robot_description' build argument 'cmake_clean_cache' from command line to 'False'
[0.463s] Level 5:colcon.colcon_core.verb:set package 'robot_description' build argument 'cmake_clean_first' from command line to 'False'
[0.463s] Level 5:colcon.colcon_core.verb:set package 'robot_description' build argument 'cmake_force_configure' from command line to 'False'
[0.463s] Level 5:colcon.colcon_core.verb:set package 'robot_description' build argument 'ament_cmake_args' from command line to 'None'
[0.463s] Level 5:colcon.colcon_core.verb:set package 'robot_description' build argument 'catkin_cmake_args' from command line to 'None'
[0.463s] Level 5:colcon.colcon_core.verb:set package 'robot_description' build argument 'catkin_skip_building_tests' from command line to 'False'
[0.463s] DEBUG:colcon.colcon_core.verb:Building package 'robot_description' with the following arguments: {'ament_cmake_args': None, 'build_base': '/home/yuichi-katagiri/Subjects/Robotics/module_5/ex05/build/robot_description', 'catkin_cmake_args': None, 'catkin_skip_building_tests': False, 'cmake_args': None, 'cmake_clean_cache': False, 'cmake_clean_first': False, 'cmake_force_configure': False, 'cmake_target': None, 'cmake_target_skip_unavailable': False, 'install_base': '/home/yuichi-katagiri/Subjects/Robotics/module_5/ex05/install/robot_description', 'merge_install': False, 'path': '/home/yuichi-katagiri/Subjects/Robotics/module_5/ex05/src/need/robot_description', 'symlink_install': False, 'test_result_base': None}
[0.463s] INFO:colcon.colcon_core.executor:Executing jobs using 'parallel' executor
[0.464s] DEBUG:colcon.colcon_parallel_executor.executor.parallel:run_until_complete
[0.464s] INFO:colcon.colcon_ros.task.ament_python.build:Building ROS package in '/home/yuichi-katagiri/Subjects/Robotics/module_5/ex05/src/my_movement' with build type 'ament_python'
[0.465s] Level 1:colcon.colcon_core.shell:create_environment_hook('my_movement', 'ament_prefix_path')
[0.467s] INFO:colcon.colcon_core.plugin_system:Skipping extension 'colcon_core.shell.bat': Not used on non-Windows systems
[0.467s] INFO:colcon.colcon_core.shell:Creating environment hook '/home/yuichi-katagiri/Subjects/Robotics/module_5/ex05/install/my_movement/share/my_movement/hook/ament_prefix_path.ps1'
[0.468s] INFO:colcon.colcon_core.shell:Creating environment descriptor '/home/yuichi-katagiri/Subjects/Robotics/module_5/ex05/install/my_movement/share/my_movement/hook/ament_prefix_path.dsv'
[0.468s] INFO:colcon.colcon_core.shell:Creating environment hook '/home/yuichi-katagiri/Subjects/Robotics/module_5/ex05/install/my_movement/share/my_movement/hook/ament_prefix_path.sh'
[0.469s] INFO:colcon.colcon_core.shell:Skip shell extension 'powershell' for command environment: Not usable outside of PowerShell
[0.469s] DEBUG:colcon.colcon_core.shell:Skip shell extension 'dsv' for command environment
[0.473s] INFO:colcon.colcon_ros.task.ament_cmake.build:Building ROS package in '/home/yuichi-katagiri/Subjects/Robotics/module_5/ex05/src/need/robot_app' with build type 'ament_cmake'
[0.473s] INFO:colcon.colcon_cmake.task.cmake.build:Building CMake package in '/home/yuichi-katagiri/Subjects/Robotics/module_5/ex05/src/need/robot_app'
[0.473s] INFO:colcon.colcon_core.shell:Skip shell extension 'powershell' for command environment: Not usable outside of PowerShell
[0.473s] DEBUG:colcon.colcon_core.shell:Skip shell extension 'dsv' for command environment
[0.477s] INFO:colcon.colcon_ros.task.ament_cmake.build:Building ROS package in '/home/yuichi-katagiri/Subjects/Robotics/module_5/ex05/src/need/robot_bringup' with build type 'ament_cmake'
[0.477s] INFO:colcon.colcon_cmake.task.cmake.build:Building CMake package in '/home/yuichi-katagiri/Subjects/Robotics/module_5/ex05/src/need/robot_bringup'
[0.477s] INFO:colcon.colcon_core.shell:Skip shell extension 'powershell' for command environment: Not usable outside of PowerShell
[0.477s] DEBUG:colcon.colcon_core.shell:Skip shell extension 'dsv' for command environment
[0.481s] INFO:colcon.colcon_ros.task.ament_cmake.build:Building ROS package in '/home/yuichi-katagiri/Subjects/Robotics/module_5/ex05/src/need/robot_description' with build type 'ament_cmake'
[0.481s] INFO:colcon.colcon_cmake.task.cmake.build:Building CMake package in '/home/yuichi-katagiri/Subjects/Robotics/module_5/ex05/src/need/robot_description'
[0.481s] INFO:colcon.colcon_core.shell:Skip shell extension 'powershell' for command environment: Not usable outside of PowerShell
[0.481s] DEBUG:colcon.colcon_core.shell:Skip shell extension 'dsv' for command environment
[0.744s] INFO:colcon.colcon_core.task.python.build:Building Python package in '/home/yuichi-katagiri/Subjects/Robotics/module_5/ex05/src/my_movement'
[0.744s] INFO:colcon.colcon_core.shell:Skip shell extension 'powershell' for command environment: Not usable outside of PowerShell
[0.744s] DEBUG:colcon.colcon_core.shell:Skip shell extension 'dsv' for command environment
[0.750s] DEBUG:colcon.colcon_core.event_handler.log_command:Invoking command in '/home/yuichi-katagiri/Subjects/Robotics/module_5/ex05/build/robot_app': CMAKE_PREFIX_PATH=${CMAKE_PREFIX_PATH}:/home/yuichi-katagiri/Subjects/Robotics/module_5/ex05/install/my_movement:/home/yuichi-katagiri/ros2_ws/install/tomodachi:/home/yuichi-katagiri/ros2_ws/install/manabu:/opt/ros/humble /usr/bin/cmake --build /home/yuichi-katagiri/Subjects/Robotics/module_5/ex05/build/robot_app -- -j8 -l8
[0.756s] DEBUG:colcon.colcon_core.event_handler.log_command:Invoking command in '/home/yuichi-katagiri/Subjects/Robotics/module_5/ex05/build/robot_bringup': CMAKE_PREFIX_PATH=${CMAKE_PREFIX_PATH}:/home/yuichi-katagiri/Subjects/Robotics/module_5/ex05/install/my_movement:/home/yuichi-katagiri/ros2_ws/install/tomodachi:/home/yuichi-katagiri/ros2_ws/install/manabu:/opt/ros/humble /usr/bin/cmake --build /home/yuichi-katagiri/Subjects/Robotics/module_5/ex05/build/robot_bringup -- -j8 -l8
[0.759s] DEBUG:colcon.colcon_core.event_handler.log_command:Invoking command in '/home/yuichi-katagiri/Subjects/Robotics/module_5/ex05/build/robot_description': CMAKE_PREFIX_PATH=${CMAKE_PREFIX_PATH}:/home/yuichi-katagiri/Subjects/Robotics/module_5/ex05/install/my_movement:/home/yuichi-katagiri/ros2_ws/install/tomodachi:/home/yuichi-katagiri/ros2_ws/install/manabu:/opt/ros/humble /usr/bin/cmake --build /home/yuichi-katagiri/Subjects/Robotics/module_5/ex05/build/robot_description -- -j8 -l8
[0.788s] DEBUG:colcon.colcon_core.event_handler.log_command:Invoked command in '/home/yuichi-katagiri/Subjects/Robotics/module_5/ex05/build/robot_app' returned '0': CMAKE_PREFIX_PATH=${CMAKE_PREFIX_PATH}:/home/yuichi-katagiri/Subjects/Robotics/module_5/ex05/install/my_movement:/home/yuichi-katagiri/ros2_ws/install/tomodachi:/home/yuichi-katagiri/ros2_ws/install/manabu:/opt/ros/humble /usr/bin/cmake --build /home/yuichi-katagiri/Subjects/Robotics/module_5/ex05/build/robot_app -- -j8 -l8
[0.790s] DEBUG:colcon.colcon_core.event_handler.log_command:Invoked command in '/home/yuichi-katagiri/Subjects/Robotics/module_5/ex05/build/robot_bringup' returned '0': CMAKE_PREFIX_PATH=${CMAKE_PREFIX_PATH}:/home/yuichi-katagiri/Subjects/Robotics/module_5/ex05/install/my_movement:/home/yuichi-katagiri/ros2_ws/install/tomodachi:/home/yuichi-katagiri/ros2_ws/install/manabu:/opt/ros/humble /usr/bin/cmake --build /home/yuichi-katagiri/Subjects/Robotics/module_5/ex05/build/robot_bringup -- -j8 -l8
[0.792s] DEBUG:colcon.colcon_core.event_handler.log_command:Invoked command in '/home/yuichi-katagiri/Subjects/Robotics/module_5/ex05/build/robot_description' returned '0': CMAKE_PREFIX_PATH=${CMAKE_PREFIX_PATH}:/home/yuichi-katagiri/Subjects/Robotics/module_5/ex05/install/my_movement:/home/yuichi-katagiri/ros2_ws/install/tomodachi:/home/yuichi-katagiri/ros2_ws/install/manabu:/opt/ros/humble /usr/bin/cmake --build /home/yuichi-katagiri/Subjects/Robotics/module_5/ex05/build/robot_description -- -j8 -l8
[0.817s] DEBUG:colcon.colcon_core.event_handler.log_command:Invoking command in '/home/yuichi-katagiri/Subjects/Robotics/module_5/ex05/build/robot_app': CMAKE_PREFIX_PATH=${CMAKE_PREFIX_PATH}:/home/yuichi-katagiri/Subjects/Robotics/module_5/ex05/install/my_movement:/home/yuichi-katagiri/ros2_ws/install/tomodachi:/home/yuichi-katagiri/ros2_ws/install/manabu:/opt/ros/humble /usr/bin/cmake --install /home/yuichi-katagiri/Subjects/Robotics/module_5/ex05/build/robot_app
[0.819s] DEBUG:colcon.colcon_core.event_handler.log_command:Invoking command in '/home/yuichi-katagiri/Subjects/Robotics/module_5/ex05/build/robot_bringup': CMAKE_PREFIX_PATH=${CMAKE_PREFIX_PATH}:/home/yuichi-katagiri/Subjects/Robotics/module_5/ex05/install/my_movement:/home/yuichi-katagiri/ros2_ws/install/tomodachi:/home/yuichi-katagiri/ros2_ws/install/manabu:/opt/ros/humble /usr/bin/cmake --install /home/yuichi-katagiri/Subjects/Robotics/module_5/ex05/build/robot_bringup
[0.821s] DEBUG:colcon.colcon_core.event_handler.log_command:Invoking command in '/home/yuichi-katagiri/Subjects/Robotics/module_5/ex05/build/robot_description': CMAKE_PREFIX_PATH=${CMAKE_PREFIX_PATH}:/home/yuichi-katagiri/Subjects/Robotics/module_5/ex05/install/my_movement:/home/yuichi-katagiri/ros2_ws/install/tomodachi:/home/yuichi-katagiri/ros2_ws/install/manabu:/opt/ros/humble /usr/bin/cmake --install /home/yuichi-katagiri/Subjects/Robotics/module_5/ex05/build/robot_description
[0.828s] Level 1:colcon.colcon_core.environment:create_environment_scripts_only(robot_app)
[0.829s] DEBUG:colcon.colcon_core.event_handler.log_command:Invoked command in '/home/yuichi-katagiri/Subjects/Robotics/module_5/ex05/build/robot_app' returned '0': CMAKE_PREFIX_PATH=${CMAKE_PREFIX_PATH}:/home/yuichi-katagiri/Subjects/Robotics/module_5/ex05/install/my_movement:/home/yuichi-katagiri/ros2_ws/install/tomodachi:/home/yuichi-katagiri/ros2_ws/install/manabu:/opt/ros/humble /usr/bin/cmake --install /home/yuichi-katagiri/Subjects/Robotics/module_5/ex05/build/robot_app
[0.834s] Level 1:colcon.colcon_core.environment:checking '/home/yuichi-katagiri/Subjects/Robotics/module_5/ex05/install/robot_app' for CMake module files
[0.835s] Level 1:colcon.colcon_core.environment:checking '/home/yuichi-katagiri/Subjects/Robotics/module_5/ex05/install/robot_app' for CMake config files
[0.835s] Level 1:colcon.colcon_core.shell:create_environment_hook('robot_app', 'cmake_prefix_path')
[0.835s] INFO:colcon.colcon_core.shell:Creating environment hook '/home/yuichi-katagiri/Subjects/Robotics/module_5/ex05/install/robot_app/share/robot_app/hook/cmake_prefix_path.ps1'
[0.836s] INFO:colcon.colcon_core.shell:Creating environment descriptor '/home/yuichi-katagiri/Subjects/Robotics/module_5/ex05/install/robot_app/share/robot_app/hook/cmake_prefix_path.dsv'
[0.836s] INFO:colcon.colcon_core.shell:Creating environment hook '/home/yuichi-katagiri/Subjects/Robotics/module_5/ex05/install/robot_app/share/robot_app/hook/cmake_prefix_path.sh'
[0.837s] Level 1:colcon.colcon_core.environment:checking '/home/yuichi-katagiri/Subjects/Robotics/module_5/ex05/install/robot_app/bin'
[0.837s] Level 1:colcon.colcon_core.environment:checking '/home/yuichi-katagiri/Subjects/Robotics/module_5/ex05/install/robot_app/lib/pkgconfig/robot_app.pc'
[0.837s] Level 1:colcon.colcon_core.environment:checking '/home/yuichi-katagiri/Subjects/Robotics/module_5/ex05/install/robot_app/lib/python3.10/site-packages'
[0.837s] Level 1:colcon.colcon_core.environment:checking '/home/yuichi-katagiri/Subjects/Robotics/module_5/ex05/install/robot_app/bin'
[0.837s] INFO:colcon.colcon_core.shell:Creating package script '/home/yuichi-katagiri/Subjects/Robotics/module_5/ex05/install/robot_app/share/robot_app/package.ps1'
[0.838s] INFO:colcon.colcon_core.shell:Creating package descriptor '/home/yuichi-katagiri/Subjects/Robotics/module_5/ex05/install/robot_app/share/robot_app/package.dsv'
[0.839s] INFO:colcon.colcon_core.shell:Creating package script '/home/yuichi-katagiri/Subjects/Robotics/module_5/ex05/install/robot_app/share/robot_app/package.sh'
[0.840s] INFO:colcon.colcon_core.shell:Creating package script '/home/yuichi-katagiri/Subjects/Robotics/module_5/ex05/install/robot_app/share/robot_app/package.bash'
[0.840s] INFO:colcon.colcon_core.shell:Creating package script '/home/yuichi-katagiri/Subjects/Robotics/module_5/ex05/install/robot_app/share/robot_app/package.zsh'
[0.841s] Level 1:colcon.colcon_core.environment:create_file_with_runtime_dependencies(/home/yuichi-katagiri/Subjects/Robotics/module_5/ex05/install/robot_app/share/colcon-core/packages/robot_app)
[0.843s] Level 1:colcon.colcon_core.environment:create_environment_scripts_only(robot_bringup)
[0.843s] Level 1:colcon.colcon_core.environment:checking '/home/yuichi-katagiri/Subjects/Robotics/module_5/ex05/install/robot_bringup' for CMake module files
[0.844s] DEBUG:colcon.colcon_core.event_handler.log_command:Invoked command in '/home/yuichi-katagiri/Subjects/Robotics/module_5/ex05/build/robot_bringup' returned '0': CMAKE_PREFIX_PATH=${CMAKE_PREFIX_PATH}:/home/yuichi-katagiri/Subjects/Robotics/module_5/ex05/install/my_movement:/home/yuichi-katagiri/ros2_ws/install/tomodachi:/home/yuichi-katagiri/ros2_ws/install/manabu:/opt/ros/humble /usr/bin/cmake --install /home/yuichi-katagiri/Subjects/Robotics/module_5/ex05/build/robot_bringup
[0.844s] Level 1:colcon.colcon_core.environment:checking '/home/yuichi-katagiri/Subjects/Robotics/module_5/ex05/install/robot_bringup' for CMake config files
[0.845s] Level 1:colcon.colcon_core.shell:create_environment_hook('robot_bringup', 'cmake_prefix_path')
[0.845s] INFO:colcon.colcon_core.shell:Creating environment hook '/home/yuichi-katagiri/Subjects/Robotics/module_5/ex05/install/robot_bringup/share/robot_bringup/hook/cmake_prefix_path.ps1'
[0.846s] INFO:colcon.colcon_core.shell:Creating environment descriptor '/home/yuichi-katagiri/Subjects/Robotics/module_5/ex05/install/robot_bringup/share/robot_bringup/hook/cmake_prefix_path.dsv'
[0.846s] INFO:colcon.colcon_core.shell:Creating environment hook '/home/yuichi-katagiri/Subjects/Robotics/module_5/ex05/install/robot_bringup/share/robot_bringup/hook/cmake_prefix_path.sh'
[0.847s] Level 1:colcon.colcon_core.environment:checking '/home/yuichi-katagiri/Subjects/Robotics/module_5/ex05/install/robot_bringup/bin'
[0.847s] Level 1:colcon.colcon_core.environment:checking '/home/yuichi-katagiri/Subjects/Robotics/module_5/ex05/install/robot_bringup/lib/pkgconfig/robot_bringup.pc'
[0.847s] Level 1:colcon.colcon_core.environment:checking '/home/yuichi-katagiri/Subjects/Robotics/module_5/ex05/install/robot_bringup/lib/python3.10/site-packages'
[0.848s] Level 1:colcon.colcon_core.environment:checking '/home/yuichi-katagiri/Subjects/Robotics/module_5/ex05/install/robot_bringup/bin'
[0.848s] INFO:colcon.colcon_core.shell:Creating package script '/home/yuichi-katagiri/Subjects/Robotics/module_5/ex05/install/robot_bringup/share/robot_bringup/package.ps1'
[0.849s] INFO:colcon.colcon_core.shell:Creating package descriptor '/home/yuichi-katagiri/Subjects/Robotics/module_5/ex05/install/robot_bringup/share/robot_bringup/package.dsv'
[0.849s] INFO:colcon.colcon_core.shell:Creating package script '/home/yuichi-katagiri/Subjects/Robotics/module_5/ex05/install/robot_bringup/share/robot_bringup/package.sh'
[0.850s] INFO:colcon.colcon_core.shell:Creating package script '/home/yuichi-katagiri/Subjects/Robotics/module_5/ex05/install/robot_bringup/share/robot_bringup/package.bash'
[0.850s] INFO:colcon.colcon_core.shell:Creating package script '/home/yuichi-katagiri/Subjects/Robotics/module_5/ex05/install/robot_bringup/share/robot_bringup/package.zsh'
[0.851s] Level 1:colcon.colcon_core.environment:create_file_with_runtime_dependencies(/home/yuichi-katagiri/Subjects/Robotics/module_5/ex05/install/robot_bringup/share/colcon-core/packages/robot_bringup)
[0.852s] Level 1:colcon.colcon_core.environment:create_environment_scripts_only(robot_description)
[0.853s] Level 1:colcon.colcon_core.environment:checking '/home/yuichi-katagiri/Subjects/Robotics/module_5/ex05/install/robot_description' for CMake module files
[0.853s] DEBUG:colcon.colcon_core.event_handler.log_command:Invoked command in '/home/yuichi-katagiri/Subjects/Robotics/module_5/ex05/build/robot_description' returned '0': CMAKE_PREFIX_PATH=${CMAKE_PREFIX_PATH}:/home/yuichi-katagiri/Subjects/Robotics/module_5/ex05/install/my_movement:/home/yuichi-katagiri/ros2_ws/install/tomodachi:/home/yuichi-katagiri/ros2_ws/install/manabu:/opt/ros/humble /usr/bin/cmake --install /home/yuichi-katagiri/Subjects/Robotics/module_5/ex05/build/robot_description
[0.854s] Level 1:colcon.colcon_core.environment:checking '/home/yuichi-katagiri/Subjects/Robotics/module_5/ex05/install/robot_description' for CMake config files
[0.854s] Level 1:colcon.colcon_core.shell:create_environment_hook('robot_description', 'cmake_prefix_path')
[0.855s] INFO:colcon.colcon_core.shell:Creating environment hook '/home/yuichi-katagiri/Subjects/Robotics/module_5/ex05/install/robot_description/share/robot_description/hook/cmake_prefix_path.ps1'
[0.855s] INFO:colcon.colcon_core.shell:Creating environment descriptor '/home/yuichi-katagiri/Subjects/Robotics/module_5/ex05/install/robot_description/share/robot_description/hook/cmake_prefix_path.dsv'
[0.856s] INFO:colcon.colcon_core.shell:Creating environment hook '/home/yuichi-katagiri/Subjects/Robotics/module_5/ex05/install/robot_description/share/robot_description/hook/cmake_prefix_path.sh'
[0.857s] Level 1:colcon.colcon_core.environment:checking '/home/yuichi-katagiri/Subjects/Robotics/module_5/ex05/install/robot_description/bin'
[0.857s] Level 1:colcon.colcon_core.environment:checking '/home/yuichi-katagiri/Subjects/Robotics/module_5/ex05/install/robot_description/lib/pkgconfig/robot_description.pc'
[0.857s] Level 1:colcon.colcon_core.environment:checking '/home/yuichi-katagiri/Subjects/Robotics/module_5/ex05/install/robot_description/lib/python3.10/site-packages'
[0.858s] Level 1:colcon.colcon_core.environment:checking '/home/yuichi-katagiri/Subjects/Robotics/module_5/ex05/install/robot_description/bin'
[0.858s] INFO:colcon.colcon_core.shell:Creating package script '/home/yuichi-katagiri/Subjects/Robotics/module_5/ex05/install/robot_description/share/robot_description/package.ps1'
[0.859s] INFO:colcon.colcon_core.shell:Creating package descriptor '/home/yuichi-katagiri/Subjects/Robotics/module_5/ex05/install/robot_description/share/robot_description/package.dsv'
[0.859s] INFO:colcon.colcon_core.shell:Creating package script '/home/yuichi-katagiri/Subjects/Robotics/module_5/ex05/install/robot_description/share/robot_description/package.sh'
[0.860s] INFO:colcon.colcon_core.shell:Creating package script '/home/yuichi-katagiri/Subjects/Robotics/module_5/ex05/install/robot_description/share/robot_description/package.bash'
[0.860s] INFO:colcon.colcon_core.shell:Creating package script '/home/yuichi-katagiri/Subjects/Robotics/module_5/ex05/install/robot_description/share/robot_description/package.zsh'
[0.861s] Level 1:colcon.colcon_core.environment:create_file_with_runtime_dependencies(/home/yuichi-katagiri/Subjects/Robotics/module_5/ex05/install/robot_description/share/colcon-core/packages/robot_description)
[0.863s] Level 1:colcon.colcon_core.environment:create_environment_scripts_only(robot_app)
[0.863s] Level 1:colcon.colcon_core.environment:checking '/home/yuichi-katagiri/Subjects/Robotics/module_5/ex05/install/robot_app' for CMake module files
[0.864s] Level 1:colcon.colcon_core.environment:checking '/home/yuichi-katagiri/Subjects/Robotics/module_5/ex05/install/robot_app' for CMake config files
[0.864s] Level 1:colcon.colcon_core.shell:create_environment_hook('robot_app', 'cmake_prefix_path')
[0.864s] INFO:colcon.colcon_core.shell:Creating environment hook '/home/yuichi-katagiri/Subjects/Robotics/module_5/ex05/install/robot_app/share/robot_app/hook/cmake_prefix_path.ps1'
[0.865s] INFO:colcon.colcon_core.shell:Creating environment descriptor '/home/yuichi-katagiri/Subjects/Robotics/module_5/ex05/install/robot_app/share/robot_app/hook/cmake_prefix_path.dsv'
[0.866s] INFO:colcon.colcon_core.shell:Creating environment hook '/home/yuichi-katagiri/Subjects/Robotics/module_5/ex05/install/robot_app/share/robot_app/hook/cmake_prefix_path.sh'
[0.867s] Level 1:colcon.colcon_core.environment:checking '/home/yuichi-katagiri/Subjects/Robotics/module_5/ex05/install/robot_app/bin'
[0.867s] Level 1:colcon.colcon_core.environment:checking '/home/yuichi-katagiri/Subjects/Robotics/module_5/ex05/install/robot_app/lib/pkgconfig/robot_app.pc'
[0.867s] Level 1:colcon.colcon_core.environment:checking '/home/yuichi-katagiri/Subjects/Robotics/module_5/ex05/install/robot_app/lib/python3.10/site-packages'
[0.868s] Level 1:colcon.colcon_core.environment:checking '/home/yuichi-katagiri/Subjects/Robotics/module_5/ex05/install/robot_app/bin'
[0.868s] INFO:colcon.colcon_core.shell:Creating package script '/home/yuichi-katagiri/Subjects/Robotics/module_5/ex05/install/robot_app/share/robot_app/package.ps1'
[0.869s] INFO:colcon.colcon_core.shell:Creating package descriptor '/home/yuichi-katagiri/Subjects/Robotics/module_5/ex05/install/robot_app/share/robot_app/package.dsv'
[0.870s] INFO:colcon.colcon_core.shell:Creating package script '/home/yuichi-katagiri/Subjects/Robotics/module_5/ex05/install/robot_app/share/robot_app/package.sh'
[0.870s] INFO:colcon.colcon_core.shell:Creating package script '/home/yuichi-katagiri/Subjects/Robotics/module_5/ex05/install/robot_app/share/robot_app/package.bash'
[0.871s] INFO:colcon.colcon_core.shell:Creating package script '/home/yuichi-katagiri/Subjects/Robotics/module_5/ex05/install/robot_app/share/robot_app/package.zsh'
[0.871s] Level 1:colcon.colcon_core.environment:create_file_with_runtime_dependencies(/home/yuichi-katagiri/Subjects/Robotics/module_5/ex05/install/robot_app/share/colcon-core/packages/robot_app)
[0.872s] Level 1:colcon.colcon_core.environment:create_environment_scripts_only(robot_bringup)
[0.873s] Level 1:colcon.colcon_core.environment:checking '/home/yuichi-katagiri/Subjects/Robotics/module_5/ex05/install/robot_bringup' for CMake module files
[0.873s] Level 1:colcon.colcon_core.environment:checking '/home/yuichi-katagiri/Subjects/Robotics/module_5/ex05/install/robot_bringup' for CMake config files
[0.873s] Level 1:colcon.colcon_core.shell:create_environment_hook('robot_bringup', 'cmake_prefix_path')
[0.874s] INFO:colcon.colcon_core.shell:Creating environment hook '/home/yuichi-katagiri/Subjects/Robotics/module_5/ex05/install/robot_bringup/share/robot_bringup/hook/cmake_prefix_path.ps1'
[0.874s] INFO:colcon.colcon_core.shell:Creating environment descriptor '/home/yuichi-katagiri/Subjects/Robotics/module_5/ex05/install/robot_bringup/share/robot_bringup/hook/cmake_prefix_path.dsv'
[0.874s] INFO:colcon.colcon_core.shell:Creating environment hook '/home/yuichi-katagiri/Subjects/Robotics/module_5/ex05/install/robot_bringup/share/robot_bringup/hook/cmake_prefix_path.sh'
[0.875s] Level 1:colcon.colcon_core.environment:checking '/home/yuichi-katagiri/Subjects/Robotics/module_5/ex05/install/robot_bringup/bin'
[0.875s] Level 1:colcon.colcon_core.environment:checking '/home/yuichi-katagiri/Subjects/Robotics/module_5/ex05/install/robot_bringup/lib/pkgconfig/robot_bringup.pc'
[0.875s] Level 1:colcon.colcon_core.environment:checking '/home/yuichi-katagiri/Subjects/Robotics/module_5/ex05/install/robot_bringup/lib/python3.10/site-packages'
[0.876s] Level 1:colcon.colcon_core.environment:checking '/home/yuichi-katagiri/Subjects/Robotics/module_5/ex05/install/robot_bringup/bin'
[0.876s] INFO:colcon.colcon_core.shell:Creating package script '/home/yuichi-katagiri/Subjects/Robotics/module_5/ex05/install/robot_bringup/share/robot_bringup/package.ps1'
[0.877s] INFO:colcon.colcon_core.shell:Creating package descriptor '/home/yuichi-katagiri/Subjects/Robotics/module_5/ex05/install/robot_bringup/share/robot_bringup/package.dsv'
[0.878s] INFO:colcon.colcon_core.shell:Creating package script '/home/yuichi-katagiri/Subjects/Robotics/module_5/ex05/install/robot_bringup/share/robot_bringup/package.sh'
[0.879s] INFO:colcon.colcon_core.shell:Creating package script '/home/yuichi-katagiri/Subjects/Robotics/module_5/ex05/install/robot_bringup/share/robot_bringup/package.bash'
[0.879s] INFO:colcon.colcon_core.shell:Creating package script '/home/yuichi-katagiri/Subjects/Robotics/module_5/ex05/install/robot_bringup/share/robot_bringup/package.zsh'
[0.880s] Level 1:colcon.colcon_core.environment:create_file_with_runtime_dependencies(/home/yuichi-katagiri/Subjects/Robotics/module_5/ex05/install/robot_bringup/share/colcon-core/packages/robot_bringup)
[0.881s] Level 1:colcon.colcon_core.environment:create_environment_scripts_only(robot_description)
[0.882s] Level 1:colcon.colcon_core.environment:checking '/home/yuichi-katagiri/Subjects/Robotics/module_5/ex05/install/robot_description' for CMake module files
[0.882s] Level 1:colcon.colcon_core.environment:checking '/home/yuichi-katagiri/Subjects/Robotics/module_5/ex05/install/robot_description' for CMake config files
[0.882s] Level 1:colcon.colcon_core.shell:create_environment_hook('robot_description', 'cmake_prefix_path')
[0.882s] INFO:colcon.colcon_core.shell:Creating environment hook '/home/yuichi-katagiri/Subjects/Robotics/module_5/ex05/install/robot_description/share/robot_description/hook/cmake_prefix_path.ps1'
[0.883s] INFO:colcon.colcon_core.shell:Creating environment descriptor '/home/yuichi-katagiri/Subjects/Robotics/module_5/ex05/install/robot_description/share/robot_description/hook/cmake_prefix_path.dsv'
[0.883s] INFO:colcon.colcon_core.shell:Creating environment hook '/home/yuichi-katagiri/Subjects/Robotics/module_5/ex05/install/robot_description/share/robot_description/hook/cmake_prefix_path.sh'
[0.884s] Level 1:colcon.colcon_core.environment:checking '/home/yuichi-katagiri/Subjects/Robotics/module_5/ex05/install/robot_description/bin'
[0.884s] Level 1:colcon.colcon_core.environment:checking '/home/yuichi-katagiri/Subjects/Robotics/module_5/ex05/install/robot_description/lib/pkgconfig/robot_description.pc'
[0.884s] Level 1:colcon.colcon_core.environment:checking '/home/yuichi-katagiri/Subjects/Robotics/module_5/ex05/install/robot_description/lib/python3.10/site-packages'
[0.884s] Level 1:colcon.colcon_core.environment:checking '/home/yuichi-katagiri/Subjects/Robotics/module_5/ex05/install/robot_description/bin'
[0.885s] INFO:colcon.colcon_core.shell:Creating package script '/home/yuichi-katagiri/Subjects/Robotics/module_5/ex05/install/robot_description/share/robot_description/package.ps1'
[0.885s] INFO:colcon.colcon_core.shell:Creating package descriptor '/home/yuichi-katagiri/Subjects/Robotics/module_5/ex05/install/robot_description/share/robot_description/package.dsv'
[0.886s] INFO:colcon.colcon_core.shell:Creating package script '/home/yuichi-katagiri/Subjects/Robotics/module_5/ex05/install/robot_description/share/robot_description/package.sh'
[0.886s] INFO:colcon.colcon_core.shell:Creating package script '/home/yuichi-katagiri/Subjects/Robotics/module_5/ex05/install/robot_description/share/robot_description/package.bash'
[0.887s] INFO:colcon.colcon_core.shell:Creating package script '/home/yuichi-katagiri/Subjects/Robotics/module_5/ex05/install/robot_description/share/robot_description/package.zsh'
[0.887s] Level 1:colcon.colcon_core.environment:create_file_with_runtime_dependencies(/home/yuichi-katagiri/Subjects/Robotics/module_5/ex05/install/robot_description/share/colcon-core/packages/robot_description)
[1.134s] DEBUG:colcon.colcon_core.event_handler.log_command:Invoking command in '/home/yuichi-katagiri/Subjects/Robotics/module_5/ex05/src/my_movement': PYTHONPATH=/home/yuichi-katagiri/Subjects/Robotics/module_5/ex05/build/my_movement/prefix_override:/usr/lib/python3/dist-packages/colcon_core/task/python/colcon_distutils_commands:/home/yuichi-katagiri/Subjects/Robotics/module_5/ex05/install/my_movement/lib/python3.10/site-packages:${PYTHONPATH} /usr/bin/python3 -W ignore:setup.py install is deprecated setup.py egg_info --egg-base ../../build/my_movement build --build-base /home/yuichi-katagiri/Subjects/Robotics/module_5/ex05/build/my_movement/build install --record /home/yuichi-katagiri/Subjects/Robotics/module_5/ex05/build/my_movement/install.log --single-version-externally-managed install_data
[1.426s] Level 1:colcon.colcon_core.environment:checking '/home/yuichi-katagiri/Subjects/Robotics/module_5/ex05/install/my_movement' for CMake module files
[1.427s] DEBUG:colcon.colcon_core.event_handler.log_command:Invoked command in '/home/yuichi-katagiri/Subjects/Robotics/module_5/ex05/src/my_movement' returned '0': PYTHONPATH=/home/yuichi-katagiri/Subjects/Robotics/module_5/ex05/build/my_movement/prefix_override:/usr/lib/python3/dist-packages/colcon_core/task/python/colcon_distutils_commands:/home/yuichi-katagiri/Subjects/Robotics/module_5/ex05/install/my_movement/lib/python3.10/site-packages:${PYTHONPATH} /usr/bin/python3 -W ignore:setup.py install is deprecated setup.py egg_info --egg-base ../../build/my_movement build --build-base /home/yuichi-katagiri/Subjects/Robotics/module_5/ex05/build/my_movement/build install --record /home/yuichi-katagiri/Subjects/Robotics/module_5/ex05/build/my_movement/install.log --single-version-externally-managed install_data
[1.427s] Level 1:colcon.colcon_core.environment:checking '/home/yuichi-katagiri/Subjects/Robotics/module_5/ex05/install/my_movement' for CMake config files
[1.428s] Level 1:colcon.colcon_core.environment:checking '/home/yuichi-katagiri/Subjects/Robotics/module_5/ex05/install/my_movement/lib'
[1.428s] Level 1:colcon.colcon_core.environment:checking '/home/yuichi-katagiri/Subjects/Robotics/module_5/ex05/install/my_movement/bin'
[1.428s] Level 1:colcon.colcon_core.environment:checking '/home/yuichi-katagiri/Subjects/Robotics/module_5/ex05/install/my_movement/lib/pkgconfig/my_movement.pc'
[1.428s] Level 1:colcon.colcon_core.environment:checking '/home/yuichi-katagiri/Subjects/Robotics/module_5/ex05/install/my_movement/lib/python3.10/site-packages'
[1.428s] Level 1:colcon.colcon_core.shell:create_environment_hook('my_movement', 'pythonpath')
[1.428s] INFO:colcon.colcon_core.shell:Creating environment hook '/home/yuichi-katagiri/Subjects/Robotics/module_5/ex05/install/my_movement/share/my_movement/hook/pythonpath.ps1'
[1.429s] INFO:colcon.colcon_core.shell:Creating environment descriptor '/home/yuichi-katagiri/Subjects/Robotics/module_5/ex05/install/my_movement/share/my_movement/hook/pythonpath.dsv'
[1.429s] INFO:colcon.colcon_core.shell:Creating environment hook '/home/yuichi-katagiri/Subjects/Robotics/module_5/ex05/install/my_movement/share/my_movement/hook/pythonpath.sh'
[1.430s] Level 1:colcon.colcon_core.environment:checking '/home/yuichi-katagiri/Subjects/Robotics/module_5/ex05/install/my_movement/bin'
[1.430s] Level 1:colcon.colcon_core.environment:create_environment_scripts_only(my_movement)
[1.430s] INFO:colcon.colcon_core.shell:Creating package script '/home/yuichi-katagiri/Subjects/Robotics/module_5/ex05/install/my_movement/share/my_movement/package.ps1'
[1.430s] INFO:colcon.colcon_core.shell:Creating package descriptor '/home/yuichi-katagiri/Subjects/Robotics/module_5/ex05/install/my_movement/share/my_movement/package.dsv'
[1.431s] INFO:colcon.colcon_core.shell:Creating package script '/home/yuichi-katagiri/Subjects/Robotics/module_5/ex05/install/my_movement/share/my_movement/package.sh'
[1.431s] INFO:colcon.colcon_core.shell:Creating package script '/home/yuichi-katagiri/Subjects/Robotics/module_5/ex05/install/my_movement/share/my_movement/package.bash'
[1.432s] INFO:colcon.colcon_core.shell:Creating package script '/home/yuichi-katagiri/Subjects/Robotics/module_5/ex05/install/my_movement/share/my_movement/package.zsh'
[1.432s] Level 1:colcon.colcon_core.environment:create_file_with_runtime_dependencies(/home/yuichi-katagiri/Subjects/Robotics/module_5/ex05/install/my_movement/share/colcon-core/packages/my_movement)
[1.432s] DEBUG:colcon.colcon_parallel_executor.executor.parallel:closing loop
[1.433s] DEBUG:colcon.colcon_parallel_executor.executor.parallel:loop closed
[1.433s] DEBUG:colcon.colcon_parallel_executor.executor.parallel:run_until_complete finished with '0'
[1.433s] DEBUG:colcon.colcon_core.event_reactor:joining thread
[1.438s] INFO:colcon.colcon_core.plugin_system:Skipping extension 'colcon_notification.desktop_notification.terminal_notifier': Not used on non-Darwin systems
[1.439s] INFO:colcon.colcon_core.plugin_system:Skipping extension 'colcon_notification.desktop_notification.win32': Not used on non-Windows systems
[1.439s] INFO:colcon.colcon_notification.desktop_notification:Sending desktop notification using 'notify2'
[1.449s] DEBUG:colcon.colcon_core.event_reactor:joined thread
[1.450s] INFO:colcon.colcon_core.shell:Creating prefix script '/home/yuichi-katagiri/Subjects/Robotics/module_5/ex05/install/local_setup.ps1'
[1.451s] INFO:colcon.colcon_core.shell:Creating prefix util module '/home/yuichi-katagiri/Subjects/Robotics/module_5/ex05/install/_local_setup_util_ps1.py'
[1.452s] INFO:colcon.colcon_core.shell:Creating prefix chain script '/home/yuichi-katagiri/Subjects/Robotics/module_5/ex05/install/setup.ps1'
[1.454s] INFO:colcon.colcon_core.shell:Creating prefix script '/home/yuichi-katagiri/Subjects/Robotics/module_5/ex05/install/local_setup.sh'
[1.455s] INFO:colcon.colcon_core.shell:Creating prefix util module '/home/yuichi-katagiri/Subjects/Robotics/module_5/ex05/install/_local_setup_util_sh.py'
[1.455s] INFO:colcon.colcon_core.shell:Creating prefix chain script '/home/yuichi-katagiri/Subjects/Robotics/module_5/ex05/install/setup.sh'
[1.457s] INFO:colcon.colcon_core.shell:Creating prefix script '/home/yuichi-katagiri/Subjects/Robotics/module_5/ex05/install/local_setup.bash'
[1.457s] INFO:colcon.colcon_core.shell:Creating prefix chain script '/home/yuichi-katagiri/Subjects/Robotics/module_5/ex05/install/setup.bash'
[1.459s] INFO:colcon.colcon_core.shell:Creating prefix script '/home/yuichi-katagiri/Subjects/Robotics/module_5/ex05/install/local_setup.zsh'
[1.459s] INFO:colcon.colcon_core.shell:Creating prefix chain script '/home/yuichi-katagiri/Subjects/Robotics/module_5/ex05/install/setup.zsh'
