[0.268s] Invoking command in '/home/yuichi-katagiri/Subjects/Robotics/module_5/ex05/build/robot_description': CMAKE_PREFIX_PATH=${CMAKE_PREFIX_PATH}:/home/yuichi-katagiri/Subjects/Robotics/module_5/ex05/install/my_movement:/home/yuichi-katagiri/ros2_ws/install/tomodachi:/home/yuichi-katagiri/ros2_ws/install/manabu:/opt/ros/humble /usr/bin/cmake --build /home/yuichi-katagiri/Subjects/Robotics/module_5/ex05/build/robot_description -- -j8 -l8
[0.304s] Invoked command in '/home/yuichi-katagiri/Subjects/Robotics/module_5/ex05/build/robot_description' returned '0': CMAKE_PREFIX_PATH=${CMAKE_PREFIX_PATH}:/home/yuichi-katagiri/Subjects/Robotics/module_5/ex05/install/my_movement:/home/yuichi-katagiri/ros2_ws/install/tomodachi:/home/yuichi-katagiri/ros2_ws/install/manabu:/opt/ros/humble /usr/bin/cmake --build /home/yuichi-katagiri/Subjects/Robotics/module_5/ex05/build/robot_description -- -j8 -l8
[0.327s] Invoking command in '/home/yuichi-katagiri/Subjects/Robotics/module_5/ex05/build/robot_description': CMAKE_PREFIX_PATH=${CMAKE_PREFIX_PATH}:/home/yuichi-katagiri/Subjects/Robotics/module_5/ex05/install/my_movement:/home/yuichi-katagiri/ros2_ws/install/tomodachi:/home/yuichi-katagiri/ros2_ws/install/manabu:/opt/ros/humble /usr/bin/cmake --install /home/yuichi-katagiri/Subjects/Robotics/module_5/ex05/build/robot_description
[0.335s] -- Install configuration: ""
[0.335s] -- Up-to-date: /home/yuichi-katagiri/Subjects/Robotics/module_5/ex05/install/robot_description/share/robot_description//urdf
[0.335s] -- Up-to-date: /home/yuichi-katagiri/Subjects/Robotics/module_5/ex05/install/robot_description/share/robot_description//urdf/new
[0.335s] -- Up-to-date: /home/yuichi-katagiri/Subjects/Robotics/module_5/ex05/install/robot_description/share/robot_description//urdf/new/robot.urdf.xacro
[0.335s] -- Up-to-date: /home/yuichi-katagiri/Subjects/Robotics/module_5/ex05/install/robot_description/share/robot_description//urdf/new/gazebo.urdf.xacro
[0.335s] -- Up-to-date: /home/yuichi-katagiri/Subjects/Robotics/module_5/ex05/install/robot_description/share/robot_description//urdf/old
[0.335s] -- Up-to-date: /home/yuichi-katagiri/Subjects/Robotics/module_5/ex05/install/robot_description/share/robot_description//urdf/old/robot.urdf.xacro
[0.336s] -- Up-to-date: /home/yuichi-katagiri/Subjects/Robotics/module_5/ex05/install/robot_description/share/robot_description//urdf/old/gazebo.urdf.xacro
[0.336s] -- Up-to-date: /home/yuichi-katagiri/Subjects/Robotics/module_5/ex05/install/robot_description/share/robot_description//urdf/robot.urdf.xacro
[0.336s] -- Up-to-date: /home/yuichi-katagiri/Subjects/Robotics/module_5/ex05/install/robot_description/share/robot_description//urdf/gazebo.urdf.xacro
[0.336s] -- Up-to-date: /home/yuichi-katagiri/Subjects/Robotics/module_5/ex05/install/robot_description/share/ament_index/resource_index/package_run_dependencies/robot_description
[0.336s] -- Up-to-date: /home/yuichi-katagiri/Subjects/Robotics/module_5/ex05/install/robot_description/share/ament_index/resource_index/parent_prefix_path/robot_description
[0.336s] -- Up-to-date: /home/yuichi-katagiri/Subjects/Robotics/module_5/ex05/install/robot_description/share/robot_description/environment/ament_prefix_path.sh
[0.336s] -- Up-to-date: /home/yuichi-katagiri/Subjects/Robotics/module_5/ex05/install/robot_description/share/robot_description/environment/ament_prefix_path.dsv
[0.336s] -- Up-to-date: /home/yuichi-katagiri/Subjects/Robotics/module_5/ex05/install/robot_description/share/robot_description/environment/path.sh
[0.336s] -- Up-to-date: /home/yuichi-katagiri/Subjects/Robotics/module_5/ex05/install/robot_description/share/robot_description/environment/path.dsv
[0.336s] -- Up-to-date: /home/yuichi-katagiri/Subjects/Robotics/module_5/ex05/install/robot_description/share/robot_description/local_setup.bash
[0.336s] -- Up-to-date: /home/yuichi-katagiri/Subjects/Robotics/module_5/ex05/install/robot_description/share/robot_description/local_setup.sh
[0.336s] -- Up-to-date: /home/yuichi-katagiri/Subjects/Robotics/module_5/ex05/install/robot_description/share/robot_description/local_setup.zsh
[0.337s] -- Up-to-date: /home/yuichi-katagiri/Subjects/Robotics/module_5/ex05/install/robot_description/share/robot_description/local_setup.dsv
[0.337s] -- Installing: /home/yuichi-katagiri/Subjects/Robotics/module_5/ex05/install/robot_description/share/robot_description/package.dsv
[0.337s] -- Up-to-date: /home/yuichi-katagiri/Subjects/Robotics/module_5/ex05/install/robot_description/share/ament_index/resource_index/packages/robot_description
[0.337s] -- Up-to-date: /home/yuichi-katagiri/Subjects/Robotics/module_5/ex05/install/robot_description/share/robot_description/cmake/robot_descriptionConfig.cmake
[0.337s] -- Up-to-date: /home/yuichi-katagiri/Subjects/Robotics/module_5/ex05/install/robot_description/share/robot_description/cmake/robot_descriptionConfig-version.cmake
[0.337s] -- Up-to-date: /home/yuichi-katagiri/Subjects/Robotics/module_5/ex05/install/robot_description/share/robot_description/package.xml
[0.354s] Invoked command in '/home/yuichi-katagiri/Subjects/Robotics/module_5/ex05/build/robot_description' returned '0': CMAKE_PREFIX_PATH=${CMAKE_PREFIX_PATH}:/home/yuichi-katagiri/Subjects/Robotics/module_5/ex05/install/my_movement:/home/yuichi-katagiri/ros2_ws/install/tomodachi:/home/yuichi-katagiri/ros2_ws/install/manabu:/opt/ros/humble /usr/bin/cmake --install /home/yuichi-katagiri/Subjects/Robotics/module_5/ex05/build/robot_description
