[0.009s] Invoking command in '/home/yuichi-katagiri/Subjects/Robotics/module_5/ex01/build/need': CMAKE_PREFIX_PATH=${CMAKE_PREFIX_PATH}:/home/yuichi-katagiri/ros2_ws/install/tomodachi:/home/yuichi-katagiri/ros2_ws/install/manabu:/opt/ros/humble /usr/bin/cmake /home/yuichi-katagiri/Subjects/Robotics/module_5/ex01/src/need -DCMAKE_INSTALL_PREFIX=/home/yuichi-katagiri/Subjects/Robotics/module_5/ex01/install/need
[0.056s] -- The C compiler identification is GNU 11.4.0
[0.104s] -- The CXX compiler identification is GNU 11.4.0
[0.110s] -- Detecting C compiler ABI info
[0.168s] -- Detecting C compiler ABI info - done
[0.176s] -- Check for working C compiler: /usr/bin/cc - skipped
[0.176s] -- Detecting C compile features
[0.176s] -- Detecting C compile features - done
[0.179s] -- Detecting CXX compiler ABI info
[0.249s] -- Detecting CXX compiler ABI info - done
[0.257s] -- Check for working CXX compiler: /usr/bin/c++ - skipped
[0.257s] -- Detecting CXX compile features
[0.258s] -- Detecting CXX compile features - done
[0.260s] -- Found ament_cmake: 1.3.10 (/opt/ros/humble/share/ament_cmake/cmake)
[0.397s] -- Found Python3: /usr/bin/python3 (found version "3.10.12") found components: Interpreter 
[0.474s] -- Found ament_lint_auto: 0.12.11 (/opt/ros/humble/share/ament_lint_auto/cmake)
[0.562s] -- Added test 'flake8' to check Python code syntax and style conventions
[0.565s] -- Added test 'lint_cmake' to check CMake code style
[0.567s] -- Added test 'pep257' to check Python code against some of the docstring style conventions in PEP 257
[0.570s] -- Added test 'xmllint' to check XML markup files
[0.573s] -- Configuring done
[0.578s] -- Generating done
[0.580s] -- Build files have been written to: /home/yuichi-katagiri/Subjects/Robotics/module_5/ex01/build/need
[0.586s] Invoked command in '/home/yuichi-katagiri/Subjects/Robotics/module_5/ex01/build/need' returned '0': CMAKE_PREFIX_PATH=${CMAKE_PREFIX_PATH}:/home/yuichi-katagiri/ros2_ws/install/tomodachi:/home/yuichi-katagiri/ros2_ws/install/manabu:/opt/ros/humble /usr/bin/cmake /home/yuichi-katagiri/Subjects/Robotics/module_5/ex01/src/need -DCMAKE_INSTALL_PREFIX=/home/yuichi-katagiri/Subjects/Robotics/module_5/ex01/install/need
[0.588s] Invoking command in '/home/yuichi-katagiri/Subjects/Robotics/module_5/ex01/build/need': CMAKE_PREFIX_PATH=${CMAKE_PREFIX_PATH}:/home/yuichi-katagiri/ros2_ws/install/tomodachi:/home/yuichi-katagiri/ros2_ws/install/manabu:/opt/ros/humble /usr/bin/cmake --build /home/yuichi-katagiri/Subjects/Robotics/module_5/ex01/build/need -- -j8 -l8
[0.620s] Invoked command in '/home/yuichi-katagiri/Subjects/Robotics/module_5/ex01/build/need' returned '0': CMAKE_PREFIX_PATH=${CMAKE_PREFIX_PATH}:/home/yuichi-katagiri/ros2_ws/install/tomodachi:/home/yuichi-katagiri/ros2_ws/install/manabu:/opt/ros/humble /usr/bin/cmake --build /home/yuichi-katagiri/Subjects/Robotics/module_5/ex01/build/need -- -j8 -l8
[0.646s] Invoking command in '/home/yuichi-katagiri/Subjects/Robotics/module_5/ex01/build/need': CMAKE_PREFIX_PATH=${CMAKE_PREFIX_PATH}:/home/yuichi-katagiri/ros2_ws/install/tomodachi:/home/yuichi-katagiri/ros2_ws/install/manabu:/opt/ros/humble /usr/bin/cmake --install /home/yuichi-katagiri/Subjects/Robotics/module_5/ex01/build/need
[0.653s] -- Install configuration: ""
[0.653s] -- Installing: /home/yuichi-katagiri/Subjects/Robotics/module_5/ex01/install/need/share/need//launch
[0.653s] -- Installing: /home/yuichi-katagiri/Subjects/Robotics/module_5/ex01/install/need/share/need//launch/displays.launch.py
[0.653s] -- Installing: /home/yuichi-katagiri/Subjects/Robotics/module_5/ex01/install/need/share/need//urdf
[0.653s] -- Installing: /home/yuichi-katagiri/Subjects/Robotics/module_5/ex01/install/need/share/need//urdf/robot.urdf
[0.654s] -- Installing: /home/yuichi-katagiri/Subjects/Robotics/module_5/ex01/install/need/share/need//rviz
[0.654s] -- Installing: /home/yuichi-katagiri/Subjects/Robotics/module_5/ex01/install/need/share/need//rviz/rviz_config.rviz
[0.654s] -- Installing: /home/yuichi-katagiri/Subjects/Robotics/module_5/ex01/install/need/share/ament_index/resource_index/package_run_dependencies/need
[0.654s] -- Installing: /home/yuichi-katagiri/Subjects/Robotics/module_5/ex01/install/need/share/ament_index/resource_index/parent_prefix_path/need
[0.654s] -- Installing: /home/yuichi-katagiri/Subjects/Robotics/module_5/ex01/install/need/share/need/environment/ament_prefix_path.sh
[0.654s] -- Installing: /home/yuichi-katagiri/Subjects/Robotics/module_5/ex01/install/need/share/need/environment/ament_prefix_path.dsv
[0.654s] -- Installing: /home/yuichi-katagiri/Subjects/Robotics/module_5/ex01/install/need/share/need/environment/path.sh
[0.654s] -- Installing: /home/yuichi-katagiri/Subjects/Robotics/module_5/ex01/install/need/share/need/environment/path.dsv
[0.654s] -- Installing: /home/yuichi-katagiri/Subjects/Robotics/module_5/ex01/install/need/share/need/local_setup.bash
[0.655s] -- Installing: /home/yuichi-katagiri/Subjects/Robotics/module_5/ex01/install/need/share/need/local_setup.sh
[0.655s] -- Installing: /home/yuichi-katagiri/Subjects/Robotics/module_5/ex01/install/need/share/need/local_setup.zsh
[0.655s] -- Installing: /home/yuichi-katagiri/Subjects/Robotics/module_5/ex01/install/need/share/need/local_setup.dsv
[0.655s] -- Installing: /home/yuichi-katagiri/Subjects/Robotics/module_5/ex01/install/need/share/need/package.dsv
[0.655s] -- Installing: /home/yuichi-katagiri/Subjects/Robotics/module_5/ex01/install/need/share/ament_index/resource_index/packages/need
[0.655s] -- Installing: /home/yuichi-katagiri/Subjects/Robotics/module_5/ex01/install/need/share/need/cmake/needConfig.cmake
[0.655s] -- Installing: /home/yuichi-katagiri/Subjects/Robotics/module_5/ex01/install/need/share/need/cmake/needConfig-version.cmake
[0.655s] -- Installing: /home/yuichi-katagiri/Subjects/Robotics/module_5/ex01/install/need/share/need/package.xml
[0.657s] Invoked command in '/home/yuichi-katagiri/Subjects/Robotics/module_5/ex01/build/need' returned '0': CMAKE_PREFIX_PATH=${CMAKE_PREFIX_PATH}:/home/yuichi-katagiri/ros2_ws/install/tomodachi:/home/yuichi-katagiri/ros2_ws/install/manabu:/opt/ros/humble /usr/bin/cmake --install /home/yuichi-katagiri/Subjects/Robotics/module_5/ex01/build/need
