[0.561s] Invoking command in '/home/yuichi-katagiri/Subjects/Robotics/ex01/src/service_full_name': PYTHONPATH=/home/yuichi-katagiri/Subjects/Robotics/ex01/build/service_full_name/prefix_override:/usr/lib/python3/dist-packages/colcon_core/task/python/colcon_distutils_commands:/home/yuichi-katagiri/Subjects/Robotics/ex01/install/service_full_name/lib/python3.10/site-packages:${PYTHONPATH} /usr/bin/python3 -W ignore:setup.py install is deprecated setup.py egg_info --egg-base ../../build/service_full_name build --build-base /home/yuichi-katagiri/Subjects/Robotics/ex01/build/service_full_name/build install --record /home/yuichi-katagiri/Subjects/Robotics/ex01/build/service_full_name/install.log --single-version-externally-managed install_data
[0.788s] running egg_info
[0.789s] writing ../../build/service_full_name/service_full_name.egg-info/PKG-INFO
[0.790s] writing dependency_links to ../../build/service_full_name/service_full_name.egg-info/dependency_links.txt
[0.790s] writing entry points to ../../build/service_full_name/service_full_name.egg-info/entry_points.txt
[0.790s] writing requirements to ../../build/service_full_name/service_full_name.egg-info/requires.txt
[0.790s] writing top-level names to ../../build/service_full_name/service_full_name.egg-info/top_level.txt
[0.792s] reading manifest file '../../build/service_full_name/service_full_name.egg-info/SOURCES.txt'
[0.792s] adding license file 'LICENSE'
[0.793s] writing manifest file '../../build/service_full_name/service_full_name.egg-info/SOURCES.txt'
[0.793s] running build
[0.793s] running build_py
[0.793s] copying service_full_name/service_file.py -> /home/yuichi-katagiri/Subjects/Robotics/ex01/build/service_full_name/build/lib/service_full_name
[0.793s] running install
[0.794s] running install_lib
[0.794s] copying /home/yuichi-katagiri/Subjects/Robotics/ex01/build/service_full_name/build/lib/service_full_name/service_file.py -> /home/yuichi-katagiri/Subjects/Robotics/ex01/install/service_full_name/lib/python3.10/site-packages/service_full_name
[0.795s] byte-compiling /home/yuichi-katagiri/Subjects/Robotics/ex01/install/service_full_name/lib/python3.10/site-packages/service_full_name/service_file.py to service_file.cpython-310.pyc
[0.795s] running install_data
[0.795s] running install_egg_info
[0.798s] removing '/home/yuichi-katagiri/Subjects/Robotics/ex01/install/service_full_name/lib/python3.10/site-packages/service_full_name-0.0.0-py3.10.egg-info' (and everything under it)
[0.798s] Copying ../../build/service_full_name/service_full_name.egg-info to /home/yuichi-katagiri/Subjects/Robotics/ex01/install/service_full_name/lib/python3.10/site-packages/service_full_name-0.0.0-py3.10.egg-info
[0.799s] running install_scripts
[0.820s] Installing client_name script to /home/yuichi-katagiri/Subjects/Robotics/ex01/install/service_full_name/lib/service_full_name
[0.820s] Installing service_name script to /home/yuichi-katagiri/Subjects/Robotics/ex01/install/service_full_name/lib/service_full_name
[0.820s] writing list of installed files to '/home/yuichi-katagiri/Subjects/Robotics/ex01/build/service_full_name/install.log'
[0.844s] Invoked command in '/home/yuichi-katagiri/Subjects/Robotics/ex01/src/service_full_name' returned '0': PYTHONPATH=/home/yuichi-katagiri/Subjects/Robotics/ex01/build/service_full_name/prefix_override:/usr/lib/python3/dist-packages/colcon_core/task/python/colcon_distutils_commands:/home/yuichi-katagiri/Subjects/Robotics/ex01/install/service_full_name/lib/python3.10/site-packages:${PYTHONPATH} /usr/bin/python3 -W ignore:setup.py install is deprecated setup.py egg_info --egg-base ../../build/service_full_name build --build-base /home/yuichi-katagiri/Subjects/Robotics/ex01/build/service_full_name/build install --record /home/yuichi-katagiri/Subjects/Robotics/ex01/build/service_full_name/install.log --single-version-externally-managed install_data
